#
# There is insufficient memory for the Java Runtime Environment to continue.
# Native memory allocation (malloc) failed to allocate 460336 bytes for Chunk::new
# Possible reasons:
#   The system is out of physical RAM or swap space
#   The process is running with CompressedOops enabled, and the Java Heap may be blocking the growth of the native heap
# Possible solutions:
#   Reduce memory load on the system
#   Increase physical memory or swap space
#   Check if swap backing store is full
#   Decrease Java heap size (-Xmx/-Xms)
#   Decrease number of Java threads
#   Decrease Java thread stack sizes (-Xss)
#   Set larger code cache with -XX:ReservedCodeCacheSize=
#   JVM is running with Unscaled Compressed Oops mode in which the Java heap is
#     placed in the first 4GB address space. The Java Heap base address is the
#     maximum limit for the native heap growth. Please use -XX:HeapBaseMinAddress
#     to set the Java Heap base and to place the Java Heap above 4GB virtual address.
# This output file may be truncated or incomplete.
#
#  Out of Memory Error (./src/hotspot/share/memory/arena.cpp:197), pid=7576, tid=12964
#
# JRE version: OpenJDK Runtime Environment (11.0.12+7) (build 11.0.12+7-b1504.28-7817840)
# Java VM: OpenJDK 64-Bit Server VM (11.0.12+7-b1504.28-7817840, mixed mode, tiered, compressed oops, g1 gc, windows-amd64)
# No core dump will be written. Minidumps are not enabled by default on client versions of Windows
#

---------------  S U M M A R Y ------------

Command Line: --add-opens=java.base/java.util=ALL-UNNAMED --add-opens=java.base/java.lang=ALL-UNNAMED --add-opens=java.base/java.lang.invoke=ALL-UNNAMED --add-opens=java.base/java.util=ALL-UNNAMED --add-opens=java.prefs/java.util.prefs=ALL-UNNAMED --add-opens=java.prefs/java.util.prefs=ALL-UNNAMED --add-opens=java.base/java.nio.charset=ALL-UNNAMED --add-opens=java.base/java.net=ALL-UNNAMED --add-opens=java.base/java.util.concurrent.atomic=ALL-UNNAMED -Xmx2048m -Dfile.encoding=UTF-8 -Duser.country=US -Duser.language=en -Duser.variant org.gradle.launcher.daemon.bootstrap.GradleDaemon 7.4

Host: AMD Ryzen 7 5800H with Radeon Graphics         , 16 cores, 7G,  Windows 10 , 64 bit Build 22621 (10.0.22621.1105)
Time: Mon Jan 16 08:49:48 2023 SE Asia Standard Time elapsed time: 4.201802 seconds (0d 0h 0m 4s)

---------------  T H R E A D  ---------------

Current thread (0x0000020aaadbd000):  JavaThread "C2 CompilerThread0" daemon [_thread_in_native, id=12964, stack(0x0000007010e00000,0x0000007010f00000)]


Current CompileTask:
C2:   4201 2250   !   4       java.util.zip.InflaterInputStream::read (138 bytes)

Stack: [0x0000007010e00000,0x0000007010f00000]
Native frames: (J=compiled Java code, j=interpreted, Vv=VM code, C=native code)
V  [jvm.dll+0x5fbcea]
V  [jvm.dll+0x731905]
V  [jvm.dll+0x732f1d]
V  [jvm.dll+0x7335d3]
V  [jvm.dll+0x247bf8]
V  [jvm.dll+0xc018c]
V  [jvm.dll+0xc06cc]
V  [jvm.dll+0x35b31d]
V  [jvm.dll+0x328803]
V  [jvm.dll+0x327cfa]
V  [jvm.dll+0x200602]
V  [jvm.dll+0x1ff794]
V  [jvm.dll+0x18868c]
V  [jvm.dll+0x20e0d7]
V  [jvm.dll+0x20c901]
V  [jvm.dll+0x6f9b7f]
V  [jvm.dll+0x6f26a5]
V  [jvm.dll+0x5fabf6]
C  [ucrtbase.dll+0x29363]
C  [KERNEL32.DLL+0x126bd]
C  [ntdll.dll+0x5dfb8]


---------------  P R O C E S S  ---------------

Threads class SMR info:
_java_thread_list=0x0000020aada6ad70, length=25, elements={
0x0000020a8f5fe000, 0x0000020aaad62800, 0x0000020aaad68000, 0x0000020aaadb3800,
0x0000020aaadb5000, 0x0000020aaadb8000, 0x0000020aaadbd000, 0x0000020aaadbe000,
0x0000020aaadbf800, 0x0000020aaaf18800, 0x0000020aacf94800, 0x0000020aaaf0f000,
0x0000020aab399800, 0x0000020aabf5b800, 0x0000020aabee3800, 0x0000020aaca2e000,
0x0000020aacf00800, 0x0000020aad789000, 0x0000020aad55d800, 0x0000020aad0d4800,
0x0000020aade1c800, 0x0000020aacffc000, 0x0000020aabb33000, 0x0000020aabb33800,
0x0000020aabb31000
}

Java Threads: ( => current thread )
  0x0000020a8f5fe000 JavaThread "main" [_thread_blocked, id=5180, stack(0x0000007010200000,0x0000007010300000)]
  0x0000020aaad62800 JavaThread "Reference Handler" daemon [_thread_blocked, id=6900, stack(0x0000007010900000,0x0000007010a00000)]
  0x0000020aaad68000 JavaThread "Finalizer" daemon [_thread_blocked, id=10772, stack(0x0000007010a00000,0x0000007010b00000)]
  0x0000020aaadb3800 JavaThread "Signal Dispatcher" daemon [_thread_blocked, id=3716, stack(0x0000007010b00000,0x0000007010c00000)]
  0x0000020aaadb5000 JavaThread "Attach Listener" daemon [_thread_blocked, id=19084, stack(0x0000007010c00000,0x0000007010d00000)]
  0x0000020aaadb8000 JavaThread "Service Thread" daemon [_thread_blocked, id=17136, stack(0x0000007010d00000,0x0000007010e00000)]
=>0x0000020aaadbd000 JavaThread "C2 CompilerThread0" daemon [_thread_in_native, id=12964, stack(0x0000007010e00000,0x0000007010f00000)]
  0x0000020aaadbe000 JavaThread "C1 CompilerThread0" daemon [_thread_blocked, id=17372, stack(0x0000007010f00000,0x0000007011000000)]
  0x0000020aaadbf800 JavaThread "Sweeper thread" daemon [_thread_blocked, id=17848, stack(0x0000007011000000,0x0000007011100000)]
  0x0000020aaaf18800 JavaThread "Common-Cleaner" daemon [_thread_blocked, id=18424, stack(0x0000007011200000,0x0000007011300000)]
  0x0000020aacf94800 JavaThread "Daemon health stats" [_thread_blocked, id=4768, stack(0x0000007011900000,0x0000007011a00000)]
  0x0000020aaaf0f000 JavaThread "C1 CompilerThread1" daemon [_thread_blocked, id=3860, stack(0x0000007011100000,0x0000007011200000)]
  0x0000020aab399800 JavaThread "C1 CompilerThread2" daemon [_thread_blocked, id=16616, stack(0x0000007011400000,0x0000007011500000)]
  0x0000020aabf5b800 JavaThread "Incoming local TCP Connector on port 54750" [_thread_in_native, id=16728, stack(0x0000007011500000,0x0000007011600000)]
  0x0000020aabee3800 JavaThread "Daemon periodic checks" [_thread_blocked, id=10764, stack(0x0000007011c00000,0x0000007011d00000)]
  0x0000020aaca2e000 JavaThread "Daemon" [_thread_blocked, id=7852, stack(0x0000007011d00000,0x0000007011e00000)]
  0x0000020aacf00800 JavaThread "Handler for socket connection from /127.0.0.1:54750 to /127.0.0.1:54751" [_thread_in_native, id=8060, stack(0x0000007011e00000,0x0000007011f00000)]
  0x0000020aad789000 JavaThread "Cancel handler" [_thread_blocked, id=18604, stack(0x0000007011f00000,0x0000007012000000)]
  0x0000020aad55d800 JavaThread "Daemon worker" [_thread_in_Java, id=15124, stack(0x0000007012000000,0x0000007012100000)]
  0x0000020aad0d4800 JavaThread "Asynchronous log dispatcher for DefaultDaemonConnection: socket connection from /127.0.0.1:54750 to /127.0.0.1:54751" [_thread_blocked, id=10236, stack(0x0000007012100000,0x0000007012200000)]
  0x0000020aade1c800 JavaThread "Stdin handler" [_thread_blocked, id=8052, stack(0x0000007012200000,0x0000007012300000)]
  0x0000020aacffc000 JavaThread "Daemon client event forwarder" [_thread_blocked, id=13880, stack(0x0000007012300000,0x0000007012400000)]
  0x0000020aabb33000 JavaThread "Cache worker for journal cache (C:\Users\Le Thanh Hang\.gradle\caches\journal-1)" [_thread_blocked, id=18164, stack(0x0000007012400000,0x0000007012500000)]
  0x0000020aabb33800 JavaThread "File lock request listener" [_thread_in_native, id=12492, stack(0x0000007012500000,0x0000007012600000)]
  0x0000020aabb31000 JavaThread "Cache worker for file hash cache (C:\Users\Le Thanh Hang\.gradle\caches\7.4\fileHashes)" [_thread_blocked, id=10340, stack(0x0000007012600000,0x0000007012700000)]

Other Threads:
  0x0000020aaa534000 VMThread "VM Thread" [stack: 0x0000007010800000,0x0000007010900000] [id=6148]
  0x0000020aaafb1800 WatcherThread [stack: 0x0000007011300000,0x0000007011400000] [id=1448]
  0x0000020a8f619000 GCTaskThread "GC Thread#0" [stack: 0x0000007010300000,0x0000007010400000] [id=4384]
  0x0000020aac06c800 GCTaskThread "GC Thread#1" [stack: 0x0000007011800000,0x0000007011900000] [id=17992]
  0x0000020aad3b8000 GCTaskThread "GC Thread#2" [stack: 0x0000007011600000,0x0000007011700000] [id=6504]
  0x0000020aad3b1800 GCTaskThread "GC Thread#3" [stack: 0x0000007011700000,0x0000007011800000] [id=6856]
  0x0000020aad3b9000 GCTaskThread "GC Thread#4" [stack: 0x0000007011a00000,0x0000007011b00000] [id=396]
  0x0000020aad3b2800 GCTaskThread "GC Thread#5" [stack: 0x0000007011b00000,0x0000007011c00000] [id=8684]
  0x0000020aad3b7800 GCTaskThread "GC Thread#6" [stack: 0x0000007012700000,0x0000007012800000] [id=13084]
  0x0000020aad3b5000 GCTaskThread "GC Thread#7" [stack: 0x0000007012800000,0x0000007012900000] [id=17076]
  0x0000020aad3b4000 GCTaskThread "GC Thread#8" [stack: 0x0000007012900000,0x0000007012a00000] [id=19712]
  0x0000020aad3b4800 GCTaskThread "GC Thread#9" [stack: 0x0000007012a00000,0x0000007012b00000] [id=4604]
  0x0000020aad3b3000 GCTaskThread "GC Thread#10" [stack: 0x0000007012b00000,0x0000007012c00000] [id=19316]
  0x0000020aad3b6000 GCTaskThread "GC Thread#11" [stack: 0x0000007012c00000,0x0000007012d00000] [id=12280]
  0x0000020aad3b6800 GCTaskThread "GC Thread#12" [stack: 0x0000007012d00000,0x0000007012e00000] [id=14452]
  0x0000020a8f64c000 ConcurrentGCThread "G1 Main Marker" [stack: 0x0000007010400000,0x0000007010500000] [id=20116]
  0x0000020a8f64e000 ConcurrentGCThread "G1 Conc#0" [stack: 0x0000007010500000,0x0000007010600000] [id=12092]
  0x0000020aada7f000 ConcurrentGCThread "G1 Conc#1" [stack: 0x0000007012e00000,0x0000007012f00000] [id=16180]
  0x0000020aada79000 ConcurrentGCThread "G1 Conc#2" [stack: 0x0000007012f00000,0x0000007013000000] [id=5604]
  0x0000020a8f6ce000 ConcurrentGCThread "G1 Refine#0" [stack: 0x0000007010600000,0x0000007010700000] [id=13396]
  0x0000020aaa384800 ConcurrentGCThread "G1 Young RemSet Sampling" [stack: 0x0000007010700000,0x0000007010800000] [id=13336]

Threads with active compile tasks:
C2 CompilerThread0   4231 2250   !   4       java.util.zip.InflaterInputStream::read (138 bytes)

VM state:not at safepoint (normal execution)

VM Mutex/Monitor currently owned by a thread: None

Heap address: 0x0000000080000000, size: 2048 MB, Compressed Oops mode: 32-bit
Narrow klass base: 0x0000000000000000, Narrow klass shift: 3
Compressed class space size: 1073741824 Address: 0x0000000100000000

Heap:
 garbage-first heap   total 120832K, used 35053K [0x0000000080000000, 0x0000000100000000)
  region size 1024K, 20 young (20480K), 2 survivors (2048K)
 Metaspace       used 22549K, capacity 23066K, committed 23296K, reserved 1069056K
  class space    used 2850K, capacity 2998K, committed 3072K, reserved 1048576K
Heap Regions: E=young(eden), S=young(survivor), O=old, HS=humongous(starts), HC=humongous(continues), CS=collection set, F=free, A=archive, TAMS=top-at-mark-start (previous, next)
|   0|0x0000000080000000, 0x0000000080100000, 0x0000000080100000|100%| O|  |TAMS 0x0000000080100000, 0x0000000080000000| Untracked 
|   1|0x0000000080100000, 0x0000000080200000, 0x0000000080200000|100%| O|  |TAMS 0x0000000080200000, 0x0000000080100000| Untracked 
|   2|0x0000000080200000, 0x0000000080300000, 0x0000000080300000|100%| O|  |TAMS 0x0000000080300000, 0x0000000080200000| Untracked 
|   3|0x0000000080300000, 0x0000000080400000, 0x0000000080400000|100%|HS|  |TAMS 0x0000000080400000, 0x0000000080300000| Complete 
|   4|0x0000000080400000, 0x0000000080500000, 0x0000000080500000|100%|HC|  |TAMS 0x0000000080500000, 0x0000000080400000| Complete 
|   5|0x0000000080500000, 0x0000000080600000, 0x0000000080600000|100%|HC|  |TAMS 0x0000000080600000, 0x0000000080500000| Complete 
|   6|0x0000000080600000, 0x0000000080700000, 0x0000000080700000|100%| O|  |TAMS 0x0000000080700000, 0x0000000080600000| Untracked 
|   7|0x0000000080700000, 0x0000000080800000, 0x0000000080800000|100%| O|  |TAMS 0x0000000080800000, 0x0000000080700000| Untracked 
|   8|0x0000000080800000, 0x0000000080900000, 0x0000000080900000|100%| O|  |TAMS 0x0000000080900000, 0x0000000080800000| Untracked 
|   9|0x0000000080900000, 0x0000000080a00000, 0x0000000080a00000|100%| O|  |TAMS 0x0000000080a00000, 0x0000000080900000| Untracked 
|  10|0x0000000080a00000, 0x0000000080b00000, 0x0000000080b00000|100%| O|  |TAMS 0x0000000080b00000, 0x0000000080a00000| Untracked 
|  11|0x0000000080b00000, 0x0000000080c00000, 0x0000000080c00000|100%| O|  |TAMS 0x0000000080c00000, 0x0000000080b00000| Untracked 
|  12|0x0000000080c00000, 0x0000000080d00000, 0x0000000080d00000|100%| O|  |TAMS 0x0000000080d00000, 0x0000000080c00000| Untracked 
|  13|0x0000000080d00000, 0x0000000080e00000, 0x0000000080e00000|100%| O|  |TAMS 0x0000000080e00000, 0x0000000080d00000| Untracked 
|  14|0x0000000080e00000, 0x0000000080f00000, 0x0000000080f00000|100%| O|  |TAMS 0x0000000080f00000, 0x0000000080e00000| Untracked 
|  15|0x0000000080f00000, 0x0000000080f62000, 0x0000000081000000| 38%| O|  |TAMS 0x0000000080f62000, 0x0000000080f00000| Untracked 
|  16|0x0000000081000000, 0x0000000081000000, 0x0000000081100000|  0%| F|  |TAMS 0x0000000081000000, 0x0000000081000000| Untracked 
|  17|0x0000000081100000, 0x0000000081100000, 0x0000000081200000|  0%| F|  |TAMS 0x0000000081100000, 0x0000000081100000| Untracked 
|  18|0x0000000081200000, 0x0000000081200000, 0x0000000081300000|  0%| F|  |TAMS 0x0000000081200000, 0x0000000081200000| Untracked 
|  19|0x0000000081300000, 0x0000000081300000, 0x0000000081400000|  0%| F|  |TAMS 0x0000000081300000, 0x0000000081300000| Untracked 
|  20|0x0000000081400000, 0x0000000081400000, 0x0000000081500000|  0%| F|  |TAMS 0x0000000081400000, 0x0000000081400000| Untracked 
|  21|0x0000000081500000, 0x0000000081500000, 0x0000000081600000|  0%| F|  |TAMS 0x0000000081500000, 0x0000000081500000| Untracked 
|  22|0x0000000081600000, 0x0000000081600000, 0x0000000081700000|  0%| F|  |TAMS 0x0000000081600000, 0x0000000081600000| Untracked 
|  23|0x0000000081700000, 0x0000000081700000, 0x0000000081800000|  0%| F|  |TAMS 0x0000000081700000, 0x0000000081700000| Untracked 
|  24|0x0000000081800000, 0x0000000081800000, 0x0000000081900000|  0%| F|  |TAMS 0x0000000081800000, 0x0000000081800000| Untracked 
|  25|0x0000000081900000, 0x0000000081900000, 0x0000000081a00000|  0%| F|  |TAMS 0x0000000081900000, 0x0000000081900000| Untracked 
|  26|0x0000000081a00000, 0x0000000081a00000, 0x0000000081b00000|  0%| F|  |TAMS 0x0000000081a00000, 0x0000000081a00000| Untracked 
|  27|0x0000000081b00000, 0x0000000081b00000, 0x0000000081c00000|  0%| F|  |TAMS 0x0000000081b00000, 0x0000000081b00000| Untracked 
|  28|0x0000000081c00000, 0x0000000081c00000, 0x0000000081d00000|  0%| F|  |TAMS 0x0000000081c00000, 0x0000000081c00000| Untracked 
|  29|0x0000000081d00000, 0x0000000081d00000, 0x0000000081e00000|  0%| F|  |TAMS 0x0000000081d00000, 0x0000000081d00000| Untracked 
|  30|0x0000000081e00000, 0x0000000081e00000, 0x0000000081f00000|  0%| F|  |TAMS 0x0000000081e00000, 0x0000000081e00000| Untracked 
|  31|0x0000000081f00000, 0x0000000081f00000, 0x0000000082000000|  0%| F|  |TAMS 0x0000000081f00000, 0x0000000081f00000| Untracked 
|  32|0x0000000082000000, 0x0000000082000000, 0x0000000082100000|  0%| F|  |TAMS 0x0000000082000000, 0x0000000082000000| Untracked 
|  33|0x0000000082100000, 0x0000000082100000, 0x0000000082200000|  0%| F|  |TAMS 0x0000000082100000, 0x0000000082100000| Untracked 
|  34|0x0000000082200000, 0x0000000082200000, 0x0000000082300000|  0%| F|  |TAMS 0x0000000082200000, 0x0000000082200000| Untracked 
|  35|0x0000000082300000, 0x0000000082300000, 0x0000000082400000|  0%| F|  |TAMS 0x0000000082300000, 0x0000000082300000| Untracked 
|  36|0x0000000082400000, 0x0000000082400000, 0x0000000082500000|  0%| F|  |TAMS 0x0000000082400000, 0x0000000082400000| Untracked 
|  37|0x0000000082500000, 0x0000000082500000, 0x0000000082600000|  0%| F|  |TAMS 0x0000000082500000, 0x0000000082500000| Untracked 
|  38|0x0000000082600000, 0x0000000082600000, 0x0000000082700000|  0%| F|  |TAMS 0x0000000082600000, 0x0000000082600000| Untracked 
|  39|0x0000000082700000, 0x0000000082700000, 0x0000000082800000|  0%| F|  |TAMS 0x0000000082700000, 0x0000000082700000| Untracked 
|  40|0x0000000082800000, 0x0000000082800000, 0x0000000082900000|  0%| F|  |TAMS 0x0000000082800000, 0x0000000082800000| Untracked 
|  41|0x0000000082900000, 0x0000000082900000, 0x0000000082a00000|  0%| F|  |TAMS 0x0000000082900000, 0x0000000082900000| Untracked 
|  42|0x0000000082a00000, 0x0000000082a00000, 0x0000000082b00000|  0%| F|  |TAMS 0x0000000082a00000, 0x0000000082a00000| Untracked 
|  43|0x0000000082b00000, 0x0000000082b00000, 0x0000000082c00000|  0%| F|  |TAMS 0x0000000082b00000, 0x0000000082b00000| Untracked 
|  44|0x0000000082c00000, 0x0000000082c00000, 0x0000000082d00000|  0%| F|  |TAMS 0x0000000082c00000, 0x0000000082c00000| Untracked 
|  45|0x0000000082d00000, 0x0000000082d00000, 0x0000000082e00000|  0%| F|  |TAMS 0x0000000082d00000, 0x0000000082d00000| Untracked 
|  46|0x0000000082e00000, 0x0000000082e00000, 0x0000000082f00000|  0%| F|  |TAMS 0x0000000082e00000, 0x0000000082e00000| Untracked 
|  47|0x0000000082f00000, 0x0000000082f00000, 0x0000000083000000|  0%| F|  |TAMS 0x0000000082f00000, 0x0000000082f00000| Untracked 
|  48|0x0000000083000000, 0x0000000083000000, 0x0000000083100000|  0%| F|  |TAMS 0x0000000083000000, 0x0000000083000000| Untracked 
|  49|0x0000000083100000, 0x0000000083100000, 0x0000000083200000|  0%| F|  |TAMS 0x0000000083100000, 0x0000000083100000| Untracked 
|  50|0x0000000083200000, 0x0000000083200000, 0x0000000083300000|  0%| F|  |TAMS 0x0000000083200000, 0x0000000083200000| Untracked 
|  51|0x0000000083300000, 0x0000000083300000, 0x0000000083400000|  0%| F|  |TAMS 0x0000000083300000, 0x0000000083300000| Untracked 
|  52|0x0000000083400000, 0x0000000083400000, 0x0000000083500000|  0%| F|  |TAMS 0x0000000083400000, 0x0000000083400000| Untracked 
|  53|0x0000000083500000, 0x0000000083500000, 0x0000000083600000|  0%| F|  |TAMS 0x0000000083500000, 0x0000000083500000| Untracked 
|  54|0x0000000083600000, 0x0000000083600000, 0x0000000083700000|  0%| F|  |TAMS 0x0000000083600000, 0x0000000083600000| Untracked 
|  55|0x0000000083700000, 0x0000000083700000, 0x0000000083800000|  0%| F|  |TAMS 0x0000000083700000, 0x0000000083700000| Untracked 
|  56|0x0000000083800000, 0x0000000083800000, 0x0000000083900000|  0%| F|  |TAMS 0x0000000083800000, 0x0000000083800000| Untracked 
|  57|0x0000000083900000, 0x0000000083900000, 0x0000000083a00000|  0%| F|  |TAMS 0x0000000083900000, 0x0000000083900000| Untracked 
|  58|0x0000000083a00000, 0x0000000083a00000, 0x0000000083b00000|  0%| F|  |TAMS 0x0000000083a00000, 0x0000000083a00000| Untracked 
|  59|0x0000000083b00000, 0x0000000083b00000, 0x0000000083c00000|  0%| F|  |TAMS 0x0000000083b00000, 0x0000000083b00000| Untracked 
|  60|0x0000000083c00000, 0x0000000083c00000, 0x0000000083d00000|  0%| F|  |TAMS 0x0000000083c00000, 0x0000000083c00000| Untracked 
|  61|0x0000000083d00000, 0x0000000083d00000, 0x0000000083e00000|  0%| F|  |TAMS 0x0000000083d00000, 0x0000000083d00000| Untracked 
|  62|0x0000000083e00000, 0x0000000083e00000, 0x0000000083f00000|  0%| F|  |TAMS 0x0000000083e00000, 0x0000000083e00000| Untracked 
|  63|0x0000000083f00000, 0x0000000083f00000, 0x0000000084000000|  0%| F|  |TAMS 0x0000000083f00000, 0x0000000083f00000| Untracked 
|  64|0x0000000084000000, 0x0000000084000000, 0x0000000084100000|  0%| F|  |TAMS 0x0000000084000000, 0x0000000084000000| Untracked 
|  65|0x0000000084100000, 0x0000000084100000, 0x0000000084200000|  0%| F|  |TAMS 0x0000000084100000, 0x0000000084100000| Untracked 
|  66|0x0000000084200000, 0x0000000084200000, 0x0000000084300000|  0%| F|  |TAMS 0x0000000084200000, 0x0000000084200000| Untracked 
|  67|0x0000000084300000, 0x0000000084300000, 0x0000000084400000|  0%| F|  |TAMS 0x0000000084300000, 0x0000000084300000| Untracked 
|  68|0x0000000084400000, 0x0000000084400000, 0x0000000084500000|  0%| F|  |TAMS 0x0000000084400000, 0x0000000084400000| Untracked 
|  69|0x0000000084500000, 0x0000000084500000, 0x0000000084600000|  0%| F|  |TAMS 0x0000000084500000, 0x0000000084500000| Untracked 
|  70|0x0000000084600000, 0x0000000084600000, 0x0000000084700000|  0%| F|  |TAMS 0x0000000084600000, 0x0000000084600000| Untracked 
|  71|0x0000000084700000, 0x0000000084700000, 0x0000000084800000|  0%| F|  |TAMS 0x0000000084700000, 0x0000000084700000| Untracked 
|  72|0x0000000084800000, 0x0000000084800000, 0x0000000084900000|  0%| F|  |TAMS 0x0000000084800000, 0x0000000084800000| Untracked 
|  73|0x0000000084900000, 0x0000000084900000, 0x0000000084a00000|  0%| F|  |TAMS 0x0000000084900000, 0x0000000084900000| Untracked 
|  74|0x0000000084a00000, 0x0000000084a00000, 0x0000000084b00000|  0%| F|  |TAMS 0x0000000084a00000, 0x0000000084a00000| Untracked 
|  75|0x0000000084b00000, 0x0000000084b00000, 0x0000000084c00000|  0%| F|  |TAMS 0x0000000084b00000, 0x0000000084b00000| Untracked 
|  76|0x0000000084c00000, 0x0000000084c00000, 0x0000000084d00000|  0%| F|  |TAMS 0x0000000084c00000, 0x0000000084c00000| Untracked 
|  77|0x0000000084d00000, 0x0000000084d00000, 0x0000000084e00000|  0%| F|  |TAMS 0x0000000084d00000, 0x0000000084d00000| Untracked 
|  78|0x0000000084e00000, 0x0000000084ed97b0, 0x0000000084f00000| 84%| S|CS|TAMS 0x0000000084e00000, 0x0000000084e00000| Complete 
|  79|0x0000000084f00000, 0x0000000085000000, 0x0000000085000000|100%| S|CS|TAMS 0x0000000084f00000, 0x0000000084f00000| Complete 
|  80|0x0000000085000000, 0x0000000085000000, 0x0000000085100000|  0%| F|  |TAMS 0x0000000085000000, 0x0000000085000000| Untracked 
|  81|0x0000000085100000, 0x0000000085100000, 0x0000000085200000|  0%| F|  |TAMS 0x0000000085100000, 0x0000000085100000| Untracked 
|  82|0x0000000085200000, 0x0000000085200000, 0x0000000085300000|  0%| F|  |TAMS 0x0000000085200000, 0x0000000085200000| Untracked 
|  83|0x0000000085300000, 0x0000000085300000, 0x0000000085400000|  0%| F|  |TAMS 0x0000000085300000, 0x0000000085300000| Untracked 
|  84|0x0000000085400000, 0x0000000085400000, 0x0000000085500000|  0%| F|  |TAMS 0x0000000085400000, 0x0000000085400000| Untracked 
|  85|0x0000000085500000, 0x0000000085500000, 0x0000000085600000|  0%| F|  |TAMS 0x0000000085500000, 0x0000000085500000| Untracked 
|  86|0x0000000085600000, 0x0000000085600000, 0x0000000085700000|  0%| F|  |TAMS 0x0000000085600000, 0x0000000085600000| Untracked 
|  87|0x0000000085700000, 0x0000000085700000, 0x0000000085800000|  0%| F|  |TAMS 0x0000000085700000, 0x0000000085700000| Untracked 
|  88|0x0000000085800000, 0x0000000085800000, 0x0000000085900000|  0%| F|  |TAMS 0x0000000085800000, 0x0000000085800000| Untracked 
|  89|0x0000000085900000, 0x0000000085900000, 0x0000000085a00000|  0%| F|  |TAMS 0x0000000085900000, 0x0000000085900000| Untracked 
|  90|0x0000000085a00000, 0x0000000085a00000, 0x0000000085b00000|  0%| F|  |TAMS 0x0000000085a00000, 0x0000000085a00000| Untracked 
|  91|0x0000000085b00000, 0x0000000085b00000, 0x0000000085c00000|  0%| F|  |TAMS 0x0000000085b00000, 0x0000000085b00000| Untracked 
|  92|0x0000000085c00000, 0x0000000085c00000, 0x0000000085d00000|  0%| F|  |TAMS 0x0000000085c00000, 0x0000000085c00000| Untracked 
|  93|0x0000000085d00000, 0x0000000085d00000, 0x0000000085e00000|  0%| F|  |TAMS 0x0000000085d00000, 0x0000000085d00000| Untracked 
|  94|0x0000000085e00000, 0x0000000085e00000, 0x0000000085f00000|  0%| F|  |TAMS 0x0000000085e00000, 0x0000000085e00000| Untracked 
|  95|0x0000000085f00000, 0x0000000085f00000, 0x0000000086000000|  0%| F|  |TAMS 0x0000000085f00000, 0x0000000085f00000| Untracked 
|  96|0x0000000086000000, 0x0000000086000000, 0x0000000086100000|  0%| F|  |TAMS 0x0000000086000000, 0x0000000086000000| Untracked 
|  97|0x0000000086100000, 0x0000000086100000, 0x0000000086200000|  0%| F|  |TAMS 0x0000000086100000, 0x0000000086100000| Untracked 
|  98|0x0000000086200000, 0x0000000086200000, 0x0000000086300000|  0%| F|  |TAMS 0x0000000086200000, 0x0000000086200000| Untracked 
|  99|0x0000000086300000, 0x0000000086300000, 0x0000000086400000|  0%| F|  |TAMS 0x0000000086300000, 0x0000000086300000| Untracked 
| 100|0x0000000086400000, 0x0000000086500000, 0x0000000086500000|100%| E|  |TAMS 0x0000000086400000, 0x0000000086400000| Complete 
| 101|0x0000000086500000, 0x0000000086600000, 0x0000000086600000|100%| E|CS|TAMS 0x0000000086500000, 0x0000000086500000| Complete 
| 102|0x0000000086600000, 0x0000000086700000, 0x0000000086700000|100%| E|CS|TAMS 0x0000000086600000, 0x0000000086600000| Complete 
| 103|0x0000000086700000, 0x0000000086800000, 0x0000000086800000|100%| E|CS|TAMS 0x0000000086700000, 0x0000000086700000| Complete 
| 104|0x0000000086800000, 0x0000000086900000, 0x0000000086900000|100%| E|CS|TAMS 0x0000000086800000, 0x0000000086800000| Complete 
| 105|0x0000000086900000, 0x0000000086a00000, 0x0000000086a00000|100%| E|CS|TAMS 0x0000000086900000, 0x0000000086900000| Complete 
| 106|0x0000000086a00000, 0x0000000086b00000, 0x0000000086b00000|100%| E|CS|TAMS 0x0000000086a00000, 0x0000000086a00000| Complete 
| 107|0x0000000086b00000, 0x0000000086c00000, 0x0000000086c00000|100%| E|CS|TAMS 0x0000000086b00000, 0x0000000086b00000| Complete 
| 108|0x0000000086c00000, 0x0000000086d00000, 0x0000000086d00000|100%| E|CS|TAMS 0x0000000086c00000, 0x0000000086c00000| Complete 
| 109|0x0000000086d00000, 0x0000000086e00000, 0x0000000086e00000|100%| E|CS|TAMS 0x0000000086d00000, 0x0000000086d00000| Complete 
| 110|0x0000000086e00000, 0x0000000086f00000, 0x0000000086f00000|100%| E|CS|TAMS 0x0000000086e00000, 0x0000000086e00000| Complete 
| 111|0x0000000086f00000, 0x0000000087000000, 0x0000000087000000|100%| E|CS|TAMS 0x0000000086f00000, 0x0000000086f00000| Complete 
| 112|0x0000000087000000, 0x0000000087100000, 0x0000000087100000|100%| E|CS|TAMS 0x0000000087000000, 0x0000000087000000| Complete 
| 113|0x0000000087100000, 0x0000000087200000, 0x0000000087200000|100%| E|CS|TAMS 0x0000000087100000, 0x0000000087100000| Complete 
| 114|0x0000000087200000, 0x0000000087300000, 0x0000000087300000|100%| E|CS|TAMS 0x0000000087200000, 0x0000000087200000| Complete 
| 115|0x0000000087300000, 0x0000000087400000, 0x0000000087400000|100%| E|CS|TAMS 0x0000000087300000, 0x0000000087300000| Complete 
| 116|0x0000000087400000, 0x0000000087500000, 0x0000000087500000|100%| E|CS|TAMS 0x0000000087400000, 0x0000000087400000| Complete 
| 117|0x0000000087500000, 0x0000000087600000, 0x0000000087600000|100%| E|CS|TAMS 0x0000000087500000, 0x0000000087500000| Complete 

Card table byte_map: [0x0000020aa2d80000,0x0000020aa3180000] _byte_map_base: 0x0000020aa2980000

Marking Bits (Prev, Next): (CMBitMap*) 0x0000020a8f6432c0, (CMBitMap*) 0x0000020a8f643288
 Prev Bits: [0x0000020aa5580000, 0x0000020aa7580000)
 Next Bits: [0x0000020aa3580000, 0x0000020aa5580000)

Polling page: 0x0000020a8d590000

Metaspace:

Usage:
  Non-class:     19.60 MB capacity,    19.25 MB ( 98%) used,   316.80 KB (  2%) free+waste,    37.94 KB ( <1%) overhead. 
      Class:      2.93 MB capacity,     2.79 MB ( 95%) used,   126.07 KB (  4%) free+waste,    18.75 KB ( <1%) overhead. 
       Both:     22.53 MB capacity,    22.04 MB ( 98%) used,   442.87 KB (  2%) free+waste,    56.69 KB ( <1%) overhead. 

Virtual space:
  Non-class space:       20.00 MB reserved,      19.75 MB ( 99%) committed 
      Class space:        1.00 GB reserved,       3.00 MB ( <1%) committed 
             Both:        1.02 GB reserved,      22.75 MB (  2%) committed 

Chunk freelists:
   Non-Class:  28.00 KB
       Class:  10.00 KB
        Both:  38.00 KB

MaxMetaspaceSize: 17179869184.00 GB
CompressedClassSpaceSize: 1.00 GB
Initial GC threshold: 20.80 MB
Current GC threshold: 35.00 MB
CDS: off

CodeHeap 'non-profiled nmethods': size=119168Kb used=1120Kb max_used=1120Kb free=118048Kb
 bounds [0x0000020a9aca0000, 0x0000020a9af10000, 0x0000020aa2100000]
CodeHeap 'profiled nmethods': size=119168Kb used=4878Kb max_used=4878Kb free=114289Kb
 bounds [0x0000020a93840000, 0x0000020a93d10000, 0x0000020a9aca0000]
CodeHeap 'non-nmethods': size=7424Kb used=2344Kb max_used=2892Kb free=5079Kb
 bounds [0x0000020a93100000, 0x0000020a933e0000, 0x0000020a93840000]
 total_blobs=2736 nmethods=2251 adapters=395
 compilation: enabled
              stopped_count=0, restarted_count=0
 full_count=0

Compilation events (20 events):
Event: 4.130 Thread 0x0000020aaaf0f000 2240       3       java.lang.invoke.ConstantCallSite::getTarget (20 bytes)
Event: 4.130 Thread 0x0000020aaaf0f000 nmethod 2240 0x0000020a93cfaa90 code [0x0000020a93cfac60, 0x0000020a93cfae68]
Event: 4.132 Thread 0x0000020aab399800 2241   !   3       org.gradle.internal.classloader.TransformingClassLoader::findClass (203 bytes)
Event: 4.132 Thread 0x0000020aaadbe000 2242       3       org.gradle.initialization.MixInLegacyTypesClassLoader::shouldTransform (42 bytes)
Event: 4.132 Thread 0x0000020aaadbe000 nmethod 2242 0x0000020a93cfaf90 code [0x0000020a93cfb180, 0x0000020a93cfb578]
Event: 4.134 Thread 0x0000020aab399800 nmethod 2241 0x0000020a93cfb710 code [0x0000020a93cfbc60, 0x0000020a93cfe578]
Event: 4.137 Thread 0x0000020aaaf0f000 2243       3       java.util.concurrent.locks.ReentrantLock$Sync::tryRelease (45 bytes)
Event: 4.138 Thread 0x0000020aaaf0f000 nmethod 2243 0x0000020a93cff590 code [0x0000020a93cff760, 0x0000020a93cffa48]
Event: 4.153 Thread 0x0000020aaadbe000 2244       3       java.util.concurrent.locks.ReentrantLock$Sync::nonfairTryAcquire (67 bytes)
Event: 4.154 Thread 0x0000020aaadbe000 nmethod 2244 0x0000020a93cffb10 code [0x0000020a93cffd60, 0x0000020a93d00648]
Event: 4.180 Thread 0x0000020aaadbd000 nmethod 2200 0x0000020a9adaeb90 code [0x0000020a9adaf0e0, 0x0000020a9adb43f0]
Event: 4.181 Thread 0x0000020aaadbd000 2247       4       java.util.WeakHashMap::remove (133 bytes)
Event: 4.183 Thread 0x0000020aab399800 2249       1       sun.reflect.generics.repository.AbstractRepository::getFactory (5 bytes)
Event: 4.183 Thread 0x0000020aab399800 nmethod 2249 0x0000020a9adb6e90 code [0x0000020a9adb7040, 0x0000020a9adb70f8]
Event: 4.185 Thread 0x0000020aaaf0f000 2251       3       org.gradle.internal.service.DefaultServiceRegistry$SingletonService::getAll (23 bytes)
Event: 4.185 Thread 0x0000020aaaf0f000 nmethod 2251 0x0000020a93d00990 code [0x0000020a93d00b60, 0x0000020a93d00de8]
Event: 4.186 Thread 0x0000020aaadbd000 nmethod 2247 0x0000020a9adb7190 code [0x0000020a9adb7340, 0x0000020a9adb7728]
Event: 4.186 Thread 0x0000020aaadbd000 2250   !   4       java.util.zip.InflaterInputStream::read (138 bytes)
Event: 4.193 Thread 0x0000020aaadbe000 2254       3       jdk.internal.org.objectweb.asm.Type::getArgumentsAndReturnSizes (151 bytes)
Event: 4.195 Thread 0x0000020aaadbe000 nmethod 2254 0x0000020a93d00f10 code [0x0000020a93d01280, 0x0000020a93d02af8]

GC Heap History (6 events):
Event: 0.973 GC heap before
{Heap before GC invocations=0 (full 0):
 garbage-first heap   total 120832K, used 29696K [0x0000000080000000, 0x0000000100000000)
  region size 1024K, 24 young (24576K), 0 survivors (0K)
 Metaspace       used 9762K, capacity 9956K, committed 10112K, reserved 1058816K
  class space    used 1000K, capacity 1069K, committed 1152K, reserved 1048576K
}
Event: 0.985 GC heap after
{Heap after GC invocations=1 (full 0):
 garbage-first heap   total 120832K, used 8898K [0x0000000080000000, 0x0000000100000000)
  region size 1024K, 3 young (3072K), 3 survivors (3072K)
 Metaspace       used 9762K, capacity 9956K, committed 10112K, reserved 1058816K
  class space    used 1000K, capacity 1069K, committed 1152K, reserved 1048576K
}
Event: 3.388 GC heap before
{Heap before GC invocations=1 (full 0):
 garbage-first heap   total 120832K, used 77506K [0x0000000080000000, 0x0000000100000000)
  region size 1024K, 70 young (71680K), 3 survivors (3072K)
 Metaspace       used 16155K, capacity 16479K, committed 16640K, reserved 1064960K
  class space    used 1832K, capacity 1965K, committed 2048K, reserved 1048576K
}
Event: 3.402 GC heap after
{Heap after GC invocations=2 (full 0):
 garbage-first heap   total 120832K, used 15612K [0x0000000080000000, 0x0000000100000000)
  region size 1024K, 9 young (9216K), 9 survivors (9216K)
 Metaspace       used 16155K, capacity 16479K, committed 16640K, reserved 1064960K
  class space    used 1832K, capacity 1965K, committed 2048K, reserved 1048576K
}
Event: 3.982 GC heap before
{Heap before GC invocations=2 (full 0):
 garbage-first heap   total 120832K, used 53500K [0x0000000080000000, 0x0000000100000000)
  region size 1024K, 47 young (48128K), 9 survivors (9216K)
 Metaspace       used 20780K, capacity 21135K, committed 21248K, reserved 1067008K
  class space    used 2537K, capacity 2710K, committed 2816K, reserved 1048576K
}
Event: 3.990 GC heap after
{Heap after GC invocations=3 (full 0):
 garbage-first heap   total 120832K, used 17645K [0x0000000080000000, 0x0000000100000000)
  region size 1024K, 2 young (2048K), 2 survivors (2048K)
 Metaspace       used 20780K, capacity 21135K, committed 21248K, reserved 1067008K
  class space    used 2537K, capacity 2710K, committed 2816K, reserved 1048576K
}

Deoptimization events (20 events):
Event: 3.972 Thread 0x0000020aad55d800 Uncommon trap: trap_request=0xffffffc6 fr.pc=0x0000020a9ad262d4 relative=0x0000000000000114
Event: 3.972 Thread 0x0000020aad55d800 Uncommon trap: reason=bimorphic_or_optimized_type_check action=maybe_recompile pc=0x0000020a9ad262d4 method=java.util.AbstractList$Itr.next()Ljava/lang/Object; @ 14 c2
Event: 3.972 Thread 0x0000020aad55d800 DEOPT PACKING pc=0x0000020a9ad262d4 sp=0x00000070120fab70
Event: 3.972 Thread 0x0000020aad55d800 DEOPT UNPACKING pc=0x0000020a9314a1af sp=0x00000070120fab08 mode 2
Event: 3.973 Thread 0x0000020aad55d800 Uncommon trap: trap_request=0xffffff4d fr.pc=0x0000020a9ad219fc relative=0x00000000000005bc
Event: 3.973 Thread 0x0000020aad55d800 Uncommon trap: reason=unstable_if action=reinterpret pc=0x0000020a9ad219fc method=java.io.File.getName()Ljava/lang/String; @ 16 c2
Event: 3.973 Thread 0x0000020aad55d800 DEOPT PACKING pc=0x0000020a9ad219fc sp=0x00000070120fb540
Event: 3.973 Thread 0x0000020aad55d800 DEOPT UNPACKING pc=0x0000020a9314a1af sp=0x00000070120fb510 mode 2
Event: 3.973 Thread 0x0000020aad55d800 Uncommon trap: trap_request=0xffffff4d fr.pc=0x0000020a9ad1f77c relative=0x000000000000043c
Event: 3.973 Thread 0x0000020aad55d800 Uncommon trap: reason=unstable_if action=reinterpret pc=0x0000020a9ad1f77c method=java.lang.String.substring(I)Ljava/lang/String; @ 34 c2
Event: 3.973 Thread 0x0000020aad55d800 DEOPT PACKING pc=0x0000020a9ad1f77c sp=0x00000070120fb4c0
Event: 3.973 Thread 0x0000020aad55d800 DEOPT UNPACKING pc=0x0000020a9314a1af sp=0x00000070120fb498 mode 2
Event: 4.115 Thread 0x0000020aad55d800 Uncommon trap: trap_request=0xffffff4d fr.pc=0x0000020a9ad9dc98 relative=0x0000000000000398
Event: 4.115 Thread 0x0000020aad55d800 Uncommon trap: reason=unstable_if action=reinterpret pc=0x0000020a9ad9dc98 method=jdk.internal.org.objectweb.asm.Type.getArgumentsAndReturnSizes(Ljava/lang/String;)I @ 88 c2
Event: 4.115 Thread 0x0000020aad55d800 DEOPT PACKING pc=0x0000020a9ad9dc98 sp=0x00000070120f9ab0
Event: 4.115 Thread 0x0000020aad55d800 DEOPT UNPACKING pc=0x0000020a9314a1af sp=0x00000070120f9a38 mode 2
Event: 4.123 Thread 0x0000020aad55d800 Uncommon trap: trap_request=0xffffffcc fr.pc=0x0000020a9adab368 relative=0x00000000000002a8
Event: 4.123 Thread 0x0000020aad55d800 Uncommon trap: reason=intrinsic_or_type_checked_inlining action=make_not_entrant pc=0x0000020a9adab368 method=java.util.Arrays.copyOf([Ljava/lang/Object;ILjava/lang/Class;)[Ljava/lang/Object; @ 35 c2
Event: 4.123 Thread 0x0000020aad55d800 DEOPT PACKING pc=0x0000020a9adab368 sp=0x00000070120fbba0
Event: 4.123 Thread 0x0000020aad55d800 DEOPT UNPACKING pc=0x0000020a9314a1af sp=0x00000070120fbb30 mode 2

Classes redefined (0 events):
No events

Internal exceptions (20 events):
Event: 0.754 Thread 0x0000020a8f5fe000 Exception <a 'java/lang/NoSuchMethodError'{0x0000000086239238}: 'java.lang.Object java.lang.invoke.DirectMethodHandle$Holder.invokeVirtual(java.lang.Object, java.lang.Object, java.lang.Object, java.lang.Object, java.lang.Object, java.lang.Object, java.lang.Object)'> (0x0000000086239238) thrown at [./src/hotspot/share/interpreter/linkResolver.cpp, line 773]
Event: 0.759 Thread 0x0000020a8f5fe000 Exception <a 'java/lang/NoSuchMethodError'{0x000000008624d748}: 'java.lang.Object java.lang.invoke.Invokers$Holder.invoker(java.lang.Object, java.lang.Object, java.lang.Object)'> (0x000000008624d748) thrown at [./src/hotspot/share/interpreter/linkResolver.cpp, line 773]
Event: 0.765 Thread 0x0000020a8f5fe000 Exception <a 'java/lang/NoSuchMethodError'{0x000000008625e7c0}: 'void java.lang.invoke.DelegatingMethodHandle$Holder.delegate(java.lang.Object, java.lang.Object, int, java.lang.Object)'> (0x000000008625e7c0) thrown at [./src/hotspot/share/interpreter/linkResolver.cpp, line 773]
Event: 1.475 Thread 0x0000020a8f5fe000 Exception <a 'java/security/PrivilegedActionException'{0x0000000084ccd1e8}> (0x0000000084ccd1e8) thrown at [./src/hotspot/share/prims/jvm.cpp, line 1306]
Event: 1.475 Thread 0x0000020a8f5fe000 Exception <a 'java/security/PrivilegedActionException'{0x0000000084ccd760}> (0x0000000084ccd760) thrown at [./src/hotspot/share/prims/jvm.cpp, line 1306]
Event: 1.806 Thread 0x0000020a8f5fe000 Exception <a 'java/lang/NoSuchMethodError'{0x0000000083ab40e0}: 'java.lang.Object java.lang.invoke.DirectMethodHandle$Holder.invokeStaticInit(java.lang.Object, java.lang.Object, java.lang.Object)'> (0x0000000083ab40e0) thrown at [./src/hotspot/share/interpreter/linkResolver.cpp, line 773]
Event: 1.971 Thread 0x0000020a8f5fe000 Exception <a 'java/lang/NoSuchMethodError'{0x0000000083331d30}: 'java.lang.Object java.lang.invoke.DirectMethodHandle$Holder.invokeStaticInit(java.lang.Object, int, int, int, int)'> (0x0000000083331d30) thrown at [./src/hotspot/share/interpreter/linkResolver.cpp, line 773]
Event: 2.553 Thread 0x0000020a8f5fe000 Exception <a 'java/lang/NoSuchMethodError'{0x0000000083220850}: 'java.lang.Object java.lang.invoke.DirectMethodHandle$Holder.invokeStaticInit(java.lang.Object, java.lang.Object, int, int, int, int)'> (0x0000000083220850) thrown at [./src/hotspot/share/interpreter/linkResolver.cpp, line 773]
Event: 3.416 Thread 0x0000020a8f5fe000 Exception <a 'java/io/IOException'{0x0000000087507578}> (0x0000000087507578) thrown at [./src/hotspot/share/prims/jni.cpp, line 615]
Event: 3.553 Thread 0x0000020aad55d800 Exception <a 'java/lang/NoSuchMethodError'{0x0000000086f1f7a8}: 'long java.lang.invoke.DirectMethodHandle$Holder.invokeInterface(java.lang.Object, java.lang.Object)'> (0x0000000086f1f7a8) thrown at [./src/hotspot/share/interpreter/linkResolver.cpp, line 773]
Event: 3.555 Thread 0x0000020aad55d800 Exception <a 'java/lang/NoSuchMethodError'{0x0000000086f2c848}: 'void java.lang.invoke.DelegatingMethodHandle$Holder.reinvoke_L(java.lang.Object, java.lang.Object, java.lang.Object, java.lang.Object, java.lang.Object, java.lang.Object, java.lang.Object)'> (0x0000000086f2c848) thrown at [./src/hotspot/share/interpreter/linkResolver.cpp, line 773]
Event: 3.884 Thread 0x0000020aad55d800 Exception <a 'java/lang/NoSuchMethodError'{0x0000000085588030}: 'void java.lang.invoke.DirectMethodHandle$Holder.invokeStaticInit(java.lang.Object)'> (0x0000000085588030) thrown at [./src/hotspot/share/interpreter/linkResolver.cpp, line 773]
Event: 3.903 Thread 0x0000020aad55d800 Exception <a 'java/lang/NoSuchMethodError'{0x0000000085435be0}: 'java.lang.Object java.lang.invoke.DirectMethodHandle$Holder.invokeStatic(java.lang.Object, java.lang.Object, java.lang.Object, int)'> (0x0000000085435be0) thrown at [./src/hotspot/share/interpreter/linkResolver.cpp, line 773]
Event: 3.904 Thread 0x0000020aad55d800 Exception <a 'java/lang/NoSuchMethodError'{0x000000008543a2f8}: 'java.lang.Object java.lang.invoke.DirectMethodHandle$Holder.invokeSpecial(java.lang.Object, java.lang.Object, java.lang.Object, java.lang.Object, int)'> (0x000000008543a2f8) thrown at [./src/hotspot/share/interpreter/linkResolver.cpp, line 773]
Event: 3.904 Thread 0x0000020aad55d800 Exception <a 'java/lang/NoSuchMethodError'{0x000000008543e230}: 'java.lang.Object java.lang.invoke.Invokers$Holder.linkToTargetMethod(java.lang.Object, java.lang.Object, int, java.lang.Object)'> (0x000000008543e230) thrown at [./src/hotspot/share/interpreter/linkResolver.cpp, line 773]
Event: 4.034 Thread 0x0000020aad55d800 Exception <a 'java/lang/NoSuchMethodError'{0x0000000087379768}: 'int java.lang.invoke.DirectMethodHandle$Holder.invokeSpecialIFC(java.lang.Object, java.lang.Object, java.lang.Object, java.lang.Object)'> (0x0000000087379768) thrown at [./src/hotspot/share/interpreter/linkResolver.cpp, line 773]
Event: 4.036 Thread 0x0000020aad55d800 Exception <a 'java/lang/NoSuchMethodError'{0x0000000087387968}: 'java.lang.Object java.lang.invoke.DirectMethodHandle$Holder.invokeInterface(java.lang.Object, java.lang.Object, java.lang.Object)'> (0x0000000087387968) thrown at [./src/hotspot/share/interpreter/linkResolver.cpp, line 773]
Event: 4.036 Thread 0x0000020aad55d800 Exception <a 'java/lang/IncompatibleClassChangeError'{0x000000008738ae40}: Found class java.lang.Object, but interface was expected> (0x000000008738ae40) thrown at [./src/hotspot/share/interpreter/linkResolver.cpp, line 839]
Event: 4.165 Thread 0x0000020aad55d800 Exception <a 'java/lang/NoSuchMethodError'{0x0000000086b01b68}: 'void java.lang.invoke.DirectMethodHandle$Holder.invokeSpecial(java.lang.Object, java.lang.Object, java.lang.Object, java.lang.Object, java.lang.Object)'> (0x0000000086b01b68) thrown at [./src/hotspot/share/interpreter/linkResolver.cpp, line 773]
Event: 4.193 Thread 0x0000020aad55d800 Exception <a 'java/lang/NoSuchMethodError'{0x000000008692ddf0}: 'java.lang.Object java.lang.invoke.DirectMethodHandle$Holder.invokeSpecial(java.lang.Object, java.lang.Object, java.lang.Object, java.lang.Object, java.lang.Object, java.lang.Object, java.lang.Object, java.lang.Object, java.lang.Object)'> (0x000000008692ddf0) thrown at [./src/hotspot/share/interpreter/linkResolver.cpp, line 773]

Events (20 events):
Event: 4.196 loading class org/gradle/api/internal/artifacts/component/ComponentIdentifierFactory
Event: 4.196 loading class org/gradle/api/internal/artifacts/component/ComponentIdentifierFactory done
Event: 4.196 loading class org/gradle/api/internal/artifacts/ivyservice/ivyresolve/strategy/VersionComparator
Event: 4.196 loading class org/gradle/api/internal/artifacts/ivyservice/ivyresolve/strategy/VersionComparator done
Event: 4.197 loading class org/gradle/api/internal/artifacts/ivyservice/resolveengine/result/AttributeContainerSerializer
Event: 4.197 loading class org/gradle/api/internal/artifacts/ivyservice/resolveengine/result/AttributeContainerSerializer done
Event: 4.197 loading class org/gradle/api/internal/artifacts/ivyservice/modulecache/artifacts/ModuleArtifactCache
Event: 4.197 loading class org/gradle/api/internal/artifacts/ivyservice/modulecache/artifacts/ModuleArtifactCache done
Event: 4.198 loading class org/gradle/api/internal/artifacts/ivyservice/modulecache/artifacts/AbstractArtifactsCache
Event: 4.198 loading class org/gradle/api/internal/artifacts/ivyservice/modulecache/artifacts/AbstractArtifactsCache done
Event: 4.198 loading class org/gradle/api/internal/artifacts/ivyservice/modulecache/artifacts/ModuleArtifactsCache
Event: 4.198 loading class org/gradle/api/internal/artifacts/ivyservice/modulecache/artifacts/ModuleArtifactsCache done
Event: 4.199 loading class org/gradle/api/internal/artifacts/ivyservice/modulecache/artifacts/DefaultModuleArtifactsCache
Event: 4.199 loading class org/gradle/api/internal/artifacts/ivyservice/modulecache/artifacts/DefaultModuleArtifactsCache done
Event: 4.199 loading class org/gradle/api/internal/artifacts/ivyservice/modulecache/AbstractModuleMetadataCache
Event: 4.199 loading class org/gradle/api/internal/artifacts/ivyservice/modulecache/AbstractModuleMetadataCache done
Event: 4.200 loading class org/gradle/api/internal/artifacts/ivyservice/modulecache/ModuleMetadataCache
Event: 4.200 loading class org/gradle/api/internal/artifacts/ivyservice/modulecache/ModuleMetadataCache done
Event: 4.200 loading class org/gradle/api/internal/artifacts/ivyservice/modulecache/PersistentModuleMetadataCache
Event: 4.200 loading class org/gradle/api/internal/artifacts/ivyservice/modulecache/PersistentModuleMetadataCache done


Dynamic libraries:
0x00007ff6058e0000 - 0x00007ff6058ea000 	C:\Program Files\Android\Android Studio\jre\bin\java.exe
0x00007fffc23d0000 - 0x00007fffc25e4000 	C:\WINDOWS\SYSTEM32\ntdll.dll
0x00007fffc02e0000 - 0x00007fffc03a3000 	C:\WINDOWS\System32\KERNEL32.DLL
0x00007fffbfb70000 - 0x00007fffbff0d000 	C:\WINDOWS\System32\KERNELBASE.dll
0x00007fffbf930000 - 0x00007fffbfa41000 	C:\WINDOWS\System32\ucrtbase.dll
0x00007fff9dfd0000 - 0x00007fff9dfe9000 	C:\Program Files\Android\Android Studio\jre\bin\jli.dll
0x00007fff9d9a0000 - 0x00007fff9d9b7000 	C:\Program Files\Android\Android Studio\jre\bin\VCRUNTIME140.dll
0x00007fffc1e80000 - 0x00007fffc202d000 	C:\WINDOWS\System32\USER32.dll
0x00007fffbf860000 - 0x00007fffbf886000 	C:\WINDOWS\System32\win32u.dll
0x00007fffa43f0000 - 0x00007fffa467e000 	C:\WINDOWS\WinSxS\amd64_microsoft.windows.common-controls_6595b64144ccf1df_6.0.22621.608_none_a9444ca7c10bb01d\COMCTL32.dll
0x00007fffc0610000 - 0x00007fffc0639000 	C:\WINDOWS\System32\GDI32.dll
0x00007fffbfa50000 - 0x00007fffbfb62000 	C:\WINDOWS\System32\gdi32full.dll
0x00007fffc0710000 - 0x00007fffc07b7000 	C:\WINDOWS\System32\msvcrt.dll
0x00007fffbf890000 - 0x00007fffbf92a000 	C:\WINDOWS\System32\msvcp_win.dll
0x00007fffc05d0000 - 0x00007fffc0602000 	C:\WINDOWS\System32\IMM32.DLL
0x00007fff92bd0000 - 0x00007fff92c6d000 	C:\Program Files\Android\Android Studio\jre\bin\msvcp140.dll
0x00007fff4f500000 - 0x00007fff4ffe5000 	C:\Program Files\Android\Android Studio\jre\bin\server\jvm.dll
0x00007fffc0ed0000 - 0x00007fffc0f7e000 	C:\WINDOWS\System32\ADVAPI32.dll
0x00007fffc1950000 - 0x00007fffc19f4000 	C:\WINDOWS\System32\sechost.dll
0x00007fffc20a0000 - 0x00007fffc21b5000 	C:\WINDOWS\System32\RPCRT4.dll
0x00007fffc1770000 - 0x00007fffc1778000 	C:\WINDOWS\System32\PSAPI.DLL
0x00007fffb9ce0000 - 0x00007fffb9ce9000 	C:\WINDOWS\SYSTEM32\WSOCK32.dll
0x00007fffb8560000 - 0x00007fffb856a000 	C:\WINDOWS\SYSTEM32\VERSION.dll
0x00007fffb8ce0000 - 0x00007fffb8d14000 	C:\WINDOWS\SYSTEM32\WINMM.dll
0x00007fffc03b0000 - 0x00007fffc0421000 	C:\WINDOWS\System32\WS2_32.dll
0x00007fffbe770000 - 0x00007fffbe788000 	C:\WINDOWS\SYSTEM32\kernel.appcore.dll
0x00007fffa99b0000 - 0x00007fffa99c1000 	C:\Program Files\Android\Android Studio\jre\bin\verify.dll
0x00007fffabd60000 - 0x00007fffabf8e000 	C:\WINDOWS\SYSTEM32\DBGHELP.DLL
0x00007fffc0ac0000 - 0x00007fffc0e4a000 	C:\WINDOWS\System32\combase.dll
0x00007fffc09e0000 - 0x00007fffc0ab7000 	C:\WINDOWS\System32\OLEAUT32.dll
0x00007fffa3dc0000 - 0x00007fffa3df2000 	C:\WINDOWS\SYSTEM32\dbgcore.DLL
0x00007fffc0140000 - 0x00007fffc01bb000 	C:\WINDOWS\System32\bcryptPrimitives.dll
0x00007fff94990000 - 0x00007fff949b9000 	C:\Program Files\Android\Android Studio\jre\bin\java.dll
0x00007fffa91a0000 - 0x00007fffa91ab000 	C:\Program Files\Android\Android Studio\jre\bin\jimage.dll
0x00007fffa80c0000 - 0x00007fffa80d8000 	C:\Program Files\Android\Android Studio\jre\bin\zip.dll
0x00007fffc0f80000 - 0x00007fffc176f000 	C:\WINDOWS\System32\SHELL32.dll
0x00007fffbd7c0000 - 0x00007fffbe088000 	C:\WINDOWS\SYSTEM32\windows.storage.dll
0x00007fffbd680000 - 0x00007fffbd7be000 	C:\WINDOWS\SYSTEM32\wintypes.dll
0x00007fffc17a0000 - 0x00007fffc1891000 	C:\WINDOWS\System32\SHCORE.dll
0x00007fffc0e50000 - 0x00007fffc0eae000 	C:\WINDOWS\System32\shlwapi.dll
0x00007fffbf720000 - 0x00007fffbf741000 	C:\WINDOWS\SYSTEM32\profapi.dll
0x00007fffa2650000 - 0x00007fffa266a000 	C:\Program Files\Android\Android Studio\jre\bin\net.dll
0x00007fffb8bb0000 - 0x00007fffb8cdf000 	C:\WINDOWS\SYSTEM32\WINHTTP.dll
0x00007fffbec70000 - 0x00007fffbecd9000 	C:\WINDOWS\system32\mswsock.dll
0x00007fff9df90000 - 0x00007fff9dfa4000 	C:\Program Files\Android\Android Studio\jre\bin\nio.dll
0x00007fffa98d0000 - 0x00007fffa98f7000 	C:\Users\Le Thanh Hang\.gradle\native\e1d6ef7f7dcc3fd88c89a11ec53ec762bb8ba0a96d01ffa2cd45eb1d1d8dd5c5\windows-amd64\native-platform.dll
0x00007fff7d110000 - 0x00007fff7d254000 	C:\Users\Le Thanh Hang\.gradle\native\0d407fdbe67a94daf76414ababcb853783967236a71b16ec16e742cd7a986fd3\windows-amd64\native-platform-file-events.dll
0x00007fffa9190000 - 0x00007fffa919a000 	C:\Program Files\Android\Android Studio\jre\bin\management.dll
0x00007fff9df50000 - 0x00007fff9df5d000 	C:\Program Files\Android\Android Studio\jre\bin\management_ext.dll
0x00007fffbeeb0000 - 0x00007fffbeecb000 	C:\WINDOWS\SYSTEM32\CRYPTSP.dll
0x00007fffbe790000 - 0x00007fffbe7c5000 	C:\WINDOWS\system32\rsaenh.dll
0x00007fffbed30000 - 0x00007fffbed58000 	C:\WINDOWS\SYSTEM32\USERENV.dll
0x00007fffbf0a0000 - 0x00007fffbf0c8000 	C:\WINDOWS\SYSTEM32\bcrypt.dll
0x00007fffbeed0000 - 0x00007fffbeedc000 	C:\WINDOWS\SYSTEM32\CRYPTBASE.dll
0x00007fffbe2e0000 - 0x00007fffbe30d000 	C:\WINDOWS\SYSTEM32\IPHLPAPI.DLL
0x00007fffc0eb0000 - 0x00007fffc0eb9000 	C:\WINDOWS\System32\NSI.dll
0x00007fffb8f20000 - 0x00007fffb8f39000 	C:\WINDOWS\SYSTEM32\dhcpcsvc6.DLL
0x00007fffb8ac0000 - 0x00007fffb8adf000 	C:\WINDOWS\SYSTEM32\dhcpcsvc.DLL
0x00007fffbe350000 - 0x00007fffbe442000 	C:\WINDOWS\SYSTEM32\DNSAPI.dll

dbghelp: loaded successfully - version: 4.0.5 - missing functions: none
symbol engine: initialized successfully - sym options: 0x614 - pdb path: .;C:\Program Files\Android\Android Studio\jre\bin;C:\WINDOWS\SYSTEM32;C:\WINDOWS\WinSxS\amd64_microsoft.windows.common-controls_6595b64144ccf1df_6.0.22621.608_none_a9444ca7c10bb01d;C:\Program Files\Android\Android Studio\jre\bin\server;C:\Users\Le Thanh Hang\.gradle\native\e1d6ef7f7dcc3fd88c89a11ec53ec762bb8ba0a96d01ffa2cd45eb1d1d8dd5c5\windows-amd64;C:\Users\Le Thanh Hang\.gradle\native\0d407fdbe67a94daf76414ababcb853783967236a71b16ec16e742cd7a986fd3\windows-amd64

VM Arguments:
jvm_args: --add-opens=java.base/java.util=ALL-UNNAMED --add-opens=java.base/java.lang=ALL-UNNAMED --add-opens=java.base/java.lang.invoke=ALL-UNNAMED --add-opens=java.base/java.util=ALL-UNNAMED --add-opens=java.prefs/java.util.prefs=ALL-UNNAMED --add-opens=java.prefs/java.util.prefs=ALL-UNNAMED --add-opens=java.base/java.nio.charset=ALL-UNNAMED --add-opens=java.base/java.net=ALL-UNNAMED --add-opens=java.base/java.util.concurrent.atomic=ALL-UNNAMED -Xmx2048m -Dfile.encoding=UTF-8 -Duser.country=US -Duser.language=en -Duser.variant 
java_command: org.gradle.launcher.daemon.bootstrap.GradleDaemon 7.4
java_class_path (initial): C:\Users\Le Thanh Hang\.gradle\wrapper\dists\gradle-7.4-bin\c0gwcg53nkjbqw7r0h0umtfvt\gradle-7.4\lib\gradle-launcher-7.4.jar
Launcher Type: SUN_STANDARD

[Global flags]
     intx CICompilerCount                          = 12                                        {product} {ergonomic}
     uint ConcGCThreads                            = 3                                         {product} {ergonomic}
     uint G1ConcRefinementThreads                  = 13                                        {product} {ergonomic}
   size_t G1HeapRegionSize                         = 1048576                                   {product} {ergonomic}
    uintx GCDrainStackTargetSize                   = 64                                        {product} {ergonomic}
   size_t InitialHeapSize                          = 123731968                                 {product} {ergonomic}
   size_t MarkStackSize                            = 4194304                                   {product} {ergonomic}
   size_t MaxHeapSize                              = 2147483648                                {product} {command line}
   size_t MaxNewSize                               = 1287651328                                {product} {ergonomic}
   size_t MinHeapDeltaBytes                        = 1048576                                   {product} {ergonomic}
    uintx NonNMethodCodeHeapSize                   = 7594288                                {pd product} {ergonomic}
    uintx NonProfiledCodeHeapSize                  = 122031976                              {pd product} {ergonomic}
    uintx ProfiledCodeHeapSize                     = 122031976                              {pd product} {ergonomic}
    uintx ReservedCodeCacheSize                    = 251658240                              {pd product} {ergonomic}
     bool SegmentedCodeCache                       = true                                      {product} {ergonomic}
     bool UseCompressedClassPointers               = true                                 {lp64_product} {ergonomic}
     bool UseCompressedOops                        = true                                 {lp64_product} {ergonomic}
     bool UseG1GC                                  = true                                      {product} {ergonomic}
     bool UseLargePagesIndividualAllocation        = false                                  {pd product} {ergonomic}

Logging:
Log output configuration:
 #0: stdout all=warning uptime,level,tags
 #1: stderr all=off uptime,level,tags

Environment Variables:
PATH=C:\Program Files\Microsoft MPI\Bin\;C:\Program Files (x86)\VMware\VMware Workstation\bin\;C:\Python310\Scripts\;C:\Python310\;C:\Program Files\Eclipse Foundation\jdk-8.0.302.8-hotspot\bin;C:\windows\system32;C:\windows;C:\windows\System32\Wbem;C:\windows\System32\WindowsPowerShell\v1.0\;C:\windows\System32\OpenSSH\;C:\Program Files (x86)\NVIDIA Corporation\PhysX\Common;C:\Program Files\NVIDIA Corporation\NVIDIA NvDLISR;C:\Program Files\Microsoft SQL Server\130\Tools\Binn\;C:\Program Files\Microsoft SQL Server\Client SDK\ODBC\170\Tools\Binn\;C:\Program Files\Git\cmd;C:\Program Files\nodejs\;C:\ProgramData\chocolatey\bin;C:\WINDOWS\system32;C:\WINDOWS;C:\WINDOWS\System32\Wbem;C:\WINDOWS\System32\WindowsPowerShell\v1.0\;C:\WINDOWS\System32\OpenSSH\;C:\Program Files\dotnet\;C:\MinGW\bin;C:\Program Files (x86)\Microsoft SQL Server\160\Tools\Binn\;C:\Program Files\Microsoft SQL Server\160\Tools\Binn\;C:\Program Files\Microsoft SQL Server\160\DTS\Binn\;C:\Program Files (x86)\Microsoft SQL Server\150\DTS\Binn\;C:\Program Files\Azure Data Studio\bin;C:\Ruby31-x64\bin;C:\Users\Le Thanh Hang\AppData\Local\Microsoft\WindowsApps;C:\Users\Le Thanh Hang\AppData\Local\GitHubDesktop\bin;C:\Users\Le Thanh Hang\AppData\Roaming\npm;C:\Users\Le Thanh Hang\.dotnet\tools;C:\Users\Le Thanh Hang\AppData\Local\Programs\Microsoft VS Code\bin;C:\Program Files\Azure Data Studio\bin
USERNAME=Le Thanh Hang
OS=Windows_NT
PROCESSOR_IDENTIFIER=AMD64 Family 25 Model 80 Stepping 0, AuthenticAMD



---------------  S Y S T E M  ---------------

OS: Windows 10 , 64 bit Build 22621 (10.0.22621.1105)
OS uptime: 2 days 21:17 hours
Hyper-V role detected

CPU:total 16 (initial active 16) (16 cores per cpu, 2 threads per core) family 25 model 80 stepping 0 microcode 0x0, cmov, cx8, fxsr, mmx, sse, sse2, sse3, ssse3, sse4.1, sse4.2, popcnt, avx, avx2, aes, clmul, erms, mmxext, 3dnowpref, lzcnt, sse4a, ht, tsc, tscinvbit, tscinv, bmi1, bmi2, adx, sha, fma

Memory: 4k page, system-wide physical 7523M (354M free)
TotalPageFile size 11619M (AvailPageFile size 5M)
current process WorkingSet (physical memory assigned to process): 197M, peak: 200M
current process commit charge ("private bytes"): 270M, peak: 272M

vm_info: OpenJDK 64-Bit Server VM (11.0.12+7-b1504.28-7817840) for windows-amd64 JRE (11.0.12+7-b1504.28-7817840), built on Oct 13 2021 22:12:33 by "builder" with MS VC++ 14.0 (VS2015)

END.
