#
# There is insufficient memory for the Java Runtime Environment to continue.
# Native memory allocation (malloc) failed to allocate 1095936 bytes for Chunk::new
# Possible reasons:
#   The system is out of physical RAM or swap space
#   The process is running with CompressedOops enabled, and the Java Heap may be blocking the growth of the native heap
# Possible solutions:
#   Reduce memory load on the system
#   Increase physical memory or swap space
#   Check if swap backing store is full
#   Decrease Java heap size (-Xmx/-Xms)
#   Decrease number of Java threads
#   Decrease Java thread stack sizes (-Xss)
#   Set larger code cache with -XX:ReservedCodeCacheSize=
#   JVM is running with Unscaled Compressed Oops mode in which the Java heap is
#     placed in the first 4GB address space. The Java Heap base address is the
#     maximum limit for the native heap growth. Please use -XX:HeapBaseMinAddress
#     to set the Java Heap base and to place the Java Heap above 4GB virtual address.
# This output file may be truncated or incomplete.
#
#  Out of Memory Error (./src/hotspot/share/memory/arena.cpp:197), pid=16752, tid=9152
#
# JRE version: OpenJDK Runtime Environment (11.0.12+7) (build 11.0.12+7-b1504.28-7817840)
# Java VM: OpenJDK 64-Bit Server VM (11.0.12+7-b1504.28-7817840, mixed mode, tiered, compressed oops, g1 gc, windows-amd64)
# No core dump will be written. Minidumps are not enabled by default on client versions of Windows
#

---------------  S U M M A R Y ------------

Command Line: --add-opens=java.base/java.util=ALL-UNNAMED --add-opens=java.base/java.lang=ALL-UNNAMED --add-opens=java.base/java.lang.invoke=ALL-UNNAMED --add-opens=java.base/java.util=ALL-UNNAMED --add-opens=java.prefs/java.util.prefs=ALL-UNNAMED --add-opens=java.prefs/java.util.prefs=ALL-UNNAMED --add-opens=java.base/java.nio.charset=ALL-UNNAMED --add-opens=java.base/java.net=ALL-UNNAMED --add-opens=java.base/java.util.concurrent.atomic=ALL-UNNAMED -Xmx2048m -Dfile.encoding=UTF-8 -Duser.country=US -Duser.language=en -Duser.variant org.gradle.launcher.daemon.bootstrap.GradleDaemon 7.3.3

Host: AMD Ryzen 7 5800H with Radeon Graphics         , 16 cores, 7G,  Windows 10 , 64 bit Build 22621 (10.0.22621.963)
Time: Thu Jan  5 14:17:14 2023 SE Asia Standard Time elapsed time: 6.078337 seconds (0d 0h 0m 6s)

---------------  T H R E A D  ---------------

Current thread (0x000001e8d83ce000):  JavaThread "C2 CompilerThread1" daemon [_thread_in_native, id=9152, stack(0x0000004c28400000,0x0000004c28500000)]


Current CompileTask:
C2:   6078 7386   !   4       com.sun.beans.TypeResolver::resolve (261 bytes)

Stack: [0x0000004c28400000,0x0000004c28500000]
Native frames: (J=compiled Java code, j=interpreted, Vv=VM code, C=native code)
V  [jvm.dll+0x5fbcea]
V  [jvm.dll+0x731905]
V  [jvm.dll+0x732f1d]
V  [jvm.dll+0x7335d3]
V  [jvm.dll+0x247bf8]
V  [jvm.dll+0xc018c]
V  [jvm.dll+0xc06cc]
V  [jvm.dll+0x2bcc04]
V  [jvm.dll+0x5113a8]
V  [jvm.dll+0x208303]
V  [jvm.dll+0x201fe0]
V  [jvm.dll+0x1ff71f]
V  [jvm.dll+0x18868c]
V  [jvm.dll+0x20e0d7]
V  [jvm.dll+0x20c901]
V  [jvm.dll+0x6f9b7f]
V  [jvm.dll+0x6f26a5]
V  [jvm.dll+0x5fabf6]
C  [ucrtbase.dll+0x29363]
C  [KERNEL32.DLL+0x126bd]
C  [ntdll.dll+0x5dfb8]


---------------  P R O C E S S  ---------------

Threads class SMR info:
_java_thread_list=0x000001e8dbcfff20, length=190, elements={
0x000001e8b936c800, 0x000001e8d4bb1800, 0x000001e8d4bb5000, 0x000001e8d4c04800,
0x000001e8d4c06800, 0x000001e8d4c08800, 0x000001e8d4c0a800, 0x000001e8d4c0e800,
0x000001e8d4c11800, 0x000001e8d4329000, 0x000001e8d4d6e800, 0x000001e8d5bca800,
0x000001e8d5bf4000, 0x000001e8d6d3a000, 0x000001e8d4fae000, 0x000001e8d6d80000,
0x000001e8d6673800, 0x000001e8d6852000, 0x000001e8d5b0c800, 0x000001e8d6326800,
0x000001e8d5bea800, 0x000001e8d6ef4000, 0x000001e8d7772000, 0x000001e8d7772800,
0x000001e8d776f800, 0x000001e8d7774800, 0x000001e8d83ce000, 0x000001e8d7773800,
0x000001e8d77be800, 0x000001e8d776e800, 0x000001e8d7770000, 0x000001e8d7775000,
0x000001e8d7771000, 0x000001e8da063800, 0x000001e8da065000, 0x000001e8da062800,
0x000001e8da061800, 0x000001e8da066000, 0x000001e8da061000, 0x000001e8da067800,
0x000001e8da069000, 0x000001e8da066800, 0x000001e8da068000, 0x000001e8da06a000,
0x000001e8da064000, 0x000001e8da06e000, 0x000001e8da06a800, 0x000001e8da06c800,
0x000001e8da06b800, 0x000001e8da06d000, 0x000001e8d8b38800, 0x000001e8d8b36000,
0x000001e8d8b32800, 0x000001e8d8b39000, 0x000001e8d8b37800, 0x000001e8d8b33800,
0x000001e8d8b35000, 0x000001e8d8b36800, 0x000001e8d8b3a000, 0x000001e8d8b34000,
0x000001e8d8b3e000, 0x000001e8d8b3f000, 0x000001e8d8b3f800, 0x000001e8d8b40800,
0x000001e8d8b3b000, 0x000001e8d8b41800, 0x000001e8d8b3b800, 0x000001e8d8b3d000,
0x000001e8d8b3c800, 0x000001e8da4ab000, 0x000001e8da4ac000, 0x000001e8da4ad000,
0x000001e8da4ad800, 0x000001e8da4aa800, 0x000001e8da4ae800, 0x000001e8da4a9000,
0x000001e8da4af800, 0x000001e8da4a9800, 0x000001e8db717000, 0x000001e8db71a000,
0x000001e8db71c800, 0x000001e8db71d800, 0x000001e8db718000, 0x000001e8db71b000,
0x000001e8db71e800, 0x000001e8db71c000, 0x000001e8db718800, 0x000001e8db71f000,
0x000001e8db719800, 0x000001e8db721800, 0x000001e8db720800, 0x000001e8db722800,
0x000001e8db724000, 0x000001e8db725000, 0x000001e8db723000, 0x000001e8db725800,
0x000001e8db720000, 0x000001e8da4b9800, 0x000001e8da4b4800, 0x000001e8da4b6000,
0x000001e8da4b7000, 0x000001e8da4b5800, 0x000001e8da4b8000, 0x000001e8da4b3800,
0x000001e8da4bc000, 0x000001e8da4bc800, 0x000001e8da4bd800, 0x000001e8da4be800,
0x000001e8da4ba000, 0x000001e8da4b8800, 0x000001e8da4c0000, 0x000001e8da4bf000,
0x000001e8da4c1000, 0x000001e8da4bb000, 0x000001e8da4c1800, 0x000001e8da4c2800,
0x000001e8d8a01000, 0x000001e8d89ff000, 0x000001e8d89ff800, 0x000001e8d8a00800,
0x000001e8d8a02000, 0x000001e8d8a03000, 0x000001e8d89fd000, 0x000001e8d8a03800,
0x000001e8d89fe000, 0x000001e8d8a07000, 0x000001e8d8a0a000, 0x000001e8d8a08000,
0x000001e8d8a08800, 0x000001e8d8a09800, 0x000001e8d8a06000, 0x000001e8d8a04800,
0x000001e8d8a0b000, 0x000001e8d8a05800, 0x000001e8d8a0c000, 0x000001e8da72d000,
0x000001e8da72b000, 0x000001e8da730000, 0x000001e8da72e800, 0x000001e8da731000,
0x000001e8da72d800, 0x000001e8da72c000, 0x000001e8da732000, 0x000001e8da734000,
0x000001e8da733800, 0x000001e8da732800, 0x000001e8da735000, 0x000001e8da72f800,
0x000001e8da736000, 0x000001e8da738800, 0x000001e8da739000, 0x000001e8da736800,
0x000001e8da737800, 0x000001e8da73a000, 0x000001e8da0e6800, 0x000001e8da0e4000,
0x000001e8da0e7800, 0x000001e8da0e9000, 0x000001e8da0e5000, 0x000001e8da0e5800,
0x000001e8da0e8000, 0x000001e8da0e3800, 0x000001e8da0ee000, 0x000001e8da0ef800,
0x000001e8da0ea800, 0x000001e8da0ec800, 0x000001e8da0ea000, 0x000001e8da0ee800,
0x000001e8da0eb800, 0x000001e8da0ed000, 0x000001e8da0f2000, 0x000001e8da0f0800,
0x000001e8da0f1000, 0x000001e8da4fb800, 0x000001e8da4fe000, 0x000001e8da4fc800,
0x000001e8da4fd800, 0x000001e8da4ff000, 0x000001e8da4f9000, 0x000001e8da4ff800,
0x000001e8da4fa000, 0x000001e8da500800, 0x000001e8da4fb000, 0x000001e8da502000,
0x000001e8da505800, 0x000001e8da503000, 0x000001e8da504000, 0x000001e8da506000,
0x000001e8da507000, 0x000001e8da501800
}

Java Threads: ( => current thread )
  0x000001e8b936c800 JavaThread "main" [_thread_blocked, id=2216, stack(0x0000004c25500000,0x0000004c25600000)]
  0x000001e8d4bb1800 JavaThread "Reference Handler" daemon [_thread_blocked, id=16556, stack(0x0000004c25c00000,0x0000004c25d00000)]
  0x000001e8d4bb5000 JavaThread "Finalizer" daemon [_thread_blocked, id=7476, stack(0x0000004c25d00000,0x0000004c25e00000)]
  0x000001e8d4c04800 JavaThread "Signal Dispatcher" daemon [_thread_blocked, id=14180, stack(0x0000004c25e00000,0x0000004c25f00000)]
  0x000001e8d4c06800 JavaThread "Attach Listener" daemon [_thread_blocked, id=14424, stack(0x0000004c25f00000,0x0000004c26000000)]
  0x000001e8d4c08800 JavaThread "Service Thread" daemon [_thread_blocked, id=10368, stack(0x0000004c26000000,0x0000004c26100000)]
  0x000001e8d4c0a800 JavaThread "C2 CompilerThread0" daemon [_thread_in_native, id=16428, stack(0x0000004c26100000,0x0000004c26200000)]
  0x000001e8d4c0e800 JavaThread "C1 CompilerThread0" daemon [_thread_blocked, id=9180, stack(0x0000004c26200000,0x0000004c26300000)]
  0x000001e8d4c11800 JavaThread "Sweeper thread" daemon [_thread_blocked, id=2056, stack(0x0000004c26300000,0x0000004c26400000)]
  0x000001e8d4329000 JavaThread "C1 CompilerThread1" daemon [_thread_blocked, id=11804, stack(0x0000004c26400000,0x0000004c26500000)]
  0x000001e8d4d6e800 JavaThread "Common-Cleaner" daemon [_thread_blocked, id=17152, stack(0x0000004c26500000,0x0000004c26600000)]
  0x000001e8d5bca800 JavaThread "C1 CompilerThread2" daemon [_thread_blocked, id=12564, stack(0x0000004c26900000,0x0000004c26a00000)]
  0x000001e8d5bf4000 JavaThread "C1 CompilerThread3" daemon [_thread_blocked, id=11772, stack(0x0000004c26b00000,0x0000004c26c00000)]
  0x000001e8d6d3a000 JavaThread "Daemon health stats" [_thread_blocked, id=13880, stack(0x0000004c26c00000,0x0000004c26d00000)]
  0x000001e8d4fae000 JavaThread "Incoming local TCP Connector on port 54196" [_thread_in_native, id=9348, stack(0x0000004c26700000,0x0000004c26800000)]
  0x000001e8d6d80000 JavaThread "Daemon periodic checks" [_thread_blocked, id=9464, stack(0x0000004c26800000,0x0000004c26900000)]
  0x000001e8d6673800 JavaThread "Daemon" [_thread_blocked, id=9900, stack(0x0000004c27300000,0x0000004c27400000)]
  0x000001e8d6852000 JavaThread "Handler for socket connection from /127.0.0.1:54196 to /127.0.0.1:54197" [_thread_in_native, id=15728, stack(0x0000004c27400000,0x0000004c27500000)]
  0x000001e8d5b0c800 JavaThread "Cancel handler" [_thread_blocked, id=12696, stack(0x0000004c27500000,0x0000004c27600000)]
  0x000001e8d6326800 JavaThread "Daemon worker" [_thread_in_Java, id=12492, stack(0x0000004c27600000,0x0000004c27700000)]
  0x000001e8d5bea800 JavaThread "Asynchronous log dispatcher for DefaultDaemonConnection: socket connection from /127.0.0.1:54196 to /127.0.0.1:54197" [_thread_blocked, id=3224, stack(0x0000004c27700000,0x0000004c27800000)]
  0x000001e8d6ef4000 JavaThread "Stdin handler" [_thread_blocked, id=6708, stack(0x0000004c27800000,0x0000004c27900000)]
  0x000001e8d7772000 JavaThread "Daemon client event forwarder" [_thread_blocked, id=13780, stack(0x0000004c27900000,0x0000004c27a00000)]
  0x000001e8d7772800 JavaThread "Cache worker for journal cache (C:\Users\Le Thanh Hang\.gradle\caches\journal-1)" [_thread_blocked, id=8204, stack(0x0000004c27a00000,0x0000004c27b00000)]
  0x000001e8d776f800 JavaThread "File lock request listener" [_thread_in_native, id=9536, stack(0x0000004c27b00000,0x0000004c27c00000)]
  0x000001e8d7774800 JavaThread "Cache worker for file hash cache (C:\Users\Le Thanh Hang\.gradle\caches\7.3.3\fileHashes)" [_thread_blocked, id=2300, stack(0x0000004c27c00000,0x0000004c27d00000)]
=>0x000001e8d83ce000 JavaThread "C2 CompilerThread1" daemon [_thread_in_native, id=9152, stack(0x0000004c28400000,0x0000004c28500000)]
  0x000001e8d7773800 JavaThread "Cache worker for file hash cache (D:\NT118_PTUDDD\NT118_Nhom2_TripS\.gradle\7.3.3\fileHashes)" [_thread_blocked, id=7452, stack(0x0000004c28500000,0x0000004c28600000)]
  0x000001e8d77be800 JavaThread "C2 CompilerThread2" daemon [_thread_in_native, id=11408, stack(0x0000004c28600000,0x0000004c28700000)]
  0x000001e8d776e800 JavaThread "File watcher server" daemon [_thread_in_native, id=8252, stack(0x0000004c28700000,0x0000004c28800000)]
  0x000001e8d7770000 JavaThread "File watcher consumer" daemon [_thread_blocked, id=11940, stack(0x0000004c28800000,0x0000004c28900000)]
  0x000001e8d7775000 JavaThread "Cache worker for checksums cache (D:\NT118_PTUDDD\NT118_Nhom2_TripS\.gradle\7.3.3\checksums)" [_thread_blocked, id=15980, stack(0x0000004c28900000,0x0000004c28a00000)]
  0x000001e8d7771000 JavaThread "Cache worker for cache directory md-supplier (C:\Users\Le Thanh Hang\.gradle\caches\7.3.3\md-supplier)" [_thread_blocked, id=8328, stack(0x0000004c28a00000,0x0000004c28b00000)]
  0x000001e8da063800 JavaThread "Cache worker for cache directory md-rule (C:\Users\Le Thanh Hang\.gradle\caches\7.3.3\md-rule)" [_thread_blocked, id=3816, stack(0x0000004c28b00000,0x0000004c28c00000)]
  0x000001e8da065000 JavaThread "Cache worker for execution history cache (C:\Users\Le Thanh Hang\.gradle\caches\7.3.3\executionHistory)" [_thread_blocked, id=15200, stack(0x0000004c28c00000,0x0000004c28d00000)]
  0x000001e8da062800 JavaThread "jar transforms" [_thread_blocked, id=5156, stack(0x0000004c28d00000,0x0000004c28e00000)]
  0x000001e8da061800 JavaThread "Cache worker for file content cache (C:\Users\Le Thanh Hang\.gradle\caches\7.3.3\fileContent)" [_thread_blocked, id=12252, stack(0x0000004c28e00000,0x0000004c28f00000)]
  0x000001e8da066000 JavaThread "jar transforms Thread 2" [_thread_blocked, id=13136, stack(0x0000004c28f00000,0x0000004c29000000)]
  0x000001e8da061000 JavaThread "Cache worker for dependencies-accessors (D:\NT118_PTUDDD\NT118_Nhom2_TripS\.gradle\7.3.3\dependencies-accessors)" [_thread_blocked, id=2052, stack(0x0000004c29000000,0x0000004c29100000)]
  0x000001e8da067800 JavaThread "jar transforms Thread 3" [_thread_blocked, id=15932, stack(0x0000004c29100000,0x0000004c29200000)]
  0x000001e8da069000 JavaThread "Cache worker for Build Output Cleanup Cache (D:\NT118_PTUDDD\NT118_Nhom2_TripS\.gradle\buildOutputCleanup)" [_thread_blocked, id=7032, stack(0x0000004c29200000,0x0000004c29300000)]
  0x000001e8da066800 JavaThread "Unconstrained build operations" [_thread_blocked, id=5816, stack(0x0000004c29300000,0x0000004c29400000)]
  0x000001e8da068000 JavaThread "Unconstrained build operations Thread 2" [_thread_blocked, id=1584, stack(0x0000004c29400000,0x0000004c29500000)]
  0x000001e8da06a000 JavaThread "Unconstrained build operations Thread 3" [_thread_blocked, id=680, stack(0x0000004c29500000,0x0000004c29600000)]
  0x000001e8da064000 JavaThread "Unconstrained build operations Thread 4" [_thread_blocked, id=2568, stack(0x0000004c29600000,0x0000004c29700000)]
  0x000001e8da06e000 JavaThread "Unconstrained build operations Thread 5" [_thread_blocked, id=3188, stack(0x0000004c29700000,0x0000004c29800000)]
  0x000001e8da06a800 JavaThread "Unconstrained build operations Thread 6" [_thread_blocked, id=15648, stack(0x0000004c29800000,0x0000004c29900000)]
  0x000001e8da06c800 JavaThread "Unconstrained build operations Thread 7" [_thread_blocked, id=5564, stack(0x0000004c29900000,0x0000004c29a00000)]
  0x000001e8da06b800 JavaThread "Unconstrained build operations Thread 8" [_thread_blocked, id=8672, stack(0x0000004c29a00000,0x0000004c29b00000)]
  0x000001e8da06d000 JavaThread "Unconstrained build operations Thread 9" [_thread_blocked, id=16220, stack(0x0000004c29b00000,0x0000004c29c00000)]
  0x000001e8d8b38800 JavaThread "Unconstrained build operations Thread 10" [_thread_blocked, id=11444, stack(0x0000004c29c00000,0x0000004c29d00000)]
  0x000001e8d8b36000 JavaThread "Unconstrained build operations Thread 11" [_thread_blocked, id=7108, stack(0x0000004c29d00000,0x0000004c29e00000)]
  0x000001e8d8b32800 JavaThread "Unconstrained build operations Thread 12" [_thread_blocked, id=1572, stack(0x0000004c29e00000,0x0000004c29f00000)]
  0x000001e8d8b39000 JavaThread "Unconstrained build operations Thread 13" [_thread_blocked, id=15988, stack(0x0000004c29f00000,0x0000004c2a000000)]
  0x000001e8d8b37800 JavaThread "Unconstrained build operations Thread 14" [_thread_blocked, id=1632, stack(0x0000004c2a000000,0x0000004c2a100000)]
  0x000001e8d8b33800 JavaThread "Unconstrained build operations Thread 15" [_thread_blocked, id=5324, stack(0x0000004c2a100000,0x0000004c2a200000)]
  0x000001e8d8b35000 JavaThread "Unconstrained build operations Thread 16" [_thread_blocked, id=16592, stack(0x0000004c2a200000,0x0000004c2a300000)]
  0x000001e8d8b36800 JavaThread "Unconstrained build operations Thread 17" [_thread_blocked, id=17228, stack(0x0000004c2a300000,0x0000004c2a400000)]
  0x000001e8d8b3a000 JavaThread "Unconstrained build operations Thread 18" [_thread_blocked, id=16352, stack(0x0000004c2a400000,0x0000004c2a500000)]
  0x000001e8d8b34000 JavaThread "Unconstrained build operations Thread 19" [_thread_blocked, id=420, stack(0x0000004c2a500000,0x0000004c2a600000)]
  0x000001e8d8b3e000 JavaThread "Unconstrained build operations Thread 20" [_thread_blocked, id=2708, stack(0x0000004c2a600000,0x0000004c2a700000)]
  0x000001e8d8b3f000 JavaThread "Unconstrained build operations Thread 21" [_thread_blocked, id=17176, stack(0x0000004c2a700000,0x0000004c2a800000)]
  0x000001e8d8b3f800 JavaThread "Unconstrained build operations Thread 22" [_thread_blocked, id=15228, stack(0x0000004c2a800000,0x0000004c2a900000)]
  0x000001e8d8b40800 JavaThread "Unconstrained build operations Thread 23" [_thread_blocked, id=15076, stack(0x0000004c2a900000,0x0000004c2aa00000)]
  0x000001e8d8b3b000 JavaThread "Unconstrained build operations Thread 24" [_thread_blocked, id=7596, stack(0x0000004c2aa00000,0x0000004c2ab00000)]
  0x000001e8d8b41800 JavaThread "Unconstrained build operations Thread 25" [_thread_blocked, id=4996, stack(0x0000004c2ab00000,0x0000004c2ac00000)]
  0x000001e8d8b3b800 JavaThread "Unconstrained build operations Thread 26" [_thread_blocked, id=2128, stack(0x0000004c2ac00000,0x0000004c2ad00000)]
  0x000001e8d8b3d000 JavaThread "Unconstrained build operations Thread 27" [_thread_blocked, id=11348, stack(0x0000004c2ad00000,0x0000004c2ae00000)]
  0x000001e8d8b3c800 JavaThread "Unconstrained build operations Thread 28" [_thread_blocked, id=15124, stack(0x0000004c2ae00000,0x0000004c2af00000)]
  0x000001e8da4ab000 JavaThread "Unconstrained build operations Thread 29" [_thread_blocked, id=4800, stack(0x0000004c2af00000,0x0000004c2b000000)]
  0x000001e8da4ac000 JavaThread "Unconstrained build operations Thread 30" [_thread_blocked, id=12660, stack(0x0000004c2b000000,0x0000004c2b100000)]
  0x000001e8da4ad000 JavaThread "Unconstrained build operations Thread 31" [_thread_blocked, id=4380, stack(0x0000004c2b100000,0x0000004c2b200000)]
  0x000001e8da4ad800 JavaThread "Unconstrained build operations Thread 32" [_thread_blocked, id=15544, stack(0x0000004c2b200000,0x0000004c2b300000)]
  0x000001e8da4aa800 JavaThread "Unconstrained build operations Thread 33" [_thread_blocked, id=12960, stack(0x0000004c2b300000,0x0000004c2b400000)]
  0x000001e8da4ae800 JavaThread "Unconstrained build operations Thread 34" [_thread_blocked, id=15324, stack(0x0000004c2b400000,0x0000004c2b500000)]
  0x000001e8da4a9000 JavaThread "Unconstrained build operations Thread 35" [_thread_blocked, id=14548, stack(0x0000004c2b500000,0x0000004c2b600000)]
  0x000001e8da4af800 JavaThread "Unconstrained build operations Thread 36" [_thread_blocked, id=9768, stack(0x0000004c2b600000,0x0000004c2b700000)]
  0x000001e8da4a9800 JavaThread "Unconstrained build operations Thread 37" [_thread_blocked, id=3620, stack(0x0000004c2b700000,0x0000004c2b800000)]
  0x000001e8db717000 JavaThread "Unconstrained build operations Thread 38" [_thread_blocked, id=13980, stack(0x0000004c2b800000,0x0000004c2b900000)]
  0x000001e8db71a000 JavaThread "Unconstrained build operations Thread 39" [_thread_blocked, id=16108, stack(0x0000004c2b900000,0x0000004c2ba00000)]
  0x000001e8db71c800 JavaThread "Unconstrained build operations Thread 40" [_thread_blocked, id=10044, stack(0x0000004c2ba00000,0x0000004c2bb00000)]
  0x000001e8db71d800 JavaThread "Unconstrained build operations Thread 41" [_thread_blocked, id=16668, stack(0x0000004c2bb00000,0x0000004c2bc00000)]
  0x000001e8db718000 JavaThread "Unconstrained build operations Thread 42" [_thread_blocked, id=9212, stack(0x0000004c2bc00000,0x0000004c2bd00000)]
  0x000001e8db71b000 JavaThread "Unconstrained build operations Thread 43" [_thread_blocked, id=16916, stack(0x0000004c2bd00000,0x0000004c2be00000)]
  0x000001e8db71e800 JavaThread "Unconstrained build operations Thread 44" [_thread_blocked, id=5456, stack(0x0000004c2be00000,0x0000004c2bf00000)]
  0x000001e8db71c000 JavaThread "Unconstrained build operations Thread 45" [_thread_blocked, id=1320, stack(0x0000004c2bf00000,0x0000004c2c000000)]
  0x000001e8db718800 JavaThread "Unconstrained build operations Thread 46" [_thread_blocked, id=2904, stack(0x0000004c2c000000,0x0000004c2c100000)]
  0x000001e8db71f000 JavaThread "Unconstrained build operations Thread 47" [_thread_blocked, id=9336, stack(0x0000004c2c100000,0x0000004c2c200000)]
  0x000001e8db719800 JavaThread "Unconstrained build operations Thread 48" [_thread_blocked, id=13848, stack(0x0000004c2c200000,0x0000004c2c300000)]
  0x000001e8db721800 JavaThread "Unconstrained build operations Thread 49" [_thread_blocked, id=4376, stack(0x0000004c2c300000,0x0000004c2c400000)]
  0x000001e8db720800 JavaThread "Unconstrained build operations Thread 50" [_thread_blocked, id=6440, stack(0x0000004c2c400000,0x0000004c2c500000)]
  0x000001e8db722800 JavaThread "Unconstrained build operations Thread 51" [_thread_blocked, id=15196, stack(0x0000004c2c500000,0x0000004c2c600000)]
  0x000001e8db724000 JavaThread "Unconstrained build operations Thread 52" [_thread_blocked, id=12596, stack(0x0000004c2c600000,0x0000004c2c700000)]
  0x000001e8db725000 JavaThread "Unconstrained build operations Thread 53" [_thread_blocked, id=2060, stack(0x0000004c2c700000,0x0000004c2c800000)]
  0x000001e8db723000 JavaThread "Unconstrained build operations Thread 54" [_thread_blocked, id=3208, stack(0x0000004c2c800000,0x0000004c2c900000)]
  0x000001e8db725800 JavaThread "Unconstrained build operations Thread 55" [_thread_blocked, id=2944, stack(0x0000004c2c900000,0x0000004c2ca00000)]
  0x000001e8db720000 JavaThread "Unconstrained build operations Thread 56" [_thread_blocked, id=13152, stack(0x0000004c2ca00000,0x0000004c2cb00000)]
  0x000001e8da4b9800 JavaThread "Unconstrained build operations Thread 57" [_thread_blocked, id=12500, stack(0x0000004c2cb00000,0x0000004c2cc00000)]
  0x000001e8da4b4800 JavaThread "Unconstrained build operations Thread 58" [_thread_blocked, id=10536, stack(0x0000004c2cc00000,0x0000004c2cd00000)]
  0x000001e8da4b6000 JavaThread "Unconstrained build operations Thread 59" [_thread_blocked, id=13132, stack(0x0000004c2cd00000,0x0000004c2ce00000)]
  0x000001e8da4b7000 JavaThread "Unconstrained build operations Thread 60" [_thread_blocked, id=10564, stack(0x0000004c2ce00000,0x0000004c2cf00000)]
  0x000001e8da4b5800 JavaThread "Unconstrained build operations Thread 61" [_thread_blocked, id=3384, stack(0x0000004c2cf00000,0x0000004c2d000000)]
  0x000001e8da4b8000 JavaThread "Unconstrained build operations Thread 62" [_thread_blocked, id=16232, stack(0x0000004c2d000000,0x0000004c2d100000)]
  0x000001e8da4b3800 JavaThread "Unconstrained build operations Thread 63" [_thread_blocked, id=16116, stack(0x0000004c2d100000,0x0000004c2d200000)]
  0x000001e8da4bc000 JavaThread "Unconstrained build operations Thread 64" [_thread_blocked, id=17108, stack(0x0000004c2d200000,0x0000004c2d300000)]
  0x000001e8da4bc800 JavaThread "Unconstrained build operations Thread 65" [_thread_blocked, id=4196, stack(0x0000004c2d300000,0x0000004c2d400000)]
  0x000001e8da4bd800 JavaThread "Unconstrained build operations Thread 66" [_thread_blocked, id=16236, stack(0x0000004c2d400000,0x0000004c2d500000)]
  0x000001e8da4be800 JavaThread "Unconstrained build operations Thread 67" [_thread_blocked, id=7048, stack(0x0000004c2d500000,0x0000004c2d600000)]
  0x000001e8da4ba000 JavaThread "Unconstrained build operations Thread 68" [_thread_blocked, id=9776, stack(0x0000004c2d600000,0x0000004c2d700000)]
  0x000001e8da4b8800 JavaThread "Unconstrained build operations Thread 69" [_thread_blocked, id=11396, stack(0x0000004c2d700000,0x0000004c2d800000)]
  0x000001e8da4c0000 JavaThread "Unconstrained build operations Thread 70" [_thread_blocked, id=14304, stack(0x0000004c2d800000,0x0000004c2d900000)]
  0x000001e8da4bf000 JavaThread "Unconstrained build operations Thread 71" [_thread_blocked, id=408, stack(0x0000004c2d900000,0x0000004c2da00000)]
  0x000001e8da4c1000 JavaThread "Unconstrained build operations Thread 72" [_thread_blocked, id=10808, stack(0x0000004c2da00000,0x0000004c2db00000)]
  0x000001e8da4bb000 JavaThread "Unconstrained build operations Thread 73" [_thread_blocked, id=1884, stack(0x0000004c2db00000,0x0000004c2dc00000)]
  0x000001e8da4c1800 JavaThread "Unconstrained build operations Thread 74" [_thread_blocked, id=4484, stack(0x0000004c2dc00000,0x0000004c2dd00000)]
  0x000001e8da4c2800 JavaThread "Unconstrained build operations Thread 75" [_thread_blocked, id=6252, stack(0x0000004c2dd00000,0x0000004c2de00000)]
  0x000001e8d8a01000 JavaThread "Unconstrained build operations Thread 76" [_thread_blocked, id=9532, stack(0x0000004c2de00000,0x0000004c2df00000)]
  0x000001e8d89ff000 JavaThread "Unconstrained build operations Thread 77" [_thread_blocked, id=11776, stack(0x0000004c2df00000,0x0000004c2e000000)]
  0x000001e8d89ff800 JavaThread "Unconstrained build operations Thread 78" [_thread_blocked, id=6192, stack(0x0000004c2e000000,0x0000004c2e100000)]
  0x000001e8d8a00800 JavaThread "Unconstrained build operations Thread 79" [_thread_blocked, id=15272, stack(0x0000004c2e100000,0x0000004c2e200000)]
  0x000001e8d8a02000 JavaThread "Unconstrained build operations Thread 80" [_thread_blocked, id=7536, stack(0x0000004c2e200000,0x0000004c2e300000)]
  0x000001e8d8a03000 JavaThread "Unconstrained build operations Thread 81" [_thread_blocked, id=15596, stack(0x0000004c2e300000,0x0000004c2e400000)]
  0x000001e8d89fd000 JavaThread "Unconstrained build operations Thread 82" [_thread_blocked, id=6164, stack(0x0000004c2e400000,0x0000004c2e500000)]
  0x000001e8d8a03800 JavaThread "Unconstrained build operations Thread 83" [_thread_blocked, id=17040, stack(0x0000004c2e500000,0x0000004c2e600000)]
  0x000001e8d89fe000 JavaThread "Unconstrained build operations Thread 84" [_thread_blocked, id=6856, stack(0x0000004c2e600000,0x0000004c2e700000)]
  0x000001e8d8a07000 JavaThread "Unconstrained build operations Thread 85" [_thread_blocked, id=8684, stack(0x0000004c2e700000,0x0000004c2e800000)]
  0x000001e8d8a0a000 JavaThread "Unconstrained build operations Thread 86" [_thread_blocked, id=9952, stack(0x0000004c2e800000,0x0000004c2e900000)]
  0x000001e8d8a08000 JavaThread "Unconstrained build operations Thread 87" [_thread_blocked, id=14092, stack(0x0000004c2e900000,0x0000004c2ea00000)]
  0x000001e8d8a08800 JavaThread "Unconstrained build operations Thread 88" [_thread_blocked, id=2752, stack(0x0000004c2ea00000,0x0000004c2eb00000)]
  0x000001e8d8a09800 JavaThread "Unconstrained build operations Thread 89" [_thread_blocked, id=2220, stack(0x0000004c2eb00000,0x0000004c2ec00000)]
  0x000001e8d8a06000 JavaThread "Unconstrained build operations Thread 90" [_thread_blocked, id=16604, stack(0x0000004c2ec00000,0x0000004c2ed00000)]
  0x000001e8d8a04800 JavaThread "Unconstrained build operations Thread 91" [_thread_blocked, id=7504, stack(0x0000004c2ed00000,0x0000004c2ee00000)]
  0x000001e8d8a0b000 JavaThread "Unconstrained build operations Thread 92" [_thread_blocked, id=5964, stack(0x0000004c2ee00000,0x0000004c2ef00000)]
  0x000001e8d8a05800 JavaThread "Unconstrained build operations Thread 93" [_thread_blocked, id=15560, stack(0x0000004c2ef00000,0x0000004c2f000000)]
  0x000001e8d8a0c000 JavaThread "Unconstrained build operations Thread 94" [_thread_blocked, id=6436, stack(0x0000004c2f000000,0x0000004c2f100000)]
  0x000001e8da72d000 JavaThread "Unconstrained build operations Thread 95" [_thread_blocked, id=9760, stack(0x0000004c2f100000,0x0000004c2f200000)]
  0x000001e8da72b000 JavaThread "Unconstrained build operations Thread 96" [_thread_blocked, id=2428, stack(0x0000004c2f200000,0x0000004c2f300000)]
  0x000001e8da730000 JavaThread "Unconstrained build operations Thread 97" [_thread_blocked, id=2348, stack(0x0000004c2f300000,0x0000004c2f400000)]
  0x000001e8da72e800 JavaThread "Unconstrained build operations Thread 98" [_thread_blocked, id=11220, stack(0x0000004c2f400000,0x0000004c2f500000)]
  0x000001e8da731000 JavaThread "Unconstrained build operations Thread 99" [_thread_blocked, id=7376, stack(0x0000004c2f500000,0x0000004c2f600000)]
  0x000001e8da72d800 JavaThread "Unconstrained build operations Thread 100" [_thread_blocked, id=8460, stack(0x0000004c2f600000,0x0000004c2f700000)]
  0x000001e8da72c000 JavaThread "Unconstrained build operations Thread 101" [_thread_blocked, id=15872, stack(0x0000004c2f700000,0x0000004c2f800000)]
  0x000001e8da732000 JavaThread "Unconstrained build operations Thread 102" [_thread_blocked, id=12856, stack(0x0000004c2f800000,0x0000004c2f900000)]
  0x000001e8da734000 JavaThread "Unconstrained build operations Thread 103" [_thread_blocked, id=8600, stack(0x0000004c2f900000,0x0000004c2fa00000)]
  0x000001e8da733800 JavaThread "Unconstrained build operations Thread 104" [_thread_blocked, id=16576, stack(0x0000004c2fa00000,0x0000004c2fb00000)]
  0x000001e8da732800 JavaThread "Unconstrained build operations Thread 105" [_thread_blocked, id=14468, stack(0x0000004c2fb00000,0x0000004c2fc00000)]
  0x000001e8da735000 JavaThread "Unconstrained build operations Thread 106" [_thread_blocked, id=16700, stack(0x0000004c2fc00000,0x0000004c2fd00000)]
  0x000001e8da72f800 JavaThread "Unconstrained build operations Thread 107" [_thread_blocked, id=16144, stack(0x0000004c2fd00000,0x0000004c2fe00000)]
  0x000001e8da736000 JavaThread "Unconstrained build operations Thread 108" [_thread_blocked, id=13884, stack(0x0000004c2fe00000,0x0000004c2ff00000)]
  0x000001e8da738800 JavaThread "Unconstrained build operations Thread 109" [_thread_blocked, id=8560, stack(0x0000004c2ff00000,0x0000004c30000000)]
  0x000001e8da739000 JavaThread "Unconstrained build operations Thread 110" [_thread_blocked, id=11240, stack(0x0000004c30000000,0x0000004c30100000)]
  0x000001e8da736800 JavaThread "Unconstrained build operations Thread 111" [_thread_blocked, id=9916, stack(0x0000004c30100000,0x0000004c30200000)]
  0x000001e8da737800 JavaThread "Unconstrained build operations Thread 112" [_thread_blocked, id=12648, stack(0x0000004c30200000,0x0000004c30300000)]
  0x000001e8da73a000 JavaThread "Unconstrained build operations Thread 113" [_thread_blocked, id=12828, stack(0x0000004c30300000,0x0000004c30400000)]
  0x000001e8da0e6800 JavaThread "Unconstrained build operations Thread 114" [_thread_blocked, id=5112, stack(0x0000004c30400000,0x0000004c30500000)]
  0x000001e8da0e4000 JavaThread "Unconstrained build operations Thread 115" [_thread_blocked, id=7852, stack(0x0000004c30500000,0x0000004c30600000)]
  0x000001e8da0e7800 JavaThread "Unconstrained build operations Thread 116" [_thread_blocked, id=5472, stack(0x0000004c30600000,0x0000004c30700000)]
  0x000001e8da0e9000 JavaThread "Unconstrained build operations Thread 117" [_thread_blocked, id=1544, stack(0x0000004c30700000,0x0000004c30800000)]
  0x000001e8da0e5000 JavaThread "Unconstrained build operations Thread 118" [_thread_blocked, id=15848, stack(0x0000004c30800000,0x0000004c30900000)]
  0x000001e8da0e5800 JavaThread "Unconstrained build operations Thread 119" [_thread_blocked, id=12636, stack(0x0000004c30900000,0x0000004c30a00000)]
  0x000001e8da0e8000 JavaThread "Unconstrained build operations Thread 120" [_thread_blocked, id=9096, stack(0x0000004c30a00000,0x0000004c30b00000)]
  0x000001e8da0e3800 JavaThread "Unconstrained build operations Thread 121" [_thread_blocked, id=16680, stack(0x0000004c30b00000,0x0000004c30c00000)]
  0x000001e8da0ee000 JavaThread "Unconstrained build operations Thread 122" [_thread_blocked, id=1536, stack(0x0000004c30c00000,0x0000004c30d00000)]
  0x000001e8da0ef800 JavaThread "Unconstrained build operations Thread 123" [_thread_blocked, id=3656, stack(0x0000004c30d00000,0x0000004c30e00000)]
  0x000001e8da0ea800 JavaThread "Unconstrained build operations Thread 124" [_thread_blocked, id=6624, stack(0x0000004c30e00000,0x0000004c30f00000)]
  0x000001e8da0ec800 JavaThread "Unconstrained build operations Thread 125" [_thread_blocked, id=9340, stack(0x0000004c30f00000,0x0000004c31000000)]
  0x000001e8da0ea000 JavaThread "Unconstrained build operations Thread 126" [_thread_blocked, id=2716, stack(0x0000004c31000000,0x0000004c31100000)]
  0x000001e8da0ee800 JavaThread "Unconstrained build operations Thread 127" [_thread_blocked, id=2028, stack(0x0000004c31100000,0x0000004c31200000)]
  0x000001e8da0eb800 JavaThread "Unconstrained build operations Thread 128" [_thread_blocked, id=13916, stack(0x0000004c31200000,0x0000004c31300000)]
  0x000001e8da0ed000 JavaThread "Unconstrained build operations Thread 129" [_thread_blocked, id=12148, stack(0x0000004c31300000,0x0000004c31400000)]
  0x000001e8da0f2000 JavaThread "Unconstrained build operations Thread 130" [_thread_blocked, id=5872, stack(0x0000004c31400000,0x0000004c31500000)]
  0x000001e8da0f0800 JavaThread "Unconstrained build operations Thread 131" [_thread_blocked, id=12340, stack(0x0000004c31500000,0x0000004c31600000)]
  0x000001e8da0f1000 JavaThread "Unconstrained build operations Thread 132" [_thread_blocked, id=9476, stack(0x0000004c31600000,0x0000004c31700000)]
  0x000001e8da4fb800 JavaThread "Unconstrained build operations Thread 133" [_thread_blocked, id=12708, stack(0x0000004c31700000,0x0000004c31800000)]
  0x000001e8da4fe000 JavaThread "Unconstrained build operations Thread 134" [_thread_blocked, id=15436, stack(0x0000004c31800000,0x0000004c31900000)]
  0x000001e8da4fc800 JavaThread "Unconstrained build operations Thread 135" [_thread_blocked, id=8808, stack(0x0000004c31900000,0x0000004c31a00000)]
  0x000001e8da4fd800 JavaThread "jar transforms Thread 4" [_thread_blocked, id=5152, stack(0x0000004c31a00000,0x0000004c31b00000)]
  0x000001e8da4ff000 JavaThread "jar transforms Thread 5" [_thread_blocked, id=11292, stack(0x0000004c31b00000,0x0000004c31c00000)]
  0x000001e8da4f9000 JavaThread "jar transforms Thread 6" [_thread_blocked, id=16244, stack(0x0000004c31c00000,0x0000004c31d00000)]
  0x000001e8da4ff800 JavaThread "jar transforms Thread 7" [_thread_blocked, id=16104, stack(0x0000004c31d00000,0x0000004c31e00000)]
  0x000001e8da4fa000 JavaThread "jar transforms Thread 8" [_thread_blocked, id=16596, stack(0x0000004c31e00000,0x0000004c31f00000)]
  0x000001e8da500800 JavaThread "jar transforms Thread 9" [_thread_blocked, id=17388, stack(0x0000004c31f00000,0x0000004c32000000)]
  0x000001e8da4fb000 JavaThread "jar transforms Thread 10" [_thread_blocked, id=376, stack(0x0000004c32000000,0x0000004c32100000)]
  0x000001e8da502000 JavaThread "jar transforms Thread 11" [_thread_blocked, id=15204, stack(0x0000004c32100000,0x0000004c32200000)]
  0x000001e8da505800 JavaThread "jar transforms Thread 12" [_thread_blocked, id=8776, stack(0x0000004c32200000,0x0000004c32300000)]
  0x000001e8da503000 JavaThread "jar transforms Thread 13" [_thread_blocked, id=4472, stack(0x0000004c32300000,0x0000004c32400000)]
  0x000001e8da504000 JavaThread "jar transforms Thread 14" [_thread_blocked, id=2908, stack(0x0000004c32400000,0x0000004c32500000)]
  0x000001e8da506000 JavaThread "jar transforms Thread 15" [_thread_blocked, id=13532, stack(0x0000004c32500000,0x0000004c32600000)]
  0x000001e8da507000 JavaThread "jar transforms Thread 16" [_thread_blocked, id=10644, stack(0x0000004c32600000,0x0000004c32700000)]
  0x000001e8da501800 JavaThread "Memory manager" [_thread_blocked, id=6604, stack(0x0000004c32700000,0x0000004c32800000)]

Other Threads:
  0x000001e8d4389800 VMThread "VM Thread" [stack: 0x0000004c25b00000,0x0000004c25c00000] [id=16140]
  0x000001e8d4d8c000 WatcherThread [stack: 0x0000004c26600000,0x0000004c26700000] [id=14340]
  0x000001e8b9386800 GCTaskThread "GC Thread#0" [stack: 0x0000004c25600000,0x0000004c25700000] [id=3964]
  0x000001e8d5b81800 GCTaskThread "GC Thread#1" [stack: 0x0000004c26a00000,0x0000004c26b00000] [id=16676]
  0x000001e8d75c9800 GCTaskThread "GC Thread#2" [stack: 0x0000004c26d00000,0x0000004c26e00000] [id=15132]
  0x000001e8d6f4a000 GCTaskThread "GC Thread#3" [stack: 0x0000004c26e00000,0x0000004c26f00000] [id=14264]
  0x000001e8d7f7b800 GCTaskThread "GC Thread#4" [stack: 0x0000004c26f00000,0x0000004c27000000] [id=14948]
  0x000001e8d6d89000 GCTaskThread "GC Thread#5" [stack: 0x0000004c27000000,0x0000004c27100000] [id=3444]
  0x000001e8d73b6000 GCTaskThread "GC Thread#6" [stack: 0x0000004c27100000,0x0000004c27200000] [id=8896]
  0x000001e8d73b7800 GCTaskThread "GC Thread#7" [stack: 0x0000004c27200000,0x0000004c27300000] [id=15624]
  0x000001e8d73b7000 GCTaskThread "GC Thread#8" [stack: 0x0000004c27d00000,0x0000004c27e00000] [id=15136]
  0x000001e8d73b9000 GCTaskThread "GC Thread#9" [stack: 0x0000004c27e00000,0x0000004c27f00000] [id=11164]
  0x000001e8d73bb000 GCTaskThread "GC Thread#10" [stack: 0x0000004c27f00000,0x0000004c28000000] [id=7368]
  0x000001e8d73b8000 GCTaskThread "GC Thread#11" [stack: 0x0000004c28000000,0x0000004c28100000] [id=11344]
  0x000001e8d73b9800 GCTaskThread "GC Thread#12" [stack: 0x0000004c28100000,0x0000004c28200000] [id=11136]
  0x000001e8b93b9000 ConcurrentGCThread "G1 Main Marker" [stack: 0x0000004c25700000,0x0000004c25800000] [id=9032]
  0x000001e8b93bc000 ConcurrentGCThread "G1 Conc#0" [stack: 0x0000004c25800000,0x0000004c25900000] [id=8664]
  0x000001e8d73ba800 ConcurrentGCThread "G1 Conc#1" [stack: 0x0000004c28200000,0x0000004c28300000] [id=5484]
  0x000001e8d73bc000 ConcurrentGCThread "G1 Conc#2" [stack: 0x0000004c28300000,0x0000004c28400000] [id=6196]
  0x000001e8d41d2800 ConcurrentGCThread "G1 Refine#0" [stack: 0x0000004c25900000,0x0000004c25a00000] [id=16364]
  0x000001e8b943e800 ConcurrentGCThread "G1 Young RemSet Sampling" [stack: 0x0000004c25a00000,0x0000004c25b00000] [id=15532]

Threads with active compile tasks:
C2 CompilerThread0   6100 7381       4       com.sun.beans.TypeResolver::resolve (37 bytes)
C2 CompilerThread1   6100 7386   !   4       com.sun.beans.TypeResolver::resolve (261 bytes)
C2 CompilerThread2   6100 7458 %     4       org.gradle.internal.instantiation.generator.AbstractClassGenerator::inspectType @ 107 (560 bytes)

VM state:not at safepoint (normal execution)

VM Mutex/Monitor currently owned by a thread: None

Heap address: 0x0000000080000000, size: 2048 MB, Compressed Oops mode: 32-bit
Narrow klass base: 0x0000000000000000, Narrow klass shift: 3
Compressed class space size: 1073741824 Address: 0x0000000100000000

Heap:
 garbage-first heap   total 159744K, used 101671K [0x0000000080000000, 0x0000000100000000)
  region size 1024K, 59 young (60416K), 8 survivors (8192K)
 Metaspace       used 67516K, capacity 69078K, committed 69372K, reserved 1110016K
  class space    used 8588K, capacity 9188K, committed 9344K, reserved 1048576K
Heap Regions: E=young(eden), S=young(survivor), O=old, HS=humongous(starts), HC=humongous(continues), CS=collection set, F=free, A=archive, TAMS=top-at-mark-start (previous, next)
|   0|0x0000000080000000, 0x0000000080100000, 0x0000000080100000|100%| O|  |TAMS 0x0000000080100000, 0x0000000080000000| Untracked 
|   1|0x0000000080100000, 0x0000000080200000, 0x0000000080200000|100%| O|  |TAMS 0x0000000080200000, 0x0000000080100000| Untracked 
|   2|0x0000000080200000, 0x0000000080300000, 0x0000000080300000|100%| O|  |TAMS 0x0000000080300000, 0x0000000080200000| Untracked 
|   3|0x0000000080300000, 0x0000000080400000, 0x0000000080400000|100%|HS|  |TAMS 0x0000000080400000, 0x0000000080300000| Complete 
|   4|0x0000000080400000, 0x0000000080500000, 0x0000000080500000|100%|HC|  |TAMS 0x0000000080500000, 0x0000000080400000| Complete 
|   5|0x0000000080500000, 0x0000000080600000, 0x0000000080600000|100%|HC|  |TAMS 0x0000000080600000, 0x0000000080500000| Complete 
|   6|0x0000000080600000, 0x0000000080700000, 0x0000000080700000|100%| O|  |TAMS 0x0000000080700000, 0x0000000080600000| Untracked 
|   7|0x0000000080700000, 0x0000000080800000, 0x0000000080800000|100%| O|  |TAMS 0x0000000080800000, 0x0000000080700000| Untracked 
|   8|0x0000000080800000, 0x0000000080900000, 0x0000000080900000|100%| O|  |TAMS 0x0000000080900000, 0x0000000080800000| Untracked 
|   9|0x0000000080900000, 0x0000000080a00000, 0x0000000080a00000|100%| O|  |TAMS 0x0000000080a00000, 0x0000000080900000| Untracked 
|  10|0x0000000080a00000, 0x0000000080b00000, 0x0000000080b00000|100%| O|  |TAMS 0x0000000080b00000, 0x0000000080a00000| Untracked 
|  11|0x0000000080b00000, 0x0000000080c00000, 0x0000000080c00000|100%| O|  |TAMS 0x0000000080c00000, 0x0000000080b00000| Untracked 
|  12|0x0000000080c00000, 0x0000000080d00000, 0x0000000080d00000|100%| O|  |TAMS 0x0000000080d00000, 0x0000000080c00000| Untracked 
|  13|0x0000000080d00000, 0x0000000080e00000, 0x0000000080e00000|100%| O|  |TAMS 0x0000000080e00000, 0x0000000080d00000| Untracked 
|  14|0x0000000080e00000, 0x0000000080f00000, 0x0000000080f00000|100%| O|  |TAMS 0x0000000080f00000, 0x0000000080e00000| Untracked 
|  15|0x0000000080f00000, 0x0000000081000000, 0x0000000081000000|100%| O|  |TAMS 0x0000000081000000, 0x0000000080f00000| Untracked 
|  16|0x0000000081000000, 0x0000000081100000, 0x0000000081100000|100%| O|  |TAMS 0x0000000081100000, 0x0000000081000000| Untracked 
|  17|0x0000000081100000, 0x0000000081200000, 0x0000000081200000|100%| O|  |TAMS 0x0000000081200000, 0x0000000081100000| Untracked 
|  18|0x0000000081200000, 0x0000000081300000, 0x0000000081300000|100%| O|  |TAMS 0x0000000081300000, 0x0000000081200000| Untracked 
|  19|0x0000000081300000, 0x0000000081400000, 0x0000000081400000|100%|HS|  |TAMS 0x0000000081400000, 0x0000000081300000| Complete 
|  20|0x0000000081400000, 0x0000000081500000, 0x0000000081500000|100%| O|  |TAMS 0x0000000081500000, 0x0000000081400000| Untracked 
|  21|0x0000000081500000, 0x0000000081600000, 0x0000000081600000|100%| O|  |TAMS 0x0000000081600000, 0x0000000081500000| Untracked 
|  22|0x0000000081600000, 0x0000000081700000, 0x0000000081700000|100%| O|  |TAMS 0x0000000081700000, 0x0000000081600000| Untracked 
|  23|0x0000000081700000, 0x0000000081800000, 0x0000000081800000|100%|HS|  |TAMS 0x0000000081800000, 0x0000000081700000| Complete 
|  24|0x0000000081800000, 0x0000000081900000, 0x0000000081900000|100%|HS|  |TAMS 0x0000000081900000, 0x0000000081800000| Complete 
|  25|0x0000000081900000, 0x0000000081a00000, 0x0000000081a00000|100%|HC|  |TAMS 0x0000000081a00000, 0x0000000081900000| Complete 
|  26|0x0000000081a00000, 0x0000000081b00000, 0x0000000081b00000|100%| O|  |TAMS 0x0000000081b00000, 0x0000000081a00000| Untracked 
|  27|0x0000000081b00000, 0x0000000081c00000, 0x0000000081c00000|100%| O|  |TAMS 0x0000000081c00000, 0x0000000081b00000| Untracked 
|  28|0x0000000081c00000, 0x0000000081d00000, 0x0000000081d00000|100%| O|  |TAMS 0x0000000081d00000, 0x0000000081c00000| Untracked 
|  29|0x0000000081d00000, 0x0000000081e00000, 0x0000000081e00000|100%| O|  |TAMS 0x0000000081e00000, 0x0000000081d00000| Untracked 
|  30|0x0000000081e00000, 0x0000000081f00000, 0x0000000081f00000|100%| O|  |TAMS 0x0000000081f00000, 0x0000000081e00000| Untracked 
|  31|0x0000000081f00000, 0x0000000082000000, 0x0000000082000000|100%| O|  |TAMS 0x0000000082000000, 0x0000000081f00000| Untracked 
|  32|0x0000000082000000, 0x0000000082100000, 0x0000000082100000|100%| O|  |TAMS 0x0000000082100000, 0x0000000082000000| Untracked 
|  33|0x0000000082100000, 0x0000000082200000, 0x0000000082200000|100%| O|  |TAMS 0x0000000082200000, 0x0000000082100000| Untracked 
|  34|0x0000000082200000, 0x0000000082300000, 0x0000000082300000|100%| O|  |TAMS 0x0000000082300000, 0x0000000082200000| Untracked 
|  35|0x0000000082300000, 0x0000000082400000, 0x0000000082400000|100%| O|  |TAMS 0x0000000082400000, 0x0000000082300000| Untracked 
|  36|0x0000000082400000, 0x0000000082500000, 0x0000000082500000|100%| O|  |TAMS 0x0000000082500000, 0x0000000082400000| Untracked 
|  37|0x0000000082500000, 0x0000000082600000, 0x0000000082600000|100%| O|  |TAMS 0x0000000082600000, 0x0000000082500000| Untracked 
|  38|0x0000000082600000, 0x0000000082700000, 0x0000000082700000|100%| O|  |TAMS 0x0000000082700000, 0x0000000082600000| Untracked 
|  39|0x0000000082700000, 0x0000000082800000, 0x0000000082800000|100%| O|  |TAMS 0x0000000082800000, 0x0000000082700000| Untracked 
|  40|0x0000000082800000, 0x0000000082900000, 0x0000000082900000|100%| O|  |TAMS 0x0000000082900000, 0x0000000082800000| Untracked 
|  41|0x0000000082900000, 0x0000000082987800, 0x0000000082a00000| 52%| O|  |TAMS 0x0000000082987800, 0x0000000082900000| Untracked 
|  42|0x0000000082a00000, 0x0000000082a00000, 0x0000000082b00000|  0%| F|  |TAMS 0x0000000082a00000, 0x0000000082a00000| Untracked 
|  43|0x0000000082b00000, 0x0000000082b00000, 0x0000000082c00000|  0%| F|  |TAMS 0x0000000082b00000, 0x0000000082b00000| Untracked 
|  44|0x0000000082c00000, 0x0000000082c00000, 0x0000000082d00000|  0%| F|  |TAMS 0x0000000082c00000, 0x0000000082c00000| Untracked 
|  45|0x0000000082d00000, 0x0000000082d00000, 0x0000000082e00000|  0%| F|  |TAMS 0x0000000082d00000, 0x0000000082d00000| Untracked 
|  46|0x0000000082e00000, 0x0000000082e00000, 0x0000000082f00000|  0%| F|  |TAMS 0x0000000082e00000, 0x0000000082e00000| Untracked 
|  47|0x0000000082f00000, 0x0000000082f00000, 0x0000000083000000|  0%| F|  |TAMS 0x0000000082f00000, 0x0000000082f00000| Untracked 
|  48|0x0000000083000000, 0x0000000083000000, 0x0000000083100000|  0%| F|  |TAMS 0x0000000083000000, 0x0000000083000000| Untracked 
|  49|0x0000000083100000, 0x0000000083100000, 0x0000000083200000|  0%| F|  |TAMS 0x0000000083100000, 0x0000000083100000| Untracked 
|  50|0x0000000083200000, 0x0000000083200000, 0x0000000083300000|  0%| F|  |TAMS 0x0000000083200000, 0x0000000083200000| Untracked 
|  51|0x0000000083300000, 0x0000000083300000, 0x0000000083400000|  0%| F|  |TAMS 0x0000000083300000, 0x0000000083300000| Untracked 
|  52|0x0000000083400000, 0x0000000083400000, 0x0000000083500000|  0%| F|  |TAMS 0x0000000083400000, 0x0000000083400000| Untracked 
|  53|0x0000000083500000, 0x0000000083500000, 0x0000000083600000|  0%| F|  |TAMS 0x0000000083500000, 0x0000000083500000| Untracked 
|  54|0x0000000083600000, 0x0000000083600000, 0x0000000083700000|  0%| F|  |TAMS 0x0000000083600000, 0x0000000083600000| Untracked 
|  55|0x0000000083700000, 0x0000000083700000, 0x0000000083800000|  0%| F|  |TAMS 0x0000000083700000, 0x0000000083700000| Untracked 
|  56|0x0000000083800000, 0x0000000083800000, 0x0000000083900000|  0%| F|  |TAMS 0x0000000083800000, 0x0000000083800000| Untracked 
|  57|0x0000000083900000, 0x0000000083900000, 0x0000000083a00000|  0%| F|  |TAMS 0x0000000083900000, 0x0000000083900000| Untracked 
|  58|0x0000000083a00000, 0x0000000083a00000, 0x0000000083b00000|  0%| F|  |TAMS 0x0000000083a00000, 0x0000000083a00000| Untracked 
|  59|0x0000000083b00000, 0x0000000083b00000, 0x0000000083c00000|  0%| F|  |TAMS 0x0000000083b00000, 0x0000000083b00000| Untracked 
|  60|0x0000000083c00000, 0x0000000083c00000, 0x0000000083d00000|  0%| F|  |TAMS 0x0000000083c00000, 0x0000000083c00000| Untracked 
|  61|0x0000000083d00000, 0x0000000083d00000, 0x0000000083e00000|  0%| F|  |TAMS 0x0000000083d00000, 0x0000000083d00000| Untracked 
|  62|0x0000000083e00000, 0x0000000083e00000, 0x0000000083f00000|  0%| F|  |TAMS 0x0000000083e00000, 0x0000000083e00000| Untracked 
|  63|0x0000000083f00000, 0x0000000083f00000, 0x0000000084000000|  0%| F|  |TAMS 0x0000000083f00000, 0x0000000083f00000| Untracked 
|  64|0x0000000084000000, 0x0000000084000000, 0x0000000084100000|  0%| F|  |TAMS 0x0000000084000000, 0x0000000084000000| Untracked 
|  65|0x0000000084100000, 0x0000000084100000, 0x0000000084200000|  0%| F|  |TAMS 0x0000000084100000, 0x0000000084100000| Untracked 
|  66|0x0000000084200000, 0x0000000084200000, 0x0000000084300000|  0%| F|  |TAMS 0x0000000084200000, 0x0000000084200000| Untracked 
|  67|0x0000000084300000, 0x0000000084300000, 0x0000000084400000|  0%| F|  |TAMS 0x0000000084300000, 0x0000000084300000| Untracked 
|  68|0x0000000084400000, 0x0000000084400000, 0x0000000084500000|  0%| F|  |TAMS 0x0000000084400000, 0x0000000084400000| Untracked 
|  69|0x0000000084500000, 0x0000000084500000, 0x0000000084600000|  0%| F|  |TAMS 0x0000000084500000, 0x0000000084500000| Untracked 
|  70|0x0000000084600000, 0x0000000084600000, 0x0000000084700000|  0%| F|  |TAMS 0x0000000084600000, 0x0000000084600000| Untracked 
|  71|0x0000000084700000, 0x0000000084700000, 0x0000000084800000|  0%| F|  |TAMS 0x0000000084700000, 0x0000000084700000| Untracked 
|  72|0x0000000084800000, 0x0000000084800000, 0x0000000084900000|  0%| F|  |TAMS 0x0000000084800000, 0x0000000084800000| Untracked 
|  73|0x0000000084900000, 0x0000000084900000, 0x0000000084a00000|  0%| F|  |TAMS 0x0000000084900000, 0x0000000084900000| Untracked 
|  74|0x0000000084a00000, 0x0000000084a00000, 0x0000000084b00000|  0%| F|  |TAMS 0x0000000084a00000, 0x0000000084a00000| Untracked 
|  75|0x0000000084b00000, 0x0000000084b00000, 0x0000000084c00000|  0%| F|  |TAMS 0x0000000084b00000, 0x0000000084b00000| Untracked 
|  76|0x0000000084c00000, 0x0000000084cc2550, 0x0000000084d00000| 75%| S|CS|TAMS 0x0000000084c00000, 0x0000000084c00000| Complete 
|  77|0x0000000084d00000, 0x0000000084e00000, 0x0000000084e00000|100%| S|CS|TAMS 0x0000000084d00000, 0x0000000084d00000| Complete 
|  78|0x0000000084e00000, 0x0000000084f00000, 0x0000000084f00000|100%| S|CS|TAMS 0x0000000084e00000, 0x0000000084e00000| Complete 
|  79|0x0000000084f00000, 0x0000000085000000, 0x0000000085000000|100%| S|CS|TAMS 0x0000000084f00000, 0x0000000084f00000| Complete 
|  80|0x0000000085000000, 0x0000000085100000, 0x0000000085100000|100%| S|CS|TAMS 0x0000000085000000, 0x0000000085000000| Complete 
|  81|0x0000000085100000, 0x0000000085200000, 0x0000000085200000|100%| S|CS|TAMS 0x0000000085100000, 0x0000000085100000| Complete 
|  82|0x0000000085200000, 0x0000000085300000, 0x0000000085300000|100%| S|CS|TAMS 0x0000000085200000, 0x0000000085200000| Complete 
|  83|0x0000000085300000, 0x0000000085400000, 0x0000000085400000|100%| S|CS|TAMS 0x0000000085300000, 0x0000000085300000| Complete 
|  84|0x0000000085400000, 0x0000000085400000, 0x0000000085500000|  0%| F|  |TAMS 0x0000000085400000, 0x0000000085400000| Untracked 
|  85|0x0000000085500000, 0x0000000085500000, 0x0000000085600000|  0%| F|  |TAMS 0x0000000085500000, 0x0000000085500000| Untracked 
|  86|0x0000000085600000, 0x0000000085600000, 0x0000000085700000|  0%| F|  |TAMS 0x0000000085600000, 0x0000000085600000| Untracked 
|  87|0x0000000085700000, 0x0000000085700000, 0x0000000085800000|  0%| F|  |TAMS 0x0000000085700000, 0x0000000085700000| Untracked 
|  88|0x0000000085800000, 0x0000000085800000, 0x0000000085900000|  0%| F|  |TAMS 0x0000000085800000, 0x0000000085800000| Untracked 
|  89|0x0000000085900000, 0x0000000085900000, 0x0000000085a00000|  0%| F|  |TAMS 0x0000000085900000, 0x0000000085900000| Untracked 
|  90|0x0000000085a00000, 0x0000000085a00000, 0x0000000085b00000|  0%| F|  |TAMS 0x0000000085a00000, 0x0000000085a00000| Untracked 
|  91|0x0000000085b00000, 0x0000000085b00000, 0x0000000085c00000|  0%| F|  |TAMS 0x0000000085b00000, 0x0000000085b00000| Untracked 
|  92|0x0000000085c00000, 0x0000000085c00000, 0x0000000085d00000|  0%| F|  |TAMS 0x0000000085c00000, 0x0000000085c00000| Untracked 
|  93|0x0000000085d00000, 0x0000000085d00000, 0x0000000085e00000|  0%| F|  |TAMS 0x0000000085d00000, 0x0000000085d00000| Untracked 
|  94|0x0000000085e00000, 0x0000000085e00000, 0x0000000085f00000|  0%| F|  |TAMS 0x0000000085e00000, 0x0000000085e00000| Untracked 
|  95|0x0000000085f00000, 0x0000000085f00000, 0x0000000086000000|  0%| F|  |TAMS 0x0000000085f00000, 0x0000000085f00000| Untracked 
|  96|0x0000000086000000, 0x0000000086000000, 0x0000000086100000|  0%| F|  |TAMS 0x0000000086000000, 0x0000000086000000| Untracked 
|  97|0x0000000086100000, 0x0000000086100000, 0x0000000086200000|  0%| F|  |TAMS 0x0000000086100000, 0x0000000086100000| Untracked 
|  98|0x0000000086200000, 0x0000000086200000, 0x0000000086300000|  0%| F|  |TAMS 0x0000000086200000, 0x0000000086200000| Untracked 
|  99|0x0000000086300000, 0x0000000086300000, 0x0000000086400000|  0%| F|  |TAMS 0x0000000086300000, 0x0000000086300000| Untracked 
| 100|0x0000000086400000, 0x0000000086400000, 0x0000000086500000|  0%| F|  |TAMS 0x0000000086400000, 0x0000000086400000| Untracked 
| 101|0x0000000086500000, 0x0000000086500000, 0x0000000086600000|  0%| F|  |TAMS 0x0000000086500000, 0x0000000086500000| Untracked 
| 102|0x0000000086600000, 0x0000000086600000, 0x0000000086700000|  0%| F|  |TAMS 0x0000000086600000, 0x0000000086600000| Untracked 
| 103|0x0000000086700000, 0x0000000086700000, 0x0000000086800000|  0%| F|  |TAMS 0x0000000086700000, 0x0000000086700000| Untracked 
| 104|0x0000000086800000, 0x0000000086800000, 0x0000000086900000|  0%| F|  |TAMS 0x0000000086800000, 0x0000000086800000| Untracked 
| 105|0x0000000086900000, 0x0000000086a00000, 0x0000000086a00000|100%| E|  |TAMS 0x0000000086900000, 0x0000000086900000| Complete 
| 106|0x0000000086a00000, 0x0000000086b00000, 0x0000000086b00000|100%| E|CS|TAMS 0x0000000086a00000, 0x0000000086a00000| Complete 
| 107|0x0000000086b00000, 0x0000000086c00000, 0x0000000086c00000|100%| E|CS|TAMS 0x0000000086b00000, 0x0000000086b00000| Complete 
| 108|0x0000000086c00000, 0x0000000086d00000, 0x0000000086d00000|100%| E|CS|TAMS 0x0000000086c00000, 0x0000000086c00000| Complete 
| 109|0x0000000086d00000, 0x0000000086e00000, 0x0000000086e00000|100%| E|CS|TAMS 0x0000000086d00000, 0x0000000086d00000| Complete 
| 110|0x0000000086e00000, 0x0000000086f00000, 0x0000000086f00000|100%| E|CS|TAMS 0x0000000086e00000, 0x0000000086e00000| Complete 
| 111|0x0000000086f00000, 0x0000000087000000, 0x0000000087000000|100%| E|CS|TAMS 0x0000000086f00000, 0x0000000086f00000| Complete 
| 112|0x0000000087000000, 0x0000000087100000, 0x0000000087100000|100%| E|CS|TAMS 0x0000000087000000, 0x0000000087000000| Complete 
| 113|0x0000000087100000, 0x0000000087200000, 0x0000000087200000|100%| E|CS|TAMS 0x0000000087100000, 0x0000000087100000| Complete 
| 114|0x0000000087200000, 0x0000000087300000, 0x0000000087300000|100%| E|CS|TAMS 0x0000000087200000, 0x0000000087200000| Complete 
| 115|0x0000000087300000, 0x0000000087400000, 0x0000000087400000|100%| E|CS|TAMS 0x0000000087300000, 0x0000000087300000| Complete 
| 116|0x0000000087400000, 0x0000000087500000, 0x0000000087500000|100%| E|CS|TAMS 0x0000000087400000, 0x0000000087400000| Complete 
| 117|0x0000000087500000, 0x0000000087600000, 0x0000000087600000|100%| E|CS|TAMS 0x0000000087500000, 0x0000000087500000| Complete 
| 118|0x0000000087600000, 0x0000000087700000, 0x0000000087700000|100%| E|CS|TAMS 0x0000000087600000, 0x0000000087600000| Complete 
| 119|0x0000000087700000, 0x0000000087800000, 0x0000000087800000|100%| E|CS|TAMS 0x0000000087700000, 0x0000000087700000| Complete 
| 120|0x0000000087800000, 0x0000000087900000, 0x0000000087900000|100%| E|CS|TAMS 0x0000000087800000, 0x0000000087800000| Complete 
| 121|0x0000000087900000, 0x0000000087a00000, 0x0000000087a00000|100%| E|CS|TAMS 0x0000000087900000, 0x0000000087900000| Complete 
| 122|0x0000000087a00000, 0x0000000087b00000, 0x0000000087b00000|100%| E|CS|TAMS 0x0000000087a00000, 0x0000000087a00000| Complete 
| 123|0x0000000087b00000, 0x0000000087c00000, 0x0000000087c00000|100%| E|CS|TAMS 0x0000000087b00000, 0x0000000087b00000| Complete 
| 124|0x0000000087c00000, 0x0000000087d00000, 0x0000000087d00000|100%| E|CS|TAMS 0x0000000087c00000, 0x0000000087c00000| Complete 
| 125|0x0000000087d00000, 0x0000000087e00000, 0x0000000087e00000|100%| E|CS|TAMS 0x0000000087d00000, 0x0000000087d00000| Complete 
| 126|0x0000000087e00000, 0x0000000087f00000, 0x0000000087f00000|100%| E|CS|TAMS 0x0000000087e00000, 0x0000000087e00000| Complete 
| 127|0x0000000087f00000, 0x0000000088000000, 0x0000000088000000|100%| E|CS|TAMS 0x0000000087f00000, 0x0000000087f00000| Complete 
| 128|0x0000000088000000, 0x0000000088100000, 0x0000000088100000|100%| E|CS|TAMS 0x0000000088000000, 0x0000000088000000| Complete 
| 129|0x0000000088100000, 0x0000000088200000, 0x0000000088200000|100%| E|CS|TAMS 0x0000000088100000, 0x0000000088100000| Complete 
| 130|0x0000000088200000, 0x0000000088300000, 0x0000000088300000|100%| E|CS|TAMS 0x0000000088200000, 0x0000000088200000| Complete 
| 131|0x0000000088300000, 0x0000000088400000, 0x0000000088400000|100%| E|CS|TAMS 0x0000000088300000, 0x0000000088300000| Complete 
| 132|0x0000000088400000, 0x0000000088500000, 0x0000000088500000|100%| E|CS|TAMS 0x0000000088400000, 0x0000000088400000| Complete 
| 133|0x0000000088500000, 0x0000000088600000, 0x0000000088600000|100%| E|CS|TAMS 0x0000000088500000, 0x0000000088500000| Complete 
| 134|0x0000000088600000, 0x0000000088700000, 0x0000000088700000|100%| E|CS|TAMS 0x0000000088600000, 0x0000000088600000| Complete 
| 135|0x0000000088700000, 0x0000000088800000, 0x0000000088800000|100%| E|CS|TAMS 0x0000000088700000, 0x0000000088700000| Complete 
| 136|0x0000000088800000, 0x0000000088900000, 0x0000000088900000|100%| E|CS|TAMS 0x0000000088800000, 0x0000000088800000| Complete 
| 137|0x0000000088900000, 0x0000000088a00000, 0x0000000088a00000|100%| E|CS|TAMS 0x0000000088900000, 0x0000000088900000| Complete 
| 138|0x0000000088a00000, 0x0000000088b00000, 0x0000000088b00000|100%| E|CS|TAMS 0x0000000088a00000, 0x0000000088a00000| Complete 
| 139|0x0000000088b00000, 0x0000000088c00000, 0x0000000088c00000|100%| E|CS|TAMS 0x0000000088b00000, 0x0000000088b00000| Complete 
| 140|0x0000000088c00000, 0x0000000088d00000, 0x0000000088d00000|100%| E|CS|TAMS 0x0000000088c00000, 0x0000000088c00000| Complete 
| 141|0x0000000088d00000, 0x0000000088e00000, 0x0000000088e00000|100%| E|CS|TAMS 0x0000000088d00000, 0x0000000088d00000| Complete 
| 142|0x0000000088e00000, 0x0000000088f00000, 0x0000000088f00000|100%| E|CS|TAMS 0x0000000088e00000, 0x0000000088e00000| Complete 
| 143|0x0000000088f00000, 0x0000000089000000, 0x0000000089000000|100%| E|CS|TAMS 0x0000000088f00000, 0x0000000088f00000| Complete 
| 144|0x0000000089000000, 0x0000000089100000, 0x0000000089100000|100%| E|CS|TAMS 0x0000000089000000, 0x0000000089000000| Complete 
| 145|0x0000000089100000, 0x0000000089200000, 0x0000000089200000|100%| E|CS|TAMS 0x0000000089100000, 0x0000000089100000| Complete 
| 146|0x0000000089200000, 0x0000000089300000, 0x0000000089300000|100%| E|CS|TAMS 0x0000000089200000, 0x0000000089200000| Complete 
| 147|0x0000000089300000, 0x0000000089400000, 0x0000000089400000|100%| E|CS|TAMS 0x0000000089300000, 0x0000000089300000| Complete 
| 148|0x0000000089400000, 0x0000000089500000, 0x0000000089500000|100%| E|CS|TAMS 0x0000000089400000, 0x0000000089400000| Complete 
| 149|0x0000000089500000, 0x0000000089600000, 0x0000000089600000|100%| E|CS|TAMS 0x0000000089500000, 0x0000000089500000| Complete 
| 150|0x0000000089600000, 0x0000000089700000, 0x0000000089700000|100%| E|CS|TAMS 0x0000000089600000, 0x0000000089600000| Complete 
| 151|0x0000000089700000, 0x0000000089800000, 0x0000000089800000|100%| E|CS|TAMS 0x0000000089700000, 0x0000000089700000| Complete 
| 152|0x0000000089800000, 0x0000000089900000, 0x0000000089900000|100%| E|CS|TAMS 0x0000000089800000, 0x0000000089800000| Complete 
| 153|0x0000000089900000, 0x0000000089a00000, 0x0000000089a00000|100%| E|CS|TAMS 0x0000000089900000, 0x0000000089900000| Complete 
| 154|0x0000000089a00000, 0x0000000089b00000, 0x0000000089b00000|100%| E|CS|TAMS 0x0000000089a00000, 0x0000000089a00000| Complete 
| 155|0x0000000089b00000, 0x0000000089c00000, 0x0000000089c00000|100%| E|CS|TAMS 0x0000000089b00000, 0x0000000089b00000| Complete 

Card table byte_map: [0x000001e8ccb10000,0x000001e8ccf10000] _byte_map_base: 0x000001e8cc710000

Marking Bits (Prev, Next): (CMBitMap*) 0x000001e8b93b0488, (CMBitMap*) 0x000001e8b93b04c0
 Prev Bits: [0x000001e8cd310000, 0x000001e8cf310000)
 Next Bits: [0x000001e8cf310000, 0x000001e8d1310000)

Polling page: 0x000001e8b8b40000

Metaspace:

Usage:
  Non-class:     58.49 MB capacity,    57.57 MB ( 98%) used,   767.76 KB (  1%) free+waste,   169.00 KB ( <1%) overhead. 
      Class:      8.97 MB capacity,     8.39 MB ( 94%) used,   517.84 KB (  6%) free+waste,    78.38 KB ( <1%) overhead. 
       Both:     67.46 MB capacity,    65.96 MB ( 98%) used,     1.26 MB (  2%) free+waste,   247.38 KB ( <1%) overhead. 

Virtual space:
  Non-class space:       60.00 MB reserved,      58.62 MB ( 98%) committed 
      Class space:        1.00 GB reserved,       9.13 MB ( <1%) committed 
             Both:        1.06 GB reserved,      67.75 MB (  6%) committed 

Chunk freelists:
   Non-Class:  138.00 KB
       Class:  92.00 KB
        Both:  230.00 KB

MaxMetaspaceSize: 17179869184.00 GB
CompressedClassSpaceSize: 1.00 GB
Initial GC threshold: 20.80 MB
Current GC threshold: 109.79 MB
CDS: off

CodeHeap 'non-profiled nmethods': size=119168Kb used=4327Kb max_used=4327Kb free=114840Kb
 bounds [0x000001e8c4a10000, 0x000001e8c4e50000, 0x000001e8cbe70000]
CodeHeap 'profiled nmethods': size=119168Kb used=16073Kb max_used=16073Kb free=103094Kb
 bounds [0x000001e8bd5b0000, 0x000001e8be570000, 0x000001e8c4a10000]
CodeHeap 'non-nmethods': size=7424Kb used=4037Kb max_used=4087Kb free=3386Kb
 bounds [0x000001e8bce70000, 0x000001e8bd280000, 0x000001e8bd5b0000]
 total_blobs=8327 nmethods=7469 adapters=767
 compilation: enabled
              stopped_count=0, restarted_count=0
 full_count=0

Compilation events (20 events):
Event: 6.065 Thread 0x000001e8d4c0e800 nmethod 7464 0x000001e8be559c10 code [0x000001e8be559e00, 0x000001e8be55a2a8]
Event: 6.065 Thread 0x000001e8d5bca800 nmethod 7463 0x000001e8be55a490 code [0x000001e8be55a6a0, 0x000001e8be55ac58]
Event: 6.065 Thread 0x000001e8d4329000 nmethod 7466 0x000001e8be55af10 code [0x000001e8be55b120, 0x000001e8be55b7d8]
Event: 6.065 Thread 0x000001e8d5bf4000 nmethod 7467 0x000001e8be55ba10 code [0x000001e8be55bc20, 0x000001e8be55c278]
Event: 6.066 Thread 0x000001e8d4c0e800 7469       3       com.sun.proxy.$Proxy4::<init> (6 bytes)
Event: 6.066 Thread 0x000001e8d4c0e800 nmethod 7469 0x000001e8be55c490 code [0x000001e8be55c660, 0x000001e8be55c9e8]
Event: 6.067 Thread 0x000001e8d5bca800 7470       1       org.gradle.api.internal.tasks.properties.annotations.OutputPropertyRoleAnnotationHandler::getAnnotationTypes (5 bytes)
Event: 6.067 Thread 0x000001e8d5bca800 nmethod 7470 0x000001e8c4e3f010 code [0x000001e8c4e3f1c0, 0x000001e8c4e3f278]
Event: 6.069 Thread 0x000001e8d4329000 7471       1       com.android.build.gradle.internal.services.ProjectServices::getObjectFactory (5 bytes)
Event: 6.069 Thread 0x000001e8d4329000 nmethod 7471 0x000001e8c4e3f310 code [0x000001e8c4e3f4c0, 0x000001e8c4e3f578]
Event: 6.073 Thread 0x000001e8d5bf4000 7472       3       kotlin.jvm.internal.Lambda::<init> (10 bytes)
Event: 6.073 Thread 0x000001e8d5bf4000 nmethod 7472 0x000001e8be55cb90 code [0x000001e8be55cd40, 0x000001e8be55ce98]
Event: 6.074 Thread 0x000001e8d4c0e800 7473       1       org.gradle.api.internal.collections.AbstractIterationOrderRetainingElementSource::getInserted (5 bytes)
Event: 6.074 Thread 0x000001e8d4c0e800 nmethod 7473 0x000001e8c4e3f610 code [0x000001e8c4e3f7c0, 0x000001e8c4e3f878]
Event: 6.074 Thread 0x000001e8d5bca800 7474       3       org.gradle.api.internal.provider.AbstractMinimalProvider::calculateValue (15 bytes)
Event: 6.074 Thread 0x000001e8d4329000 7475       3       org.gradle.api.internal.provider.ValueSupplier$Present::pushWhenMissing (2 bytes)
Event: 6.074 Thread 0x000001e8d4329000 nmethod 7475 0x000001e8be55cf90 code [0x000001e8be55d140, 0x000001e8be55d238]
Event: 6.074 Thread 0x000001e8d5bca800 nmethod 7474 0x000001e8be55d310 code [0x000001e8be55d4e0, 0x000001e8be55d828]
Event: 6.075 Thread 0x000001e8d5bf4000 7476       3       com.google.common.collect.Maps::capacity (34 bytes)
Event: 6.075 Thread 0x000001e8d5bf4000 nmethod 7476 0x000001e8be55d910 code [0x000001e8be55db00, 0x000001e8be55dd08]

GC Heap History (20 events):
Event: 1.517 GC heap before
{Heap before GC invocations=1 (full 0):
 garbage-first heap   total 120832K, used 77491K [0x0000000080000000, 0x0000000100000000)
  region size 1024K, 70 young (71680K), 3 survivors (3072K)
 Metaspace       used 16533K, capacity 16940K, committed 17152K, reserved 1064960K
  class space    used 1886K, capacity 2034K, committed 2048K, reserved 1048576K
}
Event: 1.534 GC heap after
{Heap after GC invocations=2 (full 0):
 garbage-first heap   total 120832K, used 15438K [0x0000000080000000, 0x0000000100000000)
  region size 1024K, 9 young (9216K), 9 survivors (9216K)
 Metaspace       used 16533K, capacity 16940K, committed 17152K, reserved 1064960K
  class space    used 1886K, capacity 2034K, committed 2048K, reserved 1048576K
}
Event: 1.851 GC heap before
{Heap before GC invocations=2 (full 0):
 garbage-first heap   total 120832K, used 51278K [0x0000000080000000, 0x0000000100000000)
  region size 1024K, 46 young (47104K), 9 survivors (9216K)
 Metaspace       used 20729K, capacity 21167K, committed 21296K, reserved 1069056K
  class space    used 2534K, capacity 2678K, committed 2688K, reserved 1048576K
}
Event: 1.883 GC heap after
{Heap after GC invocations=3 (full 0):
 garbage-first heap   total 120832K, used 16787K [0x0000000080000000, 0x0000000100000000)
  region size 1024K, 2 young (2048K), 2 survivors (2048K)
 Metaspace       used 20729K, capacity 21167K, committed 21296K, reserved 1069056K
  class space    used 2534K, capacity 2678K, committed 2688K, reserved 1048576K
}
Event: 2.402 GC heap before
{Heap before GC invocations=4 (full 0):
 garbage-first heap   total 120832K, used 67987K [0x0000000080000000, 0x0000000100000000)
  region size 1024K, 52 young (53248K), 2 survivors (2048K)
 Metaspace       used 26152K, capacity 26745K, committed 26928K, reserved 1073152K
  class space    used 3372K, capacity 3585K, committed 3712K, reserved 1048576K
}
Event: 2.404 GC heap after
{Heap after GC invocations=5 (full 0):
 garbage-first heap   total 120832K, used 18742K [0x0000000080000000, 0x0000000100000000)
  region size 1024K, 4 young (4096K), 4 survivors (4096K)
 Metaspace       used 26152K, capacity 26745K, committed 26928K, reserved 1073152K
  class space    used 3372K, capacity 3585K, committed 3712K, reserved 1048576K
}
Event: 2.836 GC heap before
{Heap before GC invocations=5 (full 0):
 garbage-first heap   total 120832K, used 74038K [0x0000000080000000, 0x0000000100000000)
  region size 1024K, 58 young (59392K), 4 survivors (4096K)
 Metaspace       used 32210K, capacity 32974K, committed 33200K, reserved 1077248K
  class space    used 4279K, capacity 4562K, committed 4608K, reserved 1048576K
}
Event: 2.838 GC heap after
{Heap after GC invocations=6 (full 0):
 garbage-first heap   total 120832K, used 21011K [0x0000000080000000, 0x0000000100000000)
  region size 1024K, 6 young (6144K), 6 survivors (6144K)
 Metaspace       used 32210K, capacity 32974K, committed 33200K, reserved 1077248K
  class space    used 4279K, capacity 4562K, committed 4608K, reserved 1048576K
}
Event: 2.938 GC heap before
{Heap before GC invocations=6 (full 0):
 garbage-first heap   total 120832K, used 26131K [0x0000000080000000, 0x0000000100000000)
  region size 1024K, 12 young (12288K), 6 survivors (6144K)
 Metaspace       used 34829K, capacity 35626K, committed 35708K, reserved 1081344K
  class space    used 4486K, capacity 4807K, committed 4864K, reserved 1048576K
}
Event: 2.945 GC heap after
{Heap after GC invocations=7 (full 0):
 garbage-first heap   total 120832K, used 22018K [0x0000000080000000, 0x0000000100000000)
  region size 1024K, 4 young (4096K), 4 survivors (4096K)
 Metaspace       used 34829K, capacity 35626K, committed 35708K, reserved 1081344K
  class space    used 4486K, capacity 4807K, committed 4864K, reserved 1048576K
}
Event: 3.344 GC heap before
{Heap before GC invocations=8 (full 0):
 garbage-first heap   total 120832K, used 78338K [0x0000000080000000, 0x0000000100000000)
  region size 1024K, 57 young (58368K), 4 survivors (4096K)
 Metaspace       used 39516K, capacity 40470K, committed 40572K, reserved 1085440K
  class space    used 5023K, capacity 5353K, committed 5376K, reserved 1048576K
}
Event: 3.348 GC heap after
{Heap after GC invocations=9 (full 0):
 garbage-first heap   total 159744K, used 26530K [0x0000000080000000, 0x0000000100000000)
  region size 1024K, 8 young (8192K), 8 survivors (8192K)
 Metaspace       used 39516K, capacity 40470K, committed 40572K, reserved 1085440K
  class space    used 5023K, capacity 5353K, committed 5376K, reserved 1048576K
}
Event: 3.937 GC heap before
{Heap before GC invocations=9 (full 0):
 garbage-first heap   total 159744K, used 100258K [0x0000000080000000, 0x0000000100000000)
  region size 1024K, 79 young (80896K), 8 survivors (8192K)
 Metaspace       used 45846K, capacity 46933K, committed 47228K, reserved 1089536K
  class space    used 5883K, capacity 6282K, committed 6400K, reserved 1048576K
}
Event: 3.942 GC heap after
{Heap after GC invocations=10 (full 0):
 garbage-first heap   total 159744K, used 29038K [0x0000000080000000, 0x0000000100000000)
  region size 1024K, 8 young (8192K), 8 survivors (8192K)
 Metaspace       used 45846K, capacity 46933K, committed 47228K, reserved 1089536K
  class space    used 5883K, capacity 6282K, committed 6400K, reserved 1048576K
}
Event: 4.641 GC heap before
{Heap before GC invocations=10 (full 0):
 garbage-first heap   total 159744K, used 111982K [0x0000000080000000, 0x0000000100000000)
  region size 1024K, 86 young (88064K), 8 survivors (8192K)
 Metaspace       used 49196K, capacity 50476K, committed 50812K, reserved 1093632K
  class space    used 6283K, capacity 6793K, committed 6912K, reserved 1048576K
}
Event: 4.646 GC heap after
{Heap after GC invocations=11 (full 0):
 garbage-first heap   total 159744K, used 42195K [0x0000000080000000, 0x0000000100000000)
  region size 1024K, 11 young (11264K), 11 survivors (11264K)
 Metaspace       used 49196K, capacity 50476K, committed 50812K, reserved 1093632K
  class space    used 6283K, capacity 6793K, committed 6912K, reserved 1048576K
}
Event: 5.285 GC heap before
{Heap before GC invocations=11 (full 0):
 garbage-first heap   total 159744K, used 110803K [0x0000000080000000, 0x0000000100000000)
  region size 1024K, 79 young (80896K), 11 survivors (11264K)
 Metaspace       used 58440K, capacity 59821K, committed 59900K, reserved 1101824K
  class space    used 7436K, capacity 7995K, committed 8064K, reserved 1048576K
}
Event: 5.301 GC heap after
{Heap after GC invocations=12 (full 0):
 garbage-first heap   total 159744K, used 45710K [0x0000000080000000, 0x0000000100000000)
  region size 1024K, 4 young (4096K), 4 survivors (4096K)
 Metaspace       used 58440K, capacity 59821K, committed 59900K, reserved 1101824K
  class space    used 7436K, capacity 7995K, committed 8064K, reserved 1048576K
}
Event: 5.825 GC heap before
{Heap before GC invocations=13 (full 0):
 garbage-first heap   total 159744K, used 115342K [0x0000000080000000, 0x0000000100000000)
  region size 1024K, 72 young (73728K), 4 survivors (4096K)
 Metaspace       used 65470K, capacity 67117K, committed 67196K, reserved 1107968K
  class space    used 8298K, capacity 8900K, committed 8960K, reserved 1048576K
}
Event: 5.831 GC heap after
{Heap after GC invocations=14 (full 0):
 garbage-first heap   total 159744K, used 50471K [0x0000000080000000, 0x0000000100000000)
  region size 1024K, 8 young (8192K), 8 survivors (8192K)
 Metaspace       used 65470K, capacity 67117K, committed 67196K, reserved 1107968K
  class space    used 8298K, capacity 8900K, committed 8960K, reserved 1048576K
}

Deoptimization events (20 events):
Event: 5.815 Thread 0x000001e8d6326800 Uncommon trap: trap_request=0xffffff4d fr.pc=0x000001e8c4df9e88 relative=0x0000000000001468
Event: 5.815 Thread 0x000001e8d6326800 Uncommon trap: reason=unstable_if action=reinterpret pc=0x000001e8c4df9e88 method=java.util.regex.Pattern.closure(Ljava/util/regex/Pattern$Node;)Ljava/util/regex/Pattern$Node; @ 79 c2
Event: 5.815 Thread 0x000001e8d6326800 DEOPT PACKING pc=0x000001e8c4df9e88 sp=0x0000004c276f66f0
Event: 5.815 Thread 0x000001e8d6326800 DEOPT UNPACKING pc=0x000001e8bceba1af sp=0x0000004c276f6690 mode 2
Event: 5.879 Thread 0x000001e8d6326800 Uncommon trap: trap_request=0xffffff4d fr.pc=0x000001e8c4bd30e4 relative=0x0000000000000324
Event: 5.879 Thread 0x000001e8d6326800 Uncommon trap: reason=unstable_if action=reinterpret pc=0x000001e8c4bd30e4 method=java.util.StringJoiner.add(Ljava/lang/CharSequence;)Ljava/util/StringJoiner; @ 33 c2
Event: 5.879 Thread 0x000001e8d6326800 DEOPT PACKING pc=0x000001e8c4bd30e4 sp=0x0000004c276f5b80
Event: 5.879 Thread 0x000001e8d6326800 DEOPT UNPACKING pc=0x000001e8bceba1af sp=0x0000004c276f5b30 mode 2
Event: 5.920 Thread 0x000001e8d6326800 Uncommon trap: trap_request=0xffffff4d fr.pc=0x000001e8c4c2071c relative=0x00000000000039dc
Event: 5.920 Thread 0x000001e8d6326800 Uncommon trap: reason=unstable_if action=reinterpret pc=0x000001e8c4c2071c method=org.codehaus.groovy.runtime.metaclass.MetaMethodIndex.isOverridden(Lgroovy/lang/MetaMethod;Lgroovy/lang/MetaMethod;)Z @ 33 c2
Event: 5.920 Thread 0x000001e8d6326800 DEOPT PACKING pc=0x000001e8c4c2071c sp=0x0000004c276f6310
Event: 5.920 Thread 0x000001e8d6326800 DEOPT UNPACKING pc=0x000001e8bceba1af sp=0x0000004c276f62a8 mode 2
Event: 5.945 Thread 0x000001e8d6326800 Uncommon trap: trap_request=0xfffffff4 fr.pc=0x000001e8c4e1f8f8 relative=0x0000000000000958
Event: 5.945 Thread 0x000001e8d6326800 Uncommon trap: reason=null_check action=make_not_entrant pc=0x000001e8c4e1f8f8 method=com.sun.beans.introspect.MethodInfo$MethodOrder.compare(Ljava/lang/reflect/Method;Ljava/lang/reflect/Method;)I @ 133 c2
Event: 5.945 Thread 0x000001e8d6326800 DEOPT PACKING pc=0x000001e8c4e1f8f8 sp=0x0000004c276f27e0
Event: 5.945 Thread 0x000001e8d6326800 DEOPT UNPACKING pc=0x000001e8bceba1af sp=0x0000004c276f2780 mode 2
Event: 6.028 Thread 0x000001e8d6326800 Uncommon trap: trap_request=0xffffff7e fr.pc=0x000001e8c4e3cdac relative=0x000000000000036c
Event: 6.028 Thread 0x000001e8d6326800 Uncommon trap: reason=predicate action=maybe_recompile pc=0x000001e8c4e3cdac method=java.util.AbstractCollection.toArray([Ljava/lang/Object;)[Ljava/lang/Object; @ 43 c2
Event: 6.028 Thread 0x000001e8d6326800 DEOPT PACKING pc=0x000001e8c4e3cdac sp=0x0000004c276f8610
Event: 6.028 Thread 0x000001e8d6326800 DEOPT UNPACKING pc=0x000001e8bceba1af sp=0x0000004c276f85a8 mode 2

Classes redefined (0 events):
No events

Internal exceptions (20 events):
Event: 5.945 Thread 0x000001e8d6326800 Implicit null exception at 0x000001e8c4e1f2b1 to 0x000001e8c4e1f8e4
Event: 5.946 Thread 0x000001e8d6326800 Exception <a 'java/lang/ClassNotFoundException'{0x0000000087e6db98}: com/android/build/gradle/internal/dsl/BuildTypeCustomizer> (0x0000000087e6db98) thrown at [./src/hotspot/share/classfile/systemDictionary.cpp, line 231]
Event: 5.947 Thread 0x000001e8d6326800 Exception <a 'java/lang/ClassNotFoundException'{0x0000000087d04e00}: com/android/build/gradle/internal/dsl/BuildType$AgpDecoratedCustomizer> (0x0000000087d04e00) thrown at [./src/hotspot/share/classfile/systemDictionary.cpp, line 231]
Event: 5.948 Thread 0x000001e8d6326800 Exception <a 'java/lang/ClassNotFoundException'{0x0000000087d563e8}: com/android/build/gradle/internal/dsl/BuildType$AgpDecorated_DecoratedCustomizer> (0x0000000087d563e8) thrown at [./src/hotspot/share/classfile/systemDictionary.cpp, line 231]
Event: 5.951 Thread 0x000001e8d6326800 Exception <a 'java/lang/ClassNotFoundException'{0x0000000087c22c18}: build_69brroqjkjpntw5fr5soqtnnr$_run_closure1$_closure4BeanInfo> (0x0000000087c22c18) thrown at [./src/hotspot/share/classfile/systemDictionary.cpp, line 231]
Event: 5.951 Thread 0x000001e8d6326800 Exception <a 'java/lang/ClassNotFoundException'{0x0000000087c34040}: build_69brroqjkjpntw5fr5soqtnnr$_run_closure1$_closure4Customizer> (0x0000000087c34040) thrown at [./src/hotspot/share/classfile/systemDictionary.cpp, line 231]
Event: 5.952 Thread 0x000001e8d6326800 Exception <a 'java/lang/ClassNotFoundException'{0x0000000087c5d990}: build_69brroqjkjpntw5fr5soqtnnr$_run_closure1BeanInfo> (0x0000000087c5d990) thrown at [./src/hotspot/share/classfile/systemDictionary.cpp, line 231]
Event: 5.952 Thread 0x000001e8d6326800 Exception <a 'java/lang/ClassNotFoundException'{0x0000000087c6e350}: build_69brroqjkjpntw5fr5soqtnnr$_run_closure1Customizer> (0x0000000087c6e350) thrown at [./src/hotspot/share/classfile/systemDictionary.cpp, line 231]
Event: 5.955 Thread 0x000001e8d6326800 Exception <a 'java/lang/ClassNotFoundException'{0x0000000087ccd4f0}: org/gradle/api/JavaVersionBeanInfo> (0x0000000087ccd4f0) thrown at [./src/hotspot/share/classfile/systemDictionary.cpp, line 231]
Event: 5.955 Thread 0x000001e8d6326800 Exception <a 'java/lang/ClassNotFoundException'{0x0000000087cf82d8}: org/gradle/api/JavaVersionCustomizer> (0x0000000087cf82d8) thrown at [./src/hotspot/share/classfile/systemDictionary.cpp, line 231]
Event: 5.957 Thread 0x000001e8d6326800 Exception <a 'java/lang/ClassNotFoundException'{0x0000000087b600b0}: com/android/build/gradle/internal/CompileOptions$AgpDecorated_DecoratedBeanInfo> (0x0000000087b600b0) thrown at [./src/hotspot/share/classfile/systemDictionary.cpp, line 231]
Event: 5.957 Thread 0x000001e8d6326800 Exception <a 'java/lang/ClassNotFoundException'{0x0000000087b7bab0}: com/android/build/gradle/internal/CompileOptions$AgpDecoratedBeanInfo> (0x0000000087b7bab0) thrown at [./src/hotspot/share/classfile/systemDictionary.cpp, line 231]
Event: 5.957 Thread 0x000001e8d6326800 Exception <a 'java/lang/ClassNotFoundException'{0x0000000087b958a8}: com/android/build/gradle/internal/CompileOptionsBeanInfo> (0x0000000087b958a8) thrown at [./src/hotspot/share/classfile/systemDictionary.cpp, line 231]
Event: 5.957 Thread 0x000001e8d6326800 Exception <a 'java/lang/ClassNotFoundException'{0x0000000087bafa48}: com/android/build/gradle/internal/CompileOptionsCustomizer> (0x0000000087bafa48) thrown at [./src/hotspot/share/classfile/systemDictionary.cpp, line 231]
Event: 5.957 Thread 0x000001e8d6326800 Exception <a 'java/lang/ClassNotFoundException'{0x0000000087bd7100}: com/android/build/gradle/internal/CompileOptions$AgpDecoratedCustomizer> (0x0000000087bd7100) thrown at [./src/hotspot/share/classfile/systemDictionary.cpp, line 231]
Event: 5.958 Thread 0x000001e8d6326800 Exception <a 'java/lang/ClassNotFoundException'{0x0000000087a021d0}: com/android/build/gradle/internal/CompileOptions$AgpDecorated_DecoratedCustomizer> (0x0000000087a021d0) thrown at [./src/hotspot/share/classfile/systemDictionary.cpp, line 231]
Event: 5.961 Thread 0x000001e8d6326800 Exception <a 'java/lang/ClassNotFoundException'{0x0000000087ac1d20}: org/gradle/api/internal/artifacts/dsl/dependencies/DefaultDependencyHandler_DecoratedBeanInfo> (0x0000000087ac1d20) thrown at [./src/hotspot/share/classfile/systemDictionary.cpp, line 231]
Event: 5.961 Thread 0x000001e8d6326800 Exception <a 'java/lang/ClassNotFoundException'{0x000000008790b298}: org/gradle/api/internal/artifacts/dsl/dependencies/DefaultDependencyHandlerBeanInfo> (0x000000008790b298) thrown at [./src/hotspot/share/classfile/systemDictionary.cpp, line 231]
Event: 5.961 Thread 0x000001e8d6326800 Exception <a 'java/lang/ClassNotFoundException'{0x0000000087953d58}: org/gradle/api/internal/artifacts/dsl/dependencies/DefaultDependencyHandlerCustomizer> (0x0000000087953d58) thrown at [./src/hotspot/share/classfile/systemDictionary.cpp, line 231]
Event: 5.962 Thread 0x000001e8d6326800 Exception <a 'java/lang/ClassNotFoundException'{0x00000000879c3d70}: org/gradle/api/internal/artifacts/dsl/dependencies/DefaultDependencyHandler_DecoratedCustomizer> (0x00000000879c3d70) thrown at [./src/hotspot/share/classfile/systemDictionary.cpp, line 231]

Events (20 events):
Event: 6.071 loading class com/android/build/api/component/impl/AndroidTestImpl$buildConfigFields$2
Event: 6.071 loading class com/android/build/api/component/impl/AndroidTestImpl$buildConfigFields$2 done
Event: 6.072 loading class com/android/build/api/component/impl/AndroidTestImpl$signingConfigImpl$2
Event: 6.072 loading class com/android/build/api/component/impl/AndroidTestImpl$signingConfigImpl$2 done
Event: 6.072 loading class com/android/build/api/component/impl/AndroidTestImpl$renderscript$2
Event: 6.072 loading class com/android/build/api/component/impl/AndroidTestImpl$renderscript$2 done
Event: 6.072 loading class com/android/build/api/component/impl/AndroidTestImpl$proguardFiles$2
Event: 6.072 loading class com/android/build/api/component/impl/AndroidTestImpl$proguardFiles$2 done
Event: 6.072 loading class com/android/build/api/component/impl/AndroidTestImpl$resValues$2
Event: 6.072 loading class com/android/build/api/component/impl/AndroidTestImpl$resValues$2 done
Event: 6.072 loading class com/android/build/api/variant/impl/VariantApiExtensionsKt
Event: 6.072 loading class com/android/build/api/variant/impl/VariantApiExtensionsKt done
Event: 6.073 loading class com/android/build/api/variant/impl/AndroidVersionImpl
Event: 6.073 loading class com/android/build/api/variant/impl/AndroidVersionImpl done
Event: 6.074 loading class com/android/build/api/component/impl/UnitTestImpl
Event: 6.074 loading class com/android/build/api/component/impl/UnitTestImpl done
Event: 6.075 loading class com/android/build/gradle/internal/component/UnitTestCreationConfig
Event: 6.075 loading class com/android/build/gradle/internal/component/UnitTestCreationConfig done
Event: 6.076 loading class kotlin/DeprecationLevel
Event: 6.076 loading class kotlin/DeprecationLevel done


Dynamic libraries:
0x00007ff72a3c0000 - 0x00007ff72a3ca000 	C:\Program Files\Android\Android Studio\jre\bin\java.exe
0x00007ffe9baf0000 - 0x00007ffe9bd04000 	C:\WINDOWS\SYSTEM32\ntdll.dll
0x00007ffe9a7b0000 - 0x00007ffe9a873000 	C:\WINDOWS\System32\KERNEL32.DLL
0x00007ffe99060000 - 0x00007ffe993fd000 	C:\WINDOWS\System32\KERNELBASE.dll
0x00007ffe99520000 - 0x00007ffe99631000 	C:\WINDOWS\System32\ucrtbase.dll
0x00007ffe79520000 - 0x00007ffe79539000 	C:\Program Files\Android\Android Studio\jre\bin\jli.dll
0x00007ffe79010000 - 0x00007ffe79027000 	C:\Program Files\Android\Android Studio\jre\bin\VCRUNTIME140.dll
0x00007ffe9b800000 - 0x00007ffe9b9ad000 	C:\WINDOWS\System32\USER32.dll
0x00007ffe7b4a0000 - 0x00007ffe7b72e000 	C:\WINDOWS\WinSxS\amd64_microsoft.windows.common-controls_6595b64144ccf1df_6.0.22621.608_none_a9444ca7c10bb01d\COMCTL32.dll
0x00007ffe99030000 - 0x00007ffe99056000 	C:\WINDOWS\System32\win32u.dll
0x00007ffe9b750000 - 0x00007ffe9b7f7000 	C:\WINDOWS\System32\msvcrt.dll
0x00007ffe9a390000 - 0x00007ffe9a3b9000 	C:\WINDOWS\System32\GDI32.dll
0x00007ffe99400000 - 0x00007ffe99512000 	C:\WINDOWS\System32\gdi32full.dll
0x00007ffe98f90000 - 0x00007ffe9902a000 	C:\WINDOWS\System32\msvcp_win.dll
0x00007ffe9b4c0000 - 0x00007ffe9b4f2000 	C:\WINDOWS\System32\IMM32.DLL
0x00007ffe66250000 - 0x00007ffe662ed000 	C:\Program Files\Android\Android Studio\jre\bin\msvcp140.dll
0x00007ffe5ac30000 - 0x00007ffe5b715000 	C:\Program Files\Android\Android Studio\jre\bin\server\jvm.dll
0x00007ffe9a3c0000 - 0x00007ffe9a46e000 	C:\WINDOWS\System32\ADVAPI32.dll
0x00007ffe9b6a0000 - 0x00007ffe9b744000 	C:\WINDOWS\System32\sechost.dll
0x00007ffe9a590000 - 0x00007ffe9a6a5000 	C:\WINDOWS\System32\RPCRT4.dll
0x00007ffe99c70000 - 0x00007ffe99c78000 	C:\WINDOWS\System32\PSAPI.DLL
0x00007ffe94530000 - 0x00007ffe94539000 	C:\WINDOWS\SYSTEM32\WSOCK32.dll
0x00007ffe92220000 - 0x00007ffe92254000 	C:\WINDOWS\SYSTEM32\WINMM.dll
0x00007ffe91b40000 - 0x00007ffe91b4a000 	C:\WINDOWS\SYSTEM32\VERSION.dll
0x00007ffe9b200000 - 0x00007ffe9b271000 	C:\WINDOWS\System32\WS2_32.dll
0x00007ffe97ea0000 - 0x00007ffe97eb8000 	C:\WINDOWS\SYSTEM32\kernel.appcore.dll
0x00007ffe94510000 - 0x00007ffe94521000 	C:\Program Files\Android\Android Studio\jre\bin\verify.dll
0x00007ffe83960000 - 0x00007ffe83b8e000 	C:\WINDOWS\SYSTEM32\DBGHELP.DLL
0x00007ffe998e0000 - 0x00007ffe99c6a000 	C:\WINDOWS\System32\combase.dll
0x00007ffe9a6b0000 - 0x00007ffe9a787000 	C:\WINDOWS\System32\OLEAUT32.dll
0x00007ffe7a6b0000 - 0x00007ffe7a6e2000 	C:\WINDOWS\SYSTEM32\dbgcore.DLL
0x00007ffe98f10000 - 0x00007ffe98f8b000 	C:\WINDOWS\System32\bcryptPrimitives.dll
0x00007ffe944e0000 - 0x00007ffe94509000 	C:\Program Files\Android\Android Studio\jre\bin\java.dll
0x00007ffe944d0000 - 0x00007ffe944db000 	C:\Program Files\Android\Android Studio\jre\bin\jimage.dll
0x00007ffe94470000 - 0x00007ffe94488000 	C:\Program Files\Android\Android Studio\jre\bin\zip.dll
0x00007ffe9a950000 - 0x00007ffe9b13f000 	C:\WINDOWS\System32\SHELL32.dll
0x00007ffe96ef0000 - 0x00007ffe977b8000 	C:\WINDOWS\SYSTEM32\windows.storage.dll
0x00007ffe96db0000 - 0x00007ffe96eee000 	C:\WINDOWS\SYSTEM32\wintypes.dll
0x00007ffe9b5a0000 - 0x00007ffe9b691000 	C:\WINDOWS\System32\SHCORE.dll
0x00007ffe9a320000 - 0x00007ffe9a37e000 	C:\WINDOWS\System32\shlwapi.dll
0x00007ffe98e40000 - 0x00007ffe98e61000 	C:\WINDOWS\SYSTEM32\profapi.dll
0x00007ffe932a0000 - 0x00007ffe932ba000 	C:\Program Files\Android\Android Studio\jre\bin\net.dll
0x00007ffe920f0000 - 0x00007ffe9221f000 	C:\WINDOWS\SYSTEM32\WINHTTP.dll
0x00007ffe98400000 - 0x00007ffe98469000 	C:\WINDOWS\system32\mswsock.dll
0x00007ffe78200000 - 0x00007ffe78214000 	C:\Program Files\Android\Android Studio\jre\bin\nio.dll
0x00007ffe6fe00000 - 0x00007ffe6fe27000 	C:\Users\Le Thanh Hang\.gradle\native\e1d6ef7f7dcc3fd88c89a11ec53ec762bb8ba0a96d01ffa2cd45eb1d1d8dd5c5\windows-amd64\native-platform.dll
0x00007ffe5f520000 - 0x00007ffe5f664000 	C:\Users\Le Thanh Hang\.gradle\native\5664cfc778a61ccfe75a443a1ab52a65af34e5dc3c78e0209fed803814484fcb\windows-amd64\native-platform-file-events.dll
0x00007ffe93f40000 - 0x00007ffe93f4a000 	C:\Program Files\Android\Android Studio\jre\bin\management.dll
0x00007ffe89400000 - 0x00007ffe8940d000 	C:\Program Files\Android\Android Studio\jre\bin\management_ext.dll
0x00007ffe98630000 - 0x00007ffe9864b000 	C:\WINDOWS\SYSTEM32\CRYPTSP.dll
0x00007ffe97ec0000 - 0x00007ffe97ef5000 	C:\WINDOWS\system32\rsaenh.dll
0x00007ffe984c0000 - 0x00007ffe984e8000 	C:\WINDOWS\SYSTEM32\USERENV.dll
0x00007ffe988b0000 - 0x00007ffe988d8000 	C:\WINDOWS\SYSTEM32\bcrypt.dll
0x00007ffe98650000 - 0x00007ffe9865c000 	C:\WINDOWS\SYSTEM32\CRYPTBASE.dll
0x00007ffe97a10000 - 0x00007ffe97a3d000 	C:\WINDOWS\SYSTEM32\IPHLPAPI.DLL
0x00007ffe9a880000 - 0x00007ffe9a889000 	C:\WINDOWS\System32\NSI.dll
0x00007ffe920d0000 - 0x00007ffe920e9000 	C:\WINDOWS\SYSTEM32\dhcpcsvc6.DLL
0x00007ffe91fe0000 - 0x00007ffe91fff000 	C:\WINDOWS\SYSTEM32\dhcpcsvc.DLL
0x00007ffe97a80000 - 0x00007ffe97b72000 	C:\WINDOWS\SYSTEM32\DNSAPI.dll

dbghelp: loaded successfully - version: 4.0.5 - missing functions: none
symbol engine: initialized successfully - sym options: 0x614 - pdb path: .;C:\Program Files\Android\Android Studio\jre\bin;C:\WINDOWS\SYSTEM32;C:\WINDOWS\WinSxS\amd64_microsoft.windows.common-controls_6595b64144ccf1df_6.0.22621.608_none_a9444ca7c10bb01d;C:\Program Files\Android\Android Studio\jre\bin\server;C:\Users\Le Thanh Hang\.gradle\native\e1d6ef7f7dcc3fd88c89a11ec53ec762bb8ba0a96d01ffa2cd45eb1d1d8dd5c5\windows-amd64;C:\Users\Le Thanh Hang\.gradle\native\5664cfc778a61ccfe75a443a1ab52a65af34e5dc3c78e0209fed803814484fcb\windows-amd64

VM Arguments:
jvm_args: --add-opens=java.base/java.util=ALL-UNNAMED --add-opens=java.base/java.lang=ALL-UNNAMED --add-opens=java.base/java.lang.invoke=ALL-UNNAMED --add-opens=java.base/java.util=ALL-UNNAMED --add-opens=java.prefs/java.util.prefs=ALL-UNNAMED --add-opens=java.prefs/java.util.prefs=ALL-UNNAMED --add-opens=java.base/java.nio.charset=ALL-UNNAMED --add-opens=java.base/java.net=ALL-UNNAMED --add-opens=java.base/java.util.concurrent.atomic=ALL-UNNAMED -Xmx2048m -Dfile.encoding=UTF-8 -Duser.country=US -Duser.language=en -Duser.variant 
java_command: org.gradle.launcher.daemon.bootstrap.GradleDaemon 7.3.3
java_class_path (initial): C:\Users\Le Thanh Hang\.gradle\wrapper\dists\gradle-7.3.3-bin\6a41zxkdtcxs8rphpq6y0069z\gradle-7.3.3\lib\gradle-launcher-7.3.3.jar
Launcher Type: SUN_STANDARD

[Global flags]
     intx CICompilerCount                          = 12                                        {product} {ergonomic}
     uint ConcGCThreads                            = 3                                         {product} {ergonomic}
     uint G1ConcRefinementThreads                  = 13                                        {product} {ergonomic}
   size_t G1HeapRegionSize                         = 1048576                                   {product} {ergonomic}
    uintx GCDrainStackTargetSize                   = 64                                        {product} {ergonomic}
   size_t InitialHeapSize                          = 123731968                                 {product} {ergonomic}
   size_t MarkStackSize                            = 4194304                                   {product} {ergonomic}
   size_t MaxHeapSize                              = 2147483648                                {product} {command line}
   size_t MaxNewSize                               = 1287651328                                {product} {ergonomic}
   size_t MinHeapDeltaBytes                        = 1048576                                   {product} {ergonomic}
    uintx NonNMethodCodeHeapSize                   = 7594288                                {pd product} {ergonomic}
    uintx NonProfiledCodeHeapSize                  = 122031976                              {pd product} {ergonomic}
    uintx ProfiledCodeHeapSize                     = 122031976                              {pd product} {ergonomic}
    uintx ReservedCodeCacheSize                    = 251658240                              {pd product} {ergonomic}
     bool SegmentedCodeCache                       = true                                      {product} {ergonomic}
     bool UseCompressedClassPointers               = true                                 {lp64_product} {ergonomic}
     bool UseCompressedOops                        = true                                 {lp64_product} {ergonomic}
     bool UseG1GC                                  = true                                      {product} {ergonomic}
     bool UseLargePagesIndividualAllocation        = false                                  {pd product} {ergonomic}

Logging:
Log output configuration:
 #0: stdout all=warning uptime,level,tags
 #1: stderr all=off uptime,level,tags

Environment Variables:
PATH=C:\Program Files (x86)\VMware\VMware Workstation\bin\;C:\Python310\Scripts\;C:\Python310\;C:\Program Files\Eclipse Foundation\jdk-8.0.302.8-hotspot\bin;C:\windows\system32;C:\windows;C:\windows\System32\Wbem;C:\windows\System32\WindowsPowerShell\v1.0\;C:\windows\System32\OpenSSH\;C:\Program Files (x86)\NVIDIA Corporation\PhysX\Common;C:\Program Files\NVIDIA Corporation\NVIDIA NvDLISR;C:\Program Files\Microsoft SQL Server\130\Tools\Binn\;C:\Program Files\Microsoft SQL Server\Client SDK\ODBC\170\Tools\Binn\;C:\Program Files\Git\cmd;C:\Program Files\nodejs\;C:\ProgramData\chocolatey\bin;C:\WINDOWS\system32;C:\WINDOWS;C:\WINDOWS\System32\Wbem;C:\WINDOWS\System32\WindowsPowerShell\v1.0\;C:\WINDOWS\System32\OpenSSH\;C:\Program Files\dotnet\;C:\MinGW\bin;C:\Ruby31-x64\bin;C:\Users\Le Thanh Hang\AppData\Local\Microsoft\WindowsApps;C:\Users\Le Thanh Hang\AppData\Local\GitHubDesktop\bin;C:\Users\Le Thanh Hang\AppData\Roaming\npm;C:\Users\Le Thanh Hang\.dotnet\tools;C:\Users\Le Thanh Hang\AppData\Local\Programs\Microsoft VS Code\bin
USERNAME=Le Thanh Hang
OS=Windows_NT
PROCESSOR_IDENTIFIER=AMD64 Family 25 Model 80 Stepping 0, AuthenticAMD



---------------  S Y S T E M  ---------------

OS: Windows 10 , 64 bit Build 22621 (10.0.22621.963)
OS uptime: 0 days 2:11 hours
Hyper-V role detected

CPU:total 16 (initial active 16) (16 cores per cpu, 2 threads per core) family 25 model 80 stepping 0 microcode 0x0, cmov, cx8, fxsr, mmx, sse, sse2, sse3, ssse3, sse4.1, sse4.2, popcnt, avx, avx2, aes, clmul, erms, mmxext, 3dnowpref, lzcnt, sse4a, ht, tsc, tscinvbit, tscinv, bmi1, bmi2, adx, sha, fma

Memory: 4k page, system-wide physical 7523M (361M free)
TotalPageFile size 11619M (AvailPageFile size 10M)
current process WorkingSet (physical memory assigned to process): 378M, peak: 385M
current process commit charge ("private bytes"): 429M, peak: 437M

vm_info: OpenJDK 64-Bit Server VM (11.0.12+7-b1504.28-7817840) for windows-amd64 JRE (11.0.12+7-b1504.28-7817840), built on Oct 13 2021 22:12:33 by "builder" with MS VC++ 14.0 (VS2015)

END.
