#
# There is insufficient memory for the Java Runtime Environment to continue.
# Native memory allocation (malloc) failed to allocate 1128896 bytes for Chunk::new
# Possible reasons:
#   The system is out of physical RAM or swap space
#   The process is running with CompressedOops enabled, and the Java Heap may be blocking the growth of the native heap
# Possible solutions:
#   Reduce memory load on the system
#   Increase physical memory or swap space
#   Check if swap backing store is full
#   Decrease Java heap size (-Xmx/-Xms)
#   Decrease number of Java threads
#   Decrease Java thread stack sizes (-Xss)
#   Set larger code cache with -XX:ReservedCodeCacheSize=
#   JVM is running with Unscaled Compressed Oops mode in which the Java heap is
#     placed in the first 4GB address space. The Java Heap base address is the
#     maximum limit for the native heap growth. Please use -XX:HeapBaseMinAddress
#     to set the Java Heap base and to place the Java Heap above 4GB virtual address.
# This output file may be truncated or incomplete.
#
#  Out of Memory Error (./src/hotspot/share/memory/arena.cpp:197), pid=16704, tid=10016
#
# JRE version: OpenJDK Runtime Environment (11.0.12+7) (build 11.0.12+7-b1504.28-7817840)
# Java VM: OpenJDK 64-Bit Server VM (11.0.12+7-b1504.28-7817840, mixed mode, tiered, compressed oops, g1 gc, windows-amd64)
# No core dump will be written. Minidumps are not enabled by default on client versions of Windows
#

---------------  S U M M A R Y ------------

Command Line: --add-opens=java.base/java.util=ALL-UNNAMED --add-opens=java.base/java.lang=ALL-UNNAMED --add-opens=java.base/java.lang.invoke=ALL-UNNAMED --add-opens=java.base/java.util=ALL-UNNAMED --add-opens=java.prefs/java.util.prefs=ALL-UNNAMED --add-opens=java.prefs/java.util.prefs=ALL-UNNAMED --add-opens=java.base/java.nio.charset=ALL-UNNAMED --add-opens=java.base/java.net=ALL-UNNAMED --add-opens=java.base/java.util.concurrent.atomic=ALL-UNNAMED -Xmx2048m -Dfile.encoding=UTF-8 -Duser.country=US -Duser.language=en -Duser.variant org.gradle.launcher.daemon.bootstrap.GradleDaemon 7.4

Host: AMD Ryzen 7 5800H with Radeon Graphics         , 16 cores, 7G,  Windows 10 , 64 bit Build 22621 (10.0.22621.1105)
Time: Mon Jan 30 12:12:40 2023 SE Asia Standard Time elapsed time: 3.628510 seconds (0d 0h 0m 3s)

---------------  T H R E A D  ---------------

Current thread (0x000001b5f69ad000):  JavaThread "C2 CompilerThread0" daemon [_thread_in_native, id=10016, stack(0x0000007fa8500000,0x0000007fa8600000)]


Current CompileTask:
C2:   3628 3985       4       java.net.URLClassLoader$1::run (5 bytes)

Stack: [0x0000007fa8500000,0x0000007fa8600000]
Native frames: (J=compiled Java code, j=interpreted, Vv=VM code, C=native code)
V  [jvm.dll+0x5fbcea]
V  [jvm.dll+0x731905]
V  [jvm.dll+0x732f1d]
V  [jvm.dll+0x7335d3]
V  [jvm.dll+0x247bf8]
V  [jvm.dll+0xc018c]
V  [jvm.dll+0xc06cc]
V  [jvm.dll+0x2bcc04]
V  [jvm.dll+0x5113a8]
V  [jvm.dll+0x208303]
V  [jvm.dll+0x201fe0]
V  [jvm.dll+0x1ff71f]
V  [jvm.dll+0x18868c]
V  [jvm.dll+0x20e0d7]
V  [jvm.dll+0x20c901]
V  [jvm.dll+0x6f9b7f]
V  [jvm.dll+0x6f26a5]
V  [jvm.dll+0x5fabf6]
C  [ucrtbase.dll+0x29363]
C  [KERNEL32.DLL+0x126bd]
C  [ntdll.dll+0x5dfb8]


---------------  P R O C E S S  ---------------

Threads class SMR info:
_java_thread_list=0x000001b5f9fe94c0, length=37, elements={
0x000001b5db1dd000, 0x000001b5f6952800, 0x000001b5f695c000, 0x000001b5f69a3800,
0x000001b5f69a5000, 0x000001b5f69aa000, 0x000001b5f69ad000, 0x000001b5f69ae800,
0x000001b5f69af800, 0x000001b5f60c7000, 0x000001b5f6b09800, 0x000001b5f6b7f800,
0x000001b5f7ac9000, 0x000001b5f84a5800, 0x000001b5f838e800, 0x000001b5f945e800,
0x000001b5f89f6000, 0x000001b5f81c7800, 0x000001b5f7da5000, 0x000001b5f8b7c000,
0x000001b5f8b7c800, 0x000001b5f8fea800, 0x000001b5f8ce4000, 0x000001b5f8ce6800,
0x000001b5f8ce5000, 0x000001b5f8ce1000, 0x000001b5f8ce7800, 0x000001b5f8ce1800,
0x000001b5f8ce2800, 0x000001b5f8ce3800, 0x000001b5f8ce6000, 0x000001b5f9dd3000,
0x000001b5f9dd9800, 0x000001b5f9dd9000, 0x000001b5f9dd4000, 0x000001b5f9dd5000,
0x000001b5f9ddb800
}

Java Threads: ( => current thread )
  0x000001b5db1dd000 JavaThread "main" [_thread_blocked, id=13840, stack(0x0000007fa7900000,0x0000007fa7a00000)]
  0x000001b5f6952800 JavaThread "Reference Handler" daemon [_thread_blocked, id=9508, stack(0x0000007fa8000000,0x0000007fa8100000)]
  0x000001b5f695c000 JavaThread "Finalizer" daemon [_thread_blocked, id=18884, stack(0x0000007fa8100000,0x0000007fa8200000)]
  0x000001b5f69a3800 JavaThread "Signal Dispatcher" daemon [_thread_blocked, id=9528, stack(0x0000007fa8200000,0x0000007fa8300000)]
  0x000001b5f69a5000 JavaThread "Attach Listener" daemon [_thread_blocked, id=14344, stack(0x0000007fa8300000,0x0000007fa8400000)]
  0x000001b5f69aa000 JavaThread "Service Thread" daemon [_thread_blocked, id=12168, stack(0x0000007fa8400000,0x0000007fa8500000)]
=>0x000001b5f69ad000 JavaThread "C2 CompilerThread0" daemon [_thread_in_native, id=10016, stack(0x0000007fa8500000,0x0000007fa8600000)]
  0x000001b5f69ae800 JavaThread "C1 CompilerThread0" daemon [_thread_blocked, id=2744, stack(0x0000007fa8600000,0x0000007fa8700000)]
  0x000001b5f69af800 JavaThread "Sweeper thread" daemon [_thread_blocked, id=15900, stack(0x0000007fa8700000,0x0000007fa8800000)]
  0x000001b5f60c7000 JavaThread "C1 CompilerThread1" daemon [_thread_blocked, id=18480, stack(0x0000007fa8800000,0x0000007fa8900000)]
  0x000001b5f6b09800 JavaThread "Common-Cleaner" daemon [_thread_blocked, id=18004, stack(0x0000007fa8900000,0x0000007fa8a00000)]
  0x000001b5f6b7f800 JavaThread "C1 CompilerThread2" daemon [_thread_blocked, id=12148, stack(0x0000007fa8a00000,0x0000007fa8b00000)]
  0x000001b5f7ac9000 JavaThread "C1 CompilerThread3" daemon [_thread_blocked, id=15660, stack(0x0000007fa8f00000,0x0000007fa9000000)]
  0x000001b5f84a5800 JavaThread "Daemon health stats" [_thread_blocked, id=8252, stack(0x0000007fa9000000,0x0000007fa9100000)]
  0x000001b5f838e800 JavaThread "Incoming local TCP Connector on port 54887" [_thread_in_native, id=17336, stack(0x0000007fa8c00000,0x0000007fa8d00000)]
  0x000001b5f945e800 JavaThread "Daemon periodic checks" [_thread_blocked, id=16920, stack(0x0000007fa8d00000,0x0000007fa8e00000)]
  0x000001b5f89f6000 JavaThread "Daemon" [_thread_blocked, id=9676, stack(0x0000007fa9700000,0x0000007fa9800000)]
  0x000001b5f81c7800 JavaThread "Handler for socket connection from /127.0.0.1:54887 to /127.0.0.1:54889" [_thread_in_native, id=2384, stack(0x0000007fa9800000,0x0000007fa9900000)]
  0x000001b5f7da5000 JavaThread "Cancel handler" [_thread_blocked, id=8972, stack(0x0000007fa9900000,0x0000007fa9a00000)]
  0x000001b5f8b7c000 JavaThread "Daemon worker" [_thread_in_Java, id=6312, stack(0x0000007fa9a00000,0x0000007fa9b00000)]
  0x000001b5f8b7c800 JavaThread "Asynchronous log dispatcher for DefaultDaemonConnection: socket connection from /127.0.0.1:54887 to /127.0.0.1:54889" [_thread_blocked, id=17844, stack(0x0000007fa9b00000,0x0000007fa9c00000)]
  0x000001b5f8fea800 JavaThread "Stdin handler" [_thread_blocked, id=17728, stack(0x0000007fa9c00000,0x0000007fa9d00000)]
  0x000001b5f8ce4000 JavaThread "Daemon client event forwarder" [_thread_blocked, id=10632, stack(0x0000007fa9d00000,0x0000007fa9e00000)]
  0x000001b5f8ce6800 JavaThread "Cache worker for journal cache (C:\Users\Le Thanh Hang\.gradle\caches\journal-1)" [_thread_blocked, id=12612, stack(0x0000007fa9e00000,0x0000007fa9f00000)]
  0x000001b5f8ce5000 JavaThread "File lock request listener" [_thread_in_native, id=1268, stack(0x0000007fa9f00000,0x0000007faa000000)]
  0x000001b5f8ce1000 JavaThread "Cache worker for file hash cache (C:\Users\Le Thanh Hang\.gradle\caches\7.4\fileHashes)" [_thread_blocked, id=12448, stack(0x0000007faa000000,0x0000007faa100000)]
  0x000001b5f8ce7800 JavaThread "File watcher server" daemon [_thread_in_native, id=15072, stack(0x0000007faaa00000,0x0000007faab00000)]
  0x000001b5f8ce1800 JavaThread "File watcher consumer" daemon [_thread_blocked, id=12088, stack(0x0000007faab00000,0x0000007faac00000)]
  0x000001b5f8ce2800 JavaThread "Cache worker for checksums cache (D:\NT118_PTUDDD\NT118_Nhom2_TripS\.gradle\7.4\checksums)" [_thread_blocked, id=17832, stack(0x0000007faac00000,0x0000007faad00000)]
  0x000001b5f8ce3800 JavaThread "Cache worker for cache directory md-rule (C:\Users\Le Thanh Hang\.gradle\caches\7.4\md-rule)" [_thread_blocked, id=896, stack(0x0000007faad00000,0x0000007faae00000)]
  0x000001b5f8ce6000 JavaThread "Cache worker for file hash cache (D:\NT118_PTUDDD\NT118_Nhom2_TripS\.gradle\7.4\fileHashes)" [_thread_blocked, id=18404, stack(0x0000007faae00000,0x0000007faaf00000)]
  0x000001b5f9dd3000 JavaThread "Cache worker for cache directory md-supplier (C:\Users\Le Thanh Hang\.gradle\caches\7.4\md-supplier)" [_thread_blocked, id=14520, stack(0x0000007faaf00000,0x0000007fab000000)]
  0x000001b5f9dd9800 JavaThread "Cache worker for execution history cache (C:\Users\Le Thanh Hang\.gradle\caches\7.4\executionHistory)" [_thread_blocked, id=12500, stack(0x0000007fab000000,0x0000007fab100000)]
  0x000001b5f9dd9000 JavaThread "jar transforms" [_thread_blocked, id=924, stack(0x0000007faa800000,0x0000007faa900000)]
  0x000001b5f9dd4000 JavaThread "Cache worker for file content cache (C:\Users\Le Thanh Hang\.gradle\caches\7.4\fileContent)" [_thread_blocked, id=19036, stack(0x0000007faa900000,0x0000007faaa00000)]
  0x000001b5f9dd5000 JavaThread "jar transforms Thread 2" [_thread_blocked, id=4132, stack(0x0000007fab100000,0x0000007fab200000)]
  0x000001b5f9ddb800 JavaThread "Cache worker for dependencies-accessors (D:\NT118_PTUDDD\NT118_Nhom2_TripS\.gradle\7.4\dependencies-accessors)" [_thread_blocked, id=13096, stack(0x0000007fab200000,0x0000007fab300000)]

Other Threads:
  0x000001b5f6125000 VMThread "VM Thread" [stack: 0x0000007fa7f00000,0x0000007fa8000000] [id=14388]
  0x000001b5f6b7d800 WatcherThread [stack: 0x0000007fa8b00000,0x0000007fa8c00000] [id=1892]
  0x000001b5db1f5800 GCTaskThread "GC Thread#0" [stack: 0x0000007fa7a00000,0x0000007fa7b00000] [id=5116]
  0x000001b5f6fc9000 GCTaskThread "GC Thread#1" [stack: 0x0000007fa8e00000,0x0000007fa8f00000] [id=2668]
  0x000001b5f8b2a000 GCTaskThread "GC Thread#2" [stack: 0x0000007fa9100000,0x0000007fa9200000] [id=7700]
  0x000001b5f960f000 GCTaskThread "GC Thread#3" [stack: 0x0000007fa9200000,0x0000007fa9300000] [id=1768]
  0x000001b5f85df000 GCTaskThread "GC Thread#4" [stack: 0x0000007fa9300000,0x0000007fa9400000] [id=304]
  0x000001b5f9413800 GCTaskThread "GC Thread#5" [stack: 0x0000007fa9400000,0x0000007fa9500000] [id=6376]
  0x000001b5f9132800 GCTaskThread "GC Thread#6" [stack: 0x0000007fa9500000,0x0000007fa9600000] [id=8904]
  0x000001b5f8865000 GCTaskThread "GC Thread#7" [stack: 0x0000007fa9600000,0x0000007fa9700000] [id=14184]
  0x000001b5f88d7800 GCTaskThread "GC Thread#8" [stack: 0x0000007faa100000,0x0000007faa200000] [id=5616]
  0x000001b5f7fbc800 GCTaskThread "GC Thread#9" [stack: 0x0000007faa200000,0x0000007faa300000] [id=16176]
  0x000001b5f80cb000 GCTaskThread "GC Thread#10" [stack: 0x0000007faa300000,0x0000007faa400000] [id=15692]
  0x000001b5f8553000 GCTaskThread "GC Thread#11" [stack: 0x0000007faa400000,0x0000007faa500000] [id=17740]
  0x000001b5f8554000 GCTaskThread "GC Thread#12" [stack: 0x0000007faa500000,0x0000007faa600000] [id=13928]
  0x000001b5db22c000 ConcurrentGCThread "G1 Main Marker" [stack: 0x0000007fa7b00000,0x0000007fa7c00000] [id=18928]
  0x000001b5db22d000 ConcurrentGCThread "G1 Conc#0" [stack: 0x0000007fa7c00000,0x0000007fa7d00000] [id=10436]
  0x000001b5f8ac9800 ConcurrentGCThread "G1 Conc#1" [stack: 0x0000007faa600000,0x0000007faa700000] [id=19376]
  0x000001b5f845f000 ConcurrentGCThread "G1 Conc#2" [stack: 0x0000007faa700000,0x0000007faa800000] [id=7928]
  0x000001b5f5f70800 ConcurrentGCThread "G1 Refine#0" [stack: 0x0000007fa7d00000,0x0000007fa7e00000] [id=9084]
  0x000001b5f5f71800 ConcurrentGCThread "G1 Young RemSet Sampling" [stack: 0x0000007fa7e00000,0x0000007fa7f00000] [id=6252]

Threads with active compile tasks:
C2 CompilerThread0   3647 3985       4       java.net.URLClassLoader$1::run (5 bytes)

VM state:not at safepoint (normal execution)

VM Mutex/Monitor currently owned by a thread: None

Heap address: 0x0000000080000000, size: 2048 MB, Compressed Oops mode: 32-bit
Narrow klass base: 0x0000000000000000, Narrow klass shift: 3
Compressed class space size: 1073741824 Address: 0x0000000100000000

Heap:
 garbage-first heap   total 120832K, used 67031K [0x0000000080000000, 0x0000000100000000)
  region size 1024K, 47 young (48128K), 8 survivors (8192K)
 Metaspace       used 43963K, capacity 44937K, committed 45132K, reserved 1089536K
  class space    used 5567K, capacity 5935K, committed 5964K, reserved 1048576K
Heap Regions: E=young(eden), S=young(survivor), O=old, HS=humongous(starts), HC=humongous(continues), CS=collection set, F=free, A=archive, TAMS=top-at-mark-start (previous, next)
|   0|0x0000000080000000, 0x0000000080100000, 0x0000000080100000|100%| O|  |TAMS 0x0000000080100000, 0x0000000080000000| Untracked 
|   1|0x0000000080100000, 0x0000000080200000, 0x0000000080200000|100%| O|  |TAMS 0x0000000080200000, 0x0000000080100000| Untracked 
|   2|0x0000000080200000, 0x0000000080300000, 0x0000000080300000|100%| O|  |TAMS 0x0000000080300000, 0x0000000080200000| Untracked 
|   3|0x0000000080300000, 0x0000000080400000, 0x0000000080400000|100%|HS|  |TAMS 0x0000000080400000, 0x0000000080300000| Complete 
|   4|0x0000000080400000, 0x0000000080500000, 0x0000000080500000|100%|HC|  |TAMS 0x0000000080500000, 0x0000000080400000| Complete 
|   5|0x0000000080500000, 0x0000000080600000, 0x0000000080600000|100%|HC|  |TAMS 0x0000000080600000, 0x0000000080500000| Complete 
|   6|0x0000000080600000, 0x0000000080700000, 0x0000000080700000|100%| O|  |TAMS 0x0000000080700000, 0x0000000080600000| Untracked 
|   7|0x0000000080700000, 0x0000000080800000, 0x0000000080800000|100%| O|  |TAMS 0x0000000080800000, 0x0000000080700000| Untracked 
|   8|0x0000000080800000, 0x0000000080900000, 0x0000000080900000|100%| O|  |TAMS 0x0000000080900000, 0x0000000080800000| Untracked 
|   9|0x0000000080900000, 0x0000000080a00000, 0x0000000080a00000|100%| O|  |TAMS 0x0000000080a00000, 0x0000000080900000| Untracked 
|  10|0x0000000080a00000, 0x0000000080b00000, 0x0000000080b00000|100%| O|  |TAMS 0x0000000080b00000, 0x0000000080a00000| Untracked 
|  11|0x0000000080b00000, 0x0000000080c00000, 0x0000000080c00000|100%| O|  |TAMS 0x0000000080c00000, 0x0000000080b00000| Untracked 
|  12|0x0000000080c00000, 0x0000000080d00000, 0x0000000080d00000|100%| O|  |TAMS 0x0000000080d00000, 0x0000000080c00000| Untracked 
|  13|0x0000000080d00000, 0x0000000080e00000, 0x0000000080e00000|100%| O|  |TAMS 0x0000000080e00000, 0x0000000080d00000| Untracked 
|  14|0x0000000080e00000, 0x0000000080f00000, 0x0000000080f00000|100%| O|  |TAMS 0x0000000080f00000, 0x0000000080e00000| Untracked 
|  15|0x0000000080f00000, 0x0000000081000000, 0x0000000081000000|100%| O|  |TAMS 0x0000000081000000, 0x0000000080f00000| Untracked 
|  16|0x0000000081000000, 0x0000000081100000, 0x0000000081100000|100%| O|  |TAMS 0x00000000810eb200, 0x0000000081000000| Untracked 
|  17|0x0000000081100000, 0x0000000081200000, 0x0000000081200000|100%|HS|  |TAMS 0x0000000081100000, 0x0000000081100000| Complete 
|  18|0x0000000081200000, 0x0000000081200000, 0x0000000081300000|  0%| F|  |TAMS 0x0000000081200000, 0x0000000081200000| Untracked 
|  19|0x0000000081300000, 0x0000000081300000, 0x0000000081400000|  0%| F|  |TAMS 0x0000000081300000, 0x0000000081300000| Untracked 
|  20|0x0000000081400000, 0x0000000081500000, 0x0000000081500000|100%| O|  |TAMS 0x0000000081400000, 0x0000000081400000| Untracked 
|  21|0x0000000081500000, 0x0000000081600000, 0x0000000081600000|100%| O|  |TAMS 0x0000000081500000, 0x0000000081500000| Untracked 
|  22|0x0000000081600000, 0x0000000081675e00, 0x0000000081700000| 46%| O|  |TAMS 0x0000000081600000, 0x0000000081600000| Untracked 
|  23|0x0000000081700000, 0x0000000081700000, 0x0000000081800000|  0%| F|  |TAMS 0x0000000081700000, 0x0000000081700000| Untracked 
|  24|0x0000000081800000, 0x0000000081800000, 0x0000000081900000|  0%| F|  |TAMS 0x0000000081800000, 0x0000000081800000| Untracked 
|  25|0x0000000081900000, 0x0000000081900000, 0x0000000081a00000|  0%| F|  |TAMS 0x0000000081900000, 0x0000000081900000| Untracked 
|  26|0x0000000081a00000, 0x0000000081a00000, 0x0000000081b00000|  0%| F|  |TAMS 0x0000000081a00000, 0x0000000081a00000| Untracked 
|  27|0x0000000081b00000, 0x0000000081b00000, 0x0000000081c00000|  0%| F|  |TAMS 0x0000000081b00000, 0x0000000081b00000| Untracked 
|  28|0x0000000081c00000, 0x0000000081c00000, 0x0000000081d00000|  0%| F|  |TAMS 0x0000000081c00000, 0x0000000081c00000| Untracked 
|  29|0x0000000081d00000, 0x0000000081d00000, 0x0000000081e00000|  0%| F|  |TAMS 0x0000000081d00000, 0x0000000081d00000| Untracked 
|  30|0x0000000081e00000, 0x0000000081e00000, 0x0000000081f00000|  0%| F|  |TAMS 0x0000000081e00000, 0x0000000081e00000| Untracked 
|  31|0x0000000081f00000, 0x0000000081f00000, 0x0000000082000000|  0%| F|  |TAMS 0x0000000081f00000, 0x0000000081f00000| Untracked 
|  32|0x0000000082000000, 0x0000000082000000, 0x0000000082100000|  0%| F|  |TAMS 0x0000000082000000, 0x0000000082000000| Untracked 
|  33|0x0000000082100000, 0x0000000082100000, 0x0000000082200000|  0%| F|  |TAMS 0x0000000082100000, 0x0000000082100000| Untracked 
|  34|0x0000000082200000, 0x0000000082200000, 0x0000000082300000|  0%| F|  |TAMS 0x0000000082200000, 0x0000000082200000| Untracked 
|  35|0x0000000082300000, 0x0000000082300000, 0x0000000082400000|  0%| F|  |TAMS 0x0000000082300000, 0x0000000082300000| Untracked 
|  36|0x0000000082400000, 0x0000000082400000, 0x0000000082500000|  0%| F|  |TAMS 0x0000000082400000, 0x0000000082400000| Untracked 
|  37|0x0000000082500000, 0x0000000082500000, 0x0000000082600000|  0%| F|  |TAMS 0x0000000082500000, 0x0000000082500000| Untracked 
|  38|0x0000000082600000, 0x0000000082600000, 0x0000000082700000|  0%| F|  |TAMS 0x0000000082600000, 0x0000000082600000| Untracked 
|  39|0x0000000082700000, 0x0000000082700000, 0x0000000082800000|  0%| F|  |TAMS 0x0000000082700000, 0x0000000082700000| Untracked 
|  40|0x0000000082800000, 0x0000000082800000, 0x0000000082900000|  0%| F|  |TAMS 0x0000000082800000, 0x0000000082800000| Untracked 
|  41|0x0000000082900000, 0x0000000082900000, 0x0000000082a00000|  0%| F|  |TAMS 0x0000000082900000, 0x0000000082900000| Untracked 
|  42|0x0000000082a00000, 0x0000000082a00000, 0x0000000082b00000|  0%| F|  |TAMS 0x0000000082a00000, 0x0000000082a00000| Untracked 
|  43|0x0000000082b00000, 0x0000000082b00000, 0x0000000082c00000|  0%| F|  |TAMS 0x0000000082b00000, 0x0000000082b00000| Untracked 
|  44|0x0000000082c00000, 0x0000000082c00000, 0x0000000082d00000|  0%| F|  |TAMS 0x0000000082c00000, 0x0000000082c00000| Untracked 
|  45|0x0000000082d00000, 0x0000000082d00000, 0x0000000082e00000|  0%| F|  |TAMS 0x0000000082d00000, 0x0000000082d00000| Untracked 
|  46|0x0000000082e00000, 0x0000000082f00000, 0x0000000082f00000|100%| S|CS|TAMS 0x0000000082e00000, 0x0000000082e00000| Complete 
|  47|0x0000000082f00000, 0x0000000083000000, 0x0000000083000000|100%| S|CS|TAMS 0x0000000082f00000, 0x0000000082f00000| Complete 
|  48|0x0000000083000000, 0x0000000083100000, 0x0000000083100000|100%| S|CS|TAMS 0x0000000083000000, 0x0000000083000000| Complete 
|  49|0x0000000083100000, 0x0000000083200000, 0x0000000083200000|100%| S|CS|TAMS 0x0000000083100000, 0x0000000083100000| Complete 
|  50|0x0000000083200000, 0x0000000083300000, 0x0000000083300000|100%| S|CS|TAMS 0x0000000083200000, 0x0000000083200000| Complete 
|  51|0x0000000083300000, 0x0000000083400000, 0x0000000083400000|100%| S|CS|TAMS 0x0000000083300000, 0x0000000083300000| Complete 
|  52|0x0000000083400000, 0x0000000083500000, 0x0000000083500000|100%| S|CS|TAMS 0x0000000083400000, 0x0000000083400000| Complete 
|  53|0x0000000083500000, 0x0000000083600000, 0x0000000083600000|100%| S|CS|TAMS 0x0000000083500000, 0x0000000083500000| Complete 
|  54|0x0000000083600000, 0x0000000083600000, 0x0000000083700000|  0%| F|  |TAMS 0x0000000083600000, 0x0000000083600000| Untracked 
|  55|0x0000000083700000, 0x0000000083700000, 0x0000000083800000|  0%| F|  |TAMS 0x0000000083700000, 0x0000000083700000| Untracked 
|  56|0x0000000083800000, 0x0000000083800000, 0x0000000083900000|  0%| F|  |TAMS 0x0000000083800000, 0x0000000083800000| Untracked 
|  57|0x0000000083900000, 0x0000000083900000, 0x0000000083a00000|  0%| F|  |TAMS 0x0000000083900000, 0x0000000083900000| Untracked 
|  58|0x0000000083a00000, 0x0000000083a00000, 0x0000000083b00000|  0%| F|  |TAMS 0x0000000083a00000, 0x0000000083a00000| Untracked 
|  59|0x0000000083b00000, 0x0000000083b00000, 0x0000000083c00000|  0%| F|  |TAMS 0x0000000083b00000, 0x0000000083b00000| Untracked 
|  60|0x0000000083c00000, 0x0000000083c00000, 0x0000000083d00000|  0%| F|  |TAMS 0x0000000083c00000, 0x0000000083c00000| Untracked 
|  61|0x0000000083d00000, 0x0000000083d00000, 0x0000000083e00000|  0%| F|  |TAMS 0x0000000083d00000, 0x0000000083d00000| Untracked 
|  62|0x0000000083e00000, 0x0000000083e00000, 0x0000000083f00000|  0%| F|  |TAMS 0x0000000083e00000, 0x0000000083e00000| Untracked 
|  63|0x0000000083f00000, 0x0000000083f00000, 0x0000000084000000|  0%| F|  |TAMS 0x0000000083f00000, 0x0000000083f00000| Untracked 
|  64|0x0000000084000000, 0x0000000084000000, 0x0000000084100000|  0%| F|  |TAMS 0x0000000084000000, 0x0000000084000000| Untracked 
|  65|0x0000000084100000, 0x0000000084100000, 0x0000000084200000|  0%| F|  |TAMS 0x0000000084100000, 0x0000000084100000| Untracked 
|  66|0x0000000084200000, 0x0000000084200000, 0x0000000084300000|  0%| F|  |TAMS 0x0000000084200000, 0x0000000084200000| Untracked 
|  67|0x0000000084300000, 0x0000000084300000, 0x0000000084400000|  0%| F|  |TAMS 0x0000000084300000, 0x0000000084300000| Untracked 
|  68|0x0000000084400000, 0x0000000084400000, 0x0000000084500000|  0%| F|  |TAMS 0x0000000084400000, 0x0000000084400000| Untracked 
|  69|0x0000000084500000, 0x0000000084500000, 0x0000000084600000|  0%| F|  |TAMS 0x0000000084500000, 0x0000000084500000| Untracked 
|  70|0x0000000084600000, 0x0000000084600000, 0x0000000084700000|  0%| F|  |TAMS 0x0000000084600000, 0x0000000084600000| Untracked 
|  71|0x0000000084700000, 0x0000000084700000, 0x0000000084800000|  0%| F|  |TAMS 0x0000000084700000, 0x0000000084700000| Untracked 
|  72|0x0000000084800000, 0x0000000084800000, 0x0000000084900000|  0%| F|  |TAMS 0x0000000084800000, 0x0000000084800000| Untracked 
|  73|0x0000000084900000, 0x0000000084900000, 0x0000000084a00000|  0%| F|  |TAMS 0x0000000084900000, 0x0000000084900000| Untracked 
|  74|0x0000000084a00000, 0x0000000084a00000, 0x0000000084b00000|  0%| F|  |TAMS 0x0000000084a00000, 0x0000000084a00000| Untracked 
|  75|0x0000000084b00000, 0x0000000084b00000, 0x0000000084c00000|  0%| F|  |TAMS 0x0000000084b00000, 0x0000000084b00000| Untracked 
|  76|0x0000000084c00000, 0x0000000084c00000, 0x0000000084d00000|  0%| F|  |TAMS 0x0000000084c00000, 0x0000000084c00000| Untracked 
|  77|0x0000000084d00000, 0x0000000084d00000, 0x0000000084e00000|  0%| F|  |TAMS 0x0000000084d00000, 0x0000000084d00000| Untracked 
|  78|0x0000000084e00000, 0x0000000084e00000, 0x0000000084f00000|  0%| F|  |TAMS 0x0000000084e00000, 0x0000000084e00000| Untracked 
|  79|0x0000000084f00000, 0x0000000085000000, 0x0000000085000000|100%| E|  |TAMS 0x0000000084f00000, 0x0000000084f00000| Complete 
|  80|0x0000000085000000, 0x0000000085100000, 0x0000000085100000|100%| E|CS|TAMS 0x0000000085000000, 0x0000000085000000| Complete 
|  81|0x0000000085100000, 0x0000000085200000, 0x0000000085200000|100%| E|  |TAMS 0x0000000085100000, 0x0000000085100000| Complete 
|  82|0x0000000085200000, 0x0000000085300000, 0x0000000085300000|100%| E|CS|TAMS 0x0000000085200000, 0x0000000085200000| Complete 
|  83|0x0000000085300000, 0x0000000085400000, 0x0000000085400000|100%| E|CS|TAMS 0x0000000085300000, 0x0000000085300000| Complete 
|  84|0x0000000085400000, 0x0000000085500000, 0x0000000085500000|100%| E|CS|TAMS 0x0000000085400000, 0x0000000085400000| Complete 
|  85|0x0000000085500000, 0x0000000085600000, 0x0000000085600000|100%| E|CS|TAMS 0x0000000085500000, 0x0000000085500000| Complete 
|  86|0x0000000085600000, 0x0000000085700000, 0x0000000085700000|100%| E|CS|TAMS 0x0000000085600000, 0x0000000085600000| Complete 
|  87|0x0000000085700000, 0x0000000085800000, 0x0000000085800000|100%| E|CS|TAMS 0x0000000085700000, 0x0000000085700000| Complete 
|  88|0x0000000085800000, 0x0000000085900000, 0x0000000085900000|100%| E|CS|TAMS 0x0000000085800000, 0x0000000085800000| Complete 
|  89|0x0000000085900000, 0x0000000085a00000, 0x0000000085a00000|100%| E|CS|TAMS 0x0000000085900000, 0x0000000085900000| Complete 
|  90|0x0000000085a00000, 0x0000000085b00000, 0x0000000085b00000|100%| E|CS|TAMS 0x0000000085a00000, 0x0000000085a00000| Complete 
|  91|0x0000000085b00000, 0x0000000085c00000, 0x0000000085c00000|100%| E|CS|TAMS 0x0000000085b00000, 0x0000000085b00000| Complete 
|  92|0x0000000085c00000, 0x0000000085d00000, 0x0000000085d00000|100%| E|CS|TAMS 0x0000000085c00000, 0x0000000085c00000| Complete 
|  93|0x0000000085d00000, 0x0000000085e00000, 0x0000000085e00000|100%| E|CS|TAMS 0x0000000085d00000, 0x0000000085d00000| Complete 
|  94|0x0000000085e00000, 0x0000000085f00000, 0x0000000085f00000|100%| E|CS|TAMS 0x0000000085e00000, 0x0000000085e00000| Complete 
|  95|0x0000000085f00000, 0x0000000086000000, 0x0000000086000000|100%| E|CS|TAMS 0x0000000085f00000, 0x0000000085f00000| Complete 
|  96|0x0000000086000000, 0x0000000086100000, 0x0000000086100000|100%| E|CS|TAMS 0x0000000086000000, 0x0000000086000000| Complete 
|  97|0x0000000086100000, 0x0000000086200000, 0x0000000086200000|100%| E|CS|TAMS 0x0000000086100000, 0x0000000086100000| Complete 
|  98|0x0000000086200000, 0x0000000086300000, 0x0000000086300000|100%| E|CS|TAMS 0x0000000086200000, 0x0000000086200000| Complete 
|  99|0x0000000086300000, 0x0000000086400000, 0x0000000086400000|100%| E|CS|TAMS 0x0000000086300000, 0x0000000086300000| Complete 
| 100|0x0000000086400000, 0x0000000086500000, 0x0000000086500000|100%| E|CS|TAMS 0x0000000086400000, 0x0000000086400000| Complete 
| 101|0x0000000086500000, 0x0000000086600000, 0x0000000086600000|100%| E|CS|TAMS 0x0000000086500000, 0x0000000086500000| Complete 
| 102|0x0000000086600000, 0x0000000086700000, 0x0000000086700000|100%| E|CS|TAMS 0x0000000086600000, 0x0000000086600000| Complete 
| 103|0x0000000086700000, 0x0000000086800000, 0x0000000086800000|100%| E|CS|TAMS 0x0000000086700000, 0x0000000086700000| Complete 
| 104|0x0000000086800000, 0x0000000086900000, 0x0000000086900000|100%| E|CS|TAMS 0x0000000086800000, 0x0000000086800000| Complete 
| 105|0x0000000086900000, 0x0000000086a00000, 0x0000000086a00000|100%| E|CS|TAMS 0x0000000086900000, 0x0000000086900000| Complete 
| 106|0x0000000086a00000, 0x0000000086b00000, 0x0000000086b00000|100%| E|CS|TAMS 0x0000000086a00000, 0x0000000086a00000| Complete 
| 107|0x0000000086b00000, 0x0000000086c00000, 0x0000000086c00000|100%| E|CS|TAMS 0x0000000086b00000, 0x0000000086b00000| Complete 
| 108|0x0000000086c00000, 0x0000000086d00000, 0x0000000086d00000|100%| E|CS|TAMS 0x0000000086c00000, 0x0000000086c00000| Complete 
| 109|0x0000000086d00000, 0x0000000086e00000, 0x0000000086e00000|100%| E|CS|TAMS 0x0000000086d00000, 0x0000000086d00000| Complete 
| 110|0x0000000086e00000, 0x0000000086f00000, 0x0000000086f00000|100%| E|CS|TAMS 0x0000000086e00000, 0x0000000086e00000| Complete 
| 111|0x0000000086f00000, 0x0000000087000000, 0x0000000087000000|100%| E|CS|TAMS 0x0000000086f00000, 0x0000000086f00000| Complete 
| 112|0x0000000087000000, 0x0000000087100000, 0x0000000087100000|100%| E|CS|TAMS 0x0000000087000000, 0x0000000087000000| Complete 
| 113|0x0000000087100000, 0x0000000087200000, 0x0000000087200000|100%| E|CS|TAMS 0x0000000087100000, 0x0000000087100000| Complete 
| 114|0x0000000087200000, 0x0000000087300000, 0x0000000087300000|100%| E|CS|TAMS 0x0000000087200000, 0x0000000087200000| Complete 
| 115|0x0000000087300000, 0x0000000087400000, 0x0000000087400000|100%| E|CS|TAMS 0x0000000087300000, 0x0000000087300000| Complete 
| 116|0x0000000087400000, 0x0000000087500000, 0x0000000087500000|100%| E|CS|TAMS 0x0000000087400000, 0x0000000087400000| Complete 
| 117|0x0000000087500000, 0x0000000087600000, 0x0000000087600000|100%| E|CS|TAMS 0x0000000087500000, 0x0000000087500000| Complete 

Card table byte_map: [0x000001b5ee970000,0x000001b5eed70000] _byte_map_base: 0x000001b5ee570000

Marking Bits (Prev, Next): (CMBitMap*) 0x000001b5db223398, (CMBitMap*) 0x000001b5db2233d0
 Prev Bits: [0x000001b5ef170000, 0x000001b5f1170000)
 Next Bits: [0x000001b5f1170000, 0x000001b5f3170000)

Polling page: 0x000001b5d9150000

Metaspace:

Usage:
  Non-class:     38.09 MB capacity,    37.51 MB ( 98%) used,   489.66 KB (  1%) free+waste,   102.56 KB ( <1%) overhead. 
      Class:      5.80 MB capacity,     5.44 MB ( 94%) used,   316.03 KB (  5%) free+waste,    48.69 KB ( <1%) overhead. 
       Both:     43.89 MB capacity,    42.95 MB ( 98%) used,   805.70 KB (  2%) free+waste,   151.25 KB ( <1%) overhead. 

Virtual space:
  Non-class space:       40.00 MB reserved,      38.25 MB ( 96%) committed 
      Class space:        1.00 GB reserved,       5.82 MB ( <1%) committed 
             Both:        1.04 GB reserved,      44.07 MB (  4%) committed 

Chunk freelists:
   Non-Class:  37.00 KB
       Class:  16.00 KB
        Both:  53.00 KB

MaxMetaspaceSize: 17179869184.00 GB
CompressedClassSpaceSize: 1.00 GB
Initial GC threshold: 20.80 MB
Current GC threshold: 58.88 MB
CDS: off

CodeHeap 'non-profiled nmethods': size=119168Kb used=1915Kb max_used=1915Kb free=117252Kb
 bounds [0x000001b5e6880000, 0x000001b5e6af0000, 0x000001b5edce0000]
CodeHeap 'profiled nmethods': size=119168Kb used=8943Kb max_used=8943Kb free=110224Kb
 bounds [0x000001b5df420000, 0x000001b5dfce0000, 0x000001b5e6880000]
CodeHeap 'non-nmethods': size=7424Kb used=3969Kb max_used=3993Kb free=3454Kb
 bounds [0x000001b5dece0000, 0x000001b5df0d0000, 0x000001b5df420000]
 total_blobs=4797 nmethods=4026 adapters=680
 compilation: enabled
              stopped_count=0, restarted_count=0
 full_count=0

Compilation events (20 events):
Event: 3.600 Thread 0x000001b5f60c7000 4040       3       org.objectweb.asm.ClassReader::readClass (7 bytes)
Event: 3.600 Thread 0x000001b5f7ac9000 4041       3       org.objectweb.asm.ClassReader::readStringish (16 bytes)
Event: 3.600 Thread 0x000001b5f7ac9000 nmethod 4041 0x000001b5dfccce10 code [0x000001b5dfccd000, 0x000001b5dfccd3e8]
Event: 3.600 Thread 0x000001b5f60c7000 nmethod 4040 0x000001b5dfccd610 code [0x000001b5dfccd800, 0x000001b5dfccdc48]
Event: 3.603 Thread 0x000001b5f69ae800 4043       3       sun.net.www.URLConnection::<init> (22 bytes)
Event: 3.603 Thread 0x000001b5f6b7f800 4044       3       sun.net.www.MessageHeader::<init> (9 bytes)
Event: 3.603 Thread 0x000001b5f7ac9000 4045       3       sun.net.www.MessageHeader::grow (92 bytes)
Event: 3.603 Thread 0x000001b5f60c7000 4046  s    3       sun.net.www.protocol.file.Handler::openConnection (7 bytes)
Event: 3.603 Thread 0x000001b5f60c7000 nmethod 4046 0x000001b5dfccde90 code [0x000001b5dfcce060, 0x000001b5dfcce328]
Event: 3.603 Thread 0x000001b5f69ae800 nmethod 4043 0x000001b5dfcce410 code [0x000001b5dfcce5e0, 0x000001b5dfcce8d8]
Event: 3.603 Thread 0x000001b5f7ac9000 nmethod 4045 0x000001b5dfccea10 code [0x000001b5dfccec00, 0x000001b5dfccf198]
Event: 3.603 Thread 0x000001b5f6b7f800 nmethod 4044 0x000001b5dfccf310 code [0x000001b5dfccf4e0, 0x000001b5dfccf668]
Event: 3.603 Thread 0x000001b5f6b7f800 4047  s!   3       sun.net.www.protocol.file.Handler::openConnection (273 bytes)
Event: 3.603 Thread 0x000001b5f7ac9000 4048       3       sun.net.www.protocol.file.Handler::createFileURLConnection (10 bytes)
Event: 3.603 Thread 0x000001b5f69ae800 4049       3       sun.net.www.protocol.file.FileURLConnection::<init> (38 bytes)
Event: 3.603 Thread 0x000001b5f7ac9000 nmethod 4048 0x000001b5dfccf710 code [0x000001b5dfccf8c0, 0x000001b5dfccfa68]
Event: 3.603 Thread 0x000001b5f69ae800 nmethod 4049 0x000001b5dfccfb10 code [0x000001b5dfccfd00, 0x000001b5dfcd00f8]
Event: 3.605 Thread 0x000001b5f6b7f800 nmethod 4047 0x000001b5dfcd0290 code [0x000001b5dfcd0840, 0x000001b5dfcd3228]
Event: 3.609 Thread 0x000001b5f60c7000 4050   !   3       java.util.concurrent.ConcurrentHashMap::computeIfAbsent (576 bytes)
Event: 3.611 Thread 0x000001b5f60c7000 nmethod 4050 0x000001b5dfcd4310 code [0x000001b5dfcd4780, 0x000001b5dfcd73a8]

GC Heap History (14 events):
Event: 0.372 GC heap before
{Heap before GC invocations=0 (full 0):
 garbage-first heap   total 120832K, used 29696K [0x0000000080000000, 0x0000000100000000)
  region size 1024K, 24 young (24576K), 0 survivors (0K)
 Metaspace       used 9822K, capacity 10024K, committed 10112K, reserved 1058816K
  class space    used 1007K, capacity 1069K, committed 1152K, reserved 1048576K
}
Event: 0.376 GC heap after
{Heap after GC invocations=1 (full 0):
 garbage-first heap   total 120832K, used 9413K [0x0000000080000000, 0x0000000100000000)
  region size 1024K, 3 young (3072K), 3 survivors (3072K)
 Metaspace       used 9822K, capacity 10024K, committed 10112K, reserved 1058816K
  class space    used 1007K, capacity 1069K, committed 1152K, reserved 1048576K
}
Event: 1.400 GC heap before
{Heap before GC invocations=1 (full 0):
 garbage-first heap   total 120832K, used 78021K [0x0000000080000000, 0x0000000100000000)
  region size 1024K, 70 young (71680K), 3 survivors (3072K)
 Metaspace       used 16543K, capacity 16944K, committed 17152K, reserved 1064960K
  class space    used 1886K, capacity 2034K, committed 2048K, reserved 1048576K
}
Event: 1.405 GC heap after
{Heap after GC invocations=2 (full 0):
 garbage-first heap   total 120832K, used 16502K [0x0000000080000000, 0x0000000100000000)
  region size 1024K, 9 young (9216K), 9 survivors (9216K)
 Metaspace       used 16543K, capacity 16944K, committed 17152K, reserved 1064960K
  class space    used 1886K, capacity 2034K, committed 2048K, reserved 1048576K
}
Event: 1.680 GC heap before
{Heap before GC invocations=2 (full 0):
 garbage-first heap   total 120832K, used 53366K [0x0000000080000000, 0x0000000100000000)
  region size 1024K, 46 young (47104K), 9 survivors (9216K)
 Metaspace       used 20759K, capacity 21139K, committed 21248K, reserved 1067008K
  class space    used 2536K, capacity 2710K, committed 2816K, reserved 1048576K
}
Event: 1.686 GC heap after
{Heap after GC invocations=3 (full 0):
 garbage-first heap   total 120832K, used 17650K [0x0000000080000000, 0x0000000100000000)
  region size 1024K, 2 young (2048K), 2 survivors (2048K)
 Metaspace       used 20759K, capacity 21139K, committed 21248K, reserved 1067008K
  class space    used 2536K, capacity 2710K, committed 2816K, reserved 1048576K
}
Event: 2.144 GC heap before
{Heap before GC invocations=4 (full 0):
 garbage-first heap   total 120832K, used 68850K [0x0000000080000000, 0x0000000100000000)
  region size 1024K, 52 young (53248K), 2 survivors (2048K)
 Metaspace       used 26138K, capacity 26730K, committed 27008K, reserved 1073152K
  class space    used 3408K, capacity 3648K, committed 3712K, reserved 1048576K
}
Event: 2.146 GC heap after
{Heap after GC invocations=5 (full 0):
 garbage-first heap   total 120832K, used 19486K [0x0000000080000000, 0x0000000100000000)
  region size 1024K, 4 young (4096K), 4 survivors (4096K)
 Metaspace       used 26138K, capacity 26730K, committed 27008K, reserved 1073152K
  class space    used 3408K, capacity 3648K, committed 3712K, reserved 1048576K
}
Event: 2.711 GC heap before
{Heap before GC invocations=5 (full 0):
 garbage-first heap   total 120832K, used 74782K [0x0000000080000000, 0x0000000100000000)
  region size 1024K, 58 young (59392K), 4 survivors (4096K)
 Metaspace       used 31794K, capacity 32559K, committed 32768K, reserved 1077248K
  class space    used 4249K, capacity 4551K, committed 4608K, reserved 1048576K
}
Event: 2.714 GC heap after
{Heap after GC invocations=6 (full 0):
 garbage-first heap   total 120832K, used 21434K [0x0000000080000000, 0x0000000100000000)
  region size 1024K, 6 young (6144K), 6 survivors (6144K)
 Metaspace       used 31794K, capacity 32559K, committed 32768K, reserved 1077248K
  class space    used 4249K, capacity 4551K, committed 4608K, reserved 1048576K
}
Event: 2.850 GC heap before
{Heap before GC invocations=6 (full 0):
 garbage-first heap   total 120832K, used 28602K [0x0000000080000000, 0x0000000100000000)
  region size 1024K, 14 young (14336K), 6 survivors (6144K)
 Metaspace       used 35017K, capacity 35805K, committed 35840K, reserved 1081344K
  class space    used 4524K, capacity 4844K, committed 4864K, reserved 1048576K
}
Event: 2.856 GC heap after
{Heap after GC invocations=7 (full 0):
 garbage-first heap   total 120832K, used 22849K [0x0000000080000000, 0x0000000100000000)
  region size 1024K, 6 young (6144K), 6 survivors (6144K)
 Metaspace       used 35017K, capacity 35805K, committed 35840K, reserved 1081344K
  class space    used 4524K, capacity 4844K, committed 4864K, reserved 1048576K
}
Event: 3.269 GC heap before
{Heap before GC invocations=8 (full 0):
 garbage-first heap   total 120832K, used 84289K [0x0000000080000000, 0x0000000100000000)
  region size 1024K, 64 young (65536K), 6 survivors (6144K)
 Metaspace       used 39802K, capacity 40667K, committed 40780K, reserved 1085440K
  class space    used 5070K, capacity 5395K, committed 5452K, reserved 1048576K
}
Event: 3.275 GC heap after
{Heap after GC invocations=9 (full 0):
 garbage-first heap   total 120832K, used 28119K [0x0000000080000000, 0x0000000100000000)
  region size 1024K, 8 young (8192K), 8 survivors (8192K)
 Metaspace       used 39802K, capacity 40667K, committed 40780K, reserved 1085440K
  class space    used 5070K, capacity 5395K, committed 5452K, reserved 1048576K
}

Deoptimization events (20 events):
Event: 3.539 Thread 0x000001b5f8b7c000 Uncommon trap: trap_request=0xffffff4d fr.pc=0x000001b5e697eb04 relative=0x00000000000001c4
Event: 3.539 Thread 0x000001b5f8b7c000 Uncommon trap: reason=unstable_if action=reinterpret pc=0x000001b5e697eb04 method=java.util.HashMap.getNode(ILjava/lang/Object;)Ljava/util/HashMap$Node; @ 53 c2
Event: 3.539 Thread 0x000001b5f8b7c000 DEOPT PACKING pc=0x000001b5e697eb04 sp=0x0000007fa9af8cf0
Event: 3.539 Thread 0x000001b5f8b7c000 DEOPT UNPACKING pc=0x000001b5ded2a1af sp=0x0000007fa9af8c78 mode 2
Event: 3.539 Thread 0x000001b5f8b7c000 Uncommon trap: trap_request=0xffffff4d fr.pc=0x000001b5e6a13f98 relative=0x0000000000000718
Event: 3.539 Thread 0x000001b5f8b7c000 Uncommon trap: reason=unstable_if action=reinterpret pc=0x000001b5e6a13f98 method=java.util.HashMap.putVal(ILjava/lang/Object;Ljava/lang/Object;ZZ)Ljava/lang/Object; @ 85 c2
Event: 3.539 Thread 0x000001b5f8b7c000 DEOPT PACKING pc=0x000001b5e6a13f98 sp=0x0000007fa9af8d30
Event: 3.539 Thread 0x000001b5f8b7c000 DEOPT UNPACKING pc=0x000001b5ded2a1af sp=0x0000007fa9af8c60 mode 2
Event: 3.541 Thread 0x000001b5f8b7c000 Uncommon trap: trap_request=0xffffff4d fr.pc=0x000001b5e69ee578 relative=0x0000000000000318
Event: 3.541 Thread 0x000001b5f8b7c000 Uncommon trap: reason=unstable_if action=reinterpret pc=0x000001b5e69ee578 method=org.gradle.internal.reflect.PropertyAccessorType.isGetGetterName(Ljava/lang/String;)Z @ 14 c2
Event: 3.541 Thread 0x000001b5f8b7c000 DEOPT PACKING pc=0x000001b5e69ee578 sp=0x0000007fa9af97a0
Event: 3.541 Thread 0x000001b5f8b7c000 DEOPT UNPACKING pc=0x000001b5ded2a1af sp=0x0000007fa9af96f8 mode 2
Event: 3.560 Thread 0x000001b5f8b7c000 Uncommon trap: trap_request=0xffffff4d fr.pc=0x000001b5e69e5e88 relative=0x00000000000000e8
Event: 3.560 Thread 0x000001b5f8b7c000 Uncommon trap: reason=unstable_if action=reinterpret pc=0x000001b5e69e5e88 method=org.objectweb.asm.ByteVector.putShort(I)Lorg/objectweb/asm/ByteVector; @ 13 c2
Event: 3.560 Thread 0x000001b5f8b7c000 DEOPT PACKING pc=0x000001b5e69e5e88 sp=0x0000007fa9af9200
Event: 3.560 Thread 0x000001b5f8b7c000 DEOPT UNPACKING pc=0x000001b5ded2a1af sp=0x0000007fa9af9198 mode 2
Event: 3.587 Thread 0x000001b5f8b7c000 Uncommon trap: trap_request=0xffffff4d fr.pc=0x000001b5e6a51e7c relative=0x000000000000187c
Event: 3.588 Thread 0x000001b5f8b7c000 Uncommon trap: reason=unstable_if action=reinterpret pc=0x000001b5e6a51e7c method=java.util.concurrent.ConcurrentHashMap.computeIfAbsent(Ljava/lang/Object;Ljava/util/function/Function;)Ljava/lang/Object; @ 123 c2
Event: 3.588 Thread 0x000001b5f8b7c000 DEOPT PACKING pc=0x000001b5e6a51e7c sp=0x0000007fa9afa660
Event: 3.588 Thread 0x000001b5f8b7c000 DEOPT UNPACKING pc=0x000001b5ded2a1af sp=0x0000007fa9afa5f0 mode 2

Classes redefined (0 events):
No events

Internal exceptions (20 events):
Event: 3.314 Thread 0x000001b5f8b7c000 Exception <a 'java/lang/ClassNotFoundException'{0x00000000871503f0}: org/gradle/api/initialization/resolve/RepositoriesModeBeanInfo> (0x00000000871503f0) thrown at [./src/hotspot/share/classfile/systemDictionary.cpp, line 231]
Event: 3.315 Thread 0x000001b5f8b7c000 Exception <a 'java/lang/ClassNotFoundException'{0x00000000871552b8}: java/lang/EnumBeanInfo> (0x00000000871552b8) thrown at [./src/hotspot/share/classfile/systemDictionary.cpp, line 231]
Event: 3.315 Thread 0x000001b5f8b7c000 Exception <a 'java/lang/ClassNotFoundException'{0x000000008715a1a0}: java/lang/EnumCustomizer> (0x000000008715a1a0) thrown at [./src/hotspot/share/classfile/systemDictionary.cpp, line 231]
Event: 3.316 Thread 0x000001b5f8b7c000 Exception <a 'java/lang/ClassNotFoundException'{0x0000000087189250}: org/gradle/api/initialization/resolve/RepositoriesModeCustomizer> (0x0000000087189250) thrown at [./src/hotspot/share/classfile/systemDictionary.cpp, line 231]
Event: 3.320 Thread 0x000001b5f8b7c000 Exception <a 'java/lang/ClassNotFoundException'{0x0000000087015560}: org/gradle/api/internal/provider/DefaultPropertyBeanInfo> (0x0000000087015560) thrown at [./src/hotspot/share/classfile/systemDictionary.cpp, line 231]
Event: 3.320 Thread 0x000001b5f8b7c000 Exception <a 'java/lang/ClassNotFoundException'{0x000000008703bc78}: org/gradle/api/internal/provider/AbstractPropertyBeanInfo> (0x000000008703bc78) thrown at [./src/hotspot/share/classfile/systemDictionary.cpp, line 231]
Event: 3.321 Thread 0x000001b5f8b7c000 Exception <a 'java/lang/ClassNotFoundException'{0x0000000087065080}: org/gradle/api/internal/provider/AbstractMinimalProviderBeanInfo> (0x0000000087065080) thrown at [./src/hotspot/share/classfile/systemDictionary.cpp, line 231]
Event: 3.321 Thread 0x000001b5f8b7c000 Exception <a 'java/lang/ClassNotFoundException'{0x000000008708e6e8}: org/gradle/api/internal/provider/AbstractMinimalProviderCustomizer> (0x000000008708e6e8) thrown at [./src/hotspot/share/classfile/systemDictionary.cpp, line 231]
Event: 3.323 Thread 0x000001b5f8b7c000 Exception <a 'java/lang/ClassNotFoundException'{0x00000000870efd40}: org/gradle/api/internal/provider/AbstractPropertyCustomizer> (0x00000000870efd40) thrown at [./src/hotspot/share/classfile/systemDictionary.cpp, line 231]
Event: 3.324 Thread 0x000001b5f8b7c000 Exception <a 'java/lang/ClassNotFoundException'{0x0000000086f22fd8}: org/gradle/api/internal/provider/DefaultPropertyCustomizer> (0x0000000086f22fd8) thrown at [./src/hotspot/share/classfile/systemDictionary.cpp, line 231]
Event: 3.352 Thread 0x000001b5f8b7c000 Exception <a 'java/lang/ClassNotFoundException'{0x0000000086d1e8b0}: org/gradle/initialization/DefaultProjectDescriptorBeanInfo> (0x0000000086d1e8b0) thrown at [./src/hotspot/share/classfile/systemDictionary.cpp, line 231]
Event: 3.353 Thread 0x000001b5f8b7c000 Exception <a 'java/lang/ClassNotFoundException'{0x0000000086d44df0}: org/gradle/initialization/DefaultProjectDescriptorCustomizer> (0x0000000086d44df0) thrown at [./src/hotspot/share/classfile/systemDictionary.cpp, line 231]
Event: 3.355 Thread 0x000001b5f8b7c000 Implicit null exception at 0x000001b5e6a1c4ec to 0x000001b5e6a1c598
Event: 3.438 Thread 0x000001b5f8b7c000 Implicit null exception at 0x000001b5e690d91a to 0x000001b5e690e8d4
Event: 3.460 Thread 0x000001b5f8ce4000 Exception <a 'java/lang/NoSuchMethodError'{0x0000000086286fa0}: <clinit>> (0x0000000086286fa0) thrown at [./src/hotspot/share/prims/jni.cpp, line 1365]
Event: 3.461 Thread 0x000001b5f8ce4000 Exception <a 'java/lang/NoSuchMethodError'{0x00000000862888d0}: <clinit>> (0x00000000862888d0) thrown at [./src/hotspot/share/prims/jni.cpp, line 1365]
Event: 3.461 Thread 0x000001b5f8ce4000 Exception <a 'java/lang/NoSuchMethodError'{0x0000000086297b58}: <clinit>> (0x0000000086297b58) thrown at [./src/hotspot/share/prims/jni.cpp, line 1365]
Event: 3.462 Thread 0x000001b5f8ce4000 Exception <a 'java/lang/NoSuchMethodError'{0x000000008629a2c8}: <clinit>> (0x000000008629a2c8) thrown at [./src/hotspot/share/prims/jni.cpp, line 1365]
Event: 3.463 Thread 0x000001b5f8ce4000 Exception <a 'java/lang/NoSuchMethodError'{0x00000000862aa1d0}: <clinit>> (0x00000000862aa1d0) thrown at [./src/hotspot/share/prims/jni.cpp, line 1365]
Event: 3.539 Thread 0x000001b5f8b7c000 Implicit null exception at 0x000001b5e6985374 to 0x000001b5e6985570

Events (20 events):
Event: 3.620 loading class kotlin/collections/CollectionsKt__ReversedViewsKt
Event: 3.620 loading class kotlin/collections/CollectionsKt__ReversedViewsKt done
Event: 3.620 loading class kotlin/collections/CollectionsKt__MutableCollectionsKt
Event: 3.620 loading class kotlin/collections/CollectionsKt__MutableCollectionsKt done
Event: 3.621 loading class kotlin/collections/CollectionsKt__MutableCollectionsJVMKt
Event: 3.621 loading class kotlin/collections/CollectionsKt__MutableCollectionsJVMKt done
Event: 3.621 loading class kotlin/collections/CollectionsKt__IteratorsKt
Event: 3.621 loading class kotlin/collections/CollectionsKt__IteratorsKt done
Event: 3.621 loading class kotlin/collections/CollectionsKt__IteratorsJVMKt
Event: 3.621 loading class kotlin/collections/CollectionsKt__IteratorsJVMKt done
Event: 3.621 loading class kotlin/collections/CollectionsKt__IterablesKt
Event: 3.621 loading class kotlin/collections/CollectionsKt__IterablesKt done
Event: 3.622 loading class kotlin/collections/CollectionsKt__CollectionsKt
Event: 3.622 loading class kotlin/collections/CollectionsKt__CollectionsKt done
Event: 3.622 loading class kotlin/collections/CollectionsKt__CollectionsJVMKt
Event: 3.622 loading class kotlin/collections/CollectionsKt__CollectionsJVMKt done
Event: 3.623 loading class kotlin/collections/ArraysKt
Event: 3.623 loading class kotlin/collections/ArraysKt done
Event: 3.624 loading class kotlin/collections/ArraysKt___ArraysKt
Event: 3.624 loading class kotlin/collections/ArraysKt___ArraysKt done


Dynamic libraries:
0x00007ff63d820000 - 0x00007ff63d82a000 	C:\Program Files\Android\Android Studio\jre\bin\java.exe
0x00007ffd35e90000 - 0x00007ffd360a4000 	C:\WINDOWS\SYSTEM32\ntdll.dll
0x00007ffd35a30000 - 0x00007ffd35af3000 	C:\WINDOWS\System32\KERNEL32.DLL
0x00007ffd33350000 - 0x00007ffd336ed000 	C:\WINDOWS\System32\KERNELBASE.dll
0x00007ffd33840000 - 0x00007ffd33951000 	C:\WINDOWS\System32\ucrtbase.dll
0x00007ffd1d610000 - 0x00007ffd1d629000 	C:\Program Files\Android\Android Studio\jre\bin\jli.dll
0x00007ffd1bf10000 - 0x00007ffd1bf27000 	C:\Program Files\Android\Android Studio\jre\bin\VCRUNTIME140.dll
0x00007ffd34810000 - 0x00007ffd349bd000 	C:\WINDOWS\System32\USER32.dll
0x00007ffd19bd0000 - 0x00007ffd19e5e000 	C:\WINDOWS\WinSxS\amd64_microsoft.windows.common-controls_6595b64144ccf1df_6.0.22621.608_none_a9444ca7c10bb01d\COMCTL32.dll
0x00007ffd33810000 - 0x00007ffd33836000 	C:\WINDOWS\System32\win32u.dll
0x00007ffd347d0000 - 0x00007ffd347f9000 	C:\WINDOWS\System32\GDI32.dll
0x00007ffd35da0000 - 0x00007ffd35e47000 	C:\WINDOWS\System32\msvcrt.dll
0x00007ffd336f0000 - 0x00007ffd33802000 	C:\WINDOWS\System32\gdi32full.dll
0x00007ffd332b0000 - 0x00007ffd3334a000 	C:\WINDOWS\System32\msvcp_win.dll
0x00007ffd34400000 - 0x00007ffd34432000 	C:\WINDOWS\System32\IMM32.DLL
0x00007ffd1baf0000 - 0x00007ffd1bb8d000 	C:\Program Files\Android\Android Studio\jre\bin\msvcp140.dll
0x00007ffcd1060000 - 0x00007ffcd1b45000 	C:\Program Files\Android\Android Studio\jre\bin\server\jvm.dll
0x00007ffd340e0000 - 0x00007ffd3418e000 	C:\WINDOWS\System32\ADVAPI32.dll
0x00007ffd33ee0000 - 0x00007ffd33f84000 	C:\WINDOWS\System32\sechost.dll
0x00007ffd34280000 - 0x00007ffd34395000 	C:\WINDOWS\System32\RPCRT4.dll
0x00007ffd34250000 - 0x00007ffd34258000 	C:\WINDOWS\System32\PSAPI.DLL
0x00007ffd121b0000 - 0x00007ffd121b9000 	C:\WINDOWS\SYSTEM32\WSOCK32.dll
0x00007ffd2bfa0000 - 0x00007ffd2bfaa000 	C:\WINDOWS\SYSTEM32\VERSION.dll
0x00007ffd2c7c0000 - 0x00007ffd2c7f4000 	C:\WINDOWS\SYSTEM32\WINMM.dll
0x00007ffd35530000 - 0x00007ffd355a1000 	C:\WINDOWS\System32\WS2_32.dll
0x00007ffd32270000 - 0x00007ffd32288000 	C:\WINDOWS\SYSTEM32\kernel.appcore.dll
0x00007ffd11fb0000 - 0x00007ffd11fc1000 	C:\Program Files\Android\Android Studio\jre\bin\verify.dll
0x00007ffd20310000 - 0x00007ffd2053e000 	C:\WINDOWS\SYSTEM32\DBGHELP.DLL
0x00007ffd34440000 - 0x00007ffd347ca000 	C:\WINDOWS\System32\combase.dll
0x00007ffd33e00000 - 0x00007ffd33ed7000 	C:\WINDOWS\System32\OLEAUT32.dll
0x00007ffd17020000 - 0x00007ffd17052000 	C:\WINDOWS\SYSTEM32\dbgcore.DLL
0x00007ffd33c00000 - 0x00007ffd33c7b000 	C:\WINDOWS\System32\bcryptPrimitives.dll
0x00007ffd08640000 - 0x00007ffd08669000 	C:\Program Files\Android\Android Studio\jre\bin\java.dll
0x00007ffd110c0000 - 0x00007ffd110cb000 	C:\Program Files\Android\Android Studio\jre\bin\jimage.dll
0x00007ffd0de90000 - 0x00007ffd0dea8000 	C:\Program Files\Android\Android Studio\jre\bin\zip.dll
0x00007ffd349d0000 - 0x00007ffd351bf000 	C:\WINDOWS\System32\SHELL32.dll
0x00007ffd31280000 - 0x00007ffd31b48000 	C:\WINDOWS\SYSTEM32\windows.storage.dll
0x00007ffd31140000 - 0x00007ffd3127e000 	C:\WINDOWS\SYSTEM32\wintypes.dll
0x00007ffd33c80000 - 0x00007ffd33d71000 	C:\WINDOWS\System32\SHCORE.dll
0x00007ffd35b00000 - 0x00007ffd35b5e000 	C:\WINDOWS\System32\shlwapi.dll
0x00007ffd331e0000 - 0x00007ffd33201000 	C:\WINDOWS\SYSTEM32\profapi.dll
0x00007ffd08620000 - 0x00007ffd0863a000 	C:\Program Files\Android\Android Studio\jre\bin\net.dll
0x00007ffd2c630000 - 0x00007ffd2c75f000 	C:\WINDOWS\SYSTEM32\WINHTTP.dll
0x00007ffd32730000 - 0x00007ffd32799000 	C:\WINDOWS\system32\mswsock.dll
0x00007ffd08600000 - 0x00007ffd08614000 	C:\Program Files\Android\Android Studio\jre\bin\nio.dll
0x00007ffd1e050000 - 0x00007ffd1e077000 	C:\Users\Le Thanh Hang\.gradle\native\e1d6ef7f7dcc3fd88c89a11ec53ec762bb8ba0a96d01ffa2cd45eb1d1d8dd5c5\windows-amd64\native-platform.dll
0x00007ffd12920000 - 0x00007ffd12a64000 	C:\Users\Le Thanh Hang\.gradle\native\0d407fdbe67a94daf76414ababcb853783967236a71b16ec16e742cd7a986fd3\windows-amd64\native-platform-file-events.dll
0x00007ffd100e0000 - 0x00007ffd100ea000 	C:\Program Files\Android\Android Studio\jre\bin\management.dll
0x00007ffd0fc00000 - 0x00007ffd0fc0d000 	C:\Program Files\Android\Android Studio\jre\bin\management_ext.dll
0x00007ffd32970000 - 0x00007ffd3298b000 	C:\WINDOWS\SYSTEM32\CRYPTSP.dll
0x00007ffd32230000 - 0x00007ffd32265000 	C:\WINDOWS\system32\rsaenh.dll
0x00007ffd327f0000 - 0x00007ffd32818000 	C:\WINDOWS\SYSTEM32\USERENV.dll
0x00007ffd32bd0000 - 0x00007ffd32bf8000 	C:\WINDOWS\SYSTEM32\bcrypt.dll
0x00007ffd32990000 - 0x00007ffd3299c000 	C:\WINDOWS\SYSTEM32\CRYPTBASE.dll
0x00007ffd31de0000 - 0x00007ffd31e0d000 	C:\WINDOWS\SYSTEM32\IPHLPAPI.DLL
0x00007ffd34800000 - 0x00007ffd34809000 	C:\WINDOWS\System32\NSI.dll
0x00007ffd2c810000 - 0x00007ffd2c829000 	C:\WINDOWS\SYSTEM32\dhcpcsvc6.DLL
0x00007ffd2c5a0000 - 0x00007ffd2c5bf000 	C:\WINDOWS\SYSTEM32\dhcpcsvc.DLL
0x00007ffd31e10000 - 0x00007ffd31f02000 	C:\WINDOWS\SYSTEM32\DNSAPI.dll

dbghelp: loaded successfully - version: 4.0.5 - missing functions: none
symbol engine: initialized successfully - sym options: 0x614 - pdb path: .;C:\Program Files\Android\Android Studio\jre\bin;C:\WINDOWS\SYSTEM32;C:\WINDOWS\WinSxS\amd64_microsoft.windows.common-controls_6595b64144ccf1df_6.0.22621.608_none_a9444ca7c10bb01d;C:\Program Files\Android\Android Studio\jre\bin\server;C:\Users\Le Thanh Hang\.gradle\native\e1d6ef7f7dcc3fd88c89a11ec53ec762bb8ba0a96d01ffa2cd45eb1d1d8dd5c5\windows-amd64;C:\Users\Le Thanh Hang\.gradle\native\0d407fdbe67a94daf76414ababcb853783967236a71b16ec16e742cd7a986fd3\windows-amd64

VM Arguments:
jvm_args: --add-opens=java.base/java.util=ALL-UNNAMED --add-opens=java.base/java.lang=ALL-UNNAMED --add-opens=java.base/java.lang.invoke=ALL-UNNAMED --add-opens=java.base/java.util=ALL-UNNAMED --add-opens=java.prefs/java.util.prefs=ALL-UNNAMED --add-opens=java.prefs/java.util.prefs=ALL-UNNAMED --add-opens=java.base/java.nio.charset=ALL-UNNAMED --add-opens=java.base/java.net=ALL-UNNAMED --add-opens=java.base/java.util.concurrent.atomic=ALL-UNNAMED -Xmx2048m -Dfile.encoding=UTF-8 -Duser.country=US -Duser.language=en -Duser.variant 
java_command: org.gradle.launcher.daemon.bootstrap.GradleDaemon 7.4
java_class_path (initial): C:\Users\Le Thanh Hang\.gradle\wrapper\dists\gradle-7.4-bin\c0gwcg53nkjbqw7r0h0umtfvt\gradle-7.4\lib\gradle-launcher-7.4.jar
Launcher Type: SUN_STANDARD

[Global flags]
     intx CICompilerCount                          = 12                                        {product} {ergonomic}
     uint ConcGCThreads                            = 3                                         {product} {ergonomic}
     uint G1ConcRefinementThreads                  = 13                                        {product} {ergonomic}
   size_t G1HeapRegionSize                         = 1048576                                   {product} {ergonomic}
    uintx GCDrainStackTargetSize                   = 64                                        {product} {ergonomic}
   size_t InitialHeapSize                          = 123731968                                 {product} {ergonomic}
   size_t MarkStackSize                            = 4194304                                   {product} {ergonomic}
   size_t MaxHeapSize                              = 2147483648                                {product} {command line}
   size_t MaxNewSize                               = 1287651328                                {product} {ergonomic}
   size_t MinHeapDeltaBytes                        = 1048576                                   {product} {ergonomic}
    uintx NonNMethodCodeHeapSize                   = 7594288                                {pd product} {ergonomic}
    uintx NonProfiledCodeHeapSize                  = 122031976                              {pd product} {ergonomic}
    uintx ProfiledCodeHeapSize                     = 122031976                              {pd product} {ergonomic}
    uintx ReservedCodeCacheSize                    = 251658240                              {pd product} {ergonomic}
     bool SegmentedCodeCache                       = true                                      {product} {ergonomic}
     bool UseCompressedClassPointers               = true                                 {lp64_product} {ergonomic}
     bool UseCompressedOops                        = true                                 {lp64_product} {ergonomic}
     bool UseG1GC                                  = true                                      {product} {ergonomic}
     bool UseLargePagesIndividualAllocation        = false                                  {pd product} {ergonomic}

Logging:
Log output configuration:
 #0: stdout all=warning uptime,level,tags
 #1: stderr all=off uptime,level,tags

Environment Variables:
PATH=C:\Program Files\Microsoft MPI\Bin\;C:\Program Files (x86)\VMware\VMware Workstation\bin\;C:\Python310\Scripts\;C:\Python310\;C:\Program Files\Eclipse Foundation\jdk-8.0.302.8-hotspot\bin;C:\windows\system32;C:\windows;C:\windows\System32\Wbem;C:\windows\System32\WindowsPowerShell\v1.0\;C:\windows\System32\OpenSSH\;C:\Program Files (x86)\NVIDIA Corporation\PhysX\Common;C:\Program Files\NVIDIA Corporation\NVIDIA NvDLISR;C:\Program Files\Microsoft SQL Server\130\Tools\Binn\;C:\Program Files\Microsoft SQL Server\Client SDK\ODBC\170\Tools\Binn\;C:\Program Files\Git\cmd;C:\Program Files\nodejs\;C:\ProgramData\chocolatey\bin;C:\WINDOWS\system32;C:\WINDOWS;C:\WINDOWS\System32\Wbem;C:\WINDOWS\System32\WindowsPowerShell\v1.0\;C:\WINDOWS\System32\OpenSSH\;C:\Program Files\dotnet\;C:\MinGW\bin;C:\Program Files (x86)\Microsoft SQL Server\160\Tools\Binn\;C:\Program Files\Microsoft SQL Server\160\Tools\Binn\;C:\Program Files\Microsoft SQL Server\160\DTS\Binn\;C:\Program Files (x86)\Microsoft SQL Server\150\DTS\Binn\;C:\Program Files\Azure Data Studio\bin;C:\Ruby31-x64\bin;C:\Users\Le Thanh Hang\AppData\Local\Microsoft\WindowsApps;C:\Users\Le Thanh Hang\AppData\Local\GitHubDesktop\bin;C:\Users\Le Thanh Hang\AppData\Roaming\npm;C:\Users\Le Thanh Hang\.dotnet\tools;C:\Users\Le Thanh Hang\AppData\Local\Programs\Microsoft VS Code\bin;C:\Program Files\Azure Data Studio\bin
USERNAME=Le Thanh Hang
OS=Windows_NT
PROCESSOR_IDENTIFIER=AMD64 Family 25 Model 80 Stepping 0, AuthenticAMD



---------------  S Y S T E M  ---------------

OS: Windows 10 , 64 bit Build 22621 (10.0.22621.1105)
OS uptime: 1 days 23:30 hours
Hyper-V role detected

CPU:total 16 (initial active 16) (16 cores per cpu, 2 threads per core) family 25 model 80 stepping 0 microcode 0x0, cmov, cx8, fxsr, mmx, sse, sse2, sse3, ssse3, sse4.1, sse4.2, popcnt, avx, avx2, aes, clmul, erms, mmxext, 3dnowpref, lzcnt, sse4a, ht, tsc, tscinvbit, tscinv, bmi1, bmi2, adx, sha, fma

Memory: 4k page, system-wide physical 7523M (331M free)
TotalPageFile size 11619M (AvailPageFile size 4M)
current process WorkingSet (physical memory assigned to process): 255M, peak: 255M
current process commit charge ("private bytes"): 319M, peak: 319M

vm_info: OpenJDK 64-Bit Server VM (11.0.12+7-b1504.28-7817840) for windows-amd64 JRE (11.0.12+7-b1504.28-7817840), built on Oct 13 2021 22:12:33 by "builder" with MS VC++ 14.0 (VS2015)

END.
