#
# There is insufficient memory for the Java Runtime Environment to continue.
# Native memory allocation (malloc) failed to allocate 65552 bytes for Chunk::new
# Possible reasons:
#   The system is out of physical RAM or swap space
#   The process is running with CompressedOops enabled, and the Java Heap may be blocking the growth of the native heap
# Possible solutions:
#   Reduce memory load on the system
#   Increase physical memory or swap space
#   Check if swap backing store is full
#   Decrease Java heap size (-Xmx/-Xms)
#   Decrease number of Java threads
#   Decrease Java thread stack sizes (-Xss)
#   Set larger code cache with -XX:ReservedCodeCacheSize=
#   JVM is running with Unscaled Compressed Oops mode in which the Java heap is
#     placed in the first 4GB address space. The Java Heap base address is the
#     maximum limit for the native heap growth. Please use -XX:HeapBaseMinAddress
#     to set the Java Heap base and to place the Java Heap above 4GB virtual address.
# This output file may be truncated or incomplete.
#
#  Out of Memory Error (./src/hotspot/share/memory/arena.cpp:197), pid=9648, tid=14456
#
# JRE version: OpenJDK Runtime Environment (11.0.12+7) (build 11.0.12+7-b1504.28-7817840)
# Java VM: OpenJDK 64-Bit Server VM (11.0.12+7-b1504.28-7817840, mixed mode, tiered, compressed oops, g1 gc, windows-amd64)
# No core dump will be written. Minidumps are not enabled by default on client versions of Windows
#

---------------  S U M M A R Y ------------

Command Line: --add-opens=java.base/java.util=ALL-UNNAMED --add-opens=java.base/java.lang=ALL-UNNAMED --add-opens=java.base/java.lang.invoke=ALL-UNNAMED --add-opens=java.base/java.util=ALL-UNNAMED --add-opens=java.prefs/java.util.prefs=ALL-UNNAMED --add-opens=java.prefs/java.util.prefs=ALL-UNNAMED --add-opens=java.base/java.nio.charset=ALL-UNNAMED --add-opens=java.base/java.net=ALL-UNNAMED --add-opens=java.base/java.util.concurrent.atomic=ALL-UNNAMED -Xmx2048m -Dfile.encoding=UTF-8 -Duser.country=US -Duser.language=en -Duser.variant org.gradle.launcher.daemon.bootstrap.GradleDaemon 7.4

Host: AMD Ryzen 7 5800H with Radeon Graphics         , 16 cores, 7G,  Windows 10 , 64 bit Build 22621 (10.0.22621.1105)
Time: Mon Jan 16 09:43:53 2023 SE Asia Standard Time elapsed time: 95.960479 seconds (0d 0h 1m 35s)

---------------  T H R E A D  ---------------

Current thread (0x000001a5a3897800):  JavaThread "C2 CompilerThread0" daemon [_thread_in_native, id=14456, stack(0x0000009d09a00000,0x0000009d09b00000)]


Current CompileTask:
C2:  95960 23490       4       org.gradle.api.internal.attributes.DefaultMutableAttributeContainer::checkInsertionAllowed (125 bytes)

Stack: [0x0000009d09a00000,0x0000009d09b00000]
Native frames: (J=compiled Java code, j=interpreted, Vv=VM code, C=native code)
V  [jvm.dll+0x5fbcea]
V  [jvm.dll+0x731905]
V  [jvm.dll+0x732f1d]
V  [jvm.dll+0x7335d3]
V  [jvm.dll+0x247bf8]
V  [jvm.dll+0xc018c]
V  [jvm.dll+0xc06cc]
V  [jvm.dll+0xc02cc]
V  [jvm.dll+0x6282e0]
V  [jvm.dll+0x5a2ce2]
V  [jvm.dll+0x59a4b7]
V  [jvm.dll+0x629c65]
V  [jvm.dll+0x628a8d]
V  [jvm.dll+0x201968]
V  [jvm.dll+0x1ff71f]
V  [jvm.dll+0x18868c]
V  [jvm.dll+0x20e0d7]
V  [jvm.dll+0x20c901]
V  [jvm.dll+0x6f9b7f]
V  [jvm.dll+0x6f26a5]
V  [jvm.dll+0x5fabf6]
C  [ucrtbase.dll+0x29363]
C  [KERNEL32.DLL+0x126bd]
C  [ntdll.dll+0x5dfb8]


---------------  P R O C E S S  ---------------

Threads class SMR info:
_java_thread_list=0x000001a5a41b2600, length=67, elements={
0x000001a58695c800, 0x000001a5a40b3800, 0x000001a5a40bc000, 0x000001a5a3894000,
0x000001a5a3895800, 0x000001a5a3896800, 0x000001a5a3897800, 0x000001a5a4103800,
0x000001a5a4108800, 0x000001a5a4266000, 0x000001a5a6a55000, 0x000001a5a6626800,
0x000001a5a48da000, 0x000001a5a4424000, 0x000001a5a6a77000, 0x000001a5a6afc800,
0x000001a5a6afb000, 0x000001a5a6b00000, 0x000001a5a6b01800, 0x000001a5a6afe800,
0x000001a5a7543000, 0x000001a5a7545800, 0x000001a5a7544000, 0x000001a5a7546800,
0x000001a5a7548000, 0x000001a5a93ac800, 0x000001a5a93ad800, 0x000001a5a93a7800,
0x000001a5a93ae000, 0x000001a5a93af000, 0x000001a5aaad2000, 0x000001a5aaace800,
0x000001a5aaad3800, 0x000001a5aaacf800, 0x000001a5aaad0800, 0x000001a5aaad1000,
0x000001a5aaad2800, 0x000001a5aaace000, 0x000001a5aaad5000, 0x000001a5b09ff000,
0x000001a5b0842800, 0x000001a5ab0db000, 0x000001a5ab0e1800, 0x000001a5ab0e2800,
0x000001a5ab0dc800, 0x000001a5ab0dd800, 0x000001a5ab0e4000, 0x000001a5ab0e6800,
0x000001a5ab0e9000, 0x000001a5ab0e7000, 0x000001a5ab0e5000, 0x000001a5ab0e5800,
0x000001a5ab0e3000, 0x000001a5ab0e9800, 0x000001a5ab0e8000, 0x000001a5b147e800,
0x000001a5a93a2800, 0x000001a5a93a3800, 0x000001a5a93a4800, 0x000001a5a93a0800,
0x000001a5a93a1000, 0x000001a5a93a5000, 0x000001a5a93a6000, 0x000001a5a93a7000,
0x000001a5a93a2000, 0x000001a5a93ab800, 0x000001a5a93a8800
}

Java Threads: ( => current thread )
  0x000001a58695c800 JavaThread "main" [_thread_blocked, id=10348, stack(0x0000009d08e00000,0x0000009d08f00000)]
  0x000001a5a40b3800 JavaThread "Reference Handler" daemon [_thread_blocked, id=11740, stack(0x0000009d09500000,0x0000009d09600000)]
  0x000001a5a40bc000 JavaThread "Finalizer" daemon [_thread_blocked, id=7412, stack(0x0000009d09600000,0x0000009d09700000)]
  0x000001a5a3894000 JavaThread "Signal Dispatcher" daemon [_thread_blocked, id=17328, stack(0x0000009d09700000,0x0000009d09800000)]
  0x000001a5a3895800 JavaThread "Attach Listener" daemon [_thread_blocked, id=14384, stack(0x0000009d09800000,0x0000009d09900000)]
  0x000001a5a3896800 JavaThread "Service Thread" daemon [_thread_blocked, id=16852, stack(0x0000009d09900000,0x0000009d09a00000)]
=>0x000001a5a3897800 JavaThread "C2 CompilerThread0" daemon [_thread_in_native, id=14456, stack(0x0000009d09a00000,0x0000009d09b00000)]
  0x000001a5a4103800 JavaThread "C1 CompilerThread0" daemon [_thread_blocked, id=14372, stack(0x0000009d09b00000,0x0000009d09c00000)]
  0x000001a5a4108800 JavaThread "Sweeper thread" daemon [_thread_blocked, id=16172, stack(0x0000009d09c00000,0x0000009d09d00000)]
  0x000001a5a4266000 JavaThread "Common-Cleaner" daemon [_thread_blocked, id=7744, stack(0x0000009d09e00000,0x0000009d09f00000)]
  0x000001a5a6a55000 JavaThread "Daemon health stats" [_thread_blocked, id=13432, stack(0x0000009d0a500000,0x0000009d0a600000)]
  0x000001a5a6626800 JavaThread "Incoming local TCP Connector on port 50225" [_thread_in_native, id=3632, stack(0x0000009d0a000000,0x0000009d0a100000)]
  0x000001a5a48da000 JavaThread "Daemon periodic checks" [_thread_blocked, id=11168, stack(0x0000009d0a100000,0x0000009d0a200000)]
  0x000001a5a4424000 JavaThread "Daemon" [_thread_blocked, id=3580, stack(0x0000009d0ac00000,0x0000009d0ad00000)]
  0x000001a5a6a77000 JavaThread "Daemon worker" [_thread_in_native, id=9392, stack(0x0000009d0af00000,0x0000009d0b000000)]
  0x000001a5a6afc800 JavaThread "Cache worker for journal cache (C:\Users\Le Thanh Hang\.gradle\caches\journal-1)" [_thread_blocked, id=15348, stack(0x0000009d0b400000,0x0000009d0b500000)]
  0x000001a5a6afb000 JavaThread "File lock request listener" [_thread_in_native, id=9484, stack(0x0000009d0b500000,0x0000009d0b600000)]
  0x000001a5a6b00000 JavaThread "Cache worker for file hash cache (C:\Users\Le Thanh Hang\.gradle\caches\7.4\fileHashes)" [_thread_blocked, id=16980, stack(0x0000009d0b600000,0x0000009d0b700000)]
  0x000001a5a6b01800 JavaThread "File watcher server" daemon [_thread_in_native, id=4864, stack(0x0000009d0bf00000,0x0000009d0c000000)]
  0x000001a5a6afe800 JavaThread "File watcher consumer" daemon [_thread_blocked, id=3756, stack(0x0000009d0c000000,0x0000009d0c100000)]
  0x000001a5a7543000 JavaThread "Cache worker for execution history cache (C:\Users\Le Thanh Hang\.gradle\caches\7.4\executionHistory)" [_thread_blocked, id=5468, stack(0x0000009d0c500000,0x0000009d0c600000)]
  0x000001a5a7545800 JavaThread "jar transforms" [_thread_blocked, id=15972, stack(0x0000009d0c900000,0x0000009d0ca00000)]
  0x000001a5a7544000 JavaThread "Cache worker for file content cache (C:\Users\Le Thanh Hang\.gradle\caches\7.4\fileContent)" [_thread_blocked, id=8376, stack(0x0000009d0ca00000,0x0000009d0cb00000)]
  0x000001a5a7546800 JavaThread "jar transforms Thread 2" [_thread_blocked, id=16720, stack(0x0000009d0cb00000,0x0000009d0cc00000)]
  0x000001a5a7548000 JavaThread "jar transforms Thread 3" [_thread_blocked, id=7620, stack(0x0000009d0cd00000,0x0000009d0ce00000)]
  0x000001a5a93ac800 JavaThread "jar transforms Thread 4" [_thread_blocked, id=16156, stack(0x0000009d15700000,0x0000009d15800000)]
  0x000001a5a93ad800 JavaThread "jar transforms Thread 5" [_thread_blocked, id=1844, stack(0x0000009d15800000,0x0000009d15900000)]
  0x000001a5a93a7800 JavaThread "jar transforms Thread 6" [_thread_blocked, id=12232, stack(0x0000009d15900000,0x0000009d15a00000)]
  0x000001a5a93ae000 JavaThread "jar transforms Thread 7" [_thread_blocked, id=14292, stack(0x0000009d15a00000,0x0000009d15b00000)]
  0x000001a5a93af000 JavaThread "jar transforms Thread 8" [_thread_blocked, id=8, stack(0x0000009d15b00000,0x0000009d15c00000)]
  0x000001a5aaad2000 JavaThread "jar transforms Thread 9" [_thread_blocked, id=6268, stack(0x0000009d15c00000,0x0000009d15d00000)]
  0x000001a5aaace800 JavaThread "jar transforms Thread 10" [_thread_blocked, id=13884, stack(0x0000009d15d00000,0x0000009d15e00000)]
  0x000001a5aaad3800 JavaThread "jar transforms Thread 11" [_thread_blocked, id=6720, stack(0x0000009d15e00000,0x0000009d15f00000)]
  0x000001a5aaacf800 JavaThread "jar transforms Thread 12" [_thread_blocked, id=7332, stack(0x0000009d15f00000,0x0000009d16000000)]
  0x000001a5aaad0800 JavaThread "jar transforms Thread 13" [_thread_blocked, id=9896, stack(0x0000009d16000000,0x0000009d16100000)]
  0x000001a5aaad1000 JavaThread "jar transforms Thread 14" [_thread_blocked, id=14028, stack(0x0000009d16100000,0x0000009d16200000)]
  0x000001a5aaad2800 JavaThread "jar transforms Thread 15" [_thread_blocked, id=7124, stack(0x0000009d16200000,0x0000009d16300000)]
  0x000001a5aaace000 JavaThread "jar transforms Thread 16" [_thread_blocked, id=9280, stack(0x0000009d16300000,0x0000009d16400000)]
  0x000001a5aaad5000 JavaThread "Memory manager" [_thread_blocked, id=8820, stack(0x0000009d0c700000,0x0000009d0c800000)]
  0x000001a5b09ff000 JavaThread "included builds" [_thread_blocked, id=7392, stack(0x0000009d16e00000,0x0000009d16f00000)]
  0x000001a5b0842800 JavaThread "Cache worker for Java compile cache (C:\Users\Le Thanh Hang\.gradle\caches\7.4\javaCompile)" [_thread_blocked, id=16644, stack(0x0000009d16a00000,0x0000009d16b00000)]
  0x000001a5ab0db000 JavaThread "ForkJoinPool.commonPool-worker-19" daemon [_thread_blocked, id=11012, stack(0x0000009d1ba00000,0x0000009d1bb00000)]
  0x000001a5ab0e1800 JavaThread "ForkJoinPool.commonPool-worker-5" daemon [_thread_blocked, id=13044, stack(0x0000009d1bb00000,0x0000009d1bc00000)]
  0x000001a5ab0e2800 JavaThread "ForkJoinPool.commonPool-worker-23" daemon [_thread_blocked, id=8348, stack(0x0000009d1bc00000,0x0000009d1bd00000)]
  0x000001a5ab0dc800 JavaThread "ForkJoinPool.commonPool-worker-9" daemon [_thread_blocked, id=10104, stack(0x0000009d1bd00000,0x0000009d1be00000)]
  0x000001a5ab0dd800 JavaThread "ForkJoinPool.commonPool-worker-27" daemon [_thread_blocked, id=332, stack(0x0000009d1be00000,0x0000009d1bf00000)]
  0x000001a5ab0e4000 JavaThread "ForkJoinPool.commonPool-worker-13" daemon [_thread_blocked, id=5644, stack(0x0000009d1bf00000,0x0000009d1c000000)]
  0x000001a5ab0e6800 JavaThread "ForkJoinPool.commonPool-worker-31" daemon [_thread_blocked, id=10096, stack(0x0000009d1c000000,0x0000009d1c100000)]
  0x000001a5ab0e9000 JavaThread "ForkJoinPool.commonPool-worker-17" daemon [_thread_blocked, id=6068, stack(0x0000009d1c100000,0x0000009d1c200000)]
  0x000001a5ab0e7000 JavaThread "ForkJoinPool.commonPool-worker-3" daemon [_thread_blocked, id=12624, stack(0x0000009d1c200000,0x0000009d1c300000)]
  0x000001a5ab0e5000 JavaThread "ForkJoinPool.commonPool-worker-21" daemon [_thread_blocked, id=14404, stack(0x0000009d1c300000,0x0000009d1c400000)]
  0x000001a5ab0e5800 JavaThread "ForkJoinPool.commonPool-worker-7" daemon [_thread_blocked, id=13276, stack(0x0000009d1c400000,0x0000009d1c500000)]
  0x000001a5ab0e3000 JavaThread "ForkJoinPool.commonPool-worker-25" daemon [_thread_blocked, id=12320, stack(0x0000009d1c500000,0x0000009d1c600000)]
  0x000001a5ab0e9800 JavaThread "ForkJoinPool.commonPool-worker-11" daemon [_thread_blocked, id=12092, stack(0x0000009d1c600000,0x0000009d1c700000)]
  0x000001a5ab0e8000 JavaThread "ForkJoinPool.commonPool-worker-29" daemon [_thread_blocked, id=8912, stack(0x0000009d1c700000,0x0000009d1c800000)]
  0x000001a5b147e800 JavaThread "included builds" [_thread_blocked, id=6940, stack(0x0000009d15600000,0x0000009d15700000)]
  0x000001a5a93a2800 JavaThread "Handler for socket connection from /127.0.0.1:50225 to /127.0.0.1:50753" [_thread_in_native, id=11360, stack(0x0000009d08b00000,0x0000009d08c00000)]
  0x000001a5a93a3800 JavaThread "Cancel handler" [_thread_blocked, id=14532, stack(0x0000009d08c00000,0x0000009d08d00000)]
  0x000001a5a93a4800 JavaThread "Asynchronous log dispatcher for DefaultDaemonConnection: socket connection from /127.0.0.1:50225 to /127.0.0.1:50753" [_thread_blocked, id=11824, stack(0x0000009d08d00000,0x0000009d08e00000)]
  0x000001a5a93a0800 JavaThread "Stdin handler" [_thread_blocked, id=1968, stack(0x0000009d0a300000,0x0000009d0a400000)]
  0x000001a5a93a1000 JavaThread "Daemon client event forwarder" [_thread_blocked, id=6232, stack(0x0000009d0ad00000,0x0000009d0ae00000)]
  0x000001a5a93a5000 JavaThread "Cache worker for checksums cache (D:\NT118_PTUDDD\NT118_Nhom2_TripS\.gradle\7.4\checksums)" [_thread_blocked, id=3628, stack(0x0000009d0ae00000,0x0000009d0af00000)]
  0x000001a5a93a6000 JavaThread "Cache worker for cache directory md-rule (C:\Users\Le Thanh Hang\.gradle\caches\7.4\md-rule)" [_thread_blocked, id=1292, stack(0x0000009d0b000000,0x0000009d0b100000)]
  0x000001a5a93a7000 JavaThread "Cache worker for file hash cache (D:\NT118_PTUDDD\NT118_Nhom2_TripS\.gradle\7.4\fileHashes)" [_thread_blocked, id=11284, stack(0x0000009d0b100000,0x0000009d0b200000)]
  0x000001a5a93a2000 JavaThread "Cache worker for cache directory md-supplier (C:\Users\Le Thanh Hang\.gradle\caches\7.4\md-supplier)" [_thread_blocked, id=7364, stack(0x0000009d0b200000,0x0000009d0b300000)]
  0x000001a5a93ab800 JavaThread "Cache worker for dependencies-accessors (D:\NT118_PTUDDD\NT118_Nhom2_TripS\.gradle\7.4\dependencies-accessors)" [_thread_blocked, id=2500, stack(0x0000009d0b300000,0x0000009d0b400000)]
  0x000001a5a93a8800 JavaThread "Cache worker for Build Output Cleanup Cache (D:\NT118_PTUDDD\NT118_Nhom2_TripS\.gradle\buildOutputCleanup)" [_thread_blocked, id=3700, stack(0x0000009d0be00000,0x0000009d0bf00000)]

Other Threads:
  0x000001a5a3887000 VMThread "VM Thread" [stack: 0x0000009d09400000,0x0000009d09500000] [id=6864]
  0x000001a5a42f3800 WatcherThread [stack: 0x0000009d09f00000,0x0000009d0a000000] [id=13128]
  0x000001a586975000 GCTaskThread "GC Thread#0" [stack: 0x0000009d08f00000,0x0000009d09000000] [id=14228]
  0x000001a5a496f000 GCTaskThread "GC Thread#1" [stack: 0x0000009d0a400000,0x0000009d0a500000] [id=6392]
  0x000001a5a48da800 GCTaskThread "GC Thread#2" [stack: 0x0000009d0a600000,0x0000009d0a700000] [id=12968]
  0x000001a5a5c25000 GCTaskThread "GC Thread#3" [stack: 0x0000009d0a700000,0x0000009d0a800000] [id=17148]
  0x000001a5a5c25800 GCTaskThread "GC Thread#4" [stack: 0x0000009d0a800000,0x0000009d0a900000] [id=1980]
  0x000001a5a54f7800 GCTaskThread "GC Thread#5" [stack: 0x0000009d0a900000,0x0000009d0aa00000] [id=6360]
  0x000001a5a54f8000 GCTaskThread "GC Thread#6" [stack: 0x0000009d0aa00000,0x0000009d0ab00000] [id=12852]
  0x000001a5a6568000 GCTaskThread "GC Thread#7" [stack: 0x0000009d0ab00000,0x0000009d0ac00000] [id=2096]
  0x000001a5a6aea000 GCTaskThread "GC Thread#8" [stack: 0x0000009d0b700000,0x0000009d0b800000] [id=9984]
  0x000001a5a6ebf800 GCTaskThread "GC Thread#9" [stack: 0x0000009d0b800000,0x0000009d0b900000] [id=1304]
  0x000001a5a6b9c800 GCTaskThread "GC Thread#10" [stack: 0x0000009d0b900000,0x0000009d0ba00000] [id=9332]
  0x000001a5a68ac800 GCTaskThread "GC Thread#11" [stack: 0x0000009d0ba00000,0x0000009d0bb00000] [id=16752]
  0x000001a5a6a6b800 GCTaskThread "GC Thread#12" [stack: 0x0000009d0bb00000,0x0000009d0bc00000] [id=7792]
  0x000001a5869aa800 ConcurrentGCThread "G1 Main Marker" [stack: 0x0000009d09000000,0x0000009d09100000] [id=9996]
  0x000001a5869ac800 ConcurrentGCThread "G1 Conc#0" [stack: 0x0000009d09100000,0x0000009d09200000] [id=2164]
  0x000001a5a66ae800 ConcurrentGCThread "G1 Conc#1" [stack: 0x0000009d0bc00000,0x0000009d0bd00000] [id=12552]
  0x000001a5a6ed1800 ConcurrentGCThread "G1 Conc#2" [stack: 0x0000009d0bd00000,0x0000009d0be00000] [id=4060]
  0x000001a586a2e800 ConcurrentGCThread "G1 Refine#0" [stack: 0x0000009d09200000,0x0000009d09300000] [id=12980]
  0x000001a5a967f800 ConcurrentGCThread "G1 Refine#1" [stack: 0x0000009d0c100000,0x0000009d0c200000] [id=14364]
  0x000001a5b1779000 ConcurrentGCThread "G1 Refine#2" [stack: 0x0000009d0c200000,0x0000009d0c300000] [id=7084]
  0x000001a5b0369000 ConcurrentGCThread "G1 Refine#3" [stack: 0x0000009d0c300000,0x0000009d0c400000] [id=872]
  0x000001a5a36d7000 ConcurrentGCThread "G1 Young RemSet Sampling" [stack: 0x0000009d09300000,0x0000009d09400000] [id=16772]

Threads with active compile tasks:
C2 CompilerThread0  95991 23490       4       org.gradle.api.internal.attributes.DefaultMutableAttributeContainer::checkInsertionAllowed (125 bytes)

VM state:not at safepoint (normal execution)

VM Mutex/Monitor currently owned by a thread: None

Heap address: 0x0000000080000000, size: 2048 MB, Compressed Oops mode: 32-bit
Narrow klass base: 0x0000000000000000, Narrow klass shift: 3
Compressed class space size: 1073741824 Address: 0x0000000100000000

Heap:
 garbage-first heap   total 317440K, used 165029K [0x0000000080000000, 0x0000000100000000)
  region size 1024K, 42 young (43008K), 9 survivors (9216K)
 Metaspace       used 121375K, capacity 125162K, committed 128128K, reserved 1159168K
  class space    used 15382K, capacity 16875K, committed 18124K, reserved 1048576K
Heap Regions: E=young(eden), S=young(survivor), O=old, HS=humongous(starts), HC=humongous(continues), CS=collection set, F=free, A=archive, TAMS=top-at-mark-start (previous, next)
|   0|0x0000000080000000, 0x0000000080100000, 0x0000000080100000|100%| O|  |TAMS 0x0000000080100000, 0x0000000080000000| Untracked 
|   1|0x0000000080100000, 0x0000000080200000, 0x0000000080200000|100%| O|  |TAMS 0x0000000080200000, 0x0000000080100000| Untracked 
|   2|0x0000000080200000, 0x0000000080300000, 0x0000000080300000|100%| O|  |TAMS 0x0000000080300000, 0x0000000080200000| Untracked 
|   3|0x0000000080300000, 0x0000000080400000, 0x0000000080400000|100%|HS|  |TAMS 0x0000000080400000, 0x0000000080300000| Complete 
|   4|0x0000000080400000, 0x0000000080500000, 0x0000000080500000|100%|HC|  |TAMS 0x0000000080500000, 0x0000000080400000| Complete 
|   5|0x0000000080500000, 0x0000000080600000, 0x0000000080600000|100%|HC|  |TAMS 0x0000000080600000, 0x0000000080500000| Complete 
|   6|0x0000000080600000, 0x0000000080700000, 0x0000000080700000|100%| O|  |TAMS 0x0000000080700000, 0x0000000080600000| Untracked 
|   7|0x0000000080700000, 0x0000000080800000, 0x0000000080800000|100%| O|  |TAMS 0x0000000080800000, 0x0000000080700000| Untracked 
|   8|0x0000000080800000, 0x0000000080900000, 0x0000000080900000|100%| O|  |TAMS 0x0000000080900000, 0x0000000080800000| Untracked 
|   9|0x0000000080900000, 0x0000000080a00000, 0x0000000080a00000|100%| O|  |TAMS 0x0000000080a00000, 0x0000000080900000| Untracked 
|  10|0x0000000080a00000, 0x0000000080b00000, 0x0000000080b00000|100%| O|  |TAMS 0x0000000080b00000, 0x0000000080a00000| Untracked 
|  11|0x0000000080b00000, 0x0000000080c00000, 0x0000000080c00000|100%| O|  |TAMS 0x0000000080c00000, 0x0000000080b00000| Untracked 
|  12|0x0000000080c00000, 0x0000000080d00000, 0x0000000080d00000|100%| O|  |TAMS 0x0000000080d00000, 0x0000000080c00000| Untracked 
|  13|0x0000000080d00000, 0x0000000080e00000, 0x0000000080e00000|100%| O|  |TAMS 0x0000000080e00000, 0x0000000080d00000| Untracked 
|  14|0x0000000080e00000, 0x0000000080f00000, 0x0000000080f00000|100%| O|  |TAMS 0x0000000080f00000, 0x0000000080e00000| Untracked 
|  15|0x0000000080f00000, 0x0000000081000000, 0x0000000081000000|100%| O|  |TAMS 0x0000000081000000, 0x0000000080f00000| Untracked 
|  16|0x0000000081000000, 0x0000000081100000, 0x0000000081100000|100%| O|  |TAMS 0x0000000081100000, 0x0000000081000000| Untracked 
|  17|0x0000000081100000, 0x0000000081200000, 0x0000000081200000|100%|HS|  |TAMS 0x0000000081200000, 0x0000000081100000| Complete 
|  18|0x0000000081200000, 0x0000000081300000, 0x0000000081300000|100%| O|  |TAMS 0x0000000081300000, 0x0000000081200000| Untracked 
|  19|0x0000000081300000, 0x0000000081400000, 0x0000000081400000|100%| O|  |TAMS 0x0000000081400000, 0x0000000081300000| Untracked 
|  20|0x0000000081400000, 0x0000000081500000, 0x0000000081500000|100%| O|  |TAMS 0x0000000081500000, 0x0000000081400000| Untracked 
|  21|0x0000000081500000, 0x0000000081500000, 0x0000000081600000|  0%| F|  |TAMS 0x0000000081500000, 0x0000000081500000| Untracked 
|  22|0x0000000081600000, 0x0000000081700000, 0x0000000081700000|100%| O|  |TAMS 0x0000000081700000, 0x0000000081600000| Untracked 
|  23|0x0000000081700000, 0x0000000081800000, 0x0000000081800000|100%| O|  |TAMS 0x0000000081800000, 0x0000000081700000| Untracked 
|  24|0x0000000081800000, 0x0000000081900000, 0x0000000081900000|100%|HS|  |TAMS 0x0000000081900000, 0x0000000081800000| Complete 
|  25|0x0000000081900000, 0x0000000081a00000, 0x0000000081a00000|100%| O|  |TAMS 0x0000000081a00000, 0x0000000081900000| Untracked 
|  26|0x0000000081a00000, 0x0000000081b00000, 0x0000000081b00000|100%| O|  |TAMS 0x0000000081b00000, 0x0000000081a00000| Untracked 
|  27|0x0000000081b00000, 0x0000000081c00000, 0x0000000081c00000|100%| O|  |TAMS 0x0000000081c00000, 0x0000000081b00000| Untracked 
|  28|0x0000000081c00000, 0x0000000081d00000, 0x0000000081d00000|100%| O|  |TAMS 0x0000000081d00000, 0x0000000081c00000| Untracked 
|  29|0x0000000081d00000, 0x0000000081e00000, 0x0000000081e00000|100%|HS|  |TAMS 0x0000000081e00000, 0x0000000081d00000| Complete 
|  30|0x0000000081e00000, 0x0000000081f00000, 0x0000000081f00000|100%|HC|  |TAMS 0x0000000081f00000, 0x0000000081e00000| Complete 
|  31|0x0000000081f00000, 0x0000000082000000, 0x0000000082000000|100%| O|  |TAMS 0x0000000082000000, 0x0000000081f00000| Untracked 
|  32|0x0000000082000000, 0x0000000082100000, 0x0000000082100000|100%| O|  |TAMS 0x0000000082100000, 0x0000000082000000| Untracked 
|  33|0x0000000082100000, 0x0000000082200000, 0x0000000082200000|100%| O|  |TAMS 0x0000000082200000, 0x0000000082100000| Untracked 
|  34|0x0000000082200000, 0x0000000082300000, 0x0000000082300000|100%| O|  |TAMS 0x0000000082300000, 0x0000000082200000| Untracked 
|  35|0x0000000082300000, 0x0000000082400000, 0x0000000082400000|100%| O|  |TAMS 0x0000000082400000, 0x0000000082300000| Untracked 
|  36|0x0000000082400000, 0x0000000082500000, 0x0000000082500000|100%| O|  |TAMS 0x0000000082500000, 0x0000000082400000| Untracked 
|  37|0x0000000082500000, 0x0000000082600000, 0x0000000082600000|100%| O|  |TAMS 0x0000000082600000, 0x0000000082500000| Untracked 
|  38|0x0000000082600000, 0x0000000082700000, 0x0000000082700000|100%| O|  |TAMS 0x0000000082700000, 0x0000000082600000| Untracked 
|  39|0x0000000082700000, 0x0000000082800000, 0x0000000082800000|100%| O|  |TAMS 0x0000000082800000, 0x0000000082700000| Untracked 
|  40|0x0000000082800000, 0x0000000082900000, 0x0000000082900000|100%| O|  |TAMS 0x0000000082900000, 0x0000000082800000| Untracked 
|  41|0x0000000082900000, 0x0000000082a00000, 0x0000000082a00000|100%| O|  |TAMS 0x0000000082a00000, 0x0000000082900000| Untracked 
|  42|0x0000000082a00000, 0x0000000082b00000, 0x0000000082b00000|100%| O|  |TAMS 0x0000000082b00000, 0x0000000082a00000| Untracked 
|  43|0x0000000082b00000, 0x0000000082c00000, 0x0000000082c00000|100%| O|  |TAMS 0x0000000082c00000, 0x0000000082b00000| Untracked 
|  44|0x0000000082c00000, 0x0000000082d00000, 0x0000000082d00000|100%| O|  |TAMS 0x0000000082d00000, 0x0000000082c00000| Untracked 
|  45|0x0000000082d00000, 0x0000000082d00000, 0x0000000082e00000|  0%| F|  |TAMS 0x0000000082d00000, 0x0000000082d00000| Untracked 
|  46|0x0000000082e00000, 0x0000000082f00000, 0x0000000082f00000|100%| O|  |TAMS 0x0000000082f00000, 0x0000000082e00000| Untracked 
|  47|0x0000000082f00000, 0x0000000083000000, 0x0000000083000000|100%| O|  |TAMS 0x0000000083000000, 0x0000000082f00000| Untracked 
|  48|0x0000000083000000, 0x0000000083100000, 0x0000000083100000|100%| O|  |TAMS 0x0000000083100000, 0x0000000083000000| Untracked 
|  49|0x0000000083100000, 0x0000000083200000, 0x0000000083200000|100%| O|  |TAMS 0x0000000083200000, 0x0000000083100000| Untracked 
|  50|0x0000000083200000, 0x0000000083300000, 0x0000000083300000|100%| O|  |TAMS 0x0000000083300000, 0x0000000083200000| Untracked 
|  51|0x0000000083300000, 0x0000000083400000, 0x0000000083400000|100%| O|  |TAMS 0x0000000083400000, 0x0000000083300000| Untracked 
|  52|0x0000000083400000, 0x0000000083500000, 0x0000000083500000|100%| O|  |TAMS 0x0000000083500000, 0x0000000083400000| Untracked 
|  53|0x0000000083500000, 0x0000000083600000, 0x0000000083600000|100%| O|  |TAMS 0x0000000083600000, 0x0000000083500000| Untracked 
|  54|0x0000000083600000, 0x0000000083700000, 0x0000000083700000|100%| O|  |TAMS 0x0000000083700000, 0x0000000083600000| Untracked 
|  55|0x0000000083700000, 0x0000000083800000, 0x0000000083800000|100%| O|  |TAMS 0x0000000083800000, 0x0000000083700000| Untracked 
|  56|0x0000000083800000, 0x0000000083900000, 0x0000000083900000|100%| O|  |TAMS 0x0000000083900000, 0x0000000083800000| Untracked 
|  57|0x0000000083900000, 0x0000000083a00000, 0x0000000083a00000|100%| O|  |TAMS 0x0000000083a00000, 0x0000000083900000| Untracked 
|  58|0x0000000083a00000, 0x0000000083b00000, 0x0000000083b00000|100%| O|  |TAMS 0x0000000083b00000, 0x0000000083a00000| Untracked 
|  59|0x0000000083b00000, 0x0000000083c00000, 0x0000000083c00000|100%| O|  |TAMS 0x0000000083c00000, 0x0000000083b00000| Untracked 
|  60|0x0000000083c00000, 0x0000000083d00000, 0x0000000083d00000|100%| O|  |TAMS 0x0000000083d00000, 0x0000000083c00000| Untracked 
|  61|0x0000000083d00000, 0x0000000083d00000, 0x0000000083e00000|  0%| F|  |TAMS 0x0000000083d00000, 0x0000000083d00000| Untracked 
|  62|0x0000000083e00000, 0x0000000083f00000, 0x0000000083f00000|100%| O|  |TAMS 0x0000000083f00000, 0x0000000083e00000| Untracked 
|  63|0x0000000083f00000, 0x0000000084000000, 0x0000000084000000|100%| O|  |TAMS 0x0000000084000000, 0x0000000083f00000| Untracked 
|  64|0x0000000084000000, 0x0000000084100000, 0x0000000084100000|100%| O|  |TAMS 0x0000000084100000, 0x0000000084000000| Untracked 
|  65|0x0000000084100000, 0x0000000084200000, 0x0000000084200000|100%| O|  |TAMS 0x0000000084200000, 0x0000000084100000| Untracked 
|  66|0x0000000084200000, 0x0000000084300000, 0x0000000084300000|100%| O|  |TAMS 0x0000000084300000, 0x0000000084200000| Untracked 
|  67|0x0000000084300000, 0x0000000084400000, 0x0000000084400000|100%| O|  |TAMS 0x0000000084300000, 0x0000000084300000| Untracked 
|  68|0x0000000084400000, 0x0000000084500000, 0x0000000084500000|100%| O|  |TAMS 0x0000000084400000, 0x0000000084400000| Untracked 
|  69|0x0000000084500000, 0x0000000084500000, 0x0000000084600000|  0%| F|  |TAMS 0x0000000084500000, 0x0000000084500000| Untracked 
|  70|0x0000000084600000, 0x0000000084700000, 0x0000000084700000|100%| O|  |TAMS 0x0000000084700000, 0x0000000084600000| Untracked 
|  71|0x0000000084700000, 0x0000000084800000, 0x0000000084800000|100%| O|  |TAMS 0x0000000084800000, 0x0000000084700000| Untracked 
|  72|0x0000000084800000, 0x0000000084900000, 0x0000000084900000|100%| O|  |TAMS 0x0000000084900000, 0x0000000084800000| Untracked 
|  73|0x0000000084900000, 0x0000000084a00000, 0x0000000084a00000|100%| O|  |TAMS 0x0000000084a00000, 0x0000000084900000| Untracked 
|  74|0x0000000084a00000, 0x0000000084b00000, 0x0000000084b00000|100%| O|  |TAMS 0x0000000084b00000, 0x0000000084a00000| Untracked 
|  75|0x0000000084b00000, 0x0000000084c00000, 0x0000000084c00000|100%| O|  |TAMS 0x0000000084c00000, 0x0000000084b00000| Untracked 
|  76|0x0000000084c00000, 0x0000000084d00000, 0x0000000084d00000|100%| O|  |TAMS 0x0000000084d00000, 0x0000000084c00000| Untracked 
|  77|0x0000000084d00000, 0x0000000084e00000, 0x0000000084e00000|100%| O|  |TAMS 0x0000000084e00000, 0x0000000084d00000| Untracked 
|  78|0x0000000084e00000, 0x0000000084f00000, 0x0000000084f00000|100%| O|  |TAMS 0x0000000084f00000, 0x0000000084e00000| Untracked 
|  79|0x0000000084f00000, 0x0000000085000000, 0x0000000085000000|100%| O|  |TAMS 0x0000000085000000, 0x0000000084f00000| Untracked 
|  80|0x0000000085000000, 0x0000000085100000, 0x0000000085100000|100%| O|  |TAMS 0x0000000085100000, 0x0000000085000000| Untracked 
|  81|0x0000000085100000, 0x0000000085200000, 0x0000000085200000|100%| O|  |TAMS 0x00000000851ba400, 0x0000000085100000| Untracked 
|  82|0x0000000085200000, 0x0000000085200000, 0x0000000085300000|  0%| F|  |TAMS 0x0000000085200000, 0x0000000085200000| Untracked 
|  83|0x0000000085300000, 0x0000000085400000, 0x0000000085400000|100%| O|  |TAMS 0x0000000085400000, 0x0000000085300000| Untracked 
|  84|0x0000000085400000, 0x0000000085500000, 0x0000000085500000|100%| O|  |TAMS 0x0000000085400000, 0x0000000085400000| Untracked 
|  85|0x0000000085500000, 0x0000000085600000, 0x0000000085600000|100%| O|  |TAMS 0x0000000085500000, 0x0000000085500000| Untracked 
|  86|0x0000000085600000, 0x0000000085700000, 0x0000000085700000|100%| O|  |TAMS 0x0000000085600000, 0x0000000085600000| Untracked 
|  87|0x0000000085700000, 0x0000000085800000, 0x0000000085800000|100%| O|  |TAMS 0x0000000085700000, 0x0000000085700000| Untracked 
|  88|0x0000000085800000, 0x0000000085800000, 0x0000000085900000|  0%| F|  |TAMS 0x0000000085800000, 0x0000000085800000| Untracked 
|  89|0x0000000085900000, 0x0000000085a00000, 0x0000000085a00000|100%| O|  |TAMS 0x0000000085a00000, 0x0000000085900000| Untracked 
|  90|0x0000000085a00000, 0x0000000085b00000, 0x0000000085b00000|100%| O|  |TAMS 0x0000000085b00000, 0x0000000085a00000| Untracked 
|  91|0x0000000085b00000, 0x0000000085c00000, 0x0000000085c00000|100%| O|  |TAMS 0x0000000085c00000, 0x0000000085b00000| Untracked 
|  92|0x0000000085c00000, 0x0000000085d00000, 0x0000000085d00000|100%| O|  |TAMS 0x0000000085c00000, 0x0000000085c00000| Untracked 
|  93|0x0000000085d00000, 0x0000000085e00000, 0x0000000085e00000|100%| O|  |TAMS 0x0000000085e00000, 0x0000000085d00000| Untracked 
|  94|0x0000000085e00000, 0x0000000085f00000, 0x0000000085f00000|100%| O|  |TAMS 0x0000000085f00000, 0x0000000085e00000| Untracked 
|  95|0x0000000085f00000, 0x0000000086000000, 0x0000000086000000|100%| O|  |TAMS 0x0000000086000000, 0x0000000085f00000| Untracked 
|  96|0x0000000086000000, 0x0000000086100000, 0x0000000086100000|100%| O|  |TAMS 0x0000000086100000, 0x0000000086000000| Untracked 
|  97|0x0000000086100000, 0x0000000086200000, 0x0000000086200000|100%| O|  |TAMS 0x0000000086200000, 0x0000000086100000| Untracked 
|  98|0x0000000086200000, 0x0000000086300000, 0x0000000086300000|100%| O|  |TAMS 0x0000000086300000, 0x0000000086200000| Untracked 
|  99|0x0000000086300000, 0x0000000086400000, 0x0000000086400000|100%| O|  |TAMS 0x0000000086400000, 0x0000000086300000| Untracked 
| 100|0x0000000086400000, 0x0000000086500000, 0x0000000086500000|100%| O|  |TAMS 0x0000000086500000, 0x0000000086400000| Untracked 
| 101|0x0000000086500000, 0x0000000086600000, 0x0000000086600000|100%| O|  |TAMS 0x0000000086600000, 0x0000000086500000| Untracked 
| 102|0x0000000086600000, 0x0000000086700000, 0x0000000086700000|100%| O|  |TAMS 0x0000000086600000, 0x0000000086600000| Untracked 
| 103|0x0000000086700000, 0x0000000086800000, 0x0000000086800000|100%| O|  |TAMS 0x0000000086700000, 0x0000000086700000| Untracked 
| 104|0x0000000086800000, 0x0000000086900000, 0x0000000086900000|100%| O|  |TAMS 0x0000000086900000, 0x0000000086800000| Untracked 
| 105|0x0000000086900000, 0x0000000086a00000, 0x0000000086a00000|100%| O|  |TAMS 0x0000000086900000, 0x0000000086900000| Untracked 
| 106|0x0000000086a00000, 0x0000000086b00000, 0x0000000086b00000|100%| O|  |TAMS 0x0000000086a00000, 0x0000000086a00000| Untracked 
| 107|0x0000000086b00000, 0x0000000086c00000, 0x0000000086c00000|100%| O|  |TAMS 0x0000000086c00000, 0x0000000086b00000| Untracked 
| 108|0x0000000086c00000, 0x0000000086d00000, 0x0000000086d00000|100%| O|  |TAMS 0x0000000086d00000, 0x0000000086c00000| Untracked 
| 109|0x0000000086d00000, 0x0000000086e00000, 0x0000000086e00000|100%| O|  |TAMS 0x0000000086e00000, 0x0000000086d00000| Untracked 
| 110|0x0000000086e00000, 0x0000000086f00000, 0x0000000086f00000|100%| O|  |TAMS 0x0000000086f00000, 0x0000000086e00000| Untracked 
| 111|0x0000000086f00000, 0x0000000087000000, 0x0000000087000000|100%| O|  |TAMS 0x0000000087000000, 0x0000000086f00000| Untracked 
| 112|0x0000000087000000, 0x0000000087019a00, 0x0000000087100000| 10%| O|  |TAMS 0x0000000087000000, 0x0000000087000000| Untracked 
| 113|0x0000000087100000, 0x0000000087200000, 0x0000000087200000|100%| O|  |TAMS 0x0000000087200000, 0x0000000087100000| Untracked 
| 114|0x0000000087200000, 0x0000000087200000, 0x0000000087300000|  0%| F|  |TAMS 0x0000000087200000, 0x0000000087200000| Untracked 
| 115|0x0000000087300000, 0x0000000087300000, 0x0000000087400000|  0%| F|  |TAMS 0x0000000087300000, 0x0000000087300000| Untracked 
| 116|0x0000000087400000, 0x0000000087400000, 0x0000000087500000|  0%| F|  |TAMS 0x0000000087400000, 0x0000000087400000| Untracked 
| 117|0x0000000087500000, 0x0000000087500000, 0x0000000087600000|  0%| F|  |TAMS 0x0000000087500000, 0x0000000087500000| Untracked 
| 118|0x0000000087600000, 0x0000000087600000, 0x0000000087700000|  0%| F|  |TAMS 0x0000000087600000, 0x0000000087600000| Untracked 
| 119|0x0000000087700000, 0x0000000087700000, 0x0000000087800000|  0%| F|  |TAMS 0x0000000087700000, 0x0000000087700000| Untracked 
| 120|0x0000000087800000, 0x0000000087800000, 0x0000000087900000|  0%| F|  |TAMS 0x0000000087800000, 0x0000000087800000| Untracked 
| 121|0x0000000087900000, 0x0000000087900000, 0x0000000087a00000|  0%| F|  |TAMS 0x0000000087900000, 0x0000000087900000| Untracked 
| 122|0x0000000087a00000, 0x0000000087a00000, 0x0000000087b00000|  0%| F|  |TAMS 0x0000000087a00000, 0x0000000087a00000| Untracked 
| 123|0x0000000087b00000, 0x0000000087c00000, 0x0000000087c00000|100%| O|  |TAMS 0x0000000087c00000, 0x0000000087b00000| Untracked 
| 124|0x0000000087c00000, 0x0000000087d00000, 0x0000000087d00000|100%| O|  |TAMS 0x0000000087d00000, 0x0000000087c00000| Untracked 
| 125|0x0000000087d00000, 0x0000000087e00000, 0x0000000087e00000|100%| O|  |TAMS 0x0000000087e00000, 0x0000000087d00000| Untracked 
| 126|0x0000000087e00000, 0x0000000087f00000, 0x0000000087f00000|100%| O|  |TAMS 0x0000000087f00000, 0x0000000087e00000| Untracked 
| 127|0x0000000087f00000, 0x0000000088000000, 0x0000000088000000|100%| O|  |TAMS 0x0000000088000000, 0x0000000087f00000| Untracked 
| 128|0x0000000088000000, 0x0000000088000000, 0x0000000088100000|  0%| F|  |TAMS 0x0000000088000000, 0x0000000088000000| Untracked 
| 129|0x0000000088100000, 0x0000000088200000, 0x0000000088200000|100%| O|  |TAMS 0x0000000088200000, 0x0000000088100000| Untracked 
| 130|0x0000000088200000, 0x0000000088300000, 0x0000000088300000|100%| O|  |TAMS 0x0000000088300000, 0x0000000088200000| Untracked 
| 131|0x0000000088300000, 0x0000000088300000, 0x0000000088400000|  0%| F|  |TAMS 0x0000000088300000, 0x0000000088300000| Untracked 
| 132|0x0000000088400000, 0x0000000088400000, 0x0000000088500000|  0%| F|  |TAMS 0x0000000088400000, 0x0000000088400000| Untracked 
| 133|0x0000000088500000, 0x0000000088500000, 0x0000000088600000|  0%| F|  |TAMS 0x0000000088500000, 0x0000000088500000| Untracked 
| 134|0x0000000088600000, 0x0000000088700000, 0x0000000088700000|100%| O|  |TAMS 0x0000000088700000, 0x0000000088600000| Untracked 
| 135|0x0000000088700000, 0x0000000088800000, 0x0000000088800000|100%| O|  |TAMS 0x0000000088800000, 0x0000000088700000| Untracked 
| 136|0x0000000088800000, 0x0000000088900000, 0x0000000088900000|100%| O|  |TAMS 0x0000000088900000, 0x0000000088800000| Untracked 
| 137|0x0000000088900000, 0x0000000088a00000, 0x0000000088a00000|100%| O|  |TAMS 0x0000000088a00000, 0x0000000088900000| Untracked 
| 138|0x0000000088a00000, 0x0000000088b00000, 0x0000000088b00000|100%| O|  |TAMS 0x0000000088b00000, 0x0000000088a00000| Untracked 
| 139|0x0000000088b00000, 0x0000000088c00000, 0x0000000088c00000|100%| O|  |TAMS 0x0000000088c00000, 0x0000000088b00000| Untracked 
| 140|0x0000000088c00000, 0x0000000088d00000, 0x0000000088d00000|100%| O|  |TAMS 0x0000000088d00000, 0x0000000088c00000| Untracked 
| 141|0x0000000088d00000, 0x0000000088d00000, 0x0000000088e00000|  0%| F|  |TAMS 0x0000000088d00000, 0x0000000088d00000| Untracked 
| 142|0x0000000088e00000, 0x0000000088e00000, 0x0000000088f00000|  0%| F|  |TAMS 0x0000000088e00000, 0x0000000088e00000| Untracked 
| 143|0x0000000088f00000, 0x0000000088f00000, 0x0000000089000000|  0%| F|  |TAMS 0x0000000088f00000, 0x0000000088f00000| Untracked 
| 144|0x0000000089000000, 0x0000000089000000, 0x0000000089100000|  0%| F|  |TAMS 0x0000000089000000, 0x0000000089000000| Untracked 
| 145|0x0000000089100000, 0x0000000089100000, 0x0000000089200000|  0%| F|  |TAMS 0x0000000089100000, 0x0000000089100000| Untracked 
| 146|0x0000000089200000, 0x0000000089200000, 0x0000000089300000|  0%| F|  |TAMS 0x0000000089200000, 0x0000000089200000| Untracked 
| 147|0x0000000089300000, 0x0000000089300000, 0x0000000089400000|  0%| F|  |TAMS 0x0000000089300000, 0x0000000089300000| Untracked 
| 148|0x0000000089400000, 0x0000000089400000, 0x0000000089500000|  0%| F|  |TAMS 0x0000000089400000, 0x0000000089400000| Untracked 
| 149|0x0000000089500000, 0x0000000089500000, 0x0000000089600000|  0%| F|  |TAMS 0x0000000089500000, 0x0000000089500000| Untracked 
| 150|0x0000000089600000, 0x0000000089600000, 0x0000000089700000|  0%| F|  |TAMS 0x0000000089600000, 0x0000000089600000| Untracked 
| 151|0x0000000089700000, 0x0000000089700000, 0x0000000089800000|  0%| F|  |TAMS 0x0000000089700000, 0x0000000089700000| Untracked 
| 152|0x0000000089800000, 0x0000000089800000, 0x0000000089900000|  0%| F|  |TAMS 0x0000000089800000, 0x0000000089800000| Untracked 
| 153|0x0000000089900000, 0x0000000089900000, 0x0000000089a00000|  0%| F|  |TAMS 0x0000000089900000, 0x0000000089900000| Untracked 
| 154|0x0000000089a00000, 0x0000000089a00000, 0x0000000089b00000|  0%| F|  |TAMS 0x0000000089a00000, 0x0000000089a00000| Untracked 
| 155|0x0000000089b00000, 0x0000000089b00000, 0x0000000089c00000|  0%| F|  |TAMS 0x0000000089b00000, 0x0000000089b00000| Untracked 
| 156|0x0000000089c00000, 0x0000000089c00000, 0x0000000089d00000|  0%| F|  |TAMS 0x0000000089c00000, 0x0000000089c00000| Untracked 
| 157|0x0000000089d00000, 0x0000000089d00000, 0x0000000089e00000|  0%| F|  |TAMS 0x0000000089d00000, 0x0000000089d00000| Untracked 
| 158|0x0000000089e00000, 0x0000000089e00000, 0x0000000089f00000|  0%| F|  |TAMS 0x0000000089e00000, 0x0000000089e00000| Untracked 
| 159|0x0000000089f00000, 0x0000000089f00000, 0x000000008a000000|  0%| F|  |TAMS 0x0000000089f00000, 0x0000000089f00000| Untracked 
| 160|0x000000008a000000, 0x000000008a000000, 0x000000008a100000|  0%| F|  |TAMS 0x000000008a000000, 0x000000008a000000| Untracked 
| 161|0x000000008a100000, 0x000000008a100000, 0x000000008a200000|  0%| F|  |TAMS 0x000000008a100000, 0x000000008a100000| Untracked 
| 162|0x000000008a200000, 0x000000008a200000, 0x000000008a300000|  0%| F|  |TAMS 0x000000008a200000, 0x000000008a200000| Untracked 
| 163|0x000000008a300000, 0x000000008a300000, 0x000000008a400000|  0%| F|  |TAMS 0x000000008a300000, 0x000000008a300000| Untracked 
| 164|0x000000008a400000, 0x000000008a400000, 0x000000008a500000|  0%| F|  |TAMS 0x000000008a400000, 0x000000008a400000| Untracked 
| 165|0x000000008a500000, 0x000000008a500000, 0x000000008a600000|  0%| F|  |TAMS 0x000000008a500000, 0x000000008a500000| Untracked 
| 166|0x000000008a600000, 0x000000008a600000, 0x000000008a700000|  0%| F|  |TAMS 0x000000008a600000, 0x000000008a600000| Untracked 
| 167|0x000000008a700000, 0x000000008a700000, 0x000000008a800000|  0%| F|  |TAMS 0x000000008a700000, 0x000000008a700000| Untracked 
| 168|0x000000008a800000, 0x000000008a800000, 0x000000008a900000|  0%| F|  |TAMS 0x000000008a800000, 0x000000008a800000| Untracked 
| 169|0x000000008a900000, 0x000000008a900000, 0x000000008aa00000|  0%| F|  |TAMS 0x000000008a900000, 0x000000008a900000| Untracked 
| 170|0x000000008aa00000, 0x000000008aa00000, 0x000000008ab00000|  0%| F|  |TAMS 0x000000008aa00000, 0x000000008aa00000| Untracked 
| 171|0x000000008ab00000, 0x000000008ab00000, 0x000000008ac00000|  0%| F|  |TAMS 0x000000008ab00000, 0x000000008ab00000| Untracked 
| 172|0x000000008ac00000, 0x000000008ac00000, 0x000000008ad00000|  0%| F|  |TAMS 0x000000008ac00000, 0x000000008ac00000| Untracked 
| 173|0x000000008ad00000, 0x000000008ad00000, 0x000000008ae00000|  0%| F|  |TAMS 0x000000008ad00000, 0x000000008ad00000| Untracked 
| 174|0x000000008ae00000, 0x000000008ae00000, 0x000000008af00000|  0%| F|  |TAMS 0x000000008ae00000, 0x000000008ae00000| Untracked 
| 175|0x000000008af00000, 0x000000008af00000, 0x000000008b000000|  0%| F|  |TAMS 0x000000008af00000, 0x000000008af00000| Untracked 
| 176|0x000000008b000000, 0x000000008b000000, 0x000000008b100000|  0%| F|  |TAMS 0x000000008b000000, 0x000000008b000000| Untracked 
| 177|0x000000008b100000, 0x000000008b100000, 0x000000008b200000|  0%| F|  |TAMS 0x000000008b100000, 0x000000008b100000| Untracked 
| 178|0x000000008b200000, 0x000000008b200000, 0x000000008b300000|  0%| F|  |TAMS 0x000000008b200000, 0x000000008b200000| Untracked 
| 179|0x000000008b300000, 0x000000008b300000, 0x000000008b400000|  0%| F|  |TAMS 0x000000008b300000, 0x000000008b300000| Untracked 
| 180|0x000000008b400000, 0x000000008b400000, 0x000000008b500000|  0%| F|  |TAMS 0x000000008b400000, 0x000000008b400000| Untracked 
| 181|0x000000008b500000, 0x000000008b500000, 0x000000008b600000|  0%| F|  |TAMS 0x000000008b500000, 0x000000008b500000| Untracked 
| 182|0x000000008b600000, 0x000000008b600000, 0x000000008b700000|  0%| F|  |TAMS 0x000000008b600000, 0x000000008b600000| Untracked 
| 183|0x000000008b700000, 0x000000008b700000, 0x000000008b800000|  0%| F|  |TAMS 0x000000008b700000, 0x000000008b700000| Untracked 
| 184|0x000000008b800000, 0x000000008b800000, 0x000000008b900000|  0%| F|  |TAMS 0x000000008b800000, 0x000000008b800000| Untracked 
| 185|0x000000008b900000, 0x000000008b900000, 0x000000008ba00000|  0%| F|  |TAMS 0x000000008b900000, 0x000000008b900000| Untracked 
| 186|0x000000008ba00000, 0x000000008ba00000, 0x000000008bb00000|  0%| F|  |TAMS 0x000000008ba00000, 0x000000008ba00000| Untracked 
| 187|0x000000008bb00000, 0x000000008bb00000, 0x000000008bc00000|  0%| F|  |TAMS 0x000000008bb00000, 0x000000008bb00000| Untracked 
| 188|0x000000008bc00000, 0x000000008bc00000, 0x000000008bd00000|  0%| F|  |TAMS 0x000000008bc00000, 0x000000008bc00000| Untracked 
| 189|0x000000008bd00000, 0x000000008bd00000, 0x000000008be00000|  0%| F|  |TAMS 0x000000008bd00000, 0x000000008bd00000| Untracked 
| 190|0x000000008be00000, 0x000000008be00000, 0x000000008bf00000|  0%| F|  |TAMS 0x000000008be00000, 0x000000008be00000| Untracked 
| 191|0x000000008bf00000, 0x000000008bf00000, 0x000000008c000000|  0%| F|  |TAMS 0x000000008bf00000, 0x000000008bf00000| Untracked 
| 192|0x000000008c000000, 0x000000008c000000, 0x000000008c100000|  0%| F|  |TAMS 0x000000008c000000, 0x000000008c000000| Untracked 
| 193|0x000000008c100000, 0x000000008c100000, 0x000000008c200000|  0%| F|  |TAMS 0x000000008c100000, 0x000000008c100000| Untracked 
| 194|0x000000008c200000, 0x000000008c200000, 0x000000008c300000|  0%| F|  |TAMS 0x000000008c200000, 0x000000008c200000| Untracked 
| 195|0x000000008c300000, 0x000000008c300000, 0x000000008c400000|  0%| F|  |TAMS 0x000000008c300000, 0x000000008c300000| Untracked 
| 196|0x000000008c400000, 0x000000008c400000, 0x000000008c500000|  0%| F|  |TAMS 0x000000008c400000, 0x000000008c400000| Untracked 
| 197|0x000000008c500000, 0x000000008c500000, 0x000000008c600000|  0%| F|  |TAMS 0x000000008c500000, 0x000000008c500000| Untracked 
| 198|0x000000008c600000, 0x000000008c600000, 0x000000008c700000|  0%| F|  |TAMS 0x000000008c600000, 0x000000008c600000| Untracked 
| 199|0x000000008c700000, 0x000000008c700000, 0x000000008c800000|  0%| F|  |TAMS 0x000000008c700000, 0x000000008c700000| Untracked 
| 200|0x000000008c800000, 0x000000008c800000, 0x000000008c900000|  0%| F|  |TAMS 0x000000008c800000, 0x000000008c800000| Untracked 
| 201|0x000000008c900000, 0x000000008c900000, 0x000000008ca00000|  0%| F|  |TAMS 0x000000008c900000, 0x000000008c900000| Untracked 
| 202|0x000000008ca00000, 0x000000008ca00000, 0x000000008cb00000|  0%| F|  |TAMS 0x000000008ca00000, 0x000000008ca00000| Untracked 
| 203|0x000000008cb00000, 0x000000008cb00000, 0x000000008cc00000|  0%| F|  |TAMS 0x000000008cb00000, 0x000000008cb00000| Untracked 
| 204|0x000000008cc00000, 0x000000008cc00000, 0x000000008cd00000|  0%| F|  |TAMS 0x000000008cc00000, 0x000000008cc00000| Untracked 
| 205|0x000000008cd00000, 0x000000008cd00000, 0x000000008ce00000|  0%| F|  |TAMS 0x000000008cd00000, 0x000000008cd00000| Untracked 
| 206|0x000000008ce00000, 0x000000008ce0fae0, 0x000000008cf00000|  6%| S|CS|TAMS 0x000000008ce00000, 0x000000008ce00000| Complete 
| 207|0x000000008cf00000, 0x000000008d000000, 0x000000008d000000|100%| S|CS|TAMS 0x000000008cf00000, 0x000000008cf00000| Complete 
| 208|0x000000008d000000, 0x000000008d100000, 0x000000008d100000|100%| S|CS|TAMS 0x000000008d000000, 0x000000008d000000| Complete 
| 209|0x000000008d100000, 0x000000008d200000, 0x000000008d200000|100%| S|CS|TAMS 0x000000008d100000, 0x000000008d100000| Complete 
| 210|0x000000008d200000, 0x000000008d300000, 0x000000008d300000|100%| S|CS|TAMS 0x000000008d200000, 0x000000008d200000| Complete 
| 211|0x000000008d300000, 0x000000008d400000, 0x000000008d400000|100%| S|CS|TAMS 0x000000008d300000, 0x000000008d300000| Complete 
| 212|0x000000008d400000, 0x000000008d500000, 0x000000008d500000|100%| S|CS|TAMS 0x000000008d400000, 0x000000008d400000| Complete 
| 213|0x000000008d500000, 0x000000008d600000, 0x000000008d600000|100%| S|CS|TAMS 0x000000008d500000, 0x000000008d500000| Complete 
| 214|0x000000008d600000, 0x000000008d700000, 0x000000008d700000|100%| S|CS|TAMS 0x000000008d600000, 0x000000008d600000| Complete 
| 215|0x000000008d700000, 0x000000008d700000, 0x000000008d800000|  0%| F|  |TAMS 0x000000008d700000, 0x000000008d700000| Untracked 
| 216|0x000000008d800000, 0x000000008d800000, 0x000000008d900000|  0%| F|  |TAMS 0x000000008d800000, 0x000000008d800000| Untracked 
| 217|0x000000008d900000, 0x000000008d900000, 0x000000008da00000|  0%| F|  |TAMS 0x000000008d900000, 0x000000008d900000| Untracked 
| 218|0x000000008da00000, 0x000000008da00000, 0x000000008db00000|  0%| F|  |TAMS 0x000000008da00000, 0x000000008da00000| Untracked 
| 219|0x000000008db00000, 0x000000008db00000, 0x000000008dc00000|  0%| F|  |TAMS 0x000000008db00000, 0x000000008db00000| Untracked 
| 220|0x000000008dc00000, 0x000000008dc00000, 0x000000008dd00000|  0%| F|  |TAMS 0x000000008dc00000, 0x000000008dc00000| Untracked 
| 221|0x000000008dd00000, 0x000000008dd00000, 0x000000008de00000|  0%| F|  |TAMS 0x000000008dd00000, 0x000000008dd00000| Untracked 
| 222|0x000000008de00000, 0x000000008de00000, 0x000000008df00000|  0%| F|  |TAMS 0x000000008de00000, 0x000000008de00000| Untracked 
| 223|0x000000008df00000, 0x000000008df00000, 0x000000008e000000|  0%| F|  |TAMS 0x000000008df00000, 0x000000008df00000| Untracked 
| 224|0x000000008e000000, 0x000000008e000000, 0x000000008e100000|  0%| F|  |TAMS 0x000000008e000000, 0x000000008e000000| Untracked 
| 225|0x000000008e100000, 0x000000008e100000, 0x000000008e200000|  0%| F|  |TAMS 0x000000008e100000, 0x000000008e100000| Untracked 
| 226|0x000000008e200000, 0x000000008e200000, 0x000000008e300000|  0%| F|  |TAMS 0x000000008e200000, 0x000000008e200000| Untracked 
| 227|0x000000008e300000, 0x000000008e300000, 0x000000008e400000|  0%| F|  |TAMS 0x000000008e300000, 0x000000008e300000| Untracked 
| 228|0x000000008e400000, 0x000000008e400000, 0x000000008e500000|  0%| F|  |TAMS 0x000000008e400000, 0x000000008e400000| Untracked 
| 229|0x000000008e500000, 0x000000008e500000, 0x000000008e600000|  0%| F|  |TAMS 0x000000008e500000, 0x000000008e500000| Untracked 
| 230|0x000000008e600000, 0x000000008e600000, 0x000000008e700000|  0%| F|  |TAMS 0x000000008e600000, 0x000000008e600000| Untracked 
| 231|0x000000008e700000, 0x000000008e700000, 0x000000008e800000|  0%| F|  |TAMS 0x000000008e700000, 0x000000008e700000| Untracked 
| 232|0x000000008e800000, 0x000000008e800000, 0x000000008e900000|  0%| F|  |TAMS 0x000000008e800000, 0x000000008e800000| Untracked 
| 233|0x000000008e900000, 0x000000008e900000, 0x000000008ea00000|  0%| F|  |TAMS 0x000000008e900000, 0x000000008e900000| Untracked 
| 234|0x000000008ea00000, 0x000000008ea00000, 0x000000008eb00000|  0%| F|  |TAMS 0x000000008ea00000, 0x000000008ea00000| Untracked 
| 235|0x000000008eb00000, 0x000000008eb00000, 0x000000008ec00000|  0%| F|  |TAMS 0x000000008eb00000, 0x000000008eb00000| Untracked 
| 236|0x000000008ec00000, 0x000000008ec00000, 0x000000008ed00000|  0%| F|  |TAMS 0x000000008ec00000, 0x000000008ec00000| Untracked 
| 237|0x000000008ed00000, 0x000000008ed00000, 0x000000008ee00000|  0%| F|  |TAMS 0x000000008ed00000, 0x000000008ed00000| Untracked 
| 238|0x000000008ee00000, 0x000000008ee00000, 0x000000008ef00000|  0%| F|  |TAMS 0x000000008ee00000, 0x000000008ee00000| Untracked 
| 239|0x000000008ef00000, 0x000000008ef00000, 0x000000008f000000|  0%| F|  |TAMS 0x000000008ef00000, 0x000000008ef00000| Untracked 
| 240|0x000000008f000000, 0x000000008f000000, 0x000000008f100000|  0%| F|  |TAMS 0x000000008f000000, 0x000000008f000000| Untracked 
| 241|0x000000008f100000, 0x000000008f100000, 0x000000008f200000|  0%| F|  |TAMS 0x000000008f100000, 0x000000008f100000| Untracked 
| 242|0x000000008f200000, 0x000000008f200000, 0x000000008f300000|  0%| F|  |TAMS 0x000000008f200000, 0x000000008f200000| Untracked 
| 243|0x000000008f300000, 0x000000008f300000, 0x000000008f400000|  0%| F|  |TAMS 0x000000008f300000, 0x000000008f300000| Untracked 
| 244|0x000000008f400000, 0x000000008f400000, 0x000000008f500000|  0%| F|  |TAMS 0x000000008f400000, 0x000000008f400000| Untracked 
| 245|0x000000008f500000, 0x000000008f500000, 0x000000008f600000|  0%| F|  |TAMS 0x000000008f500000, 0x000000008f500000| Untracked 
| 246|0x000000008f600000, 0x000000008f600000, 0x000000008f700000|  0%| F|  |TAMS 0x000000008f600000, 0x000000008f600000| Untracked 
| 247|0x000000008f700000, 0x000000008f700000, 0x000000008f800000|  0%| F|  |TAMS 0x000000008f700000, 0x000000008f700000| Untracked 
| 248|0x000000008f800000, 0x000000008f800000, 0x000000008f900000|  0%| F|  |TAMS 0x000000008f800000, 0x000000008f800000| Untracked 
| 249|0x000000008f900000, 0x000000008f900000, 0x000000008fa00000|  0%| F|  |TAMS 0x000000008f900000, 0x000000008f900000| Untracked 
| 250|0x000000008fa00000, 0x000000008fa00000, 0x000000008fb00000|  0%| F|  |TAMS 0x000000008fa00000, 0x000000008fa00000| Untracked 
| 251|0x000000008fb00000, 0x000000008fb00000, 0x000000008fc00000|  0%| F|  |TAMS 0x000000008fb00000, 0x000000008fb00000| Untracked 
| 252|0x000000008fc00000, 0x000000008fc00000, 0x000000008fd00000|  0%| F|  |TAMS 0x000000008fc00000, 0x000000008fc00000| Untracked 
| 253|0x000000008fd00000, 0x000000008fd00000, 0x000000008fe00000|  0%| F|  |TAMS 0x000000008fd00000, 0x000000008fd00000| Untracked 
| 254|0x000000008fe00000, 0x000000008fe00000, 0x000000008ff00000|  0%| F|  |TAMS 0x000000008fe00000, 0x000000008fe00000| Untracked 
| 255|0x000000008ff00000, 0x000000008ff00000, 0x0000000090000000|  0%| F|  |TAMS 0x000000008ff00000, 0x000000008ff00000| Untracked 
| 256|0x0000000090000000, 0x0000000090000000, 0x0000000090100000|  0%| F|  |TAMS 0x0000000090000000, 0x0000000090000000| Untracked 
| 257|0x0000000090100000, 0x0000000090100000, 0x0000000090200000|  0%| F|  |TAMS 0x0000000090100000, 0x0000000090100000| Untracked 
| 258|0x0000000090200000, 0x0000000090200000, 0x0000000090300000|  0%| F|  |TAMS 0x0000000090200000, 0x0000000090200000| Untracked 
| 259|0x0000000090300000, 0x0000000090300000, 0x0000000090400000|  0%| F|  |TAMS 0x0000000090300000, 0x0000000090300000| Untracked 
| 260|0x0000000090400000, 0x0000000090400000, 0x0000000090500000|  0%| F|  |TAMS 0x0000000090400000, 0x0000000090400000| Untracked 
| 261|0x0000000090500000, 0x0000000090500000, 0x0000000090600000|  0%| F|  |TAMS 0x0000000090500000, 0x0000000090500000| Untracked 
| 262|0x0000000090600000, 0x0000000090600000, 0x0000000090700000|  0%| F|  |TAMS 0x0000000090600000, 0x0000000090600000| Untracked 
| 263|0x0000000090700000, 0x0000000090700000, 0x0000000090800000|  0%| F|  |TAMS 0x0000000090700000, 0x0000000090700000| Untracked 
| 264|0x0000000090800000, 0x0000000090800000, 0x0000000090900000|  0%| F|  |TAMS 0x0000000090800000, 0x0000000090800000| Untracked 
| 265|0x0000000090900000, 0x0000000090900000, 0x0000000090a00000|  0%| F|  |TAMS 0x0000000090900000, 0x0000000090900000| Untracked 
| 266|0x0000000090a00000, 0x0000000090a00000, 0x0000000090b00000|  0%| F|  |TAMS 0x0000000090a00000, 0x0000000090a00000| Untracked 
| 267|0x0000000090b00000, 0x0000000090b00000, 0x0000000090c00000|  0%| F|  |TAMS 0x0000000090b00000, 0x0000000090b00000| Untracked 
| 268|0x0000000090c00000, 0x0000000090c00000, 0x0000000090d00000|  0%| F|  |TAMS 0x0000000090c00000, 0x0000000090c00000| Untracked 
| 269|0x0000000090d00000, 0x0000000090d00000, 0x0000000090e00000|  0%| F|  |TAMS 0x0000000090d00000, 0x0000000090d00000| Untracked 
| 270|0x0000000090e00000, 0x0000000090e00000, 0x0000000090f00000|  0%| F|  |TAMS 0x0000000090e00000, 0x0000000090e00000| Untracked 
| 271|0x0000000090f00000, 0x0000000090f00000, 0x0000000091000000|  0%| F|  |TAMS 0x0000000090f00000, 0x0000000090f00000| Untracked 
| 272|0x0000000091000000, 0x0000000091000000, 0x0000000091100000|  0%| F|  |TAMS 0x0000000091000000, 0x0000000091000000| Untracked 
| 273|0x0000000091100000, 0x0000000091100000, 0x0000000091200000|  0%| F|  |TAMS 0x0000000091100000, 0x0000000091100000| Untracked 
| 274|0x0000000091200000, 0x0000000091200000, 0x0000000091300000|  0%| F|  |TAMS 0x0000000091200000, 0x0000000091200000| Untracked 
| 275|0x0000000091300000, 0x0000000091300000, 0x0000000091400000|  0%| F|  |TAMS 0x0000000091300000, 0x0000000091300000| Untracked 
| 276|0x0000000091400000, 0x0000000091400000, 0x0000000091500000|  0%| F|  |TAMS 0x0000000091400000, 0x0000000091400000| Complete 
| 277|0x0000000091500000, 0x0000000091600000, 0x0000000091600000|100%| E|CS|TAMS 0x0000000091500000, 0x0000000091500000| Complete 
| 278|0x0000000091600000, 0x0000000091700000, 0x0000000091700000|100%| E|CS|TAMS 0x0000000091600000, 0x0000000091600000| Complete 
| 279|0x0000000091700000, 0x0000000091800000, 0x0000000091800000|100%| E|CS|TAMS 0x0000000091700000, 0x0000000091700000| Complete 
| 280|0x0000000091800000, 0x0000000091900000, 0x0000000091900000|100%| E|CS|TAMS 0x0000000091800000, 0x0000000091800000| Complete 
| 281|0x0000000091900000, 0x0000000091a00000, 0x0000000091a00000|100%| E|CS|TAMS 0x0000000091900000, 0x0000000091900000| Complete 
| 282|0x0000000091a00000, 0x0000000091b00000, 0x0000000091b00000|100%| E|CS|TAMS 0x0000000091a00000, 0x0000000091a00000| Complete 
| 283|0x0000000091b00000, 0x0000000091c00000, 0x0000000091c00000|100%| E|CS|TAMS 0x0000000091b00000, 0x0000000091b00000| Complete 
| 284|0x0000000091c00000, 0x0000000091d00000, 0x0000000091d00000|100%| E|CS|TAMS 0x0000000091c00000, 0x0000000091c00000| Complete 
| 285|0x0000000091d00000, 0x0000000091e00000, 0x0000000091e00000|100%| E|CS|TAMS 0x0000000091d00000, 0x0000000091d00000| Complete 
| 286|0x0000000091e00000, 0x0000000091f00000, 0x0000000091f00000|100%| E|CS|TAMS 0x0000000091e00000, 0x0000000091e00000| Complete 
| 287|0x0000000091f00000, 0x0000000092000000, 0x0000000092000000|100%| E|CS|TAMS 0x0000000091f00000, 0x0000000091f00000| Complete 
| 288|0x0000000092000000, 0x0000000092100000, 0x0000000092100000|100%| E|CS|TAMS 0x0000000092000000, 0x0000000092000000| Complete 
| 289|0x0000000092100000, 0x0000000092200000, 0x0000000092200000|100%| E|CS|TAMS 0x0000000092100000, 0x0000000092100000| Complete 
| 290|0x0000000092200000, 0x0000000092300000, 0x0000000092300000|100%| E|CS|TAMS 0x0000000092200000, 0x0000000092200000| Complete 
| 291|0x0000000092300000, 0x0000000092400000, 0x0000000092400000|100%| E|CS|TAMS 0x0000000092300000, 0x0000000092300000| Complete 
| 292|0x0000000092400000, 0x0000000092500000, 0x0000000092500000|100%| E|CS|TAMS 0x0000000092400000, 0x0000000092400000| Complete 
| 293|0x0000000092500000, 0x0000000092600000, 0x0000000092600000|100%| E|CS|TAMS 0x0000000092500000, 0x0000000092500000| Complete 
| 294|0x0000000092600000, 0x0000000092700000, 0x0000000092700000|100%| E|CS|TAMS 0x0000000092600000, 0x0000000092600000| Complete 
| 295|0x0000000092700000, 0x0000000092800000, 0x0000000092800000|100%| E|CS|TAMS 0x0000000092700000, 0x0000000092700000| Complete 
| 296|0x0000000092800000, 0x0000000092900000, 0x0000000092900000|100%| E|CS|TAMS 0x0000000092800000, 0x0000000092800000| Complete 
| 297|0x0000000092900000, 0x0000000092a00000, 0x0000000092a00000|100%| E|CS|TAMS 0x0000000092900000, 0x0000000092900000| Complete 
| 298|0x0000000092a00000, 0x0000000092b00000, 0x0000000092b00000|100%| E|CS|TAMS 0x0000000092a00000, 0x0000000092a00000| Complete 
| 299|0x0000000092b00000, 0x0000000092c00000, 0x0000000092c00000|100%| E|CS|TAMS 0x0000000092b00000, 0x0000000092b00000| Complete 
| 300|0x0000000092c00000, 0x0000000092d00000, 0x0000000092d00000|100%| E|CS|TAMS 0x0000000092c00000, 0x0000000092c00000| Complete 
| 301|0x0000000092d00000, 0x0000000092e00000, 0x0000000092e00000|100%| E|CS|TAMS 0x0000000092d00000, 0x0000000092d00000| Complete 
| 302|0x0000000092e00000, 0x0000000092f00000, 0x0000000092f00000|100%| E|CS|TAMS 0x0000000092e00000, 0x0000000092e00000| Complete 
| 303|0x0000000092f00000, 0x0000000093000000, 0x0000000093000000|100%| E|CS|TAMS 0x0000000092f00000, 0x0000000092f00000| Complete 
| 304|0x0000000093000000, 0x0000000093100000, 0x0000000093100000|100%| E|CS|TAMS 0x0000000093000000, 0x0000000093000000| Complete 
| 305|0x0000000093100000, 0x0000000093200000, 0x0000000093200000|100%| E|CS|TAMS 0x0000000093100000, 0x0000000093100000| Complete 
| 306|0x0000000093200000, 0x0000000093300000, 0x0000000093300000|100%| E|CS|TAMS 0x0000000093200000, 0x0000000093200000| Complete 
| 307|0x0000000093300000, 0x0000000093400000, 0x0000000093400000|100%| E|CS|TAMS 0x0000000093300000, 0x0000000093300000| Complete 
| 308|0x0000000093400000, 0x0000000093500000, 0x0000000093500000|100%| E|CS|TAMS 0x0000000093400000, 0x0000000093400000| Complete 
| 309|0x0000000093500000, 0x0000000093600000, 0x0000000093600000|100%| E|CS|TAMS 0x0000000093500000, 0x0000000093500000| Complete 

Card table byte_map: [0x000001a59c010000,0x000001a59c410000] _byte_map_base: 0x000001a59bc10000

Marking Bits (Prev, Next): (CMBitMap*) 0x000001a5869a1940, (CMBitMap*) 0x000001a5869a1908
 Prev Bits: [0x000001a59e810000, 0x000001a5a0810000)
 Next Bits: [0x000001a59c810000, 0x000001a59e810000)

Polling page: 0x000001a586a30000

Metaspace:

Usage:
  Non-class:    105.75 MB capacity,   103.51 MB ( 98%) used,     1.78 MB (  2%) free+waste,   470.19 KB ( <1%) overhead. 
      Class:     16.48 MB capacity,    15.02 MB ( 91%) used,     1.25 MB (  8%) free+waste,   210.63 KB (  1%) overhead. 
       Both:    122.23 MB capacity,   118.53 MB ( 97%) used,     3.03 MB (  2%) free+waste,   680.81 KB ( <1%) overhead. 

Virtual space:
  Non-class space:      108.00 MB reserved,     107.43 MB (>99%) committed 
      Class space:        1.00 GB reserved,      17.70 MB (  2%) committed 
             Both:        1.11 GB reserved,     125.13 MB ( 11%) committed 

Chunk freelists:
   Non-Class:  1.55 MB
       Class:  1.11 MB
        Both:  2.67 MB

MaxMetaspaceSize: 17179869184.00 GB
CompressedClassSpaceSize: 1.00 GB
Initial GC threshold: 20.80 MB
Current GC threshold: 202.29 MB
CDS: off

CodeHeap 'non-profiled nmethods': size=119168Kb used=13909Kb max_used=14416Kb free=105258Kb
 bounds [0x000001a5937f0000, 0x000001a594610000, 0x000001a59ac50000]
CodeHeap 'profiled nmethods': size=119168Kb used=47938Kb max_used=50112Kb free=71229Kb
 bounds [0x000001a58c390000, 0x000001a58f490000, 0x000001a5937f0000]
CodeHeap 'non-nmethods': size=7424Kb used=2446Kb max_used=4184Kb free=4977Kb
 bounds [0x000001a58bc50000, 0x000001a58c070000, 0x000001a58c390000]
 total_blobs=22495 nmethods=21523 adapters=881
 compilation: enabled
              stopped_count=0, restarted_count=0
 full_count=0

Compilation events (20 events):
Event: 95.944 Thread 0x000001a5a4103800 23493       3       java.util.concurrent.atomic.AtomicLong::<init> (5 bytes)
Event: 95.944 Thread 0x000001a5a4103800 nmethod 23493 0x000001a58c51fa90 code [0x000001a58c51fc40, 0x000001a58c51fdf8]
Event: 95.945 Thread 0x000001a5a4103800 23494       3       org.gradle.internal.resource.ExternalResourceName::<init> (20 bytes)
Event: 95.946 Thread 0x000001a5a4103800 nmethod 23494 0x000001a58c469c90 code [0x000001a58c469e40, 0x000001a58c46a0b8]
Event: 95.946 Thread 0x000001a5a4103800 23495       3       org.gradle.api.internal.artifacts.repositories.resolver.AbstractResourcePattern::<init> (117 bytes)
Event: 95.946 Thread 0x000001a5a4103800 nmethod 23495 0x000001a58c535510 code [0x000001a58c5357c0, 0x000001a58c5368d8]
Event: 95.946 Thread 0x000001a5a4103800 23496       3       org.gradle.api.internal.WithEstimatedSize$Estimates::estimateSizeOf (34 bytes)
Event: 95.947 Thread 0x000001a5a4103800 nmethod 23496 0x000001a58c725610 code [0x000001a58c725820, 0x000001a58c725eb8]
Event: 95.947 Thread 0x000001a5a4103800 23497       3       org.gradle.api.internal.WithEstimatedSize$Estimates::isKnownToHaveConstantTimeSizeMethod (33 bytes)
Event: 95.947 Thread 0x000001a5a4103800 nmethod 23497 0x000001a58c54ca90 code [0x000001a58c54cc40, 0x000001a58c54ce78]
Event: 95.947 Thread 0x000001a5a4103800 23498       3       org.gradle.api.internal.attributes.DefaultImmutableAttributes::coerce (20 bytes)
Event: 95.947 Thread 0x000001a5a4103800 nmethod 23498 0x000001a58c647590 code [0x000001a58c647760, 0x000001a58c647968]
Event: 95.948 Thread 0x000001a5a4103800 23499       1       org.gradle.plugin.management.internal.DefaultPluginRequest::getId (5 bytes)
Event: 95.948 Thread 0x000001a5a4103800 nmethod 23499 0x000001a593b0ae90 code [0x000001a593b0b040, 0x000001a593b0b0f8]
Event: 95.949 Thread 0x000001a5a4103800 23500       1       org.gradle.api.internal.artifacts.repositories.AuthenticationSupporter::getAuthentication (5 bytes)
Event: 95.949 Thread 0x000001a5a4103800 nmethod 23500 0x000001a593820b10 code [0x000001a593820cc0, 0x000001a593820d78]
Event: 95.949 Thread 0x000001a5a4103800 23501   !   3       java.util.AbstractSet::equals (45 bytes)
Event: 95.950 Thread 0x000001a5a4103800 nmethod 23501 0x000001a58cd7b210 code [0x000001a58cd7b420, 0x000001a58cd7ba88]
Event: 95.956 Thread 0x000001a5a4103800 23502       3       org.gradle.internal.snapshot.impl.CoercingStringValueSnapshot::coerce (114 bytes)
Event: 95.958 Thread 0x000001a5a4103800 nmethod 23502 0x000001a58c9b6010 code [0x000001a58c9b6420, 0x000001a58c9b8078]

GC Heap History (20 events):
Event: 40.913 GC heap before
{Heap before GC invocations=38 (full 0):
 garbage-first heap   total 210944K, used 135568K [0x0000000080000000, 0x0000000100000000)
  region size 1024K, 10 young (10240K), 3 survivors (3072K)
 Metaspace       used 105063K, capacity 107891K, committed 108160K, reserved 1142784K
  class space    used 13204K, capacity 14247K, committed 14284K, reserved 1048576K
}
Event: 40.920 GC heap after
{Heap after GC invocations=39 (full 0):
 garbage-first heap   total 210944K, used 126798K [0x0000000080000000, 0x0000000100000000)
  region size 1024K, 1 young (1024K), 1 survivors (1024K)
 Metaspace       used 105063K, capacity 107891K, committed 108160K, reserved 1142784K
  class space    used 13204K, capacity 14247K, committed 14284K, reserved 1048576K
}
Event: 41.274 GC heap before
{Heap before GC invocations=39 (full 0):
 garbage-first heap   total 210944K, used 170830K [0x0000000080000000, 0x0000000100000000)
  region size 1024K, 45 young (46080K), 1 survivors (1024K)
 Metaspace       used 109132K, capacity 112448K, committed 112512K, reserved 1146880K
  class space    used 13819K, capacity 15025K, committed 15052K, reserved 1048576K
}
Event: 41.287 GC heap after
{Heap after GC invocations=40 (full 0):
 garbage-first heap   total 210944K, used 135314K [0x0000000080000000, 0x0000000100000000)
  region size 1024K, 6 young (6144K), 6 survivors (6144K)
 Metaspace       used 109132K, capacity 112448K, committed 112512K, reserved 1146880K
  class space    used 13819K, capacity 15025K, committed 15052K, reserved 1048576K
}
Event: 41.598 GC heap before
{Heap before GC invocations=41 (full 0):
 garbage-first heap   total 210944K, used 172178K [0x0000000080000000, 0x0000000100000000)
  region size 1024K, 43 young (44032K), 6 survivors (6144K)
 Metaspace       used 114578K, capacity 118861K, committed 119040K, reserved 1150976K
  class space    used 14940K, capacity 16665K, committed 16716K, reserved 1048576K
}
Event: 41.649 GC heap after
{Heap after GC invocations=42 (full 0):
 garbage-first heap   total 210944K, used 140301K [0x0000000080000000, 0x0000000100000000)
  region size 1024K, 5 young (5120K), 5 survivors (5120K)
 Metaspace       used 114578K, capacity 118861K, committed 119040K, reserved 1150976K
  class space    used 14940K, capacity 16665K, committed 16716K, reserved 1048576K
}
Event: 41.702 GC heap before
{Heap before GC invocations=42 (full 0):
 garbage-first heap   total 210944K, used 145421K [0x0000000080000000, 0x0000000100000000)
  region size 1024K, 10 young (10240K), 5 survivors (5120K)
 Metaspace       used 114996K, capacity 119354K, committed 119680K, reserved 1153024K
  class space    used 14998K, capacity 16743K, committed 16844K, reserved 1048576K
}
Event: 41.786 GC heap after
{Heap after GC invocations=43 (full 0):
 garbage-first heap   total 210944K, used 123692K [0x0000000080000000, 0x0000000100000000)
  region size 1024K, 2 young (2048K), 2 survivors (2048K)
 Metaspace       used 114996K, capacity 119354K, committed 119680K, reserved 1153024K
  class space    used 14998K, capacity 16743K, committed 16844K, reserved 1048576K
}
Event: 41.869 GC heap before
{Heap before GC invocations=43 (full 0):
 garbage-first heap   total 210944K, used 131884K [0x0000000080000000, 0x0000000100000000)
  region size 1024K, 10 young (10240K), 2 survivors (2048K)
 Metaspace       used 115871K, capacity 120344K, committed 120576K, reserved 1153024K
  class space    used 15148K, capacity 16935K, committed 16972K, reserved 1048576K
}
Event: 41.875 GC heap after
{Heap after GC invocations=44 (full 0):
 garbage-first heap   total 210944K, used 123588K [0x0000000080000000, 0x0000000100000000)
  region size 1024K, 1 young (1024K), 1 survivors (1024K)
 Metaspace       used 115871K, capacity 120344K, committed 120576K, reserved 1153024K
  class space    used 15148K, capacity 16935K, committed 16972K, reserved 1048576K
}
Event: 41.991 GC heap before
{Heap before GC invocations=44 (full 0):
 garbage-first heap   total 210944K, used 166596K [0x0000000080000000, 0x0000000100000000)
  region size 1024K, 43 young (44032K), 1 survivors (1024K)
 Metaspace       used 117249K, capacity 121897K, committed 122112K, reserved 1155072K
  class space    used 15354K, capacity 17223K, committed 17228K, reserved 1048576K
}
Event: 41.994 GC heap after
{Heap after GC invocations=45 (full 0):
 garbage-first heap   total 210944K, used 124770K [0x0000000080000000, 0x0000000100000000)
  region size 1024K, 3 young (3072K), 3 survivors (3072K)
 Metaspace       used 117249K, capacity 121897K, committed 122112K, reserved 1155072K
  class space    used 15354K, capacity 17223K, committed 17228K, reserved 1048576K
}
Event: 42.174 GC heap before
{Heap before GC invocations=45 (full 0):
 garbage-first heap   total 210944K, used 162658K [0x0000000080000000, 0x0000000100000000)
  region size 1024K, 42 young (43008K), 3 survivors (3072K)
 Metaspace       used 119024K, capacity 123870K, committed 124032K, reserved 1155072K
  class space    used 15531K, capacity 17502K, committed 17612K, reserved 1048576K
}
Event: 42.180 GC heap after
{Heap after GC invocations=46 (full 0):
 garbage-first heap   total 210944K, used 125417K [0x0000000080000000, 0x0000000100000000)
  region size 1024K, 3 young (3072K), 3 survivors (3072K)
 Metaspace       used 119024K, capacity 123870K, committed 124032K, reserved 1155072K
  class space    used 15531K, capacity 17502K, committed 17612K, reserved 1048576K
}
Event: 42.600 GC heap before
{Heap before GC invocations=47 (full 0):
 garbage-first heap   total 210944K, used 171497K [0x0000000080000000, 0x0000000100000000)
  region size 1024K, 48 young (49152K), 3 survivors (3072K)
 Metaspace       used 118846K, capacity 122562K, committed 125824K, reserved 1157120K
  class space    used 15090K, capacity 16522K, committed 17868K, reserved 1048576K
}
Event: 42.607 GC heap after
{Heap after GC invocations=48 (full 0):
 garbage-first heap   total 210944K, used 129908K [0x0000000080000000, 0x0000000100000000)
  region size 1024K, 6 young (6144K), 6 survivors (6144K)
 Metaspace       used 118846K, capacity 122562K, committed 125824K, reserved 1157120K
  class space    used 15090K, capacity 16522K, committed 17868K, reserved 1048576K
}
Event: 42.665 GC heap before
{Heap before GC invocations=48 (full 0):
 garbage-first heap   total 210944K, used 132980K [0x0000000080000000, 0x0000000100000000)
  region size 1024K, 10 young (10240K), 6 survivors (6144K)
 Metaspace       used 118878K, capacity 122566K, committed 125824K, reserved 1157120K
  class space    used 15090K, capacity 16522K, committed 17868K, reserved 1048576K
}
Event: 42.687 GC heap after
{Heap after GC invocations=49 (full 0):
 garbage-first heap   total 317440K, used 126054K [0x0000000080000000, 0x0000000100000000)
  region size 1024K, 2 young (2048K), 2 survivors (2048K)
 Metaspace       used 118878K, capacity 122566K, committed 125824K, reserved 1157120K
  class space    used 15090K, capacity 16522K, committed 17868K, reserved 1048576K
}
Event: 80.316 GC heap before
{Heap before GC invocations=49 (full 0):
 garbage-first heap   total 317440K, used 267366K [0x0000000080000000, 0x0000000100000000)
  region size 1024K, 97 young (99328K), 2 survivors (2048K)
 Metaspace       used 121264K, capacity 125065K, committed 128128K, reserved 1159168K
  class space    used 15378K, capacity 16868K, committed 18124K, reserved 1048576K
}
Event: 80.335 GC heap after
{Heap after GC invocations=50 (full 0):
 garbage-first heap   total 317440K, used 132261K [0x0000000080000000, 0x0000000100000000)
  region size 1024K, 9 young (9216K), 9 survivors (9216K)
 Metaspace       used 121264K, capacity 125065K, committed 128128K, reserved 1159168K
  class space    used 15378K, capacity 16868K, committed 18124K, reserved 1048576K
}

Deoptimization events (20 events):
Event: 80.055 Thread 0x000001a5a6a77000 Uncommon trap: trap_request=0xffffffde fr.pc=0x000001a593e1faf8 relative=0x00000000000000b8
Event: 80.055 Thread 0x000001a5a6a77000 Uncommon trap: reason=class_check action=maybe_recompile pc=0x000001a593e1faf8 method=java.util.stream.ReferencePipeline$4$1.accept(Ljava/lang/Object;)V @ 12 c2
Event: 80.055 Thread 0x000001a5a6a77000 DEOPT PACKING pc=0x000001a593e1faf8 sp=0x0000009d0affb640
Event: 80.055 Thread 0x000001a5a6a77000 DEOPT UNPACKING pc=0x000001a58bc9a1af sp=0x0000009d0affb5c0 mode 2
Event: 80.219 Thread 0x000001a5a93a1000 Uncommon trap: trap_request=0xffffff4d fr.pc=0x000001a593f4a95c relative=0x000000000000081c
Event: 80.219 Thread 0x000001a5a93a1000 Uncommon trap: reason=unstable_if action=reinterpret pc=0x000001a593f4a95c method=java.util.concurrent.ConcurrentHashMap.replaceNode(Ljava/lang/Object;Ljava/lang/Object;Ljava/lang/Object;)Ljava/lang/Object; @ 62 c2
Event: 80.219 Thread 0x000001a5a93a1000 DEOPT PACKING pc=0x000001a593f4a95c sp=0x0000009d182fe480
Event: 80.219 Thread 0x000001a5a93a1000 DEOPT UNPACKING pc=0x000001a58bc9a1af sp=0x0000009d182fe3f8 mode 2
Event: 80.420 Thread 0x000001a5a6a77000 Uncommon trap: trap_request=0xffffffde fr.pc=0x000001a593f59d4c relative=0x0000000000000ccc
Event: 80.420 Thread 0x000001a5a6a77000 Uncommon trap: reason=class_check action=maybe_recompile pc=0x000001a593f59d4c method=java.util.HashMap.removeNode(ILjava/lang/Object;Ljava/lang/Object;ZZ)Ljava/util/HashMap$Node; @ 143 c2
Event: 80.420 Thread 0x000001a5a6a77000 DEOPT PACKING pc=0x000001a593f59d4c sp=0x0000009d0affabb0
Event: 80.420 Thread 0x000001a5a6a77000 DEOPT UNPACKING pc=0x000001a58bc9a1af sp=0x0000009d0affab48 mode 2
Event: 80.458 Thread 0x000001a5a6a77000 Uncommon trap: trap_request=0xffffffc6 fr.pc=0x000001a5943c04d4 relative=0x0000000000000ab4
Event: 80.458 Thread 0x000001a5a6a77000 Uncommon trap: reason=bimorphic_or_optimized_type_check action=maybe_recompile pc=0x000001a5943c04d4 method=com.google.common.collect.Sets$3$1.computeNext()Ljava/lang/Object; @ 4 c2
Event: 80.458 Thread 0x000001a5a6a77000 DEOPT PACKING pc=0x000001a5943c04d4 sp=0x0000009d0affec70
Event: 80.458 Thread 0x000001a5a6a77000 DEOPT UNPACKING pc=0x000001a58bc9a1af sp=0x0000009d0affec40 mode 2
Event: 95.903 Thread 0x000001a5a6a77000 Uncommon trap: trap_request=0xffffffc6 fr.pc=0x000001a5943c04d4 relative=0x0000000000000ab4
Event: 95.903 Thread 0x000001a5a6a77000 Uncommon trap: reason=bimorphic_or_optimized_type_check action=maybe_recompile pc=0x000001a5943c04d4 method=com.google.common.collect.Sets$3$1.computeNext()Ljava/lang/Object; @ 4 c2
Event: 95.903 Thread 0x000001a5a6a77000 DEOPT PACKING pc=0x000001a5943c04d4 sp=0x0000009d0affeb30
Event: 95.903 Thread 0x000001a5a6a77000 DEOPT UNPACKING pc=0x000001a58bc9a1af sp=0x0000009d0affeb00 mode 2

Classes redefined (0 events):
No events

Internal exceptions (20 events):
Event: 43.020 Thread 0x000001a5b09fc800 Exception <a 'java/lang/NoSuchMethodError'{0x00000000928cae48}: 'java.lang.Object java.lang.invoke.Invokers$Holder.linkToTargetMethod(java.lang.Object, java.lang.Object, java.lang.Object, java.lang.Object, java.lang.Object, java.lang.Object, int, java.lang.Object)'> (0x00000000928cae48) thrown at [./src/hotspot/share/interpreter/linkResolver.cpp, line 773]
Event: 43.123 Thread 0x000001a5b09fc800 Exception <a 'sun/nio/fs/WindowsException'{0x000000009252d848}> (0x000000009252d848) thrown at [./src/hotspot/share/prims/jni.cpp, line 615]
Event: 43.123 Thread 0x000001a5b09fc800 Exception <a 'sun/nio/fs/WindowsException'{0x000000009252d8c8}> (0x000000009252d8c8) thrown at [./src/hotspot/share/prims/jni.cpp, line 615]
Event: 43.495 Thread 0x000001a5b09fc800 Exception <a 'java/lang/NoSuchMethodError'{0x0000000091ff0e00}: 'java.lang.Object java.lang.invoke.DirectMethodHandle$Holder.invokeVirtual(java.lang.Object, java.lang.Object, int)'> (0x0000000091ff0e00) thrown at [./src/hotspot/share/interpreter/linkResolver.cpp, line 773]
Event: 43.498 Thread 0x000001a5b09fc800 Implicit null exception at 0x000001a5939bc2eb to 0x000001a5939bc30c
Event: 43.591 Thread 0x000001a5a6a77000 Implicit null exception at 0x000001a594000d74 to 0x000001a5940011f0
Event: 43.595 Thread 0x000001a5a6a77000 Exception <a 'sun/nio/fs/WindowsException'{0x0000000091d5caa8}> (0x0000000091d5caa8) thrown at [./src/hotspot/share/prims/jni.cpp, line 615]
Event: 43.595 Thread 0x000001a5a6a77000 Exception <a 'sun/nio/fs/WindowsException'{0x0000000091d5cb28}> (0x0000000091d5cb28) thrown at [./src/hotspot/share/prims/jni.cpp, line 615]
Event: 43.596 Thread 0x000001a5a6a77000 Exception <a 'sun/nio/fs/WindowsException'{0x0000000091d5e410}> (0x0000000091d5e410) thrown at [./src/hotspot/share/prims/jni.cpp, line 615]
Event: 79.888 Thread 0x000001a5a6a77000 Exception <a 'sun/nio/fs/WindowsException'{0x000000008f96bbf8}> (0x000000008f96bbf8) thrown at [./src/hotspot/share/prims/jni.cpp, line 615]
Event: 79.938 Thread 0x000001a5a6a77000 Implicit null exception at 0x000001a5941f8bf7 to 0x000001a5941f8cfc
Event: 79.951 Thread 0x000001a5a6a77000 Exception <a 'java/lang/NoClassDefFoundError'{0x000000008f53da10}: org/jetbrains/kotlin/gradle/plugin/KotlinBasePluginWrapper> (0x000000008f53da10) thrown at [./src/hotspot/share/oops/constantPool.cpp, line 775]
Event: 79.976 Thread 0x000001a5a6a77000 Exception <a 'sun/nio/fs/WindowsException'{0x000000008f4b1c58}> (0x000000008f4b1c58) thrown at [./src/hotspot/share/prims/jni.cpp, line 615]
Event: 79.996 Thread 0x000001a5a6a77000 Exception <a 'sun/nio/fs/WindowsException'{0x000000008f34ee90}> (0x000000008f34ee90) thrown at [./src/hotspot/share/prims/jni.cpp, line 615]
Event: 79.997 Thread 0x000001a5a6a77000 Exception <a 'sun/nio/fs/WindowsException'{0x000000008f350238}> (0x000000008f350238) thrown at [./src/hotspot/share/prims/jni.cpp, line 615]
Event: 79.997 Thread 0x000001a5a6a77000 Exception <a 'sun/nio/fs/WindowsException'{0x000000008f351630}> (0x000000008f351630) thrown at [./src/hotspot/share/prims/jni.cpp, line 615]
Event: 79.997 Thread 0x000001a5a6a77000 Exception <a 'sun/nio/fs/WindowsException'{0x000000008f352a28}> (0x000000008f352a28) thrown at [./src/hotspot/share/prims/jni.cpp, line 615]
Event: 80.402 Thread 0x000001a5a6a77000 Exception <a 'sun/nio/fs/WindowsException'{0x0000000092771578}> (0x0000000092771578) thrown at [./src/hotspot/share/prims/jni.cpp, line 615]
Event: 80.402 Thread 0x000001a5a6a77000 Exception <a 'sun/nio/fs/WindowsException'{0x00000000927715f8}> (0x00000000927715f8) thrown at [./src/hotspot/share/prims/jni.cpp, line 615]
Event: 80.402 Thread 0x000001a5a6a77000 Exception <a 'sun/nio/fs/WindowsException'{0x0000000092772ee0}> (0x0000000092772ee0) thrown at [./src/hotspot/share/prims/jni.cpp, line 615]

Events (20 events):
Event: 87.873 Thread 0x000001a5a4108800 flushing nmethod 0x000001a58d604e10
Event: 87.873 Thread 0x000001a5a4108800 flushing nmethod 0x000001a58d605810
Event: 87.873 Thread 0x000001a5a4108800 flushing nmethod 0x000001a58d62ed90
Event: 87.873 Thread 0x000001a5a4108800 flushing nmethod 0x000001a58d62f390
Event: 87.875 Thread 0x000001a5a4108800 flushing nmethod 0x000001a58d6c0a10
Event: 87.877 Thread 0x000001a5a4108800 flushing nmethod 0x000001a58d757790
Event: 87.878 Thread 0x000001a5a4108800 flushing nmethod 0x000001a58d839510
Event: 87.962 Executing VM operation: ICBufferFull
Event: 87.962 Executing VM operation: ICBufferFull done
Event: 95.896 Thread 0x000001a5a93a2800 Thread added: 0x000001a5a93a2800
Event: 95.898 Thread 0x000001a5a93a3800 Thread added: 0x000001a5a93a3800
Event: 95.905 Thread 0x000001a5a93a4800 Thread added: 0x000001a5a93a4800
Event: 95.905 Thread 0x000001a5a93a0800 Thread added: 0x000001a5a93a0800
Event: 95.906 Thread 0x000001a5a93a1000 Thread added: 0x000001a5a93a1000
Event: 95.920 Thread 0x000001a5a93a5000 Thread added: 0x000001a5a93a5000
Event: 95.921 Thread 0x000001a5a93a6000 Thread added: 0x000001a5a93a6000
Event: 95.923 Thread 0x000001a5a93a7000 Thread added: 0x000001a5a93a7000
Event: 95.925 Thread 0x000001a5a93a2000 Thread added: 0x000001a5a93a2000
Event: 95.933 Thread 0x000001a5a93ab800 Thread added: 0x000001a5a93ab800
Event: 95.952 Thread 0x000001a5a93a8800 Thread added: 0x000001a5a93a8800


Dynamic libraries:
0x00007ff7b3640000 - 0x00007ff7b364a000 	C:\Program Files\Android\Android Studio\jre\bin\java.exe
0x00007ffda3250000 - 0x00007ffda3464000 	C:\WINDOWS\SYSTEM32\ntdll.dll
0x00007ffda1de0000 - 0x00007ffda1ea3000 	C:\WINDOWS\System32\KERNEL32.DLL
0x00007ffda08d0000 - 0x00007ffda0c6d000 	C:\WINDOWS\System32\KERNELBASE.dll
0x00007ffda0f20000 - 0x00007ffda1031000 	C:\WINDOWS\System32\ucrtbase.dll
0x00007ffd6a300000 - 0x00007ffd6a317000 	C:\Program Files\Android\Android Studio\jre\bin\VCRUNTIME140.dll
0x00007ffd69ed0000 - 0x00007ffd69ee9000 	C:\Program Files\Android\Android Studio\jre\bin\jli.dll
0x00007ffda13e0000 - 0x00007ffda158d000 	C:\WINDOWS\System32\USER32.dll
0x00007ffd859f0000 - 0x00007ffd85c7e000 	C:\WINDOWS\WinSxS\amd64_microsoft.windows.common-controls_6595b64144ccf1df_6.0.22621.608_none_a9444ca7c10bb01d\COMCTL32.dll
0x00007ffda0c70000 - 0x00007ffda0c96000 	C:\WINDOWS\System32\win32u.dll
0x00007ffda16a0000 - 0x00007ffda1747000 	C:\WINDOWS\System32\msvcrt.dll
0x00007ffda19f0000 - 0x00007ffda1a19000 	C:\WINDOWS\System32\GDI32.dll
0x00007ffda0ca0000 - 0x00007ffda0db2000 	C:\WINDOWS\System32\gdi32full.dll
0x00007ffda0dc0000 - 0x00007ffda0e5a000 	C:\WINDOWS\System32\msvcp_win.dll
0x00007ffda2350000 - 0x00007ffda2382000 	C:\WINDOWS\System32\IMM32.DLL
0x00007ffd3f210000 - 0x00007ffd3f2ad000 	C:\Program Files\Android\Android Studio\jre\bin\msvcp140.dll
0x00007ffd5f7b0000 - 0x00007ffd60295000 	C:\Program Files\Android\Android Studio\jre\bin\server\jvm.dll
0x00007ffda2100000 - 0x00007ffda21ae000 	C:\WINDOWS\System32\ADVAPI32.dll
0x00007ffda1a20000 - 0x00007ffda1ac4000 	C:\WINDOWS\System32\sechost.dll
0x00007ffda1eb0000 - 0x00007ffda1fc5000 	C:\WINDOWS\System32\RPCRT4.dll
0x00007ffda1040000 - 0x00007ffda1048000 	C:\WINDOWS\System32\PSAPI.DLL
0x00007ffd9be50000 - 0x00007ffd9be59000 	C:\WINDOWS\SYSTEM32\WSOCK32.dll
0x00007ffd99b90000 - 0x00007ffd99bc4000 	C:\WINDOWS\SYSTEM32\WINMM.dll
0x00007ffda1750000 - 0x00007ffda17c1000 	C:\WINDOWS\System32\WS2_32.dll
0x00007ffd993c0000 - 0x00007ffd993ca000 	C:\WINDOWS\SYSTEM32\VERSION.dll
0x00007ffd9f630000 - 0x00007ffd9f648000 	C:\WINDOWS\SYSTEM32\kernel.appcore.dll
0x00007ffd9be30000 - 0x00007ffd9be41000 	C:\Program Files\Android\Android Studio\jre\bin\verify.dll
0x00007ffd8cdd0000 - 0x00007ffd8cffe000 	C:\WINDOWS\SYSTEM32\DBGHELP.DLL
0x00007ffda1050000 - 0x00007ffda13da000 	C:\WINDOWS\System32\combase.dll
0x00007ffda15b0000 - 0x00007ffda1687000 	C:\WINDOWS\System32\OLEAUT32.dll
0x00007ffd84ec0000 - 0x00007ffd84ef2000 	C:\WINDOWS\SYSTEM32\dbgcore.DLL
0x00007ffda0670000 - 0x00007ffda06eb000 	C:\WINDOWS\System32\bcryptPrimitives.dll
0x00007ffd8a7a0000 - 0x00007ffd8a7c9000 	C:\Program Files\Android\Android Studio\jre\bin\java.dll
0x00007ffd9be20000 - 0x00007ffd9be2b000 	C:\Program Files\Android\Android Studio\jre\bin\jimage.dll
0x00007ffd8a780000 - 0x00007ffd8a798000 	C:\Program Files\Android\Android Studio\jre\bin\zip.dll
0x00007ffda25a0000 - 0x00007ffda2d8f000 	C:\WINDOWS\System32\SHELL32.dll
0x00007ffd9e640000 - 0x00007ffd9ef08000 	C:\WINDOWS\SYSTEM32\windows.storage.dll
0x00007ffd9e500000 - 0x00007ffd9e63e000 	C:\WINDOWS\SYSTEM32\wintypes.dll
0x00007ffda1cd0000 - 0x00007ffda1dc1000 	C:\WINDOWS\System32\SHCORE.dll
0x00007ffda1990000 - 0x00007ffda19ee000 	C:\WINDOWS\System32\shlwapi.dll
0x00007ffda05a0000 - 0x00007ffda05c1000 	C:\WINDOWS\SYSTEM32\profapi.dll
0x00007ffd8a760000 - 0x00007ffd8a77a000 	C:\Program Files\Android\Android Studio\jre\bin\net.dll
0x00007ffd99990000 - 0x00007ffd99abf000 	C:\WINDOWS\SYSTEM32\WINHTTP.dll
0x00007ffd9faf0000 - 0x00007ffd9fb59000 	C:\WINDOWS\system32\mswsock.dll
0x00007ffd718c0000 - 0x00007ffd718d4000 	C:\Program Files\Android\Android Studio\jre\bin\nio.dll
0x00007ffd65940000 - 0x00007ffd65967000 	C:\Users\Le Thanh Hang\.gradle\native\e1d6ef7f7dcc3fd88c89a11ec53ec762bb8ba0a96d01ffa2cd45eb1d1d8dd5c5\windows-amd64\native-platform.dll
0x00007ffd3f0c0000 - 0x00007ffd3f204000 	C:\Users\Le Thanh Hang\.gradle\native\0d407fdbe67a94daf76414ababcb853783967236a71b16ec16e742cd7a986fd3\windows-amd64\native-platform-file-events.dll
0x00007ffd8a750000 - 0x00007ffd8a75a000 	C:\Program Files\Android\Android Studio\jre\bin\management.dll
0x00007ffd8a240000 - 0x00007ffd8a24d000 	C:\Program Files\Android\Android Studio\jre\bin\management_ext.dll
0x00007ffd9fd30000 - 0x00007ffd9fd4b000 	C:\WINDOWS\SYSTEM32\CRYPTSP.dll
0x00007ffd9f5f0000 - 0x00007ffd9f625000 	C:\WINDOWS\system32\rsaenh.dll
0x00007ffd9fbb0000 - 0x00007ffd9fbd8000 	C:\WINDOWS\SYSTEM32\USERENV.dll
0x00007ffd9ff90000 - 0x00007ffd9ffb8000 	C:\WINDOWS\SYSTEM32\bcrypt.dll
0x00007ffd9fd50000 - 0x00007ffd9fd5c000 	C:\WINDOWS\SYSTEM32\CRYPTBASE.dll
0x00007ffd9f1a0000 - 0x00007ffd9f1cd000 	C:\WINDOWS\SYSTEM32\IPHLPAPI.DLL
0x00007ffda1ad0000 - 0x00007ffda1ad9000 	C:\WINDOWS\System32\NSI.dll
0x00007ffd99970000 - 0x00007ffd99989000 	C:\WINDOWS\SYSTEM32\dhcpcsvc6.DLL
0x00007ffd99950000 - 0x00007ffd9996f000 	C:\WINDOWS\SYSTEM32\dhcpcsvc.DLL
0x00007ffd9f1d0000 - 0x00007ffd9f2c2000 	C:\WINDOWS\SYSTEM32\DNSAPI.dll
0x00007ffd69e60000 - 0x00007ffd69e87000 	C:\Program Files\Android\Android Studio\jre\bin\sunec.dll

dbghelp: loaded successfully - version: 4.0.5 - missing functions: none
symbol engine: initialized successfully - sym options: 0x614 - pdb path: .;C:\Program Files\Android\Android Studio\jre\bin;C:\WINDOWS\SYSTEM32;C:\WINDOWS\WinSxS\amd64_microsoft.windows.common-controls_6595b64144ccf1df_6.0.22621.608_none_a9444ca7c10bb01d;C:\Program Files\Android\Android Studio\jre\bin\server;C:\Users\Le Thanh Hang\.gradle\native\e1d6ef7f7dcc3fd88c89a11ec53ec762bb8ba0a96d01ffa2cd45eb1d1d8dd5c5\windows-amd64;C:\Users\Le Thanh Hang\.gradle\native\0d407fdbe67a94daf76414ababcb853783967236a71b16ec16e742cd7a986fd3\windows-amd64

VM Arguments:
jvm_args: --add-opens=java.base/java.util=ALL-UNNAMED --add-opens=java.base/java.lang=ALL-UNNAMED --add-opens=java.base/java.lang.invoke=ALL-UNNAMED --add-opens=java.base/java.util=ALL-UNNAMED --add-opens=java.prefs/java.util.prefs=ALL-UNNAMED --add-opens=java.prefs/java.util.prefs=ALL-UNNAMED --add-opens=java.base/java.nio.charset=ALL-UNNAMED --add-opens=java.base/java.net=ALL-UNNAMED --add-opens=java.base/java.util.concurrent.atomic=ALL-UNNAMED -Xmx2048m -Dfile.encoding=UTF-8 -Duser.country=US -Duser.language=en -Duser.variant 
java_command: org.gradle.launcher.daemon.bootstrap.GradleDaemon 7.4
java_class_path (initial): C:\Users\Le Thanh Hang\.gradle\wrapper\dists\gradle-7.4-bin\c0gwcg53nkjbqw7r0h0umtfvt\gradle-7.4\lib\gradle-launcher-7.4.jar
Launcher Type: SUN_STANDARD

[Global flags]
     intx CICompilerCount                          = 12                                        {product} {ergonomic}
     uint ConcGCThreads                            = 3                                         {product} {ergonomic}
     uint G1ConcRefinementThreads                  = 13                                        {product} {ergonomic}
   size_t G1HeapRegionSize                         = 1048576                                   {product} {ergonomic}
    uintx GCDrainStackTargetSize                   = 64                                        {product} {ergonomic}
   size_t InitialHeapSize                          = 123731968                                 {product} {ergonomic}
   size_t MarkStackSize                            = 4194304                                   {product} {ergonomic}
   size_t MaxHeapSize                              = 2147483648                                {product} {command line}
   size_t MaxNewSize                               = 1287651328                                {product} {ergonomic}
   size_t MinHeapDeltaBytes                        = 1048576                                   {product} {ergonomic}
    uintx NonNMethodCodeHeapSize                   = 7594288                                {pd product} {ergonomic}
    uintx NonProfiledCodeHeapSize                  = 122031976                              {pd product} {ergonomic}
    uintx ProfiledCodeHeapSize                     = 122031976                              {pd product} {ergonomic}
    uintx ReservedCodeCacheSize                    = 251658240                              {pd product} {ergonomic}
     bool SegmentedCodeCache                       = true                                      {product} {ergonomic}
     bool UseCompressedClassPointers               = true                                 {lp64_product} {ergonomic}
     bool UseCompressedOops                        = true                                 {lp64_product} {ergonomic}
     bool UseG1GC                                  = true                                      {product} {ergonomic}
     bool UseLargePagesIndividualAllocation        = false                                  {pd product} {ergonomic}

Logging:
Log output configuration:
 #0: stdout all=warning uptime,level,tags
 #1: stderr all=off uptime,level,tags

Environment Variables:
PATH=C:\Program Files\Microsoft MPI\Bin\;C:\Program Files (x86)\VMware\VMware Workstation\bin\;C:\Python310\Scripts\;C:\Python310\;C:\Program Files\Eclipse Foundation\jdk-8.0.302.8-hotspot\bin;C:\windows\system32;C:\windows;C:\windows\System32\Wbem;C:\windows\System32\WindowsPowerShell\v1.0\;C:\windows\System32\OpenSSH\;C:\Program Files (x86)\NVIDIA Corporation\PhysX\Common;C:\Program Files\NVIDIA Corporation\NVIDIA NvDLISR;C:\Program Files\Microsoft SQL Server\130\Tools\Binn\;C:\Program Files\Microsoft SQL Server\Client SDK\ODBC\170\Tools\Binn\;C:\Program Files\Git\cmd;C:\Program Files\nodejs\;C:\ProgramData\chocolatey\bin;C:\WINDOWS\system32;C:\WINDOWS;C:\WINDOWS\System32\Wbem;C:\WINDOWS\System32\WindowsPowerShell\v1.0\;C:\WINDOWS\System32\OpenSSH\;C:\Program Files\dotnet\;C:\MinGW\bin;C:\Program Files (x86)\Microsoft SQL Server\160\Tools\Binn\;C:\Program Files\Microsoft SQL Server\160\Tools\Binn\;C:\Program Files\Microsoft SQL Server\160\DTS\Binn\;C:\Program Files (x86)\Microsoft SQL Server\150\DTS\Binn\;C:\Program Files\Azure Data Studio\bin;C:\Ruby31-x64\bin;C:\Users\Le Thanh Hang\AppData\Local\Microsoft\WindowsApps;C:\Users\Le Thanh Hang\AppData\Local\GitHubDesktop\bin;C:\Users\Le Thanh Hang\AppData\Roaming\npm;C:\Users\Le Thanh Hang\.dotnet\tools;C:\Users\Le Thanh Hang\AppData\Local\Programs\Microsoft VS Code\bin;C:\Program Files\Azure Data Studio\bin
USERNAME=Le Thanh Hang
OS=Windows_NT
PROCESSOR_IDENTIFIER=AMD64 Family 25 Model 80 Stepping 0, AuthenticAMD



---------------  S Y S T E M  ---------------

OS: Windows 10 , 64 bit Build 22621 (10.0.22621.1105)
OS uptime: 0 days 0:48 hours
Hyper-V role detected

CPU:total 16 (initial active 16) (16 cores per cpu, 2 threads per core) family 25 model 80 stepping 0 microcode 0x0, cmov, cx8, fxsr, mmx, sse, sse2, sse3, ssse3, sse4.1, sse4.2, popcnt, avx, avx2, aes, clmul, erms, mmxext, 3dnowpref, lzcnt, sse4a, ht, tsc, tscinvbit, tscinv, bmi1, bmi2, adx, sha, fma

Memory: 4k page, system-wide physical 7523M (217M free)
TotalPageFile size 11619M (AvailPageFile size 0M)
current process WorkingSet (physical memory assigned to process): 466M, peak: 567M
current process commit charge ("private bytes"): 706M, peak: 786M

vm_info: OpenJDK 64-Bit Server VM (11.0.12+7-b1504.28-7817840) for windows-amd64 JRE (11.0.12+7-b1504.28-7817840), built on Oct 13 2021 22:12:33 by "builder" with MS VC++ 14.0 (VS2015)

END.
