#
# There is insufficient memory for the Java Runtime Environment to continue.
# Native memory allocation (mmap) failed to map 123731968 bytes for Failed to commit area from 0x000000008a600000 to 0x0000000091c00000 of length 123731968.
# Possible reasons:
#   The system is out of physical RAM or swap space
#   The process is running with CompressedOops enabled, and the Java Heap may be blocking the growth of the native heap
# Possible solutions:
#   Reduce memory load on the system
#   Increase physical memory or swap space
#   Check if swap backing store is full
#   Decrease Java heap size (-Xmx/-Xms)
#   Decrease number of Java threads
#   Decrease Java thread stack sizes (-Xss)
#   Set larger code cache with -XX:ReservedCodeCacheSize=
# This output file may be truncated or incomplete.
#
#  Out of Memory Error (./src/hotspot/os/windows/os_windows.cpp:3521), pid=2320, tid=18236
#
# JRE version:  (11.0.12+7) (build )
# Java VM: OpenJDK 64-Bit Server VM (11.0.12+7-b1504.28-7817840, mixed mode, sharing, tiered, compressed oops, g1 gc, windows-amd64)
# No core dump will be written. Minidumps are not enabled by default on client versions of Windows
#

---------------  S U M M A R Y ------------

Command Line: git4idea.http.GitAskPassApp Username for 'https://github.com': 

Host: AMD Ryzen 7 5800H with Radeon Graphics         , 16 cores, 7G,  Windows 10 , 64 bit Build 22621 (10.0.22621.1194)
Time: Mon Feb 20 23:08:19 2023 SE Asia Standard Time elapsed time: 0.013733 seconds (0d 0h 0m 0s)

---------------  T H R E A D  ---------------

Current thread (0x000001f3b1eb6800):  JavaThread "Unknown thread" [_thread_in_vm, id=18236, stack(0x000000431d400000,0x000000431d500000)]

Stack: [0x000000431d400000,0x000000431d500000]
Native frames: (J=compiled Java code, j=interpreted, Vv=VM code, C=native code)
V  [jvm.dll+0x5fbcea]
V  [jvm.dll+0x731905]
V  [jvm.dll+0x732f1d]
V  [jvm.dll+0x7335d3]
V  [jvm.dll+0x247bf8]
V  [jvm.dll+0x5f90b4]
V  [jvm.dll+0x5edc85]
V  [jvm.dll+0x305aeb]
V  [jvm.dll+0x305a5a]
V  [jvm.dll+0x305932]
V  [jvm.dll+0x30a896]
V  [jvm.dll+0x353803]
V  [jvm.dll+0x353f06]
V  [jvm.dll+0x353903]
V  [jvm.dll+0x2e0678]
V  [jvm.dll+0x2e1827]
V  [jvm.dll+0x710037]
V  [jvm.dll+0x71182c]
V  [jvm.dll+0x360da9]
V  [jvm.dll+0x6f390e]
V  [jvm.dll+0x3c9723]
V  [jvm.dll+0x3cb9b1]
C  [jli.dll+0x536b]
C  [ucrtbase.dll+0x29363]
C  [KERNEL32.DLL+0x126bd]
C  [ntdll.dll+0x5dfb8]


---------------  P R O C E S S  ---------------

Threads class SMR info:
_java_thread_list=0x000001f3afc700e0, length=0, elements={
}

Java Threads: ( => current thread )

Other Threads:
  0x000001f3b1ecf800 GCTaskThread "GC Thread#0" [stack: 0x000000431d500000,0x000000431d600000] [id=10220]
  0x000001f3b1efd800 ConcurrentGCThread "G1 Main Marker" [stack: 0x000000431d600000,0x000000431d700000] [id=14520]
  0x000001f3b1eff800 ConcurrentGCThread "G1 Conc#0" [stack: 0x000000431d700000,0x000000431d800000] [id=17476]

[error occurred during error reporting (printing all threads), id 0xc0000005, EXCEPTION_ACCESS_VIOLATION (0xc0000005) at pc=0x00007ffc83130be7]

VM state:not at safepoint (not fully initialized)

VM Mutex/Monitor currently owned by a thread:  ([mutex/lock_event])
[0x000001f3b1eb40d0] Heap_lock - owner thread: 0x000001f3b1eb6800

Heap address: 0x000000008a600000, size: 1882 MB, Compressed Oops mode: Non-zero based: 0x000000008a600000
Narrow klass base: 0x0000000000000000, Narrow klass shift: 0

GC Heap History (0 events):
No events

Deoptimization events (0 events):
No events

Classes redefined (0 events):
No events

Internal exceptions (0 events):
No events

Events (1 events):
Event: 0.009 Loaded shared library C:\Program Files\Android\Android Studio\jre\bin\zip.dll


Dynamic libraries:
0x00007ff793430000 - 0x00007ff79343a000 	C:\Program Files\Android\Android Studio\jre\bin\java.exe
0x00007ffcc5630000 - 0x00007ffcc5844000 	C:\WINDOWS\SYSTEM32\ntdll.dll
0x00007ffcc47b0000 - 0x00007ffcc4873000 	C:\WINDOWS\System32\KERNEL32.DLL
0x00007ffcc2c80000 - 0x00007ffcc301c000 	C:\WINDOWS\System32\KERNELBASE.dll
0x00007ffcc2ae0000 - 0x00007ffcc2bf1000 	C:\WINDOWS\System32\ucrtbase.dll
0x00007ffc88df0000 - 0x00007ffc88e07000 	C:\Program Files\Android\Android Studio\jre\bin\VCRUNTIME140.dll
0x00007ffc88e10000 - 0x00007ffc88e29000 	C:\Program Files\Android\Android Studio\jre\bin\jli.dll
0x00007ffcc4120000 - 0x00007ffcc42cd000 	C:\WINDOWS\System32\USER32.dll
0x00007ffcc3350000 - 0x00007ffcc3376000 	C:\WINDOWS\System32\win32u.dll
0x00007ffca7590000 - 0x00007ffca781e000 	C:\WINDOWS\WinSxS\amd64_microsoft.windows.common-controls_6595b64144ccf1df_6.0.22621.608_none_a9444ca7c10bb01d\COMCTL32.dll
0x00007ffcc4880000 - 0x00007ffcc48a9000 	C:\WINDOWS\System32\GDI32.dll
0x00007ffcc3920000 - 0x00007ffcc39c7000 	C:\WINDOWS\System32\msvcrt.dll
0x00007ffcc3020000 - 0x00007ffcc3132000 	C:\WINDOWS\System32\gdi32full.dll
0x00007ffcc3140000 - 0x00007ffcc31da000 	C:\WINDOWS\System32\msvcp_win.dll
0x00007ffcc37d0000 - 0x00007ffcc3802000 	C:\WINDOWS\System32\IMM32.DLL
0x00007ffc82b40000 - 0x00007ffc82bdd000 	C:\Program Files\Android\Android Studio\jre\bin\msvcp140.dll
0x00007ffc82e40000 - 0x00007ffc83925000 	C:\Program Files\Android\Android Studio\jre\bin\server\jvm.dll
0x00007ffcc4c70000 - 0x00007ffcc4d1e000 	C:\WINDOWS\System32\ADVAPI32.dll
0x00007ffcc3690000 - 0x00007ffcc3734000 	C:\WINDOWS\System32\sechost.dll
0x00007ffcc3560000 - 0x00007ffcc3675000 	C:\WINDOWS\System32\RPCRT4.dll
0x00007ffcc3680000 - 0x00007ffcc3688000 	C:\WINDOWS\System32\PSAPI.DLL
0x00007ffcbd020000 - 0x00007ffcbd029000 	C:\WINDOWS\SYSTEM32\WSOCK32.dll
0x00007ffcbbf90000 - 0x00007ffcbbfc4000 	C:\WINDOWS\SYSTEM32\WINMM.dll
0x00007ffcbb7e0000 - 0x00007ffcbb7ea000 	C:\WINDOWS\SYSTEM32\VERSION.dll
0x00007ffcc3890000 - 0x00007ffcc3901000 	C:\WINDOWS\System32\WS2_32.dll
0x00007ffcc1a30000 - 0x00007ffcc1a48000 	C:\WINDOWS\SYSTEM32\kernel.appcore.dll
0x00007ffcacab0000 - 0x00007ffcacac1000 	C:\Program Files\Android\Android Studio\jre\bin\verify.dll
0x00007ffcaee90000 - 0x00007ffcaf0be000 	C:\WINDOWS\SYSTEM32\DBGHELP.DLL
0x00007ffcc39d0000 - 0x00007ffcc3d5a000 	C:\WINDOWS\System32\combase.dll
0x00007ffcc5510000 - 0x00007ffcc55e7000 	C:\WINDOWS\System32\OLEAUT32.dll
0x00007ffca7340000 - 0x00007ffca7372000 	C:\WINDOWS\SYSTEM32\dbgcore.DLL
0x00007ffcc2c00000 - 0x00007ffcc2c7b000 	C:\WINDOWS\System32\bcryptPrimitives.dll
0x00007ffcaca80000 - 0x00007ffcacaa9000 	C:\Program Files\Android\Android Studio\jre\bin\java.dll
0x00007ffcaca70000 - 0x00007ffcaca7b000 	C:\Program Files\Android\Android Studio\jre\bin\jimage.dll
0x00007ffca92d0000 - 0x00007ffca92e8000 	C:\Program Files\Android\Android Studio\jre\bin\zip.dll

dbghelp: loaded successfully - version: 4.0.5 - missing functions: none
symbol engine: initialized successfully - sym options: 0x614 - pdb path: .;C:\Program Files\Android\Android Studio\jre\bin;C:\WINDOWS\SYSTEM32;C:\WINDOWS\WinSxS\amd64_microsoft.windows.common-controls_6595b64144ccf1df_6.0.22621.608_none_a9444ca7c10bb01d;C:\Program Files\Android\Android Studio\jre\bin\server

VM Arguments:
java_command: git4idea.http.GitAskPassApp Username for 'https://github.com': 
java_class_path (initial): C:/Program Files/Android/Android Studio/plugins/git4idea/lib/git4idea-rt.jar;C:/Program Files/Android/Android Studio/lib/xmlrpc-2.0.1.jar;C:/Program Files/Android/Android Studio/lib/commons-codec-1.15.jar
Launcher Type: SUN_STANDARD

[Global flags]
     intx CICompilerCount                          = 12                                        {product} {ergonomic}
     uint ConcGCThreads                            = 3                                         {product} {ergonomic}
     uint G1ConcRefinementThreads                  = 13                                        {product} {ergonomic}
   size_t G1HeapRegionSize                         = 1048576                                   {product} {ergonomic}
    uintx GCDrainStackTargetSize                   = 64                                        {product} {ergonomic}
   size_t InitialHeapSize                          = 123731968                                 {product} {ergonomic}
   size_t MarkStackSize                            = 4194304                                   {product} {ergonomic}
   size_t MaxHeapSize                              = 1973420032                                {product} {ergonomic}
   size_t MinHeapDeltaBytes                        = 1048576                                   {product} {ergonomic}
    uintx NonNMethodCodeHeapSize                   = 7594288                                {pd product} {ergonomic}
    uintx NonProfiledCodeHeapSize                  = 122031976                              {pd product} {ergonomic}
    uintx ProfiledCodeHeapSize                     = 122031976                              {pd product} {ergonomic}
    uintx ReservedCodeCacheSize                    = 251658240                              {pd product} {ergonomic}
     bool SegmentedCodeCache                       = true                                      {product} {ergonomic}
     bool UseCompressedClassPointers               = true                                 {lp64_product} {ergonomic}
     bool UseCompressedOops                        = true                                 {lp64_product} {ergonomic}
     bool UseG1GC                                  = true                                      {product} {ergonomic}
     bool UseLargePagesIndividualAllocation        = false                                  {pd product} {ergonomic}

Logging:
Log output configuration:
 #0: stdout all=warning uptime,level,tags
 #1: stderr all=off uptime,level,tags

Environment Variables:
PATH=C:/Program Files/Git/mingw64/libexec/git-core;C:/Program Files/Git/mingw64/libexec/git-core;C:\Program Files\Git\mingw64\bin;C:\Program Files\Git\usr\bin;C:\Users\Le Thanh Hang\bin;C:\Program Files\Microsoft MPI\Bin\;C:\Program Files (x86)\VMware\VMware Workstation\bin\;C:\Python310\Scripts\;C:\Python310\;C:\Program Files\Eclipse Foundation\jdk-8.0.302.8-hotspot\bin;C:\windows\system32;C:\windows;C:\windows\System32\Wbem;C:\windows\System32\WindowsPowerShell\v1.0\;C:\windows\System32\OpenSSH\;C:\Program Files (x86)\NVIDIA Corporation\PhysX\Common;C:\Program Files\NVIDIA Corporation\NVIDIA NvDLISR;C:\Program Files\Microsoft SQL Server\130\Tools\Binn\;C:\Program Files\Microsoft SQL Server\Client SDK\ODBC\170\Tools\Binn\;C:\Program Files\Git\cmd;C:\Program Files\nodejs\;C:\ProgramData\chocolatey\bin;C:\WINDOWS\system32;C:\WINDOWS;C:\WINDOWS\System32\Wbem;C:\WINDOWS\System32\WindowsPowerShell\v1.0\;C:\WINDOWS\System32\OpenSSH\;C:\Program Files\dotnet\;C:\MinGW\bin;C:\Program Files (x86)\Microsoft SQL Server\160\Tools\Binn\;C:\Program Files\Microsoft SQL Server\160\Tools\Binn\;C:\Program Files\Microsoft SQL Server\160\DTS\Binn\;C:\Program Files (x86)\Microsoft SQL Server\150\DTS\Binn\;C:\Program Files\Azure Data Studio\bin;C:\Ruby31-x64\bin;C:\Users\Le Thanh Hang\AppData\Local\Microsoft\WindowsApps;C:\Users\Le Thanh Hang\AppData\Local\GitHubDesktop\bin;C:\Users\Le Thanh Hang\AppData\Roaming\npm;C:\Users\Le Thanh Hang\.dotnet\tools;C:\Users\Le Thanh Hang\AppData\Local\Programs\Microsoft VS Code\bin;C:\Program Files\Azure Data Studio\bin
USERNAME=Le Thanh Hang
DISPLAY=:0.0
LC_ALL=en_US.UTF-8
OS=Windows_NT
PROCESSOR_IDENTIFIER=AMD64 Family 25 Model 80 Stepping 0, AuthenticAMD



---------------  S Y S T E M  ---------------

OS: Windows 10 , 64 bit Build 22621 (10.0.22621.1194)
OS uptime: 3 days 3:32 hours
Hyper-V role detected

CPU:total 16 (initial active 16) (16 cores per cpu, 2 threads per core) family 25 model 80 stepping 0 microcode 0x0, cmov, cx8, fxsr, mmx, sse, sse2, sse3, ssse3, sse4.1, sse4.2, popcnt, avx, avx2, aes, clmul, erms, mmxext, 3dnowpref, lzcnt, sse4a, ht, tsc, tscinvbit, tscinv, bmi1, bmi2, adx, sha, fma

Memory: 4k page, system-wide physical 7523M (637M free)
TotalPageFile size 11619M (AvailPageFile size 105M)
current process WorkingSet (physical memory assigned to process): 10M, peak: 10M
current process commit charge ("private bytes"): 70M, peak: 188M

vm_info: OpenJDK 64-Bit Server VM (11.0.12+7-b1504.28-7817840) for windows-amd64 JRE (11.0.12+7-b1504.28-7817840), built on Oct 13 2021 22:12:33 by "builder" with MS VC++ 14.0 (VS2015)

END.
