#
# There is insufficient memory for the Java Runtime Environment to continue.
# Native memory allocation (malloc) failed to allocate 1124336 bytes for Chunk::new
# Possible reasons:
#   The system is out of physical RAM or swap space
#   The process is running with CompressedOops enabled, and the Java Heap may be blocking the growth of the native heap
# Possible solutions:
#   Reduce memory load on the system
#   Increase physical memory or swap space
#   Check if swap backing store is full
#   Decrease Java heap size (-Xmx/-Xms)
#   Decrease number of Java threads
#   Decrease Java thread stack sizes (-Xss)
#   Set larger code cache with -XX:ReservedCodeCacheSize=
#   JVM is running with Unscaled Compressed Oops mode in which the Java heap is
#     placed in the first 4GB address space. The Java Heap base address is the
#     maximum limit for the native heap growth. Please use -XX:HeapBaseMinAddress
#     to set the Java Heap base and to place the Java Heap above 4GB virtual address.
# This output file may be truncated or incomplete.
#
#  Out of Memory Error (./src/hotspot/share/memory/arena.cpp:197), pid=4148, tid=10184
#
# JRE version: OpenJDK Runtime Environment (11.0.12+7) (build 11.0.12+7-b1504.28-7817840)
# Java VM: OpenJDK 64-Bit Server VM (11.0.12+7-b1504.28-7817840, mixed mode, tiered, compressed oops, g1 gc, windows-amd64)
# No core dump will be written. Minidumps are not enabled by default on client versions of Windows
#

---------------  S U M M A R Y ------------

Command Line: --add-opens=java.base/java.util=ALL-UNNAMED --add-opens=java.base/java.lang=ALL-UNNAMED --add-opens=java.base/java.lang.invoke=ALL-UNNAMED --add-opens=java.base/java.util=ALL-UNNAMED --add-opens=java.prefs/java.util.prefs=ALL-UNNAMED --add-opens=java.prefs/java.util.prefs=ALL-UNNAMED --add-opens=java.base/java.nio.charset=ALL-UNNAMED --add-opens=java.base/java.net=ALL-UNNAMED --add-opens=java.base/java.util.concurrent.atomic=ALL-UNNAMED -Xmx2048m -Dfile.encoding=UTF-8 -Duser.country=US -Duser.language=en -Duser.variant org.gradle.launcher.daemon.bootstrap.GradleDaemon 7.4

Host: AMD Ryzen 7 5800H with Radeon Graphics         , 16 cores, 7G,  Windows 10 , 64 bit Build 22621 (10.0.22621.1105)
Time: Tue Jan 17 20:43:13 2023 SE Asia Standard Time elapsed time: 2.038356 seconds (0d 0h 0m 2s)

---------------  T H R E A D  ---------------

Current thread (0x0000016f96b29000):  JavaThread "C2 CompilerThread0" daemon [_thread_in_native, id=10184, stack(0x0000006481600000,0x0000006481700000)]


Current CompileTask:
C2:   2038 2286       4       java.net.URLClassLoader$1::run (5 bytes)

Stack: [0x0000006481600000,0x0000006481700000]
Native frames: (J=compiled Java code, j=interpreted, Vv=VM code, C=native code)
V  [jvm.dll+0x5fbcea]
V  [jvm.dll+0x731905]
V  [jvm.dll+0x732f1d]
V  [jvm.dll+0x7335d3]
V  [jvm.dll+0x247bf8]
V  [jvm.dll+0xc018c]
V  [jvm.dll+0xc06cc]
V  [jvm.dll+0x2bcc04]
V  [jvm.dll+0x5113a8]
V  [jvm.dll+0x208303]
V  [jvm.dll+0x201fe0]
V  [jvm.dll+0x1ff71f]
V  [jvm.dll+0x18868c]
V  [jvm.dll+0x20e0d7]
V  [jvm.dll+0x20c901]
V  [jvm.dll+0x6f9b7f]
V  [jvm.dll+0x6f26a5]
V  [jvm.dll+0x5fabf6]
C  [ucrtbase.dll+0x29363]
C  [KERNEL32.DLL+0x126bd]
C  [ntdll.dll+0x5dfb8]


---------------  P R O C E S S  ---------------

Threads class SMR info:
_java_thread_list=0x0000016f98e6bfd0, length=27, elements={
0x0000016ffb34c000, 0x0000016f96ad2800, 0x0000016f96adf000, 0x0000016f96b23800,
0x0000016f96b24800, 0x0000016f96b26000, 0x0000016f96b29000, 0x0000016f96b2c000,
0x0000016f96b32800, 0x0000016f96244800, 0x0000016f96c9e000, 0x0000016f983e9800,
0x0000016f97c58800, 0x0000016f96c9e800, 0x0000016f96c9c800, 0x0000016f96ca0800,
0x0000016f96ca1000, 0x0000016f96c9f800, 0x0000016f96ca2000, 0x0000016f96ca3000,
0x0000016f96c9d000, 0x0000016f98631800, 0x0000016f98632800, 0x0000016f98634000,
0x0000016f9862e800, 0x0000016f98631000, 0x0000016f98635000
}

Java Threads: ( => current thread )
  0x0000016ffb34c000 JavaThread "main" [_thread_blocked, id=8844, stack(0x0000006480a00000,0x0000006480b00000)]
  0x0000016f96ad2800 JavaThread "Reference Handler" daemon [_thread_blocked, id=15072, stack(0x0000006481100000,0x0000006481200000)]
  0x0000016f96adf000 JavaThread "Finalizer" daemon [_thread_blocked, id=7708, stack(0x0000006481200000,0x0000006481300000)]
  0x0000016f96b23800 JavaThread "Signal Dispatcher" daemon [_thread_blocked, id=14476, stack(0x0000006481300000,0x0000006481400000)]
  0x0000016f96b24800 JavaThread "Attach Listener" daemon [_thread_blocked, id=12176, stack(0x0000006481400000,0x0000006481500000)]
  0x0000016f96b26000 JavaThread "Service Thread" daemon [_thread_blocked, id=16236, stack(0x0000006481500000,0x0000006481600000)]
=>0x0000016f96b29000 JavaThread "C2 CompilerThread0" daemon [_thread_in_native, id=10184, stack(0x0000006481600000,0x0000006481700000)]
  0x0000016f96b2c000 JavaThread "C1 CompilerThread0" daemon [_thread_blocked, id=10376, stack(0x0000006481700000,0x0000006481800000)]
  0x0000016f96b32800 JavaThread "Sweeper thread" daemon [_thread_blocked, id=2640, stack(0x0000006481800000,0x0000006481900000)]
  0x0000016f96244800 JavaThread "C1 CompilerThread1" daemon [_thread_blocked, id=9936, stack(0x0000006481900000,0x0000006481a00000)]
  0x0000016f96c9e000 JavaThread "Common-Cleaner" daemon [_thread_blocked, id=9536, stack(0x0000006481a00000,0x0000006481b00000)]
  0x0000016f983e9800 JavaThread "C1 CompilerThread2" daemon [_thread_blocked, id=15304, stack(0x0000006481e00000,0x0000006481f00000)]
  0x0000016f97c58800 JavaThread "C1 CompilerThread3" daemon [_thread_blocked, id=11388, stack(0x0000006481f00000,0x0000006482000000)]
  0x0000016f96c9e800 JavaThread "Daemon health stats" [_thread_blocked, id=8260, stack(0x0000006482200000,0x0000006482300000)]
  0x0000016f96c9c800 JavaThread "Incoming local TCP Connector on port 59394" [_thread_in_native, id=7720, stack(0x0000006481c00000,0x0000006481d00000)]
  0x0000016f96ca0800 JavaThread "Daemon periodic checks" [_thread_blocked, id=7228, stack(0x0000006482500000,0x0000006482600000)]
  0x0000016f96ca1000 JavaThread "Daemon" [_thread_blocked, id=16076, stack(0x0000006482600000,0x0000006482700000)]
  0x0000016f96c9f800 JavaThread "Handler for socket connection from /127.0.0.1:59394 to /127.0.0.1:59396" [_thread_in_native, id=1232, stack(0x0000006482700000,0x0000006482800000)]
  0x0000016f96ca2000 JavaThread "Cancel handler" [_thread_blocked, id=11344, stack(0x0000006482800000,0x0000006482900000)]
  0x0000016f96ca3000 JavaThread "Daemon worker" [_thread_in_vm, id=3760, stack(0x0000006482900000,0x0000006482a00000)]
  0x0000016f96c9d000 JavaThread "Asynchronous log dispatcher for DefaultDaemonConnection: socket connection from /127.0.0.1:59394 to /127.0.0.1:59396" [_thread_blocked, id=16252, stack(0x0000006482a00000,0x0000006482b00000)]
  0x0000016f98631800 JavaThread "Stdin handler" [_thread_blocked, id=14772, stack(0x0000006482b00000,0x0000006482c00000)]
  0x0000016f98632800 JavaThread "Daemon client event forwarder" [_thread_blocked, id=14096, stack(0x0000006482c00000,0x0000006482d00000)]
  0x0000016f98634000 JavaThread "C2 CompilerThread1" daemon [_thread_in_native, id=16788, stack(0x0000006482d00000,0x0000006482e00000)]
  0x0000016f9862e800 JavaThread "Cache worker for journal cache (C:\Users\Le Thanh Hang\.gradle\caches\journal-1)" [_thread_blocked, id=14540, stack(0x0000006482e00000,0x0000006482f00000)]
  0x0000016f98631000 JavaThread "File lock request listener" [_thread_in_native, id=16432, stack(0x0000006482f00000,0x0000006483000000)]
  0x0000016f98635000 JavaThread "Cache worker for file hash cache (C:\Users\Le Thanh Hang\.gradle\caches\7.4\fileHashes)" [_thread_blocked, id=17272, stack(0x0000006483000000,0x0000006483100000)]

Other Threads:
  0x0000016f962a6000 VMThread "VM Thread" [stack: 0x0000006481000000,0x0000006481100000] [id=12148]
  0x0000016f96cfc000 WatcherThread [stack: 0x0000006481b00000,0x0000006481c00000] [id=12084]
  0x0000016ffb367800 GCTaskThread "GC Thread#0" [stack: 0x0000006480b00000,0x0000006480c00000] [id=8128]
  0x0000016f97441000 GCTaskThread "GC Thread#1" [stack: 0x0000006482000000,0x0000006482100000] [id=8684]
  0x0000016f98e36800 GCTaskThread "GC Thread#2" [stack: 0x0000006481d00000,0x0000006481e00000] [id=12244]
  0x0000016f9877c800 GCTaskThread "GC Thread#3" [stack: 0x0000006482100000,0x0000006482200000] [id=16088]
  0x0000016f997fa000 GCTaskThread "GC Thread#4" [stack: 0x0000006482300000,0x0000006482400000] [id=11364]
  0x0000016f99534000 GCTaskThread "GC Thread#5" [stack: 0x0000006482400000,0x0000006482500000] [id=12720]
  0x0000016f99241800 GCTaskThread "GC Thread#6" [stack: 0x0000006483100000,0x0000006483200000] [id=15280]
  0x0000016f998a2000 GCTaskThread "GC Thread#7" [stack: 0x0000006483200000,0x0000006483300000] [id=13860]
  0x0000016f998a3000 GCTaskThread "GC Thread#8" [stack: 0x0000006483300000,0x0000006483400000] [id=2792]
  0x0000016f98efe000 GCTaskThread "GC Thread#9" [stack: 0x0000006483400000,0x0000006483500000] [id=13632]
  0x0000016f98efe800 GCTaskThread "GC Thread#10" [stack: 0x0000006483500000,0x0000006483600000] [id=4288]
  0x0000016f98b57800 GCTaskThread "GC Thread#11" [stack: 0x0000006483600000,0x0000006483700000] [id=10364]
  0x0000016f98053800 GCTaskThread "GC Thread#12" [stack: 0x0000006483700000,0x0000006483800000] [id=17268]
  0x0000016ffb398800 ConcurrentGCThread "G1 Main Marker" [stack: 0x0000006480c00000,0x0000006480d00000] [id=12412]
  0x0000016ffb39a800 ConcurrentGCThread "G1 Conc#0" [stack: 0x0000006480d00000,0x0000006480e00000] [id=14268]
  0x0000016f9867d000 ConcurrentGCThread "G1 Conc#1" [stack: 0x0000006483800000,0x0000006483900000] [id=14596]
  0x0000016f977ee800 ConcurrentGCThread "G1 Conc#2" [stack: 0x0000006483900000,0x0000006483a00000] [id=2356]
  0x0000016f960ed800 ConcurrentGCThread "G1 Refine#0" [stack: 0x0000006480e00000,0x0000006480f00000] [id=10744]
  0x0000016f960f0000 ConcurrentGCThread "G1 Young RemSet Sampling" [stack: 0x0000006480f00000,0x0000006481000000] [id=7512]

Threads with active compile tasks:
C2 CompilerThread0   2056 2286       4       java.net.URLClassLoader$1::run (5 bytes)
C2 CompilerThread1   2056 2320       4       java.lang.reflect.ProxyGenerator$ConstantPool::getValue (87 bytes)

VM state:not at safepoint (normal execution)

VM Mutex/Monitor currently owned by a thread: None

Heap address: 0x0000000080000000, size: 2048 MB, Compressed Oops mode: 32-bit
Narrow klass base: 0x0000000000000000, Narrow klass shift: 3
Compressed class space size: 1073741824 Address: 0x0000000100000000

Heap:
 garbage-first heap   total 120832K, used 45311K [0x0000000080000000, 0x0000000100000000)
  region size 1024K, 30 young (30720K), 2 survivors (2048K)
 Metaspace       used 23469K, capacity 24011K, committed 24320K, reserved 1071104K
  class space    used 2988K, capacity 3203K, committed 3328K, reserved 1048576K
Heap Regions: E=young(eden), S=young(survivor), O=old, HS=humongous(starts), HC=humongous(continues), CS=collection set, F=free, A=archive, TAMS=top-at-mark-start (previous, next)
|   0|0x0000000080000000, 0x0000000080100000, 0x0000000080100000|100%| O|  |TAMS 0x0000000080100000, 0x0000000080000000| Untracked 
|   1|0x0000000080100000, 0x0000000080200000, 0x0000000080200000|100%| O|  |TAMS 0x0000000080200000, 0x0000000080100000| Untracked 
|   2|0x0000000080200000, 0x0000000080300000, 0x0000000080300000|100%| O|  |TAMS 0x0000000080300000, 0x0000000080200000| Untracked 
|   3|0x0000000080300000, 0x0000000080400000, 0x0000000080400000|100%|HS|  |TAMS 0x0000000080400000, 0x0000000080300000| Complete 
|   4|0x0000000080400000, 0x0000000080500000, 0x0000000080500000|100%|HC|  |TAMS 0x0000000080500000, 0x0000000080400000| Complete 
|   5|0x0000000080500000, 0x0000000080600000, 0x0000000080600000|100%|HC|  |TAMS 0x0000000080600000, 0x0000000080500000| Complete 
|   6|0x0000000080600000, 0x0000000080700000, 0x0000000080700000|100%| O|  |TAMS 0x0000000080700000, 0x0000000080600000| Untracked 
|   7|0x0000000080700000, 0x0000000080800000, 0x0000000080800000|100%| O|  |TAMS 0x0000000080800000, 0x0000000080700000| Untracked 
|   8|0x0000000080800000, 0x0000000080900000, 0x0000000080900000|100%| O|  |TAMS 0x0000000080900000, 0x0000000080800000| Untracked 
|   9|0x0000000080900000, 0x0000000080a00000, 0x0000000080a00000|100%| O|  |TAMS 0x0000000080a00000, 0x0000000080900000| Untracked 
|  10|0x0000000080a00000, 0x0000000080b00000, 0x0000000080b00000|100%| O|  |TAMS 0x0000000080b00000, 0x0000000080a00000| Untracked 
|  11|0x0000000080b00000, 0x0000000080c00000, 0x0000000080c00000|100%| O|  |TAMS 0x0000000080c00000, 0x0000000080b00000| Untracked 
|  12|0x0000000080c00000, 0x0000000080d00000, 0x0000000080d00000|100%| O|  |TAMS 0x0000000080d00000, 0x0000000080c00000| Untracked 
|  13|0x0000000080d00000, 0x0000000080e00000, 0x0000000080e00000|100%| O|  |TAMS 0x0000000080e00000, 0x0000000080d00000| Untracked 
|  14|0x0000000080e00000, 0x0000000080f00000, 0x0000000080f00000|100%| O|  |TAMS 0x0000000080f00000, 0x0000000080e00000| Untracked 
|  15|0x0000000080f00000, 0x0000000080f7e200, 0x0000000081000000| 49%| O|  |TAMS 0x0000000080f7e200, 0x0000000080f00000| Untracked 
|  16|0x0000000081000000, 0x0000000081000000, 0x0000000081100000|  0%| F|  |TAMS 0x0000000081000000, 0x0000000081000000| Untracked 
|  17|0x0000000081100000, 0x0000000081100000, 0x0000000081200000|  0%| F|  |TAMS 0x0000000081100000, 0x0000000081100000| Untracked 
|  18|0x0000000081200000, 0x0000000081200000, 0x0000000081300000|  0%| F|  |TAMS 0x0000000081200000, 0x0000000081200000| Untracked 
|  19|0x0000000081300000, 0x0000000081300000, 0x0000000081400000|  0%| F|  |TAMS 0x0000000081300000, 0x0000000081300000| Untracked 
|  20|0x0000000081400000, 0x0000000081400000, 0x0000000081500000|  0%| F|  |TAMS 0x0000000081400000, 0x0000000081400000| Untracked 
|  21|0x0000000081500000, 0x0000000081500000, 0x0000000081600000|  0%| F|  |TAMS 0x0000000081500000, 0x0000000081500000| Untracked 
|  22|0x0000000081600000, 0x0000000081600000, 0x0000000081700000|  0%| F|  |TAMS 0x0000000081600000, 0x0000000081600000| Untracked 
|  23|0x0000000081700000, 0x0000000081700000, 0x0000000081800000|  0%| F|  |TAMS 0x0000000081700000, 0x0000000081700000| Untracked 
|  24|0x0000000081800000, 0x0000000081800000, 0x0000000081900000|  0%| F|  |TAMS 0x0000000081800000, 0x0000000081800000| Untracked 
|  25|0x0000000081900000, 0x0000000081900000, 0x0000000081a00000|  0%| F|  |TAMS 0x0000000081900000, 0x0000000081900000| Untracked 
|  26|0x0000000081a00000, 0x0000000081a00000, 0x0000000081b00000|  0%| F|  |TAMS 0x0000000081a00000, 0x0000000081a00000| Untracked 
|  27|0x0000000081b00000, 0x0000000081b00000, 0x0000000081c00000|  0%| F|  |TAMS 0x0000000081b00000, 0x0000000081b00000| Untracked 
|  28|0x0000000081c00000, 0x0000000081c00000, 0x0000000081d00000|  0%| F|  |TAMS 0x0000000081c00000, 0x0000000081c00000| Untracked 
|  29|0x0000000081d00000, 0x0000000081d00000, 0x0000000081e00000|  0%| F|  |TAMS 0x0000000081d00000, 0x0000000081d00000| Untracked 
|  30|0x0000000081e00000, 0x0000000081e00000, 0x0000000081f00000|  0%| F|  |TAMS 0x0000000081e00000, 0x0000000081e00000| Untracked 
|  31|0x0000000081f00000, 0x0000000081f00000, 0x0000000082000000|  0%| F|  |TAMS 0x0000000081f00000, 0x0000000081f00000| Untracked 
|  32|0x0000000082000000, 0x0000000082000000, 0x0000000082100000|  0%| F|  |TAMS 0x0000000082000000, 0x0000000082000000| Untracked 
|  33|0x0000000082100000, 0x0000000082100000, 0x0000000082200000|  0%| F|  |TAMS 0x0000000082100000, 0x0000000082100000| Untracked 
|  34|0x0000000082200000, 0x0000000082200000, 0x0000000082300000|  0%| F|  |TAMS 0x0000000082200000, 0x0000000082200000| Untracked 
|  35|0x0000000082300000, 0x0000000082300000, 0x0000000082400000|  0%| F|  |TAMS 0x0000000082300000, 0x0000000082300000| Untracked 
|  36|0x0000000082400000, 0x0000000082400000, 0x0000000082500000|  0%| F|  |TAMS 0x0000000082400000, 0x0000000082400000| Untracked 
|  37|0x0000000082500000, 0x0000000082500000, 0x0000000082600000|  0%| F|  |TAMS 0x0000000082500000, 0x0000000082500000| Untracked 
|  38|0x0000000082600000, 0x0000000082600000, 0x0000000082700000|  0%| F|  |TAMS 0x0000000082600000, 0x0000000082600000| Untracked 
|  39|0x0000000082700000, 0x0000000082700000, 0x0000000082800000|  0%| F|  |TAMS 0x0000000082700000, 0x0000000082700000| Untracked 
|  40|0x0000000082800000, 0x0000000082800000, 0x0000000082900000|  0%| F|  |TAMS 0x0000000082800000, 0x0000000082800000| Untracked 
|  41|0x0000000082900000, 0x0000000082900000, 0x0000000082a00000|  0%| F|  |TAMS 0x0000000082900000, 0x0000000082900000| Untracked 
|  42|0x0000000082a00000, 0x0000000082a00000, 0x0000000082b00000|  0%| F|  |TAMS 0x0000000082a00000, 0x0000000082a00000| Untracked 
|  43|0x0000000082b00000, 0x0000000082b00000, 0x0000000082c00000|  0%| F|  |TAMS 0x0000000082b00000, 0x0000000082b00000| Untracked 
|  44|0x0000000082c00000, 0x0000000082c00000, 0x0000000082d00000|  0%| F|  |TAMS 0x0000000082c00000, 0x0000000082c00000| Untracked 
|  45|0x0000000082d00000, 0x0000000082d00000, 0x0000000082e00000|  0%| F|  |TAMS 0x0000000082d00000, 0x0000000082d00000| Untracked 
|  46|0x0000000082e00000, 0x0000000082e00000, 0x0000000082f00000|  0%| F|  |TAMS 0x0000000082e00000, 0x0000000082e00000| Untracked 
|  47|0x0000000082f00000, 0x0000000082f00000, 0x0000000083000000|  0%| F|  |TAMS 0x0000000082f00000, 0x0000000082f00000| Untracked 
|  48|0x0000000083000000, 0x0000000083000000, 0x0000000083100000|  0%| F|  |TAMS 0x0000000083000000, 0x0000000083000000| Untracked 
|  49|0x0000000083100000, 0x0000000083100000, 0x0000000083200000|  0%| F|  |TAMS 0x0000000083100000, 0x0000000083100000| Untracked 
|  50|0x0000000083200000, 0x0000000083200000, 0x0000000083300000|  0%| F|  |TAMS 0x0000000083200000, 0x0000000083200000| Untracked 
|  51|0x0000000083300000, 0x0000000083300000, 0x0000000083400000|  0%| F|  |TAMS 0x0000000083300000, 0x0000000083300000| Untracked 
|  52|0x0000000083400000, 0x0000000083400000, 0x0000000083500000|  0%| F|  |TAMS 0x0000000083400000, 0x0000000083400000| Untracked 
|  53|0x0000000083500000, 0x0000000083500000, 0x0000000083600000|  0%| F|  |TAMS 0x0000000083500000, 0x0000000083500000| Untracked 
|  54|0x0000000083600000, 0x0000000083600000, 0x0000000083700000|  0%| F|  |TAMS 0x0000000083600000, 0x0000000083600000| Untracked 
|  55|0x0000000083700000, 0x0000000083700000, 0x0000000083800000|  0%| F|  |TAMS 0x0000000083700000, 0x0000000083700000| Untracked 
|  56|0x0000000083800000, 0x0000000083800000, 0x0000000083900000|  0%| F|  |TAMS 0x0000000083800000, 0x0000000083800000| Untracked 
|  57|0x0000000083900000, 0x0000000083900000, 0x0000000083a00000|  0%| F|  |TAMS 0x0000000083900000, 0x0000000083900000| Untracked 
|  58|0x0000000083a00000, 0x0000000083a00000, 0x0000000083b00000|  0%| F|  |TAMS 0x0000000083a00000, 0x0000000083a00000| Untracked 
|  59|0x0000000083b00000, 0x0000000083b00000, 0x0000000083c00000|  0%| F|  |TAMS 0x0000000083b00000, 0x0000000083b00000| Untracked 
|  60|0x0000000083c00000, 0x0000000083c00000, 0x0000000083d00000|  0%| F|  |TAMS 0x0000000083c00000, 0x0000000083c00000| Untracked 
|  61|0x0000000083d00000, 0x0000000083d00000, 0x0000000083e00000|  0%| F|  |TAMS 0x0000000083d00000, 0x0000000083d00000| Untracked 
|  62|0x0000000083e00000, 0x0000000083e00000, 0x0000000083f00000|  0%| F|  |TAMS 0x0000000083e00000, 0x0000000083e00000| Untracked 
|  63|0x0000000083f00000, 0x0000000083f00000, 0x0000000084000000|  0%| F|  |TAMS 0x0000000083f00000, 0x0000000083f00000| Untracked 
|  64|0x0000000084000000, 0x0000000084000000, 0x0000000084100000|  0%| F|  |TAMS 0x0000000084000000, 0x0000000084000000| Untracked 
|  65|0x0000000084100000, 0x0000000084100000, 0x0000000084200000|  0%| F|  |TAMS 0x0000000084100000, 0x0000000084100000| Untracked 
|  66|0x0000000084200000, 0x0000000084200000, 0x0000000084300000|  0%| F|  |TAMS 0x0000000084200000, 0x0000000084200000| Untracked 
|  67|0x0000000084300000, 0x0000000084300000, 0x0000000084400000|  0%| F|  |TAMS 0x0000000084300000, 0x0000000084300000| Untracked 
|  68|0x0000000084400000, 0x0000000084400000, 0x0000000084500000|  0%| F|  |TAMS 0x0000000084400000, 0x0000000084400000| Untracked 
|  69|0x0000000084500000, 0x0000000084500000, 0x0000000084600000|  0%| F|  |TAMS 0x0000000084500000, 0x0000000084500000| Untracked 
|  70|0x0000000084600000, 0x0000000084600000, 0x0000000084700000|  0%| F|  |TAMS 0x0000000084600000, 0x0000000084600000| Untracked 
|  71|0x0000000084700000, 0x0000000084700000, 0x0000000084800000|  0%| F|  |TAMS 0x0000000084700000, 0x0000000084700000| Untracked 
|  72|0x0000000084800000, 0x0000000084800000, 0x0000000084900000|  0%| F|  |TAMS 0x0000000084800000, 0x0000000084800000| Untracked 
|  73|0x0000000084900000, 0x0000000084900000, 0x0000000084a00000|  0%| F|  |TAMS 0x0000000084900000, 0x0000000084900000| Untracked 
|  74|0x0000000084a00000, 0x0000000084a00000, 0x0000000084b00000|  0%| F|  |TAMS 0x0000000084a00000, 0x0000000084a00000| Untracked 
|  75|0x0000000084b00000, 0x0000000084b00000, 0x0000000084c00000|  0%| F|  |TAMS 0x0000000084b00000, 0x0000000084b00000| Untracked 
|  76|0x0000000084c00000, 0x0000000084c00000, 0x0000000084d00000|  0%| F|  |TAMS 0x0000000084c00000, 0x0000000084c00000| Untracked 
|  77|0x0000000084d00000, 0x0000000084d00000, 0x0000000084e00000|  0%| F|  |TAMS 0x0000000084d00000, 0x0000000084d00000| Untracked 
|  78|0x0000000084e00000, 0x0000000084ec1ce8, 0x0000000084f00000| 75%| S|CS|TAMS 0x0000000084e00000, 0x0000000084e00000| Complete 
|  79|0x0000000084f00000, 0x0000000085000000, 0x0000000085000000|100%| S|CS|TAMS 0x0000000084f00000, 0x0000000084f00000| Complete 
|  80|0x0000000085000000, 0x0000000085000000, 0x0000000085100000|  0%| F|  |TAMS 0x0000000085000000, 0x0000000085000000| Untracked 
|  81|0x0000000085100000, 0x0000000085100000, 0x0000000085200000|  0%| F|  |TAMS 0x0000000085100000, 0x0000000085100000| Untracked 
|  82|0x0000000085200000, 0x0000000085200000, 0x0000000085300000|  0%| F|  |TAMS 0x0000000085200000, 0x0000000085200000| Untracked 
|  83|0x0000000085300000, 0x0000000085300000, 0x0000000085400000|  0%| F|  |TAMS 0x0000000085300000, 0x0000000085300000| Untracked 
|  84|0x0000000085400000, 0x0000000085400000, 0x0000000085500000|  0%| F|  |TAMS 0x0000000085400000, 0x0000000085400000| Untracked 
|  85|0x0000000085500000, 0x0000000085500000, 0x0000000085600000|  0%| F|  |TAMS 0x0000000085500000, 0x0000000085500000| Untracked 
|  86|0x0000000085600000, 0x0000000085600000, 0x0000000085700000|  0%| F|  |TAMS 0x0000000085600000, 0x0000000085600000| Untracked 
|  87|0x0000000085700000, 0x0000000085700000, 0x0000000085800000|  0%| F|  |TAMS 0x0000000085700000, 0x0000000085700000| Untracked 
|  88|0x0000000085800000, 0x0000000085800000, 0x0000000085900000|  0%| F|  |TAMS 0x0000000085800000, 0x0000000085800000| Untracked 
|  89|0x0000000085900000, 0x0000000085900000, 0x0000000085a00000|  0%| F|  |TAMS 0x0000000085900000, 0x0000000085900000| Untracked 
|  90|0x0000000085a00000, 0x0000000085a80800, 0x0000000085b00000| 50%| E|  |TAMS 0x0000000085a00000, 0x0000000085a00000| Complete 
|  91|0x0000000085b00000, 0x0000000085c00000, 0x0000000085c00000|100%| E|CS|TAMS 0x0000000085b00000, 0x0000000085b00000| Complete 
|  92|0x0000000085c00000, 0x0000000085d00000, 0x0000000085d00000|100%| E|CS|TAMS 0x0000000085c00000, 0x0000000085c00000| Complete 
|  93|0x0000000085d00000, 0x0000000085e00000, 0x0000000085e00000|100%| E|CS|TAMS 0x0000000085d00000, 0x0000000085d00000| Complete 
|  94|0x0000000085e00000, 0x0000000085f00000, 0x0000000085f00000|100%| E|CS|TAMS 0x0000000085e00000, 0x0000000085e00000| Complete 
|  95|0x0000000085f00000, 0x0000000086000000, 0x0000000086000000|100%| E|CS|TAMS 0x0000000085f00000, 0x0000000085f00000| Complete 
|  96|0x0000000086000000, 0x0000000086100000, 0x0000000086100000|100%| E|CS|TAMS 0x0000000086000000, 0x0000000086000000| Complete 
|  97|0x0000000086100000, 0x0000000086200000, 0x0000000086200000|100%| E|CS|TAMS 0x0000000086100000, 0x0000000086100000| Complete 
|  98|0x0000000086200000, 0x0000000086300000, 0x0000000086300000|100%| E|CS|TAMS 0x0000000086200000, 0x0000000086200000| Complete 
|  99|0x0000000086300000, 0x0000000086400000, 0x0000000086400000|100%| E|CS|TAMS 0x0000000086300000, 0x0000000086300000| Complete 
| 100|0x0000000086400000, 0x0000000086500000, 0x0000000086500000|100%| E|CS|TAMS 0x0000000086400000, 0x0000000086400000| Complete 
| 101|0x0000000086500000, 0x0000000086600000, 0x0000000086600000|100%| E|CS|TAMS 0x0000000086500000, 0x0000000086500000| Complete 
| 102|0x0000000086600000, 0x0000000086700000, 0x0000000086700000|100%| E|CS|TAMS 0x0000000086600000, 0x0000000086600000| Complete 
| 103|0x0000000086700000, 0x0000000086800000, 0x0000000086800000|100%| E|CS|TAMS 0x0000000086700000, 0x0000000086700000| Complete 
| 104|0x0000000086800000, 0x0000000086900000, 0x0000000086900000|100%| E|CS|TAMS 0x0000000086800000, 0x0000000086800000| Complete 
| 105|0x0000000086900000, 0x0000000086a00000, 0x0000000086a00000|100%| E|CS|TAMS 0x0000000086900000, 0x0000000086900000| Complete 
| 106|0x0000000086a00000, 0x0000000086b00000, 0x0000000086b00000|100%| E|CS|TAMS 0x0000000086a00000, 0x0000000086a00000| Complete 
| 107|0x0000000086b00000, 0x0000000086c00000, 0x0000000086c00000|100%| E|CS|TAMS 0x0000000086b00000, 0x0000000086b00000| Complete 
| 108|0x0000000086c00000, 0x0000000086d00000, 0x0000000086d00000|100%| E|CS|TAMS 0x0000000086c00000, 0x0000000086c00000| Complete 
| 109|0x0000000086d00000, 0x0000000086e00000, 0x0000000086e00000|100%| E|CS|TAMS 0x0000000086d00000, 0x0000000086d00000| Complete 
| 110|0x0000000086e00000, 0x0000000086f00000, 0x0000000086f00000|100%| E|CS|TAMS 0x0000000086e00000, 0x0000000086e00000| Complete 
| 111|0x0000000086f00000, 0x0000000087000000, 0x0000000087000000|100%| E|CS|TAMS 0x0000000086f00000, 0x0000000086f00000| Complete 
| 112|0x0000000087000000, 0x0000000087100000, 0x0000000087100000|100%| E|CS|TAMS 0x0000000087000000, 0x0000000087000000| Complete 
| 113|0x0000000087100000, 0x0000000087200000, 0x0000000087200000|100%| E|CS|TAMS 0x0000000087100000, 0x0000000087100000| Complete 
| 114|0x0000000087200000, 0x0000000087300000, 0x0000000087300000|100%| E|CS|TAMS 0x0000000087200000, 0x0000000087200000| Complete 
| 115|0x0000000087300000, 0x0000000087400000, 0x0000000087400000|100%| E|CS|TAMS 0x0000000087300000, 0x0000000087300000| Complete 
| 116|0x0000000087400000, 0x0000000087500000, 0x0000000087500000|100%| E|CS|TAMS 0x0000000087400000, 0x0000000087400000| Complete 
| 117|0x0000000087500000, 0x0000000087600000, 0x0000000087600000|100%| E|CS|TAMS 0x0000000087500000, 0x0000000087500000| Complete 

Card table byte_map: [0x0000016fffad0000,0x0000016fffed0000] _byte_map_base: 0x0000016fff6d0000

Marking Bits (Prev, Next): (CMBitMap*) 0x0000016ffb38f7c0, (CMBitMap*) 0x0000016ffb38f788
 Prev Bits: [0x0000016f91400000, 0x0000016f93400000)
 Next Bits: [0x0000016f8f400000, 0x0000016f91400000)

Polling page: 0x0000016ff9340000

Metaspace:

Usage:
  Non-class:     20.32 MB capacity,    20.01 MB ( 98%) used,   275.10 KB (  1%) free+waste,    40.13 KB ( <1%) overhead. 
      Class:      3.13 MB capacity,     2.92 MB ( 93%) used,   191.03 KB (  6%) free+waste,    19.94 KB ( <1%) overhead. 
       Both:     23.45 MB capacity,    22.93 MB ( 98%) used,   466.13 KB (  2%) free+waste,    60.06 KB ( <1%) overhead. 

Virtual space:
  Non-class space:       22.00 MB reserved,      20.50 MB ( 93%) committed 
      Class space:        1.00 GB reserved,       3.25 MB ( <1%) committed 
             Both:        1.02 GB reserved,      23.75 MB (  2%) committed 

Chunk freelists:
   Non-Class:  56.00 KB
       Class:  0 bytes
        Both:  56.00 KB

MaxMetaspaceSize: 17179869184.00 GB
CompressedClassSpaceSize: 1.00 GB
Initial GC threshold: 20.80 MB
Current GC threshold: 35.00 MB
CDS: off

CodeHeap 'non-profiled nmethods': size=119168Kb used=1201Kb max_used=1201Kb free=117966Kb
 bounds [0x0000016f87ba0000, 0x0000016f87e10000, 0x0000016f8f000000]
CodeHeap 'profiled nmethods': size=119168Kb used=5035Kb max_used=5035Kb free=114132Kb
 bounds [0x0000016f80740000, 0x0000016f80c30000, 0x0000016f87ba0000]
CodeHeap 'non-nmethods': size=7424Kb used=2908Kb max_used=2938Kb free=4515Kb
 bounds [0x0000016f80000000, 0x0000016f802f0000, 0x0000016f80740000]
 total_blobs=2828 nmethods=2340 adapters=397
 compilation: enabled
              stopped_count=0, restarted_count=0
 full_count=0

Compilation events (20 events):
Event: 1.993 Thread 0x0000016f983e9800 2296       3       java.lang.Class::privateGetDeclaredConstructors (79 bytes)
Event: 1.993 Thread 0x0000016f983e9800 nmethod 2296 0x0000016f80c14b10 code [0x0000016f80c14d20, 0x0000016f80c15228]
Event: 1.996 Thread 0x0000016f98634000 2297       4       java.security.CodeSource::getCertificates (98 bytes)
Event: 1.997 Thread 0x0000016f98634000 nmethod 2297 0x0000016f87cc9a90 code [0x0000016f87cc9c20, 0x0000016f87cc9cb8]
Event: 1.999 Thread 0x0000016f96b2c000 2298       3       java.util.concurrent.ConcurrentHashMap::<init> (73 bytes)
Event: 2.000 Thread 0x0000016f96b2c000 nmethod 2298 0x0000016f80c15410 code [0x0000016f80c15640, 0x0000016f80c15bb8]
Event: 2.002 Thread 0x0000016f98634000 2300       4       java.lang.ref.SoftReference::get (29 bytes)
Event: 2.003 Thread 0x0000016f98634000 nmethod 2300 0x0000016f87cca090 code [0x0000016f87cca220, 0x0000016f87cca2f8]
Event: 2.004 Thread 0x0000016f96244800 2302       3       java.lang.invoke.LambdaForm::returnType (26 bytes)
Event: 2.004 Thread 0x0000016f96244800 nmethod 2302 0x0000016f80c15d90 code [0x0000016f80c15f40, 0x0000016f80c160b8]
Event: 2.013 Thread 0x0000016f97c58800 2304       3       sun.reflect.annotation.AnnotationParser::parseMemberValue (162 bytes)
Event: 2.014 Thread 0x0000016f98634000 2305  s    4       java.io.DataOutputStream::write (14 bytes)
Event: 2.014 Thread 0x0000016f97c58800 nmethod 2304 0x0000016f80c16190 code [0x0000016f80c164e0, 0x0000016f80c17758]
Event: 2.014 Thread 0x0000016f983e9800 2306       3       jdk.internal.loader.AbstractClassLoaderValue$Sub::hashCode (19 bytes)
Event: 2.014 Thread 0x0000016f96b2c000 2307       3       jdk.internal.reflect.NativeConstructorAccessorImpl::newInstance (89 bytes)
Event: 2.014 Thread 0x0000016f983e9800 nmethod 2306 0x0000016f80c17d90 code [0x0000016f80c17f60, 0x0000016f80c182b8]
Event: 2.015 Thread 0x0000016f96b2c000 nmethod 2307 0x0000016f80c18410 code [0x0000016f80c186c0, 0x0000016f80c19538]
Event: 2.016 Thread 0x0000016f98634000 nmethod 2305 0x0000016f87ccb090 code [0x0000016f87ccb240, 0x0000016f87ccb868]
Event: 2.016 Thread 0x0000016f98634000 2308       4       jdk.internal.reflect.ByteVectorImpl::add (38 bytes)
Event: 2.017 Thread 0x0000016f98634000 nmethod 2308 0x0000016f87ccba90 code [0x0000016f87ccbc40, 0x0000016f87ccbd28]

GC Heap History (6 events):
Event: 0.386 GC heap before
{Heap before GC invocations=0 (full 0):
 garbage-first heap   total 120832K, used 29696K [0x0000000080000000, 0x0000000100000000)
  region size 1024K, 24 young (24576K), 0 survivors (0K)
 Metaspace       used 9753K, capacity 9896K, committed 10112K, reserved 1058816K
  class space    used 1000K, capacity 1069K, committed 1152K, reserved 1048576K
}
Event: 0.390 GC heap after
{Heap after GC invocations=1 (full 0):
 garbage-first heap   total 120832K, used 9402K [0x0000000080000000, 0x0000000100000000)
  region size 1024K, 3 young (3072K), 3 survivors (3072K)
 Metaspace       used 9753K, capacity 9896K, committed 10112K, reserved 1058816K
  class space    used 1000K, capacity 1069K, committed 1152K, reserved 1048576K
}
Event: 1.476 GC heap before
{Heap before GC invocations=1 (full 0):
 garbage-first heap   total 120832K, used 78010K [0x0000000080000000, 0x0000000100000000)
  region size 1024K, 70 young (71680K), 3 survivors (3072K)
 Metaspace       used 16117K, capacity 16483K, committed 16640K, reserved 1064960K
  class space    used 1825K, capacity 1965K, committed 2048K, reserved 1048576K
}
Event: 1.484 GC heap after
{Heap after GC invocations=2 (full 0):
 garbage-first heap   total 120832K, used 15677K [0x0000000080000000, 0x0000000100000000)
  region size 1024K, 9 young (9216K), 9 survivors (9216K)
 Metaspace       used 16117K, capacity 16483K, committed 16640K, reserved 1064960K
  class space    used 1825K, capacity 1965K, committed 2048K, reserved 1048576K
}
Event: 1.817 GC heap before
{Heap before GC invocations=2 (full 0):
 garbage-first heap   total 120832K, used 53565K [0x0000000080000000, 0x0000000100000000)
  region size 1024K, 47 young (48128K), 9 survivors (9216K)
 Metaspace       used 20780K, capacity 21139K, committed 21248K, reserved 1067008K
  class space    used 2538K, capacity 2710K, committed 2816K, reserved 1048576K
}
Event: 1.823 GC heap after
{Heap after GC invocations=3 (full 0):
 garbage-first heap   total 120832K, used 17663K [0x0000000080000000, 0x0000000100000000)
  region size 1024K, 2 young (2048K), 2 survivors (2048K)
 Metaspace       used 20780K, capacity 21139K, committed 21248K, reserved 1067008K
  class space    used 2538K, capacity 2710K, committed 2816K, reserved 1048576K
}

Deoptimization events (20 events):
Event: 1.811 Thread 0x0000016f96ca3000 Uncommon trap: trap_request=0xffffffc6 fr.pc=0x0000016f87c25a54 relative=0x0000000000000114
Event: 1.811 Thread 0x0000016f96ca3000 Uncommon trap: reason=bimorphic_or_optimized_type_check action=maybe_recompile pc=0x0000016f87c25a54 method=java.util.AbstractList$Itr.next()Ljava/lang/Object; @ 14 c2
Event: 1.811 Thread 0x0000016f96ca3000 DEOPT PACKING pc=0x0000016f87c25a54 sp=0x00000064829faa20
Event: 1.811 Thread 0x0000016f96ca3000 DEOPT UNPACKING pc=0x0000016f8004a1af sp=0x00000064829fa9b8 mode 2
Event: 1.811 Thread 0x0000016f96ca3000 Uncommon trap: trap_request=0xffffff4d fr.pc=0x0000016f87c1ee7c relative=0x00000000000005bc
Event: 1.811 Thread 0x0000016f96ca3000 Uncommon trap: reason=unstable_if action=reinterpret pc=0x0000016f87c1ee7c method=java.io.File.getName()Ljava/lang/String; @ 16 c2
Event: 1.811 Thread 0x0000016f96ca3000 DEOPT PACKING pc=0x0000016f87c1ee7c sp=0x00000064829fb3f0
Event: 1.811 Thread 0x0000016f96ca3000 DEOPT UNPACKING pc=0x0000016f8004a1af sp=0x00000064829fb3c0 mode 2
Event: 1.811 Thread 0x0000016f96ca3000 Uncommon trap: trap_request=0xffffff4d fr.pc=0x0000016f87c1ce7c relative=0x000000000000043c
Event: 1.811 Thread 0x0000016f96ca3000 Uncommon trap: reason=unstable_if action=reinterpret pc=0x0000016f87c1ce7c method=java.lang.String.substring(I)Ljava/lang/String; @ 34 c2
Event: 1.811 Thread 0x0000016f96ca3000 DEOPT PACKING pc=0x0000016f87c1ce7c sp=0x00000064829fb370
Event: 1.811 Thread 0x0000016f96ca3000 DEOPT UNPACKING pc=0x0000016f8004a1af sp=0x00000064829fb348 mode 2
Event: 1.891 Thread 0x0000016f96ca3000 Uncommon trap: trap_request=0xffffff4d fr.pc=0x0000016f87ca5218 relative=0x0000000000000398
Event: 1.891 Thread 0x0000016f96ca3000 Uncommon trap: reason=unstable_if action=reinterpret pc=0x0000016f87ca5218 method=jdk.internal.org.objectweb.asm.Type.getArgumentsAndReturnSizes(Ljava/lang/String;)I @ 88 c2
Event: 1.891 Thread 0x0000016f96ca3000 DEOPT PACKING pc=0x0000016f87ca5218 sp=0x00000064829f9960
Event: 1.891 Thread 0x0000016f96ca3000 DEOPT UNPACKING pc=0x0000016f8004a1af sp=0x00000064829f98e8 mode 2
Event: 1.902 Thread 0x0000016f96ca3000 Uncommon trap: trap_request=0xffffffcc fr.pc=0x0000016f87cb70e8 relative=0x00000000000002a8
Event: 1.902 Thread 0x0000016f96ca3000 Uncommon trap: reason=intrinsic_or_type_checked_inlining action=make_not_entrant pc=0x0000016f87cb70e8 method=java.util.Arrays.copyOf([Ljava/lang/Object;ILjava/lang/Class;)[Ljava/lang/Object; @ 35 c2
Event: 1.902 Thread 0x0000016f96ca3000 DEOPT PACKING pc=0x0000016f87cb70e8 sp=0x00000064829fba50
Event: 1.902 Thread 0x0000016f96ca3000 DEOPT UNPACKING pc=0x0000016f8004a1af sp=0x00000064829fb9e0 mode 2

Classes redefined (0 events):
No events

Internal exceptions (20 events):
Event: 0.311 Thread 0x0000016ffb34c000 Exception <a 'java/lang/NoSuchMethodError'{0x000000008624d748}: 'java.lang.Object java.lang.invoke.Invokers$Holder.invoker(java.lang.Object, java.lang.Object, java.lang.Object)'> (0x000000008624d748) thrown at [./src/hotspot/share/interpreter/linkResolver.cpp, line 773]
Event: 0.313 Thread 0x0000016ffb34c000 Exception <a 'java/lang/NoSuchMethodError'{0x000000008625e7c0}: 'void java.lang.invoke.DelegatingMethodHandle$Holder.delegate(java.lang.Object, java.lang.Object, int, java.lang.Object)'> (0x000000008625e7c0) thrown at [./src/hotspot/share/interpreter/linkResolver.cpp, line 773]
Event: 0.631 Thread 0x0000016ffb34c000 Exception <a 'java/security/PrivilegedActionException'{0x0000000084cd33e0}> (0x0000000084cd33e0) thrown at [./src/hotspot/share/prims/jvm.cpp, line 1306]
Event: 0.631 Thread 0x0000016ffb34c000 Exception <a 'java/security/PrivilegedActionException'{0x0000000084cd3958}> (0x0000000084cd3958) thrown at [./src/hotspot/share/prims/jvm.cpp, line 1306]
Event: 0.764 Thread 0x0000016ffb34c000 Exception <a 'java/lang/NoSuchMethodError'{0x0000000083aba1a8}: 'java.lang.Object java.lang.invoke.DirectMethodHandle$Holder.invokeStaticInit(java.lang.Object, java.lang.Object, java.lang.Object)'> (0x0000000083aba1a8) thrown at [./src/hotspot/share/interpreter/linkResolver.cpp, line 773]
Event: 0.847 Thread 0x0000016ffb34c000 Exception <a 'java/lang/NoSuchMethodError'{0x00000000833b5f30}: 'java.lang.Object java.lang.invoke.DirectMethodHandle$Holder.invokeStaticInit(java.lang.Object, int, int, int, int)'> (0x00000000833b5f30) thrown at [./src/hotspot/share/interpreter/linkResolver.cpp, line 773]
Event: 1.065 Thread 0x0000016ffb34c000 Exception <a 'java/lang/NoSuchMethodError'{0x00000000832a4448}: 'java.lang.Object java.lang.invoke.DirectMethodHandle$Holder.invokeStaticInit(java.lang.Object, java.lang.Object, int, int, int, int)'> (0x00000000832a4448) thrown at [./src/hotspot/share/interpreter/linkResolver.cpp, line 773]
Event: 1.490 Thread 0x0000016ffb34c000 Exception <a 'java/io/IOException'{0x0000000087517908}> (0x0000000087517908) thrown at [./src/hotspot/share/prims/jni.cpp, line 615]
Event: 1.575 Thread 0x0000016f96ca3000 Exception <a 'java/lang/NoSuchMethodError'{0x0000000086f31530}: 'long java.lang.invoke.DirectMethodHandle$Holder.invokeInterface(java.lang.Object, java.lang.Object)'> (0x0000000086f31530) thrown at [./src/hotspot/share/interpreter/linkResolver.cpp, line 773]
Event: 1.575 Thread 0x0000016f96ca3000 Exception <a 'java/lang/NoSuchMethodError'{0x0000000086f3e5d0}: 'void java.lang.invoke.DelegatingMethodHandle$Holder.reinvoke_L(java.lang.Object, java.lang.Object, java.lang.Object, java.lang.Object, java.lang.Object, java.lang.Object, java.lang.Object)'> (0x0000000086f3e5d0) thrown at [./src/hotspot/share/interpreter/linkResolver.cpp, line 773]
Event: 1.753 Thread 0x0000016f96ca3000 Exception <a 'java/lang/NoSuchMethodError'{0x0000000085594680}: 'void java.lang.invoke.DirectMethodHandle$Holder.invokeStaticInit(java.lang.Object)'> (0x0000000085594680) thrown at [./src/hotspot/share/interpreter/linkResolver.cpp, line 773]
Event: 1.764 Thread 0x0000016f96ca3000 Exception <a 'java/lang/NoSuchMethodError'{0x0000000085441cd8}: 'java.lang.Object java.lang.invoke.DirectMethodHandle$Holder.invokeStatic(java.lang.Object, java.lang.Object, java.lang.Object, int)'> (0x0000000085441cd8) thrown at [./src/hotspot/share/interpreter/linkResolver.cpp, line 773]
Event: 1.764 Thread 0x0000016f96ca3000 Exception <a 'java/lang/NoSuchMethodError'{0x00000000854463f0}: 'java.lang.Object java.lang.invoke.DirectMethodHandle$Holder.invokeSpecial(java.lang.Object, java.lang.Object, java.lang.Object, java.lang.Object, int)'> (0x00000000854463f0) thrown at [./src/hotspot/share/interpreter/linkResolver.cpp, line 773]
Event: 1.764 Thread 0x0000016f96ca3000 Exception <a 'java/lang/NoSuchMethodError'{0x0000000085492130}: 'java.lang.Object java.lang.invoke.Invokers$Holder.linkToTargetMethod(java.lang.Object, java.lang.Object, int, java.lang.Object)'> (0x0000000085492130) thrown at [./src/hotspot/share/interpreter/linkResolver.cpp, line 773]
Event: 1.854 Thread 0x0000016f96ca3000 Exception <a 'java/lang/NoSuchMethodError'{0x000000008734b520}: 'int java.lang.invoke.DirectMethodHandle$Holder.invokeSpecialIFC(java.lang.Object, java.lang.Object, java.lang.Object, java.lang.Object)'> (0x000000008734b520) thrown at [./src/hotspot/share/interpreter/linkResolver.cpp, line 773]
Event: 1.856 Thread 0x0000016f96ca3000 Exception <a 'java/lang/NoSuchMethodError'{0x00000000873594d8}: 'java.lang.Object java.lang.invoke.DirectMethodHandle$Holder.invokeInterface(java.lang.Object, java.lang.Object, java.lang.Object)'> (0x00000000873594d8) thrown at [./src/hotspot/share/interpreter/linkResolver.cpp, line 773]
Event: 1.856 Thread 0x0000016f96ca3000 Exception <a 'java/lang/IncompatibleClassChangeError'{0x000000008735c9b0}: Found class java.lang.Object, but interface was expected> (0x000000008735c9b0) thrown at [./src/hotspot/share/interpreter/linkResolver.cpp, line 839]
Event: 1.928 Thread 0x0000016f96ca3000 Exception <a 'java/lang/NoSuchMethodError'{0x0000000086cef0e8}: 'void java.lang.invoke.DirectMethodHandle$Holder.invokeSpecial(java.lang.Object, java.lang.Object, java.lang.Object, java.lang.Object, java.lang.Object)'> (0x0000000086cef0e8) thrown at [./src/hotspot/share/interpreter/linkResolver.cpp, line 773]
Event: 1.947 Thread 0x0000016f96ca3000 Exception <a 'java/lang/NoSuchMethodError'{0x0000000086914b30}: 'java.lang.Object java.lang.invoke.DirectMethodHandle$Holder.invokeSpecial(java.lang.Object, java.lang.Object, java.lang.Object, java.lang.Object, java.lang.Object, java.lang.Object, java.lang.Object, java.lang.Object, java.lang.Object)'> (0x0000000086914b30) thrown at [./src/hotspot/share/interpreter/linkResolver.cpp, line 773]
Event: 2.003 Thread 0x0000016f96ca3000 Exception <a 'java/lang/NoSuchMethodError'{0x0000000085f2bc10}: 'java.lang.Object java.lang.invoke.DirectMethodHandle$Holder.invokeVirtual(java.lang.Object, java.lang.Object, java.lang.Object, java.lang.Object)'> (0x0000000085f2bc10) thrown at [./src/hotspot/share/interpreter/linkResolver.cpp, line 773]

Events (20 events):
Event: 2.034 loading class org/gradle/internal/reflect/PropertyAccessorType$2
Event: 2.034 loading class org/gradle/internal/reflect/PropertyAccessorType$2 done
Event: 2.034 loading class org/gradle/internal/reflect/PropertyAccessorType$3
Event: 2.034 loading class org/gradle/internal/reflect/PropertyAccessorType$3 done
Event: 2.034 loading class org/gradle/internal/reflect/MethodSet$MethodKey
Event: 2.034 loading class org/gradle/internal/reflect/MethodSet$MethodKey done
Event: 2.035 loading class java/beans/Introspector
Event: 2.035 loading class java/beans/Introspector done
Event: 2.035 loading class com/sun/beans/WeakCache
Event: 2.035 loading class com/sun/beans/WeakCache done
Event: 2.035 loading class java/beans/EventSetDescriptor
Event: 2.036 loading class java/beans/FeatureDescriptor
Event: 2.036 loading class java/beans/FeatureDescriptor done
Event: 2.036 loading class java/beans/EventSetDescriptor done
Event: 2.036 loading class java/beans/Introspector$1
Event: 2.036 loading class jdk/internal/misc/JavaBeansAccess
Event: 2.036 loading class jdk/internal/misc/JavaBeansAccess done
Event: 2.036 loading class java/beans/Introspector$1 done
Event: 2.037 loading class org/gradle/internal/reflect/MutablePropertyDetails
Event: 2.037 loading class org/gradle/internal/reflect/MutablePropertyDetails done


Dynamic libraries:
0x00007ff7ac620000 - 0x00007ff7ac62a000 	C:\Program Files\Android\Android Studio\jre\bin\java.exe
0x00007ffbc1470000 - 0x00007ffbc1684000 	C:\WINDOWS\SYSTEM32\ntdll.dll
0x00007ffbc0e80000 - 0x00007ffbc0f43000 	C:\WINDOWS\System32\KERNEL32.DLL
0x00007ffbbeb00000 - 0x00007ffbbee9d000 	C:\WINDOWS\System32\KERNELBASE.dll
0x00007ffbbe940000 - 0x00007ffbbea51000 	C:\WINDOWS\System32\ucrtbase.dll
0x00007ffba5ef0000 - 0x00007ffba5f09000 	C:\Program Files\Android\Android Studio\jre\bin\jli.dll
0x00007ffb87290000 - 0x00007ffb872a7000 	C:\Program Files\Android\Android Studio\jre\bin\VCRUNTIME140.dll
0x00007ffbbf9f0000 - 0x00007ffbbfb9d000 	C:\WINDOWS\System32\USER32.dll
0x00007ffba52b0000 - 0x00007ffba553e000 	C:\WINDOWS\WinSxS\amd64_microsoft.windows.common-controls_6595b64144ccf1df_6.0.22621.608_none_a9444ca7c10bb01d\COMCTL32.dll
0x00007ffbbe890000 - 0x00007ffbbe8b6000 	C:\WINDOWS\System32\win32u.dll
0x00007ffbbf940000 - 0x00007ffbbf9e7000 	C:\WINDOWS\System32\msvcrt.dll
0x00007ffbc0e00000 - 0x00007ffbc0e29000 	C:\WINDOWS\System32\GDI32.dll
0x00007ffbbefd0000 - 0x00007ffbbf0e2000 	C:\WINDOWS\System32\gdi32full.dll
0x00007ffbbea60000 - 0x00007ffbbeafa000 	C:\WINDOWS\System32\msvcp_win.dll
0x00007ffbc0e30000 - 0x00007ffbc0e62000 	C:\WINDOWS\System32\IMM32.DLL
0x00007ffb83980000 - 0x00007ffb83a1d000 	C:\Program Files\Android\Android Studio\jre\bin\msvcp140.dll
0x00007ffb79e80000 - 0x00007ffb7a965000 	C:\Program Files\Android\Android Studio\jre\bin\server\jvm.dll
0x00007ffbc1380000 - 0x00007ffbc142e000 	C:\WINDOWS\System32\ADVAPI32.dll
0x00007ffbbf410000 - 0x00007ffbbf4b4000 	C:\WINDOWS\System32\sechost.dll
0x00007ffbc0ce0000 - 0x00007ffbc0df5000 	C:\WINDOWS\System32\RPCRT4.dll
0x00007ffbbfba0000 - 0x00007ffbbfba8000 	C:\WINDOWS\System32\PSAPI.DLL
0x00007ffbbba50000 - 0x00007ffbbba59000 	C:\WINDOWS\SYSTEM32\WSOCK32.dll
0x00007ffbb7da0000 - 0x00007ffbb7dd4000 	C:\WINDOWS\SYSTEM32\WINMM.dll
0x00007ffbb76b0000 - 0x00007ffbb76ba000 	C:\WINDOWS\SYSTEM32\VERSION.dll
0x00007ffbc1300000 - 0x00007ffbc1371000 	C:\WINDOWS\System32\WS2_32.dll
0x00007ffbbd8a0000 - 0x00007ffbbd8b8000 	C:\WINDOWS\SYSTEM32\kernel.appcore.dll
0x00007ffbba060000 - 0x00007ffbba071000 	C:\Program Files\Android\Android Studio\jre\bin\verify.dll
0x00007ffbaba80000 - 0x00007ffbabcae000 	C:\WINDOWS\SYSTEM32\DBGHELP.DLL
0x00007ffbc0950000 - 0x00007ffbc0cda000 	C:\WINDOWS\System32\combase.dll
0x00007ffbbf760000 - 0x00007ffbbf837000 	C:\WINDOWS\System32\OLEAUT32.dll
0x00007ffba2310000 - 0x00007ffba2342000 	C:\WINDOWS\SYSTEM32\dbgcore.DLL
0x00007ffbbe8c0000 - 0x00007ffbbe93b000 	C:\WINDOWS\System32\bcryptPrimitives.dll
0x00007ffbb9fc0000 - 0x00007ffbb9fe9000 	C:\Program Files\Android\Android Studio\jre\bin\java.dll
0x00007ffbbba40000 - 0x00007ffbbba4b000 	C:\Program Files\Android\Android Studio\jre\bin\jimage.dll
0x00007ffbb9f70000 - 0x00007ffbb9f88000 	C:\Program Files\Android\Android Studio\jre\bin\zip.dll
0x00007ffbbfbd0000 - 0x00007ffbc03bf000 	C:\WINDOWS\System32\SHELL32.dll
0x00007ffbbc860000 - 0x00007ffbbd128000 	C:\WINDOWS\SYSTEM32\windows.storage.dll
0x00007ffbbc720000 - 0x00007ffbbc85e000 	C:\WINDOWS\SYSTEM32\wintypes.dll
0x00007ffbc0f70000 - 0x00007ffbc1061000 	C:\WINDOWS\System32\SHCORE.dll
0x00007ffbc12a0000 - 0x00007ffbc12fe000 	C:\WINDOWS\System32\shlwapi.dll
0x00007ffbbe7c0000 - 0x00007ffbbe7e1000 	C:\WINDOWS\SYSTEM32\profapi.dll
0x00007ffbb9f40000 - 0x00007ffbb9f5a000 	C:\Program Files\Android\Android Studio\jre\bin\net.dll
0x00007ffbb7c70000 - 0x00007ffbb7d9f000 	C:\WINDOWS\SYSTEM32\WINHTTP.dll
0x00007ffbbdd10000 - 0x00007ffbbdd79000 	C:\WINDOWS\system32\mswsock.dll
0x00007ffbb80b0000 - 0x00007ffbb80c4000 	C:\Program Files\Android\Android Studio\jre\bin\nio.dll
0x00007ffba7650000 - 0x00007ffba7677000 	C:\Users\Le Thanh Hang\.gradle\native\e1d6ef7f7dcc3fd88c89a11ec53ec762bb8ba0a96d01ffa2cd45eb1d1d8dd5c5\windows-amd64\native-platform.dll
0x00007ffb82840000 - 0x00007ffb82984000 	C:\Users\Le Thanh Hang\.gradle\native\0d407fdbe67a94daf76414ababcb853783967236a71b16ec16e742cd7a986fd3\windows-amd64\native-platform-file-events.dll
0x00007ffbbba00000 - 0x00007ffbbba0a000 	C:\Program Files\Android\Android Studio\jre\bin\management.dll
0x00007ffbba050000 - 0x00007ffbba05d000 	C:\Program Files\Android\Android Studio\jre\bin\management_ext.dll
0x00007ffbbdf50000 - 0x00007ffbbdf6b000 	C:\WINDOWS\SYSTEM32\CRYPTSP.dll
0x00007ffbbd810000 - 0x00007ffbbd845000 	C:\WINDOWS\system32\rsaenh.dll
0x00007ffbbddd0000 - 0x00007ffbbddf8000 	C:\WINDOWS\SYSTEM32\USERENV.dll
0x00007ffbbe1b0000 - 0x00007ffbbe1d8000 	C:\WINDOWS\SYSTEM32\bcrypt.dll
0x00007ffbbdf70000 - 0x00007ffbbdf7c000 	C:\WINDOWS\SYSTEM32\CRYPTBASE.dll
0x00007ffbbd3c0000 - 0x00007ffbbd3ed000 	C:\WINDOWS\SYSTEM32\IPHLPAPI.DLL
0x00007ffbbf750000 - 0x00007ffbbf759000 	C:\WINDOWS\System32\NSI.dll
0x00007ffbb7df0000 - 0x00007ffbb7e09000 	C:\WINDOWS\SYSTEM32\dhcpcsvc6.DLL
0x00007ffbb7b80000 - 0x00007ffbb7b9f000 	C:\WINDOWS\SYSTEM32\dhcpcsvc.DLL
0x00007ffbbd3f0000 - 0x00007ffbbd4e2000 	C:\WINDOWS\SYSTEM32\DNSAPI.dll

dbghelp: loaded successfully - version: 4.0.5 - missing functions: none
symbol engine: initialized successfully - sym options: 0x614 - pdb path: .;C:\Program Files\Android\Android Studio\jre\bin;C:\WINDOWS\SYSTEM32;C:\WINDOWS\WinSxS\amd64_microsoft.windows.common-controls_6595b64144ccf1df_6.0.22621.608_none_a9444ca7c10bb01d;C:\Program Files\Android\Android Studio\jre\bin\server;C:\Users\Le Thanh Hang\.gradle\native\e1d6ef7f7dcc3fd88c89a11ec53ec762bb8ba0a96d01ffa2cd45eb1d1d8dd5c5\windows-amd64;C:\Users\Le Thanh Hang\.gradle\native\0d407fdbe67a94daf76414ababcb853783967236a71b16ec16e742cd7a986fd3\windows-amd64

VM Arguments:
jvm_args: --add-opens=java.base/java.util=ALL-UNNAMED --add-opens=java.base/java.lang=ALL-UNNAMED --add-opens=java.base/java.lang.invoke=ALL-UNNAMED --add-opens=java.base/java.util=ALL-UNNAMED --add-opens=java.prefs/java.util.prefs=ALL-UNNAMED --add-opens=java.prefs/java.util.prefs=ALL-UNNAMED --add-opens=java.base/java.nio.charset=ALL-UNNAMED --add-opens=java.base/java.net=ALL-UNNAMED --add-opens=java.base/java.util.concurrent.atomic=ALL-UNNAMED -Xmx2048m -Dfile.encoding=UTF-8 -Duser.country=US -Duser.language=en -Duser.variant 
java_command: org.gradle.launcher.daemon.bootstrap.GradleDaemon 7.4
java_class_path (initial): C:\Users\Le Thanh Hang\.gradle\wrapper\dists\gradle-7.4-bin\c0gwcg53nkjbqw7r0h0umtfvt\gradle-7.4\lib\gradle-launcher-7.4.jar
Launcher Type: SUN_STANDARD

[Global flags]
     intx CICompilerCount                          = 12                                        {product} {ergonomic}
     uint ConcGCThreads                            = 3                                         {product} {ergonomic}
     uint G1ConcRefinementThreads                  = 13                                        {product} {ergonomic}
   size_t G1HeapRegionSize                         = 1048576                                   {product} {ergonomic}
    uintx GCDrainStackTargetSize                   = 64                                        {product} {ergonomic}
   size_t InitialHeapSize                          = 123731968                                 {product} {ergonomic}
   size_t MarkStackSize                            = 4194304                                   {product} {ergonomic}
   size_t MaxHeapSize                              = 2147483648                                {product} {command line}
   size_t MaxNewSize                               = 1287651328                                {product} {ergonomic}
   size_t MinHeapDeltaBytes                        = 1048576                                   {product} {ergonomic}
    uintx NonNMethodCodeHeapSize                   = 7594288                                {pd product} {ergonomic}
    uintx NonProfiledCodeHeapSize                  = 122031976                              {pd product} {ergonomic}
    uintx ProfiledCodeHeapSize                     = 122031976                              {pd product} {ergonomic}
    uintx ReservedCodeCacheSize                    = 251658240                              {pd product} {ergonomic}
     bool SegmentedCodeCache                       = true                                      {product} {ergonomic}
     bool UseCompressedClassPointers               = true                                 {lp64_product} {ergonomic}
     bool UseCompressedOops                        = true                                 {lp64_product} {ergonomic}
     bool UseG1GC                                  = true                                      {product} {ergonomic}
     bool UseLargePagesIndividualAllocation        = false                                  {pd product} {ergonomic}

Logging:
Log output configuration:
 #0: stdout all=warning uptime,level,tags
 #1: stderr all=off uptime,level,tags

Environment Variables:
PATH=C:\Program Files\Microsoft MPI\Bin\;C:\Program Files (x86)\VMware\VMware Workstation\bin\;C:\Python310\Scripts\;C:\Python310\;C:\Program Files\Eclipse Foundation\jdk-8.0.302.8-hotspot\bin;C:\windows\system32;C:\windows;C:\windows\System32\Wbem;C:\windows\System32\WindowsPowerShell\v1.0\;C:\windows\System32\OpenSSH\;C:\Program Files (x86)\NVIDIA Corporation\PhysX\Common;C:\Program Files\NVIDIA Corporation\NVIDIA NvDLISR;C:\Program Files\Microsoft SQL Server\130\Tools\Binn\;C:\Program Files\Microsoft SQL Server\Client SDK\ODBC\170\Tools\Binn\;C:\Program Files\Git\cmd;C:\Program Files\nodejs\;C:\ProgramData\chocolatey\bin;C:\WINDOWS\system32;C:\WINDOWS;C:\WINDOWS\System32\Wbem;C:\WINDOWS\System32\WindowsPowerShell\v1.0\;C:\WINDOWS\System32\OpenSSH\;C:\Program Files\dotnet\;C:\MinGW\bin;C:\Program Files (x86)\Microsoft SQL Server\160\Tools\Binn\;C:\Program Files\Microsoft SQL Server\160\Tools\Binn\;C:\Program Files\Microsoft SQL Server\160\DTS\Binn\;C:\Program Files (x86)\Microsoft SQL Server\150\DTS\Binn\;C:\Program Files\Azure Data Studio\bin;C:\Ruby31-x64\bin;C:\Users\Le Thanh Hang\AppData\Local\Microsoft\WindowsApps;C:\Users\Le Thanh Hang\AppData\Local\GitHubDesktop\bin;C:\Users\Le Thanh Hang\AppData\Roaming\npm;C:\Users\Le Thanh Hang\.dotnet\tools;C:\Users\Le Thanh Hang\AppData\Local\Programs\Microsoft VS Code\bin;C:\Program Files\Azure Data Studio\bin
USERNAME=Le Thanh Hang
OS=Windows_NT
PROCESSOR_IDENTIFIER=AMD64 Family 25 Model 80 Stepping 0, AuthenticAMD



---------------  S Y S T E M  ---------------

OS: Windows 10 , 64 bit Build 22621 (10.0.22621.1105)
OS uptime: 0 days 9:06 hours
Hyper-V role detected

CPU:total 16 (initial active 16) (16 cores per cpu, 2 threads per core) family 25 model 80 stepping 0 microcode 0x0, cmov, cx8, fxsr, mmx, sse, sse2, sse3, ssse3, sse4.1, sse4.2, popcnt, avx, avx2, aes, clmul, erms, mmxext, 3dnowpref, lzcnt, sse4a, ht, tsc, tscinvbit, tscinv, bmi1, bmi2, adx, sha, fma

Memory: 4k page, system-wide physical 7523M (732M free)
TotalPageFile size 11619M (AvailPageFile size 8M)
current process WorkingSet (physical memory assigned to process): 205M, peak: 205M
current process commit charge ("private bytes"): 277M, peak: 277M

vm_info: OpenJDK 64-Bit Server VM (11.0.12+7-b1504.28-7817840) for windows-amd64 JRE (11.0.12+7-b1504.28-7817840), built on Oct 13 2021 22:12:33 by "builder" with MS VC++ 14.0 (VS2015)

END.
