#
# There is insufficient memory for the Java Runtime Environment to continue.
# Native memory allocation (malloc) failed to allocate 700416 bytes for Chunk::new
# Possible reasons:
#   The system is out of physical RAM or swap space
#   The process is running with CompressedOops enabled, and the Java Heap may be blocking the growth of the native heap
# Possible solutions:
#   Reduce memory load on the system
#   Increase physical memory or swap space
#   Check if swap backing store is full
#   Decrease Java heap size (-Xmx/-Xms)
#   Decrease number of Java threads
#   Decrease Java thread stack sizes (-Xss)
#   Set larger code cache with -XX:ReservedCodeCacheSize=
#   JVM is running with Unscaled Compressed Oops mode in which the Java heap is
#     placed in the first 4GB address space. The Java Heap base address is the
#     maximum limit for the native heap growth. Please use -XX:HeapBaseMinAddress
#     to set the Java Heap base and to place the Java Heap above 4GB virtual address.
# This output file may be truncated or incomplete.
#
#  Out of Memory Error (./src/hotspot/share/memory/arena.cpp:197), pid=12804, tid=17880
#
# JRE version: OpenJDK Runtime Environment (11.0.12+7) (build 11.0.12+7-b1504.28-7817840)
# Java VM: OpenJDK 64-Bit Server VM (11.0.12+7-b1504.28-7817840, mixed mode, tiered, compressed oops, g1 gc, windows-amd64)
# No core dump will be written. Minidumps are not enabled by default on client versions of Windows
#

---------------  S U M M A R Y ------------

Command Line: --add-opens=java.base/java.util=ALL-UNNAMED --add-opens=java.base/java.lang=ALL-UNNAMED --add-opens=java.base/java.lang.invoke=ALL-UNNAMED --add-opens=java.base/java.util=ALL-UNNAMED --add-opens=java.prefs/java.util.prefs=ALL-UNNAMED --add-opens=java.prefs/java.util.prefs=ALL-UNNAMED --add-opens=java.base/java.nio.charset=ALL-UNNAMED --add-opens=java.base/java.net=ALL-UNNAMED --add-opens=java.base/java.util.concurrent.atomic=ALL-UNNAMED -Xmx2048m -Dfile.encoding=UTF-8 -Duser.country=US -Duser.language=en -Duser.variant org.gradle.launcher.daemon.bootstrap.GradleDaemon 7.4

Host: AMD Ryzen 7 5800H with Radeon Graphics         , 16 cores, 7G,  Windows 10 , 64 bit Build 22621 (10.0.22621.1105)
Time: Sat Jan 14 17:04:58 2023 SE Asia Standard Time elapsed time: 5.411885 seconds (0d 0h 0m 5s)

---------------  T H R E A D  ---------------

Current thread (0x000002a056029000):  JavaThread "C2 CompilerThread0" daemon [_thread_in_native, id=17880, stack(0x000000e777000000,0x000000e777100000)]


Current CompileTask:
C2:   5411 4123       4       groovy.lang.MetaClassImpl$1MOPIter::methodNameAction (325 bytes)

Stack: [0x000000e777000000,0x000000e777100000]
Native frames: (J=compiled Java code, j=interpreted, Vv=VM code, C=native code)
V  [jvm.dll+0x5fbcea]
V  [jvm.dll+0x731905]
V  [jvm.dll+0x732f1d]
V  [jvm.dll+0x7335d3]
V  [jvm.dll+0x247bf8]
V  [jvm.dll+0xc018c]
V  [jvm.dll+0xc06cc]
V  [jvm.dll+0x2bcc04]
V  [jvm.dll+0x5113a8]
V  [jvm.dll+0x2018ec]
V  [jvm.dll+0x1ff71f]
V  [jvm.dll+0x18868c]
V  [jvm.dll+0x20e0d7]
V  [jvm.dll+0x20c901]
V  [jvm.dll+0x6f9b7f]
V  [jvm.dll+0x6f26a5]
V  [jvm.dll+0x5fabf6]
C  [ucrtbase.dll+0x29363]
C  [KERNEL32.DLL+0x126bd]
C  [ntdll.dll+0x5dfb8]


---------------  P R O C E S S  ---------------

Threads class SMR info:
_java_thread_list=0x000002a0594cf930, length=39, elements={
0x000002a03a86b000, 0x000002a055fd2800, 0x000002a055fdf800, 0x000002a056022800,
0x000002a056025000, 0x000002a056028000, 0x000002a056029000, 0x000002a05602c800,
0x000002a056031000, 0x000002a055743000, 0x000002a056185000, 0x000002a0579cd000,
0x000002a0573e9000, 0x000002a057f48800, 0x000002a0562fa000, 0x000002a0570bc800,
0x000002a05826a000, 0x000002a05826a800, 0x000002a058804000, 0x000002a058b56000,
0x000002a0585c8800, 0x000002a058629800, 0x000002a058965800, 0x000002a058be9800,
0x000002a058966800, 0x000002a058968000, 0x000002a058967800, 0x000002a058969000,
0x000002a058963800, 0x000002a058965000, 0x000002a05896a000, 0x000002a058964000,
0x000002a0591d9800, 0x000002a0591dc000, 0x000002a0591db000, 0x000002a0591dc800,
0x000002a0591da800, 0x000002a0591dd800, 0x000002a0591d8000
}

Java Threads: ( => current thread )
  0x000002a03a86b000 JavaThread "main" [_thread_blocked, id=17380, stack(0x000000e776400000,0x000000e776500000)]
  0x000002a055fd2800 JavaThread "Reference Handler" daemon [_thread_blocked, id=5616, stack(0x000000e776b00000,0x000000e776c00000)]
  0x000002a055fdf800 JavaThread "Finalizer" daemon [_thread_blocked, id=15336, stack(0x000000e776c00000,0x000000e776d00000)]
  0x000002a056022800 JavaThread "Signal Dispatcher" daemon [_thread_blocked, id=11992, stack(0x000000e776d00000,0x000000e776e00000)]
  0x000002a056025000 JavaThread "Attach Listener" daemon [_thread_blocked, id=10308, stack(0x000000e776e00000,0x000000e776f00000)]
  0x000002a056028000 JavaThread "Service Thread" daemon [_thread_blocked, id=868, stack(0x000000e776f00000,0x000000e777000000)]
=>0x000002a056029000 JavaThread "C2 CompilerThread0" daemon [_thread_in_native, id=17880, stack(0x000000e777000000,0x000000e777100000)]
  0x000002a05602c800 JavaThread "C1 CompilerThread0" daemon [_thread_blocked, id=16064, stack(0x000000e777100000,0x000000e777200000)]
  0x000002a056031000 JavaThread "Sweeper thread" daemon [_thread_blocked, id=10676, stack(0x000000e777200000,0x000000e777300000)]
  0x000002a055743000 JavaThread "C1 CompilerThread1" daemon [_thread_blocked, id=13352, stack(0x000000e777300000,0x000000e777400000)]
  0x000002a056185000 JavaThread "Common-Cleaner" daemon [_thread_blocked, id=7880, stack(0x000000e777400000,0x000000e777500000)]
  0x000002a0579cd000 JavaThread "C1 CompilerThread2" daemon [_thread_blocked, id=3604, stack(0x000000e777800000,0x000000e777900000)]
  0x000002a0573e9000 JavaThread "C1 CompilerThread3" daemon [_thread_blocked, id=13032, stack(0x000000e777900000,0x000000e777a00000)]
  0x000002a057f48800 JavaThread "Daemon health stats" [_thread_blocked, id=9364, stack(0x000000e777b00000,0x000000e777c00000)]
  0x000002a0562fa000 JavaThread "Incoming local TCP Connector on port 64845" [_thread_in_native, id=12200, stack(0x000000e777600000,0x000000e777700000)]
  0x000002a0570bc800 JavaThread "Daemon periodic checks" [_thread_blocked, id=11332, stack(0x000000e777f00000,0x000000e778000000)]
  0x000002a05826a000 JavaThread "Daemon" [_thread_blocked, id=10536, stack(0x000000e778000000,0x000000e778100000)]
  0x000002a05826a800 JavaThread "Handler for socket connection from /127.0.0.1:64845 to /127.0.0.1:64846" [_thread_in_native, id=11080, stack(0x000000e778100000,0x000000e778200000)]
  0x000002a058804000 JavaThread "Cancel handler" [_thread_blocked, id=8260, stack(0x000000e778200000,0x000000e778300000)]
  0x000002a058b56000 JavaThread "Daemon worker" [_thread_in_vm, id=14028, stack(0x000000e778300000,0x000000e778400000)]
  0x000002a0585c8800 JavaThread "Asynchronous log dispatcher for DefaultDaemonConnection: socket connection from /127.0.0.1:64845 to /127.0.0.1:64846" [_thread_blocked, id=15580, stack(0x000000e778400000,0x000000e778500000)]
  0x000002a058629800 JavaThread "Stdin handler" [_thread_blocked, id=1688, stack(0x000000e778500000,0x000000e778600000)]
  0x000002a058965800 JavaThread "Daemon client event forwarder" [_thread_blocked, id=16028, stack(0x000000e778600000,0x000000e778700000)]
  0x000002a058be9800 JavaThread "C2 CompilerThread1" daemon [_thread_in_native, id=9540, stack(0x000000e778700000,0x000000e778800000)]
  0x000002a058966800 JavaThread "Cache worker for journal cache (C:\Users\Le Thanh Hang\.gradle\caches\journal-1)" [_thread_blocked, id=10252, stack(0x000000e778800000,0x000000e778900000)]
  0x000002a058968000 JavaThread "File lock request listener" [_thread_in_native, id=17488, stack(0x000000e778900000,0x000000e778a00000)]
  0x000002a058967800 JavaThread "Cache worker for file hash cache (C:\Users\Le Thanh Hang\.gradle\caches\7.4\fileHashes)" [_thread_blocked, id=16312, stack(0x000000e778a00000,0x000000e778b00000)]
  0x000002a058969000 JavaThread "File watcher server" daemon [_thread_in_native, id=18292, stack(0x000000e779400000,0x000000e779500000)]
  0x000002a058963800 JavaThread "File watcher consumer" daemon [_thread_blocked, id=11380, stack(0x000000e779500000,0x000000e779600000)]
  0x000002a058965000 JavaThread "Cache worker for checksums cache (D:\NT118_PTUDDD\NT118_Nhom2_TripS\.gradle\7.4\checksums)" [_thread_blocked, id=5268, stack(0x000000e779600000,0x000000e779700000)]
  0x000002a05896a000 JavaThread "Cache worker for cache directory md-rule (C:\Users\Le Thanh Hang\.gradle\caches\7.4\md-rule)" [_thread_blocked, id=18396, stack(0x000000e779700000,0x000000e779800000)]
  0x000002a058964000 JavaThread "Cache worker for file hash cache (D:\NT118_PTUDDD\NT118_Nhom2_TripS\.gradle\7.4\fileHashes)" [_thread_blocked, id=12792, stack(0x000000e779800000,0x000000e779900000)]
  0x000002a0591d9800 JavaThread "Cache worker for cache directory md-supplier (C:\Users\Le Thanh Hang\.gradle\caches\7.4\md-supplier)" [_thread_blocked, id=7920, stack(0x000000e779900000,0x000000e779a00000)]
  0x000002a0591dc000 JavaThread "Cache worker for execution history cache (C:\Users\Le Thanh Hang\.gradle\caches\7.4\executionHistory)" [_thread_blocked, id=17668, stack(0x000000e779a00000,0x000000e779b00000)]
  0x000002a0591db000 JavaThread "jar transforms" [_thread_blocked, id=1852, stack(0x000000e779b00000,0x000000e779c00000)]
  0x000002a0591dc800 JavaThread "Cache worker for file content cache (C:\Users\Le Thanh Hang\.gradle\caches\7.4\fileContent)" [_thread_blocked, id=12632, stack(0x000000e779c00000,0x000000e779d00000)]
  0x000002a0591da800 JavaThread "jar transforms Thread 2" [_thread_blocked, id=10288, stack(0x000000e779d00000,0x000000e779e00000)]
  0x000002a0591dd800 JavaThread "Cache worker for dependencies-accessors (D:\NT118_PTUDDD\NT118_Nhom2_TripS\.gradle\7.4\dependencies-accessors)" [_thread_blocked, id=6540, stack(0x000000e779e00000,0x000000e779f00000)]
  0x000002a0591d8000 JavaThread "jar transforms Thread 3" [_thread_blocked, id=1628, stack(0x000000e779f00000,0x000000e77a000000)]

Other Threads:
  0x000002a0557a2800 VMThread "VM Thread" [stack: 0x000000e776a00000,0x000000e776b00000] [id=1396]
  0x000002a0561df800 WatcherThread [stack: 0x000000e777500000,0x000000e777600000] [id=18120]
  0x000002a03a885800 GCTaskThread "GC Thread#0" [stack: 0x000000e776500000,0x000000e776600000] [id=17684]
  0x000002a057271800 GCTaskThread "GC Thread#1" [stack: 0x000000e777a00000,0x000000e777b00000] [id=14684]
  0x000002a058d56000 GCTaskThread "GC Thread#2" [stack: 0x000000e777700000,0x000000e777800000] [id=17500]
  0x000002a059171000 GCTaskThread "GC Thread#3" [stack: 0x000000e777c00000,0x000000e777d00000] [id=17052]
  0x000002a0585ee800 GCTaskThread "GC Thread#4" [stack: 0x000000e777d00000,0x000000e777e00000] [id=8436]
  0x000002a058bc7800 GCTaskThread "GC Thread#5" [stack: 0x000000e777e00000,0x000000e777f00000] [id=13848]
  0x000002a0587dd800 GCTaskThread "GC Thread#6" [stack: 0x000000e778b00000,0x000000e778c00000] [id=17680]
  0x000002a05876e000 GCTaskThread "GC Thread#7" [stack: 0x000000e778c00000,0x000000e778d00000] [id=10696]
  0x000002a05876f800 GCTaskThread "GC Thread#8" [stack: 0x000000e778d00000,0x000000e778e00000] [id=5712]
  0x000002a0573b9000 GCTaskThread "GC Thread#9" [stack: 0x000000e778e00000,0x000000e778f00000] [id=16200]
  0x000002a0573ba000 GCTaskThread "GC Thread#10" [stack: 0x000000e778f00000,0x000000e779000000] [id=9240]
  0x000002a0585da000 GCTaskThread "GC Thread#11" [stack: 0x000000e779000000,0x000000e779100000] [id=16072]
  0x000002a0585da800 GCTaskThread "GC Thread#12" [stack: 0x000000e779100000,0x000000e779200000] [id=15020]
  0x000002a03a8ba000 ConcurrentGCThread "G1 Main Marker" [stack: 0x000000e776600000,0x000000e776700000] [id=15700]
  0x000002a03a8bc000 ConcurrentGCThread "G1 Conc#0" [stack: 0x000000e776700000,0x000000e776800000] [id=17104]
  0x000002a056d1f800 ConcurrentGCThread "G1 Conc#1" [stack: 0x000000e779200000,0x000000e779300000] [id=10616]
  0x000002a057881000 ConcurrentGCThread "G1 Conc#2" [stack: 0x000000e779300000,0x000000e779400000] [id=368]
  0x000002a03a93d800 ConcurrentGCThread "G1 Refine#0" [stack: 0x000000e776800000,0x000000e776900000] [id=9432]
  0x000002a0555f3800 ConcurrentGCThread "G1 Young RemSet Sampling" [stack: 0x000000e776900000,0x000000e776a00000] [id=9408]

Threads with active compile tasks:
C2 CompilerThread0   5430 4123       4       groovy.lang.MetaClassImpl$1MOPIter::methodNameAction (325 bytes)
C2 CompilerThread1   5430 4126       4       java.lang.Throwable::<init> (39 bytes)

VM state:not at safepoint (normal execution)

VM Mutex/Monitor currently owned by a thread: None

Heap address: 0x0000000080000000, size: 2048 MB, Compressed Oops mode: 32-bit
Narrow klass base: 0x0000000000000000, Narrow klass shift: 3
Compressed class space size: 1073741824 Address: 0x0000000100000000

Heap:
 garbage-first heap   total 120832K, used 72902K [0x0000000080000000, 0x0000000100000000)
  region size 1024K, 54 young (55296K), 9 survivors (9216K)
 Metaspace       used 44418K, capacity 45495K, committed 45564K, reserved 1089536K
  class space    used 5646K, capacity 6013K, committed 6016K, reserved 1048576K
Heap Regions: E=young(eden), S=young(survivor), O=old, HS=humongous(starts), HC=humongous(continues), CS=collection set, F=free, A=archive, TAMS=top-at-mark-start (previous, next)
|   0|0x0000000080000000, 0x0000000080100000, 0x0000000080100000|100%| O|  |TAMS 0x0000000080100000, 0x0000000080000000| Untracked 
|   1|0x0000000080100000, 0x0000000080200000, 0x0000000080200000|100%| O|  |TAMS 0x0000000080200000, 0x0000000080100000| Untracked 
|   2|0x0000000080200000, 0x0000000080300000, 0x0000000080300000|100%| O|  |TAMS 0x0000000080300000, 0x0000000080200000| Untracked 
|   3|0x0000000080300000, 0x0000000080400000, 0x0000000080400000|100%|HS|  |TAMS 0x0000000080400000, 0x0000000080300000| Complete 
|   4|0x0000000080400000, 0x0000000080500000, 0x0000000080500000|100%|HC|  |TAMS 0x0000000080500000, 0x0000000080400000| Complete 
|   5|0x0000000080500000, 0x0000000080600000, 0x0000000080600000|100%|HC|  |TAMS 0x0000000080600000, 0x0000000080500000| Complete 
|   6|0x0000000080600000, 0x0000000080700000, 0x0000000080700000|100%| O|  |TAMS 0x0000000080700000, 0x0000000080600000| Untracked 
|   7|0x0000000080700000, 0x0000000080800000, 0x0000000080800000|100%| O|  |TAMS 0x0000000080800000, 0x0000000080700000| Untracked 
|   8|0x0000000080800000, 0x0000000080900000, 0x0000000080900000|100%| O|  |TAMS 0x0000000080900000, 0x0000000080800000| Untracked 
|   9|0x0000000080900000, 0x0000000080a00000, 0x0000000080a00000|100%| O|  |TAMS 0x0000000080a00000, 0x0000000080900000| Untracked 
|  10|0x0000000080a00000, 0x0000000080b00000, 0x0000000080b00000|100%| O|  |TAMS 0x0000000080b00000, 0x0000000080a00000| Untracked 
|  11|0x0000000080b00000, 0x0000000080c00000, 0x0000000080c00000|100%| O|  |TAMS 0x0000000080c00000, 0x0000000080b00000| Untracked 
|  12|0x0000000080c00000, 0x0000000080d00000, 0x0000000080d00000|100%| O|  |TAMS 0x0000000080d00000, 0x0000000080c00000| Untracked 
|  13|0x0000000080d00000, 0x0000000080e00000, 0x0000000080e00000|100%| O|  |TAMS 0x0000000080e00000, 0x0000000080d00000| Untracked 
|  14|0x0000000080e00000, 0x0000000080f00000, 0x0000000080f00000|100%| O|  |TAMS 0x0000000080f00000, 0x0000000080e00000| Untracked 
|  15|0x0000000080f00000, 0x0000000081000000, 0x0000000081000000|100%| O|  |TAMS 0x0000000081000000, 0x0000000080f00000| Untracked 
|  16|0x0000000081000000, 0x0000000081100000, 0x0000000081100000|100%| O|  |TAMS 0x00000000810b2000, 0x0000000081000000| Untracked 
|  17|0x0000000081100000, 0x0000000081200000, 0x0000000081200000|100%|HS|  |TAMS 0x0000000081100000, 0x0000000081100000| Complete 
|  18|0x0000000081200000, 0x0000000081200000, 0x0000000081300000|  0%| F|  |TAMS 0x0000000081200000, 0x0000000081200000| Untracked 
|  19|0x0000000081300000, 0x0000000081300000, 0x0000000081400000|  0%| F|  |TAMS 0x0000000081300000, 0x0000000081300000| Untracked 
|  20|0x0000000081400000, 0x0000000081500000, 0x0000000081500000|100%| O|  |TAMS 0x0000000081400000, 0x0000000081400000| Untracked 
|  21|0x0000000081500000, 0x00000000815bbe00, 0x0000000081600000| 73%| O|  |TAMS 0x0000000081500000, 0x0000000081500000| Untracked 
|  22|0x0000000081600000, 0x0000000081600000, 0x0000000081700000|  0%| F|  |TAMS 0x0000000081600000, 0x0000000081600000| Untracked 
|  23|0x0000000081700000, 0x0000000081700000, 0x0000000081800000|  0%| F|  |TAMS 0x0000000081700000, 0x0000000081700000| Untracked 
|  24|0x0000000081800000, 0x0000000081800000, 0x0000000081900000|  0%| F|  |TAMS 0x0000000081800000, 0x0000000081800000| Untracked 
|  25|0x0000000081900000, 0x0000000081900000, 0x0000000081a00000|  0%| F|  |TAMS 0x0000000081900000, 0x0000000081900000| Untracked 
|  26|0x0000000081a00000, 0x0000000081a00000, 0x0000000081b00000|  0%| F|  |TAMS 0x0000000081a00000, 0x0000000081a00000| Untracked 
|  27|0x0000000081b00000, 0x0000000081b00000, 0x0000000081c00000|  0%| F|  |TAMS 0x0000000081b00000, 0x0000000081b00000| Untracked 
|  28|0x0000000081c00000, 0x0000000081c00000, 0x0000000081d00000|  0%| F|  |TAMS 0x0000000081c00000, 0x0000000081c00000| Untracked 
|  29|0x0000000081d00000, 0x0000000081d00000, 0x0000000081e00000|  0%| F|  |TAMS 0x0000000081d00000, 0x0000000081d00000| Untracked 
|  30|0x0000000081e00000, 0x0000000081e00000, 0x0000000081f00000|  0%| F|  |TAMS 0x0000000081e00000, 0x0000000081e00000| Untracked 
|  31|0x0000000081f00000, 0x0000000081f00000, 0x0000000082000000|  0%| F|  |TAMS 0x0000000081f00000, 0x0000000081f00000| Untracked 
|  32|0x0000000082000000, 0x0000000082000000, 0x0000000082100000|  0%| F|  |TAMS 0x0000000082000000, 0x0000000082000000| Untracked 
|  33|0x0000000082100000, 0x0000000082100000, 0x0000000082200000|  0%| F|  |TAMS 0x0000000082100000, 0x0000000082100000| Untracked 
|  34|0x0000000082200000, 0x0000000082200000, 0x0000000082300000|  0%| F|  |TAMS 0x0000000082200000, 0x0000000082200000| Untracked 
|  35|0x0000000082300000, 0x0000000082300000, 0x0000000082400000|  0%| F|  |TAMS 0x0000000082300000, 0x0000000082300000| Untracked 
|  36|0x0000000082400000, 0x0000000082400000, 0x0000000082500000|  0%| F|  |TAMS 0x0000000082400000, 0x0000000082400000| Untracked 
|  37|0x0000000082500000, 0x0000000082500000, 0x0000000082600000|  0%| F|  |TAMS 0x0000000082500000, 0x0000000082500000| Untracked 
|  38|0x0000000082600000, 0x0000000082600000, 0x0000000082700000|  0%| F|  |TAMS 0x0000000082600000, 0x0000000082600000| Untracked 
|  39|0x0000000082700000, 0x0000000082700000, 0x0000000082800000|  0%| F|  |TAMS 0x0000000082700000, 0x0000000082700000| Untracked 
|  40|0x0000000082800000, 0x0000000082800000, 0x0000000082900000|  0%| F|  |TAMS 0x0000000082800000, 0x0000000082800000| Untracked 
|  41|0x0000000082900000, 0x0000000082900000, 0x0000000082a00000|  0%| F|  |TAMS 0x0000000082900000, 0x0000000082900000| Untracked 
|  42|0x0000000082a00000, 0x0000000082a00000, 0x0000000082b00000|  0%| F|  |TAMS 0x0000000082a00000, 0x0000000082a00000| Untracked 
|  43|0x0000000082b00000, 0x0000000082b00000, 0x0000000082c00000|  0%| F|  |TAMS 0x0000000082b00000, 0x0000000082b00000| Untracked 
|  44|0x0000000082c00000, 0x0000000082c75d58, 0x0000000082d00000| 46%| S|CS|TAMS 0x0000000082c00000, 0x0000000082c00000| Complete 
|  45|0x0000000082d00000, 0x0000000082e00000, 0x0000000082e00000|100%| S|CS|TAMS 0x0000000082d00000, 0x0000000082d00000| Complete 
|  46|0x0000000082e00000, 0x0000000082f00000, 0x0000000082f00000|100%| S|CS|TAMS 0x0000000082e00000, 0x0000000082e00000| Complete 
|  47|0x0000000082f00000, 0x0000000083000000, 0x0000000083000000|100%| S|CS|TAMS 0x0000000082f00000, 0x0000000082f00000| Complete 
|  48|0x0000000083000000, 0x0000000083100000, 0x0000000083100000|100%| S|CS|TAMS 0x0000000083000000, 0x0000000083000000| Complete 
|  49|0x0000000083100000, 0x0000000083200000, 0x0000000083200000|100%| S|CS|TAMS 0x0000000083100000, 0x0000000083100000| Complete 
|  50|0x0000000083200000, 0x0000000083300000, 0x0000000083300000|100%| S|CS|TAMS 0x0000000083200000, 0x0000000083200000| Complete 
|  51|0x0000000083300000, 0x0000000083400000, 0x0000000083400000|100%| S|CS|TAMS 0x0000000083300000, 0x0000000083300000| Complete 
|  52|0x0000000083400000, 0x0000000083500000, 0x0000000083500000|100%| S|CS|TAMS 0x0000000083400000, 0x0000000083400000| Complete 
|  53|0x0000000083500000, 0x0000000083500000, 0x0000000083600000|  0%| F|  |TAMS 0x0000000083500000, 0x0000000083500000| Untracked 
|  54|0x0000000083600000, 0x0000000083600000, 0x0000000083700000|  0%| F|  |TAMS 0x0000000083600000, 0x0000000083600000| Untracked 
|  55|0x0000000083700000, 0x0000000083700000, 0x0000000083800000|  0%| F|  |TAMS 0x0000000083700000, 0x0000000083700000| Untracked 
|  56|0x0000000083800000, 0x0000000083800000, 0x0000000083900000|  0%| F|  |TAMS 0x0000000083800000, 0x0000000083800000| Untracked 
|  57|0x0000000083900000, 0x0000000083900000, 0x0000000083a00000|  0%| F|  |TAMS 0x0000000083900000, 0x0000000083900000| Untracked 
|  58|0x0000000083a00000, 0x0000000083a00000, 0x0000000083b00000|  0%| F|  |TAMS 0x0000000083a00000, 0x0000000083a00000| Untracked 
|  59|0x0000000083b00000, 0x0000000083b00000, 0x0000000083c00000|  0%| F|  |TAMS 0x0000000083b00000, 0x0000000083b00000| Untracked 
|  60|0x0000000083c00000, 0x0000000083c00000, 0x0000000083d00000|  0%| F|  |TAMS 0x0000000083c00000, 0x0000000083c00000| Untracked 
|  61|0x0000000083d00000, 0x0000000083d00000, 0x0000000083e00000|  0%| F|  |TAMS 0x0000000083d00000, 0x0000000083d00000| Untracked 
|  62|0x0000000083e00000, 0x0000000083e00000, 0x0000000083f00000|  0%| F|  |TAMS 0x0000000083e00000, 0x0000000083e00000| Untracked 
|  63|0x0000000083f00000, 0x0000000083f00000, 0x0000000084000000|  0%| F|  |TAMS 0x0000000083f00000, 0x0000000083f00000| Untracked 
|  64|0x0000000084000000, 0x0000000084000000, 0x0000000084100000|  0%| F|  |TAMS 0x0000000084000000, 0x0000000084000000| Untracked 
|  65|0x0000000084100000, 0x0000000084100000, 0x0000000084200000|  0%| F|  |TAMS 0x0000000084100000, 0x0000000084100000| Untracked 
|  66|0x0000000084200000, 0x0000000084200000, 0x0000000084300000|  0%| F|  |TAMS 0x0000000084200000, 0x0000000084200000| Untracked 
|  67|0x0000000084300000, 0x0000000084300000, 0x0000000084400000|  0%| F|  |TAMS 0x0000000084300000, 0x0000000084300000| Untracked 
|  68|0x0000000084400000, 0x0000000084400000, 0x0000000084500000|  0%| F|  |TAMS 0x0000000084400000, 0x0000000084400000| Untracked 
|  69|0x0000000084500000, 0x0000000084500000, 0x0000000084600000|  0%| F|  |TAMS 0x0000000084500000, 0x0000000084500000| Untracked 
|  70|0x0000000084600000, 0x0000000084600000, 0x0000000084700000|  0%| F|  |TAMS 0x0000000084600000, 0x0000000084600000| Untracked 
|  71|0x0000000084700000, 0x0000000084700000, 0x0000000084800000|  0%| F|  |TAMS 0x0000000084700000, 0x0000000084700000| Untracked 
|  72|0x0000000084800000, 0x0000000084800000, 0x0000000084900000|  0%| F|  |TAMS 0x0000000084800000, 0x0000000084800000| Untracked 
|  73|0x0000000084900000, 0x0000000084a00000, 0x0000000084a00000|100%| E|  |TAMS 0x0000000084900000, 0x0000000084900000| Complete 
|  74|0x0000000084a00000, 0x0000000084b00000, 0x0000000084b00000|100%| E|CS|TAMS 0x0000000084a00000, 0x0000000084a00000| Complete 
|  75|0x0000000084b00000, 0x0000000084c00000, 0x0000000084c00000|100%| E|CS|TAMS 0x0000000084b00000, 0x0000000084b00000| Complete 
|  76|0x0000000084c00000, 0x0000000084d00000, 0x0000000084d00000|100%| E|CS|TAMS 0x0000000084c00000, 0x0000000084c00000| Complete 
|  77|0x0000000084d00000, 0x0000000084e00000, 0x0000000084e00000|100%| E|CS|TAMS 0x0000000084d00000, 0x0000000084d00000| Complete 
|  78|0x0000000084e00000, 0x0000000084f00000, 0x0000000084f00000|100%| E|CS|TAMS 0x0000000084e00000, 0x0000000084e00000| Complete 
|  79|0x0000000084f00000, 0x0000000085000000, 0x0000000085000000|100%| E|CS|TAMS 0x0000000084f00000, 0x0000000084f00000| Complete 
|  80|0x0000000085000000, 0x0000000085100000, 0x0000000085100000|100%| E|CS|TAMS 0x0000000085000000, 0x0000000085000000| Complete 
|  81|0x0000000085100000, 0x0000000085200000, 0x0000000085200000|100%| E|  |TAMS 0x0000000085100000, 0x0000000085100000| Complete 
|  82|0x0000000085200000, 0x0000000085300000, 0x0000000085300000|100%| E|CS|TAMS 0x0000000085200000, 0x0000000085200000| Complete 
|  83|0x0000000085300000, 0x0000000085400000, 0x0000000085400000|100%| E|CS|TAMS 0x0000000085300000, 0x0000000085300000| Complete 
|  84|0x0000000085400000, 0x0000000085500000, 0x0000000085500000|100%| E|CS|TAMS 0x0000000085400000, 0x0000000085400000| Complete 
|  85|0x0000000085500000, 0x0000000085600000, 0x0000000085600000|100%| E|CS|TAMS 0x0000000085500000, 0x0000000085500000| Complete 
|  86|0x0000000085600000, 0x0000000085700000, 0x0000000085700000|100%| E|CS|TAMS 0x0000000085600000, 0x0000000085600000| Complete 
|  87|0x0000000085700000, 0x0000000085800000, 0x0000000085800000|100%| E|CS|TAMS 0x0000000085700000, 0x0000000085700000| Complete 
|  88|0x0000000085800000, 0x0000000085900000, 0x0000000085900000|100%| E|CS|TAMS 0x0000000085800000, 0x0000000085800000| Complete 
|  89|0x0000000085900000, 0x0000000085a00000, 0x0000000085a00000|100%| E|CS|TAMS 0x0000000085900000, 0x0000000085900000| Complete 
|  90|0x0000000085a00000, 0x0000000085b00000, 0x0000000085b00000|100%| E|CS|TAMS 0x0000000085a00000, 0x0000000085a00000| Complete 
|  91|0x0000000085b00000, 0x0000000085c00000, 0x0000000085c00000|100%| E|CS|TAMS 0x0000000085b00000, 0x0000000085b00000| Complete 
|  92|0x0000000085c00000, 0x0000000085d00000, 0x0000000085d00000|100%| E|CS|TAMS 0x0000000085c00000, 0x0000000085c00000| Complete 
|  93|0x0000000085d00000, 0x0000000085e00000, 0x0000000085e00000|100%| E|CS|TAMS 0x0000000085d00000, 0x0000000085d00000| Complete 
|  94|0x0000000085e00000, 0x0000000085f00000, 0x0000000085f00000|100%| E|CS|TAMS 0x0000000085e00000, 0x0000000085e00000| Complete 
|  95|0x0000000085f00000, 0x0000000086000000, 0x0000000086000000|100%| E|CS|TAMS 0x0000000085f00000, 0x0000000085f00000| Complete 
|  96|0x0000000086000000, 0x0000000086100000, 0x0000000086100000|100%| E|CS|TAMS 0x0000000086000000, 0x0000000086000000| Complete 
|  97|0x0000000086100000, 0x0000000086200000, 0x0000000086200000|100%| E|CS|TAMS 0x0000000086100000, 0x0000000086100000| Complete 
|  98|0x0000000086200000, 0x0000000086300000, 0x0000000086300000|100%| E|CS|TAMS 0x0000000086200000, 0x0000000086200000| Complete 
|  99|0x0000000086300000, 0x0000000086400000, 0x0000000086400000|100%| E|CS|TAMS 0x0000000086300000, 0x0000000086300000| Complete 
| 100|0x0000000086400000, 0x0000000086500000, 0x0000000086500000|100%| E|CS|TAMS 0x0000000086400000, 0x0000000086400000| Complete 
| 101|0x0000000086500000, 0x0000000086600000, 0x0000000086600000|100%| E|CS|TAMS 0x0000000086500000, 0x0000000086500000| Complete 
| 102|0x0000000086600000, 0x0000000086700000, 0x0000000086700000|100%| E|CS|TAMS 0x0000000086600000, 0x0000000086600000| Complete 
| 103|0x0000000086700000, 0x0000000086800000, 0x0000000086800000|100%| E|CS|TAMS 0x0000000086700000, 0x0000000086700000| Complete 
| 104|0x0000000086800000, 0x0000000086900000, 0x0000000086900000|100%| E|CS|TAMS 0x0000000086800000, 0x0000000086800000| Complete 
| 105|0x0000000086900000, 0x0000000086a00000, 0x0000000086a00000|100%| E|CS|TAMS 0x0000000086900000, 0x0000000086900000| Complete 
| 106|0x0000000086a00000, 0x0000000086b00000, 0x0000000086b00000|100%| E|CS|TAMS 0x0000000086a00000, 0x0000000086a00000| Complete 
| 107|0x0000000086b00000, 0x0000000086c00000, 0x0000000086c00000|100%| E|CS|TAMS 0x0000000086b00000, 0x0000000086b00000| Complete 
| 108|0x0000000086c00000, 0x0000000086d00000, 0x0000000086d00000|100%| E|CS|TAMS 0x0000000086c00000, 0x0000000086c00000| Complete 
| 109|0x0000000086d00000, 0x0000000086e00000, 0x0000000086e00000|100%| E|CS|TAMS 0x0000000086d00000, 0x0000000086d00000| Complete 
| 110|0x0000000086e00000, 0x0000000086f00000, 0x0000000086f00000|100%| E|CS|TAMS 0x0000000086e00000, 0x0000000086e00000| Complete 
| 111|0x0000000086f00000, 0x0000000087000000, 0x0000000087000000|100%| E|CS|TAMS 0x0000000086f00000, 0x0000000086f00000| Complete 
| 112|0x0000000087000000, 0x0000000087100000, 0x0000000087100000|100%| E|CS|TAMS 0x0000000087000000, 0x0000000087000000| Complete 
| 113|0x0000000087100000, 0x0000000087200000, 0x0000000087200000|100%| E|CS|TAMS 0x0000000087100000, 0x0000000087100000| Complete 
| 114|0x0000000087200000, 0x0000000087300000, 0x0000000087300000|100%| E|CS|TAMS 0x0000000087200000, 0x0000000087200000| Complete 
| 115|0x0000000087300000, 0x0000000087400000, 0x0000000087400000|100%| E|CS|TAMS 0x0000000087300000, 0x0000000087300000| Complete 
| 116|0x0000000087400000, 0x0000000087500000, 0x0000000087500000|100%| E|CS|TAMS 0x0000000087400000, 0x0000000087400000| Complete 
| 117|0x0000000087500000, 0x0000000087600000, 0x0000000087600000|100%| E|CS|TAMS 0x0000000087500000, 0x0000000087500000| Complete 

Card table byte_map: [0x000002a04e000000,0x000002a04e400000] _byte_map_base: 0x000002a04dc00000

Marking Bits (Prev, Next): (CMBitMap*) 0x000002a03a8b13c8, (CMBitMap*) 0x000002a03a8b1400
 Prev Bits: [0x000002a04e800000, 0x000002a050800000)
 Next Bits: [0x000002a050800000, 0x000002a052800000)

Polling page: 0x000002a038630000

Metaspace:

Usage:
  Non-class:     38.56 MB capacity,    37.88 MB ( 98%) used,   588.74 KB (  1%) free+waste,   103.81 KB ( <1%) overhead. 
      Class:      5.87 MB capacity,     5.52 MB ( 94%) used,   308.22 KB (  5%) free+waste,    49.31 KB ( <1%) overhead. 
       Both:     44.43 MB capacity,    43.40 MB ( 98%) used,   896.96 KB (  2%) free+waste,   153.13 KB ( <1%) overhead. 

Virtual space:
  Non-class space:       40.00 MB reserved,      38.62 MB ( 97%) committed 
      Class space:        1.00 GB reserved,       5.88 MB ( <1%) committed 
             Both:        1.04 GB reserved,      44.50 MB (  4%) committed 

Chunk freelists:
   Non-Class:  2.00 KB
       Class:  3.00 KB
        Both:  5.00 KB

MaxMetaspaceSize: 17179869184.00 GB
CompressedClassSpaceSize: 1.00 GB
Initial GC threshold: 20.80 MB
Current GC threshold: 58.54 MB
CDS: off

CodeHeap 'non-profiled nmethods': size=119168Kb used=2131Kb max_used=2131Kb free=117037Kb
 bounds [0x000002a045f10000, 0x000002a046180000, 0x000002a04d370000]
CodeHeap 'profiled nmethods': size=119168Kb used=9067Kb max_used=9067Kb free=110100Kb
 bounds [0x000002a03eab0000, 0x000002a03f390000, 0x000002a045f10000]
CodeHeap 'non-nmethods': size=7424Kb used=3969Kb max_used=4010Kb free=3454Kb
 bounds [0x000002a03e370000, 0x000002a03e760000, 0x000002a03eab0000]
 total_blobs=4902 nmethods=4131 adapters=680
 compilation: enabled
              stopped_count=0, restarted_count=0
 full_count=0

Compilation events (20 events):
Event: 5.374 Thread 0x000002a05602c800 4133       3       java.lang.invoke.VarHandleObjects$Array::setVolatile (51 bytes)
Event: 5.374 Thread 0x000002a0579cd000 4134       3       java.lang.invoke.VarHandleObjects$Array::runtimeTypeCheck (26 bytes)
Event: 5.375 Thread 0x000002a0579cd000 nmethod 4134 0x000002a03f37ce90 code [0x000002a03f37d100, 0x000002a03f37d8f8]
Event: 5.375 Thread 0x000002a0579cd000 4136       3       java.util.TreeMap::getFirstEntry (26 bytes)
Event: 5.376 Thread 0x000002a0579cd000 nmethod 4136 0x000002a03f37dd10 code [0x000002a03f37dec0, 0x000002a03f37e0b8]
Event: 5.376 Thread 0x000002a0579cd000 4141       3       groovy.lang.MetaMethod::equal (38 bytes)
Event: 5.376 Thread 0x000002a05602c800 nmethod 4133 0x000002a03f37e190 code [0x000002a03f37e4a0, 0x000002a03f37f668]
Event: 5.376 Thread 0x000002a05602c800 4135       3       com.sun.beans.introspect.PropertyInfo::getInfo (61 bytes)
Event: 5.376 Thread 0x000002a055743000 nmethod 4131 0x000002a03f37fd90 code [0x000002a03f380080, 0x000002a03f3810a8]
Event: 5.376 Thread 0x000002a055743000 4139       3       org.codehaus.groovy.reflection.CachedMethod::find (30 bytes)
Event: 5.376 Thread 0x000002a0579cd000 nmethod 4141 0x000002a03f381710 code [0x000002a03f3818e0, 0x000002a03f381b58]
Event: 5.376 Thread 0x000002a0579cd000 4140       3       groovy.lang.MetaClassImpl::findMethod (130 bytes)
Event: 5.376 Thread 0x000002a0573e9000 nmethod 4132 0x000002a03f381c90 code [0x000002a03f382000, 0x000002a03f383ac8]
Event: 5.376 Thread 0x000002a05602c800 nmethod 4135 0x000002a03f384390 code [0x000002a03f3845a0, 0x000002a03f384c78]
Event: 5.376 Thread 0x000002a0573e9000 4137       3       java.util.TreeMap$PrivateEntryIterator::<init> (28 bytes)
Event: 5.377 Thread 0x000002a055743000 nmethod 4139 0x000002a03f384e90 code [0x000002a03f3850e0, 0x000002a03f385a38]
Event: 5.377 Thread 0x000002a0573e9000 nmethod 4137 0x000002a03f385d90 code [0x000002a03f385f40, 0x000002a03f386198]
Event: 5.378 Thread 0x000002a0579cd000 nmethod 4140 0x000002a03f386290 code [0x000002a03f386560, 0x000002a03f387578]
Event: 5.385 Thread 0x000002a058be9800 nmethod 4120 0x000002a04611e690 code [0x000002a04611e860, 0x000002a04611f498]
Event: 5.385 Thread 0x000002a058be9800 4124       4       java.util.Arrays::binarySearch0 (95 bytes)

GC Heap History (14 events):
Event: 0.714 GC heap before
{Heap before GC invocations=0 (full 0):
 garbage-first heap   total 120832K, used 29696K [0x0000000080000000, 0x0000000100000000)
  region size 1024K, 24 young (24576K), 0 survivors (0K)
 Metaspace       used 9752K, capacity 9964K, committed 10112K, reserved 1058816K
  class space    used 1000K, capacity 1069K, committed 1152K, reserved 1048576K
}
Event: 0.721 GC heap after
{Heap after GC invocations=1 (full 0):
 garbage-first heap   total 120832K, used 9135K [0x0000000080000000, 0x0000000100000000)
  region size 1024K, 3 young (3072K), 3 survivors (3072K)
 Metaspace       used 9752K, capacity 9964K, committed 10112K, reserved 1058816K
  class space    used 1000K, capacity 1069K, committed 1152K, reserved 1048576K
}
Event: 2.539 GC heap before
{Heap before GC invocations=1 (full 0):
 garbage-first heap   total 120832K, used 77743K [0x0000000080000000, 0x0000000100000000)
  region size 1024K, 70 young (71680K), 3 survivors (3072K)
 Metaspace       used 16140K, capacity 16487K, committed 16640K, reserved 1064960K
  class space    used 1832K, capacity 1965K, committed 2048K, reserved 1048576K
}
Event: 2.546 GC heap after
{Heap after GC invocations=2 (full 0):
 garbage-first heap   total 120832K, used 15789K [0x0000000080000000, 0x0000000100000000)
  region size 1024K, 9 young (9216K), 9 survivors (9216K)
 Metaspace       used 16140K, capacity 16487K, committed 16640K, reserved 1064960K
  class space    used 1832K, capacity 1965K, committed 2048K, reserved 1048576K
}
Event: 2.967 GC heap before
{Heap before GC invocations=2 (full 0):
 garbage-first heap   total 120832K, used 53677K [0x0000000080000000, 0x0000000100000000)
  region size 1024K, 47 young (48128K), 9 survivors (9216K)
 Metaspace       used 20759K, capacity 21111K, committed 21296K, reserved 1069056K
  class space    used 2536K, capacity 2678K, committed 2688K, reserved 1048576K
}
Event: 2.977 GC heap after
{Heap after GC invocations=3 (full 0):
 garbage-first heap   total 120832K, used 17510K [0x0000000080000000, 0x0000000100000000)
  region size 1024K, 2 young (2048K), 2 survivors (2048K)
 Metaspace       used 20759K, capacity 21111K, committed 21296K, reserved 1069056K
  class space    used 2536K, capacity 2678K, committed 2688K, reserved 1048576K
}
Event: 3.527 GC heap before
{Heap before GC invocations=4 (full 0):
 garbage-first heap   total 120832K, used 68710K [0x0000000080000000, 0x0000000100000000)
  region size 1024K, 52 young (53248K), 2 survivors (2048K)
 Metaspace       used 26088K, capacity 26702K, committed 26928K, reserved 1073152K
  class space    used 3401K, capacity 3616K, committed 3712K, reserved 1048576K
}
Event: 3.534 GC heap after
{Heap after GC invocations=5 (full 0):
 garbage-first heap   total 120832K, used 19139K [0x0000000080000000, 0x0000000100000000)
  region size 1024K, 4 young (4096K), 4 survivors (4096K)
 Metaspace       used 26088K, capacity 26702K, committed 26928K, reserved 1073152K
  class space    used 3401K, capacity 3616K, committed 3712K, reserved 1048576K
}
Event: 4.086 GC heap before
{Heap before GC invocations=5 (full 0):
 garbage-first heap   total 120832K, used 74435K [0x0000000080000000, 0x0000000100000000)
  region size 1024K, 58 young (59392K), 4 survivors (4096K)
 Metaspace       used 31593K, capacity 32317K, committed 32432K, reserved 1077248K
  class space    used 4209K, capacity 4510K, committed 4608K, reserved 1048576K
}
Event: 4.092 GC heap after
{Heap after GC invocations=6 (full 0):
 garbage-first heap   total 120832K, used 20908K [0x0000000080000000, 0x0000000100000000)
  region size 1024K, 6 young (6144K), 6 survivors (6144K)
 Metaspace       used 31593K, capacity 32317K, committed 32432K, reserved 1077248K
  class space    used 4209K, capacity 4510K, committed 4608K, reserved 1048576K
}
Event: 4.307 GC heap before
{Heap before GC invocations=6 (full 0):
 garbage-first heap   total 120832K, used 29100K [0x0000000080000000, 0x0000000100000000)
  region size 1024K, 15 young (15360K), 6 survivors (6144K)
 Metaspace       used 34801K, capacity 35585K, committed 35708K, reserved 1081344K
  class space    used 4499K, capacity 4812K, committed 4864K, reserved 1048576K
}
Event: 4.315 GC heap after
{Heap after GC invocations=7 (full 0):
 garbage-first heap   total 120832K, used 22550K [0x0000000080000000, 0x0000000100000000)
  region size 1024K, 6 young (6144K), 6 survivors (6144K)
 Metaspace       used 34801K, capacity 35585K, committed 35708K, reserved 1081344K
  class space    used 4499K, capacity 4812K, committed 4864K, reserved 1048576K
}
Event: 4.922 GC heap before
{Heap before GC invocations=8 (full 0):
 garbage-first heap   total 120832K, used 85014K [0x0000000080000000, 0x0000000100000000)
  region size 1024K, 65 young (66560K), 6 survivors (6144K)
 Metaspace       used 39916K, capacity 40770K, committed 40956K, reserved 1085440K
  class space    used 5097K, capacity 5428K, committed 5504K, reserved 1048576K
}
Event: 4.929 GC heap after
{Heap after GC invocations=9 (full 0):
 garbage-first heap   total 120832K, used 27846K [0x0000000080000000, 0x0000000100000000)
  region size 1024K, 9 young (9216K), 9 survivors (9216K)
 Metaspace       used 39916K, capacity 40770K, committed 40956K, reserved 1085440K
  class space    used 5097K, capacity 5428K, committed 5504K, reserved 1048576K
}

Deoptimization events (20 events):
Event: 5.230 Thread 0x000002a058b56000 Uncommon trap: trap_request=0xffffff4d fr.pc=0x000002a0460371fc relative=0x000000000000023c
Event: 5.230 Thread 0x000002a058b56000 Uncommon trap: reason=unstable_if action=reinterpret pc=0x000002a0460371fc method=java.util.HashMap.hash(Ljava/lang/Object;)I @ 1 c2
Event: 5.230 Thread 0x000002a058b56000 DEOPT PACKING pc=0x000002a0460371fc sp=0x000000e7783f85f0
Event: 5.230 Thread 0x000002a058b56000 DEOPT UNPACKING pc=0x000002a03e3ba1af sp=0x000000e7783f8528 mode 2
Event: 5.230 Thread 0x000002a058b56000 Uncommon trap: trap_request=0xffffff4d fr.pc=0x000002a046013104 relative=0x00000000000001c4
Event: 5.230 Thread 0x000002a058b56000 Uncommon trap: reason=unstable_if action=reinterpret pc=0x000002a046013104 method=java.util.HashMap.getNode(ILjava/lang/Object;)Ljava/util/HashMap$Node; @ 53 c2
Event: 5.230 Thread 0x000002a058b56000 DEOPT PACKING pc=0x000002a046013104 sp=0x000000e7783f8570
Event: 5.230 Thread 0x000002a058b56000 DEOPT UNPACKING pc=0x000002a03e3ba1af sp=0x000000e7783f84f8 mode 2
Event: 5.230 Thread 0x000002a058b56000 Uncommon trap: trap_request=0xffffff4d fr.pc=0x000002a0460a9320 relative=0x0000000000000720
Event: 5.230 Thread 0x000002a058b56000 Uncommon trap: reason=unstable_if action=reinterpret pc=0x000002a0460a9320 method=java.util.HashMap.putVal(ILjava/lang/Object;Ljava/lang/Object;ZZ)Ljava/lang/Object; @ 85 c2
Event: 5.230 Thread 0x000002a058b56000 DEOPT PACKING pc=0x000002a0460a9320 sp=0x000000e7783f85b0
Event: 5.230 Thread 0x000002a058b56000 DEOPT UNPACKING pc=0x000002a03e3ba1af sp=0x000000e7783f84e0 mode 2
Event: 5.233 Thread 0x000002a058b56000 Uncommon trap: trap_request=0xffffff4d fr.pc=0x000002a046078178 relative=0x0000000000000318
Event: 5.233 Thread 0x000002a058b56000 Uncommon trap: reason=unstable_if action=reinterpret pc=0x000002a046078178 method=org.gradle.internal.reflect.PropertyAccessorType.isGetGetterName(Ljava/lang/String;)Z @ 14 c2
Event: 5.233 Thread 0x000002a058b56000 DEOPT PACKING pc=0x000002a046078178 sp=0x000000e7783f9020
Event: 5.233 Thread 0x000002a058b56000 DEOPT UNPACKING pc=0x000002a03e3ba1af sp=0x000000e7783f8f78 mode 2
Event: 5.251 Thread 0x000002a058b56000 Uncommon trap: trap_request=0xffffff4d fr.pc=0x000002a046070708 relative=0x00000000000000e8
Event: 5.251 Thread 0x000002a058b56000 Uncommon trap: reason=unstable_if action=reinterpret pc=0x000002a046070708 method=org.objectweb.asm.ByteVector.putShort(I)Lorg/objectweb/asm/ByteVector; @ 13 c2
Event: 5.251 Thread 0x000002a058b56000 DEOPT PACKING pc=0x000002a046070708 sp=0x000000e7783f8a80
Event: 5.251 Thread 0x000002a058b56000 DEOPT UNPACKING pc=0x000002a03e3ba1af sp=0x000000e7783f8a18 mode 2

Classes redefined (0 events):
No events

Internal exceptions (20 events):
Event: 4.971 Thread 0x000002a058b56000 Exception <a 'java/lang/ClassNotFoundException'{0x00000000871c2980}: org/gradle/api/internal/provider/AbstractMinimalProviderBeanInfo> (0x00000000871c2980) thrown at [./src/hotspot/share/classfile/systemDictionary.cpp, line 231]
Event: 4.971 Thread 0x000002a058b56000 Exception <a 'java/lang/ClassNotFoundException'{0x00000000871ebd98}: org/gradle/api/internal/provider/AbstractMinimalProviderCustomizer> (0x00000000871ebd98) thrown at [./src/hotspot/share/classfile/systemDictionary.cpp, line 231]
Event: 4.973 Thread 0x000002a058b56000 Exception <a 'java/lang/ClassNotFoundException'{0x000000008704d8b8}: org/gradle/api/internal/provider/AbstractPropertyCustomizer> (0x000000008704d8b8) thrown at [./src/hotspot/share/classfile/systemDictionary.cpp, line 231]
Event: 4.974 Thread 0x000002a058b56000 Exception <a 'java/lang/ClassNotFoundException'{0x00000000870809b8}: org/gradle/api/internal/provider/DefaultPropertyCustomizer> (0x00000000870809b8) thrown at [./src/hotspot/share/classfile/systemDictionary.cpp, line 231]
Event: 5.007 Thread 0x000002a058b56000 Exception <a 'java/lang/ClassNotFoundException'{0x0000000086e77a88}: org/gradle/initialization/DefaultProjectDescriptorBeanInfo> (0x0000000086e77a88) thrown at [./src/hotspot/share/classfile/systemDictionary.cpp, line 231]
Event: 5.008 Thread 0x000002a058b56000 Exception <a 'java/lang/ClassNotFoundException'{0x0000000086eaf108}: org/gradle/initialization/DefaultProjectDescriptorCustomizer> (0x0000000086eaf108) thrown at [./src/hotspot/share/classfile/systemDictionary.cpp, line 231]
Event: 5.010 Thread 0x000002a058b56000 Implicit null exception at 0x000002a0460959ec to 0x000002a046095a94
Event: 5.116 Thread 0x000002a058b56000 Implicit null exception at 0x000002a045fa4a9a to 0x000002a045fa5a54
Event: 5.145 Thread 0x000002a058965800 Exception <a 'java/lang/NoSuchMethodError'{0x0000000086206aa0}: <clinit>> (0x0000000086206aa0) thrown at [./src/hotspot/share/prims/jni.cpp, line 1365]
Event: 5.145 Thread 0x000002a058965800 Exception <a 'java/lang/NoSuchMethodError'{0x0000000086208190}: <clinit>> (0x0000000086208190) thrown at [./src/hotspot/share/prims/jni.cpp, line 1365]
Event: 5.147 Thread 0x000002a058965800 Exception <a 'java/lang/NoSuchMethodError'{0x0000000086217758}: <clinit>> (0x0000000086217758) thrown at [./src/hotspot/share/prims/jni.cpp, line 1365]
Event: 5.147 Thread 0x000002a058965800 Exception <a 'java/lang/NoSuchMethodError'{0x0000000086219de8}: <clinit>> (0x0000000086219de8) thrown at [./src/hotspot/share/prims/jni.cpp, line 1365]
Event: 5.149 Thread 0x000002a058965800 Exception <a 'java/lang/NoSuchMethodError'{0x0000000086229d08}: <clinit>> (0x0000000086229d08) thrown at [./src/hotspot/share/prims/jni.cpp, line 1365]
Event: 5.230 Thread 0x000002a058b56000 Implicit null exception at 0x000002a046036ff4 to 0x000002a0460371f0
Event: 5.364 Thread 0x000002a058b56000 Exception <a 'java/lang/ClassNotFoundException'{0x0000000084e818b0}: build_dwsocka6esm3zhxc0sam00z7cBeanInfo> (0x0000000084e818b0) thrown at [./src/hotspot/share/classfile/systemDictionary.cpp, line 231]
Event: 5.364 Thread 0x000002a058b56000 Exception <a 'java/lang/ClassNotFoundException'{0x0000000084e98c68}: org/gradle/api/internal/project/ProjectScriptBeanInfo> (0x0000000084e98c68) thrown at [./src/hotspot/share/classfile/systemDictionary.cpp, line 231]
Event: 5.364 Thread 0x000002a058b56000 Exception <a 'java/lang/ClassNotFoundException'{0x0000000084eb0748}: org/gradle/api/internal/project/ProjectScriptCustomizer> (0x0000000084eb0748) thrown at [./src/hotspot/share/classfile/systemDictionary.cpp, line 231]
Event: 5.365 Thread 0x000002a058b56000 Exception <a 'java/lang/ClassNotFoundException'{0x0000000084ecc860}: build_dwsocka6esm3zhxc0sam00z7cCustomizer> (0x0000000084ecc860) thrown at [./src/hotspot/share/classfile/systemDictionary.cpp, line 231]
Event: 5.374 Thread 0x000002a058b56000 Exception <a 'java/lang/ClassNotFoundException'{0x0000000084d69d70}: org/gradle/api/internal/initialization/DefaultScriptHandlerBeanInfo> (0x0000000084d69d70) thrown at [./src/hotspot/share/classfile/systemDictionary.cpp, line 231]
Event: 5.374 Thread 0x000002a058b56000 Exception <a 'java/lang/ClassNotFoundException'{0x0000000084d94408}: org/gradle/api/internal/initialization/DefaultScriptHandlerCustomizer> (0x0000000084d94408) thrown at [./src/hotspot/share/classfile/systemDictionary.cpp, line 231]

Events (20 events):
Event: 5.399 loading class org/gradle/api/internal/artifacts/dsl/dependencies/DefaultDependencyConstraintHandler
Event: 5.399 loading class org/gradle/api/internal/artifacts/dsl/dependencies/DefaultDependencyConstraintHandler done
Event: 5.401 loading class org/gradle/api/internal/artifacts/dsl/dependencies/DynamicAddDependencyMethods$DependencyAdder
Event: 5.401 loading class org/gradle/api/internal/artifacts/dsl/dependencies/DynamicAddDependencyMethods$DependencyAdder done
Event: 5.401 loading class org/gradle/api/internal/artifacts/dsl/dependencies/DynamicAddDependencyMethods
Event: 5.401 loading class org/gradle/api/internal/artifacts/dsl/dependencies/DynamicAddDependencyMethods done
Event: 5.404 loading class org/gradle/api/internal/artifacts/dsl/dependencies/DefaultDependencyConstraintHandler$1
Event: 5.404 loading class org/gradle/api/internal/artifacts/dsl/dependencies/DefaultDependencyConstraintHandler$1 done
Event: 5.405 loading class org/gradle/api/internal/artifacts/dsl/dependencies/DefaultDependencyConstraintHandler$DependencyConstraintAdder
Event: 5.405 loading class org/gradle/api/internal/artifacts/dsl/dependencies/DefaultDependencyConstraintHandler$DependencyConstraintAdder done
Event: 5.406 loading class org/gradle/api/internal/artifacts/query/DefaultArtifactResolutionQueryFactory
Event: 5.406 loading class org/gradle/api/internal/artifacts/query/DefaultArtifactResolutionQueryFactory done
Event: 5.407 loading class org/gradle/api/artifacts/query/ArtifactResolutionQuery
Event: 5.407 loading class org/gradle/api/artifacts/query/ArtifactResolutionQuery done
Event: 5.407 loading class org/gradle/api/internal/artifacts/dsl/dependencies/DefaultDependencyHandler
Event: 5.407 loading class org/gradle/api/internal/artifacts/dsl/dependencies/DefaultDependencyHandler done
Event: 5.409 loading class org/gradle/api/internal/artifacts/dsl/dependencies/DefaultDependencyHandler$1
Event: 5.409 loading class org/gradle/api/internal/artifacts/dsl/dependencies/DefaultDependencyHandler$1 done
Event: 5.410 loading class org/gradle/api/provider/ProviderConvertible
Event: 5.410 loading class org/gradle/api/provider/ProviderConvertible done


Dynamic libraries:
0x00007ff6028d0000 - 0x00007ff6028da000 	C:\Program Files\Android\Android Studio\jre\bin\java.exe
0x00007fffc23d0000 - 0x00007fffc25e4000 	C:\WINDOWS\SYSTEM32\ntdll.dll
0x00007fffc02e0000 - 0x00007fffc03a3000 	C:\WINDOWS\System32\KERNEL32.DLL
0x00007fffbfb70000 - 0x00007fffbff0d000 	C:\WINDOWS\System32\KERNELBASE.dll
0x00007fffbf930000 - 0x00007fffbfa41000 	C:\WINDOWS\System32\ucrtbase.dll
0x00007fffbae80000 - 0x00007fffbae99000 	C:\Program Files\Android\Android Studio\jre\bin\jli.dll
0x00007fffa9900000 - 0x00007fffa9917000 	C:\Program Files\Android\Android Studio\jre\bin\VCRUNTIME140.dll
0x00007fffc1e80000 - 0x00007fffc202d000 	C:\WINDOWS\System32\USER32.dll
0x00007fffbf860000 - 0x00007fffbf886000 	C:\WINDOWS\System32\win32u.dll
0x00007fffa43f0000 - 0x00007fffa467e000 	C:\WINDOWS\WinSxS\amd64_microsoft.windows.common-controls_6595b64144ccf1df_6.0.22621.608_none_a9444ca7c10bb01d\COMCTL32.dll
0x00007fffc0610000 - 0x00007fffc0639000 	C:\WINDOWS\System32\GDI32.dll
0x00007fffc0710000 - 0x00007fffc07b7000 	C:\WINDOWS\System32\msvcrt.dll
0x00007fffbfa50000 - 0x00007fffbfb62000 	C:\WINDOWS\System32\gdi32full.dll
0x00007fffbf890000 - 0x00007fffbf92a000 	C:\WINDOWS\System32\msvcp_win.dll
0x00007fffc05d0000 - 0x00007fffc0602000 	C:\WINDOWS\System32\IMM32.DLL
0x00007fff88500000 - 0x00007fff8859d000 	C:\Program Files\Android\Android Studio\jre\bin\msvcp140.dll
0x00007fff5fba0000 - 0x00007fff60685000 	C:\Program Files\Android\Android Studio\jre\bin\server\jvm.dll
0x00007fffc0ed0000 - 0x00007fffc0f7e000 	C:\WINDOWS\System32\ADVAPI32.dll
0x00007fffc1950000 - 0x00007fffc19f4000 	C:\WINDOWS\System32\sechost.dll
0x00007fffc20a0000 - 0x00007fffc21b5000 	C:\WINDOWS\System32\RPCRT4.dll
0x00007fffc1770000 - 0x00007fffc1778000 	C:\WINDOWS\System32\PSAPI.DLL
0x00007fffbcb90000 - 0x00007fffbcb99000 	C:\WINDOWS\SYSTEM32\WSOCK32.dll
0x00007fffb8ce0000 - 0x00007fffb8d14000 	C:\WINDOWS\SYSTEM32\WINMM.dll
0x00007fffc03b0000 - 0x00007fffc0421000 	C:\WINDOWS\System32\WS2_32.dll
0x00007fffb8560000 - 0x00007fffb856a000 	C:\WINDOWS\SYSTEM32\VERSION.dll
0x00007fffbe770000 - 0x00007fffbe788000 	C:\WINDOWS\SYSTEM32\kernel.appcore.dll
0x00007fffa7d60000 - 0x00007fffa7d71000 	C:\Program Files\Android\Android Studio\jre\bin\verify.dll
0x00007fffabd60000 - 0x00007fffabf8e000 	C:\WINDOWS\SYSTEM32\DBGHELP.DLL
0x00007fffc0ac0000 - 0x00007fffc0e4a000 	C:\WINDOWS\System32\combase.dll
0x00007fffc09e0000 - 0x00007fffc0ab7000 	C:\WINDOWS\System32\OLEAUT32.dll
0x00007fffa3dc0000 - 0x00007fffa3df2000 	C:\WINDOWS\SYSTEM32\dbgcore.DLL
0x00007fffc0140000 - 0x00007fffc01bb000 	C:\WINDOWS\System32\bcryptPrimitives.dll
0x00007fffa7d30000 - 0x00007fffa7d59000 	C:\Program Files\Android\Android Studio\jre\bin\java.dll
0x00007fffbcb70000 - 0x00007fffbcb7b000 	C:\Program Files\Android\Android Studio\jre\bin\jimage.dll
0x00007fffa7d10000 - 0x00007fffa7d28000 	C:\Program Files\Android\Android Studio\jre\bin\zip.dll
0x00007fffc0f80000 - 0x00007fffc176f000 	C:\WINDOWS\System32\SHELL32.dll
0x00007fffbd7c0000 - 0x00007fffbe088000 	C:\WINDOWS\SYSTEM32\windows.storage.dll
0x00007fffbd680000 - 0x00007fffbd7be000 	C:\WINDOWS\SYSTEM32\wintypes.dll
0x00007fffc17a0000 - 0x00007fffc1891000 	C:\WINDOWS\System32\SHCORE.dll
0x00007fffc0e50000 - 0x00007fffc0eae000 	C:\WINDOWS\System32\shlwapi.dll
0x00007fffbf720000 - 0x00007fffbf741000 	C:\WINDOWS\SYSTEM32\profapi.dll
0x00007fffa7cf0000 - 0x00007fffa7d0a000 	C:\Program Files\Android\Android Studio\jre\bin\net.dll
0x00007fffb8bb0000 - 0x00007fffb8cdf000 	C:\WINDOWS\SYSTEM32\WINHTTP.dll
0x00007fffbec70000 - 0x00007fffbecd9000 	C:\WINDOWS\system32\mswsock.dll
0x00007fffa7cd0000 - 0x00007fffa7ce4000 	C:\Program Files\Android\Android Studio\jre\bin\nio.dll
0x00007fff884a0000 - 0x00007fff884c7000 	C:\Users\Le Thanh Hang\.gradle\native\e1d6ef7f7dcc3fd88c89a11ec53ec762bb8ba0a96d01ffa2cd45eb1d1d8dd5c5\windows-amd64\native-platform.dll
0x00007fff86130000 - 0x00007fff86274000 	C:\Users\Le Thanh Hang\.gradle\native\0d407fdbe67a94daf76414ababcb853783967236a71b16ec16e742cd7a986fd3\windows-amd64\native-platform-file-events.dll
0x00007fffa7cc0000 - 0x00007fffa7cca000 	C:\Program Files\Android\Android Studio\jre\bin\management.dll
0x00007fffa7cb0000 - 0x00007fffa7cbd000 	C:\Program Files\Android\Android Studio\jre\bin\management_ext.dll
0x00007fffbeeb0000 - 0x00007fffbeecb000 	C:\WINDOWS\SYSTEM32\CRYPTSP.dll
0x00007fffbe790000 - 0x00007fffbe7c5000 	C:\WINDOWS\system32\rsaenh.dll
0x00007fffbed30000 - 0x00007fffbed58000 	C:\WINDOWS\SYSTEM32\USERENV.dll
0x00007fffbf0a0000 - 0x00007fffbf0c8000 	C:\WINDOWS\SYSTEM32\bcrypt.dll
0x00007fffbeed0000 - 0x00007fffbeedc000 	C:\WINDOWS\SYSTEM32\CRYPTBASE.dll
0x00007fffbe2e0000 - 0x00007fffbe30d000 	C:\WINDOWS\SYSTEM32\IPHLPAPI.DLL
0x00007fffc0eb0000 - 0x00007fffc0eb9000 	C:\WINDOWS\System32\NSI.dll
0x00007fffb8f20000 - 0x00007fffb8f39000 	C:\WINDOWS\SYSTEM32\dhcpcsvc6.DLL
0x00007fffb8ac0000 - 0x00007fffb8adf000 	C:\WINDOWS\SYSTEM32\dhcpcsvc.DLL
0x00007fffbe350000 - 0x00007fffbe442000 	C:\WINDOWS\SYSTEM32\DNSAPI.dll

dbghelp: loaded successfully - version: 4.0.5 - missing functions: none
symbol engine: initialized successfully - sym options: 0x614 - pdb path: .;C:\Program Files\Android\Android Studio\jre\bin;C:\WINDOWS\SYSTEM32;C:\WINDOWS\WinSxS\amd64_microsoft.windows.common-controls_6595b64144ccf1df_6.0.22621.608_none_a9444ca7c10bb01d;C:\Program Files\Android\Android Studio\jre\bin\server;C:\Users\Le Thanh Hang\.gradle\native\e1d6ef7f7dcc3fd88c89a11ec53ec762bb8ba0a96d01ffa2cd45eb1d1d8dd5c5\windows-amd64;C:\Users\Le Thanh Hang\.gradle\native\0d407fdbe67a94daf76414ababcb853783967236a71b16ec16e742cd7a986fd3\windows-amd64

VM Arguments:
jvm_args: --add-opens=java.base/java.util=ALL-UNNAMED --add-opens=java.base/java.lang=ALL-UNNAMED --add-opens=java.base/java.lang.invoke=ALL-UNNAMED --add-opens=java.base/java.util=ALL-UNNAMED --add-opens=java.prefs/java.util.prefs=ALL-UNNAMED --add-opens=java.prefs/java.util.prefs=ALL-UNNAMED --add-opens=java.base/java.nio.charset=ALL-UNNAMED --add-opens=java.base/java.net=ALL-UNNAMED --add-opens=java.base/java.util.concurrent.atomic=ALL-UNNAMED -Xmx2048m -Dfile.encoding=UTF-8 -Duser.country=US -Duser.language=en -Duser.variant 
java_command: org.gradle.launcher.daemon.bootstrap.GradleDaemon 7.4
java_class_path (initial): C:\Users\Le Thanh Hang\.gradle\wrapper\dists\gradle-7.4-bin\c0gwcg53nkjbqw7r0h0umtfvt\gradle-7.4\lib\gradle-launcher-7.4.jar
Launcher Type: SUN_STANDARD

[Global flags]
     intx CICompilerCount                          = 12                                        {product} {ergonomic}
     uint ConcGCThreads                            = 3                                         {product} {ergonomic}
     uint G1ConcRefinementThreads                  = 13                                        {product} {ergonomic}
   size_t G1HeapRegionSize                         = 1048576                                   {product} {ergonomic}
    uintx GCDrainStackTargetSize                   = 64                                        {product} {ergonomic}
   size_t InitialHeapSize                          = 123731968                                 {product} {ergonomic}
   size_t MarkStackSize                            = 4194304                                   {product} {ergonomic}
   size_t MaxHeapSize                              = 2147483648                                {product} {command line}
   size_t MaxNewSize                               = 1287651328                                {product} {ergonomic}
   size_t MinHeapDeltaBytes                        = 1048576                                   {product} {ergonomic}
    uintx NonNMethodCodeHeapSize                   = 7594288                                {pd product} {ergonomic}
    uintx NonProfiledCodeHeapSize                  = 122031976                              {pd product} {ergonomic}
    uintx ProfiledCodeHeapSize                     = 122031976                              {pd product} {ergonomic}
    uintx ReservedCodeCacheSize                    = 251658240                              {pd product} {ergonomic}
     bool SegmentedCodeCache                       = true                                      {product} {ergonomic}
     bool UseCompressedClassPointers               = true                                 {lp64_product} {ergonomic}
     bool UseCompressedOops                        = true                                 {lp64_product} {ergonomic}
     bool UseG1GC                                  = true                                      {product} {ergonomic}
     bool UseLargePagesIndividualAllocation        = false                                  {pd product} {ergonomic}

Logging:
Log output configuration:
 #0: stdout all=warning uptime,level,tags
 #1: stderr all=off uptime,level,tags

Environment Variables:
PATH=C:\Program Files (x86)\VMware\VMware Workstation\bin\;C:\Python310\Scripts\;C:\Python310\;C:\Program Files\Eclipse Foundation\jdk-8.0.302.8-hotspot\bin;C:\windows\system32;C:\windows;C:\windows\System32\Wbem;C:\windows\System32\WindowsPowerShell\v1.0\;C:\windows\System32\OpenSSH\;C:\Program Files (x86)\NVIDIA Corporation\PhysX\Common;C:\Program Files\NVIDIA Corporation\NVIDIA NvDLISR;C:\Program Files\Microsoft SQL Server\130\Tools\Binn\;C:\Program Files\Microsoft SQL Server\Client SDK\ODBC\170\Tools\Binn\;C:\Program Files\Git\cmd;C:\Program Files\nodejs\;C:\ProgramData\chocolatey\bin;C:\WINDOWS\system32;C:\WINDOWS;C:\WINDOWS\System32\Wbem;C:\WINDOWS\System32\WindowsPowerShell\v1.0\;C:\WINDOWS\System32\OpenSSH\;C:\Program Files\dotnet\;C:\MinGW\bin;C:\Ruby31-x64\bin;C:\Users\Le Thanh Hang\AppData\Local\Microsoft\WindowsApps;C:\Users\Le Thanh Hang\AppData\Local\GitHubDesktop\bin;C:\Users\Le Thanh Hang\AppData\Roaming\npm;C:\Users\Le Thanh Hang\.dotnet\tools;C:\Users\Le Thanh Hang\AppData\Local\Programs\Microsoft VS Code\bin
USERNAME=Le Thanh Hang
OS=Windows_NT
PROCESSOR_IDENTIFIER=AMD64 Family 25 Model 80 Stepping 0, AuthenticAMD



---------------  S Y S T E M  ---------------

OS: Windows 10 , 64 bit Build 22621 (10.0.22621.1105)
OS uptime: 1 days 5:33 hours
Hyper-V role detected

CPU:total 16 (initial active 16) (16 cores per cpu, 2 threads per core) family 25 model 80 stepping 0 microcode 0x0, cmov, cx8, fxsr, mmx, sse, sse2, sse3, ssse3, sse4.1, sse4.2, popcnt, avx, avx2, aes, clmul, erms, mmxext, 3dnowpref, lzcnt, sse4a, ht, tsc, tscinvbit, tscinv, bmi1, bmi2, adx, sha, fma

Memory: 4k page, system-wide physical 7523M (381M free)
TotalPageFile size 11619M (AvailPageFile size 14M)
current process WorkingSet (physical memory assigned to process): 258M, peak: 268M
current process commit charge ("private bytes"): 324M, peak: 332M

vm_info: OpenJDK 64-Bit Server VM (11.0.12+7-b1504.28-7817840) for windows-amd64 JRE (11.0.12+7-b1504.28-7817840), built on Oct 13 2021 22:12:33 by "builder" with MS VC++ 14.0 (VS2015)

END.
