#
# There is insufficient memory for the Java Runtime Environment to continue.
# Native memory allocation (malloc) failed to allocate 1866256 bytes for Chunk::new
# Possible reasons:
#   The system is out of physical RAM or swap space
#   The process is running with CompressedOops enabled, and the Java Heap may be blocking the growth of the native heap
# Possible solutions:
#   Reduce memory load on the system
#   Increase physical memory or swap space
#   Check if swap backing store is full
#   Decrease Java heap size (-Xmx/-Xms)
#   Decrease number of Java threads
#   Decrease Java thread stack sizes (-Xss)
#   Set larger code cache with -XX:ReservedCodeCacheSize=
#   JVM is running with Unscaled Compressed Oops mode in which the Java heap is
#     placed in the first 4GB address space. The Java Heap base address is the
#     maximum limit for the native heap growth. Please use -XX:HeapBaseMinAddress
#     to set the Java Heap base and to place the Java Heap above 4GB virtual address.
# This output file may be truncated or incomplete.
#
#  Out of Memory Error (./src/hotspot/share/memory/arena.cpp:197), pid=1300, tid=8216
#
# JRE version: OpenJDK Runtime Environment (11.0.12+7) (build 11.0.12+7-b1504.28-7817840)
# Java VM: OpenJDK 64-Bit Server VM (11.0.12+7-b1504.28-7817840, mixed mode, tiered, compressed oops, g1 gc, windows-amd64)
# No core dump will be written. Minidumps are not enabled by default on client versions of Windows
#

---------------  S U M M A R Y ------------

Command Line: --add-opens=java.base/java.util=ALL-UNNAMED --add-opens=java.base/java.lang=ALL-UNNAMED --add-opens=java.base/java.lang.invoke=ALL-UNNAMED --add-opens=java.base/java.util=ALL-UNNAMED --add-opens=java.prefs/java.util.prefs=ALL-UNNAMED --add-opens=java.prefs/java.util.prefs=ALL-UNNAMED --add-opens=java.base/java.nio.charset=ALL-UNNAMED --add-opens=java.base/java.net=ALL-UNNAMED --add-opens=java.base/java.util.concurrent.atomic=ALL-UNNAMED -Xmx2048m -Dfile.encoding=UTF-8 -Duser.country=US -Duser.language=en -Duser.variant org.gradle.launcher.daemon.bootstrap.GradleDaemon 7.3.3

Host: AMD Ryzen 7 5800H with Radeon Graphics         , 16 cores, 7G,  Windows 10 , 64 bit Build 22621 (10.0.22621.963)
Time: Thu Jan  5 14:17:21 2023 SE Asia Standard Time elapsed time: 3.500043 seconds (0d 0h 0m 3s)

---------------  T H R E A D  ---------------

Current thread (0x000001f494c34800):  JavaThread "C2 CompilerThread1" daemon [_thread_in_native, id=8216, stack(0x0000004e67600000,0x0000004e67700000)]


Current CompileTask:
C2:   3500 5209       4       java.lang.invoke.MethodType::makeImpl (108 bytes)

Stack: [0x0000004e67600000,0x0000004e67700000]
Native frames: (J=compiled Java code, j=interpreted, Vv=VM code, C=native code)
V  [jvm.dll+0x5fbcea]
V  [jvm.dll+0x731905]
V  [jvm.dll+0x732f1d]
V  [jvm.dll+0x7335d3]
V  [jvm.dll+0x247bf8]
V  [jvm.dll+0xc018c]
V  [jvm.dll+0xc06cc]
V  [jvm.dll+0x35b2db]
V  [jvm.dll+0x328803]
V  [jvm.dll+0x327cfa]
V  [jvm.dll+0x200602]
V  [jvm.dll+0x1ff794]
V  [jvm.dll+0x18868c]
V  [jvm.dll+0x20e0d7]
V  [jvm.dll+0x20c901]
V  [jvm.dll+0x6f9b7f]
V  [jvm.dll+0x6f26a5]
V  [jvm.dll+0x5fabf6]
C  [ucrtbase.dll+0x29363]
C  [KERNEL32.DLL+0x126bd]
C  [ntdll.dll+0x5dfb8]


---------------  P R O C E S S  ---------------

Threads class SMR info:
_java_thread_list=0x000001f49a2b0b90, length=188, elements={
0x000001f4f8e4a000, 0x000001f4946c1800, 0x000001f4946cb000, 0x000001f494712800,
0x000001f494715000, 0x000001f494718000, 0x000001f49471b000, 0x000001f49471c000,
0x000001f49471f800, 0x000001f493e35800, 0x000001f494881800, 0x000001f49574e000,
0x000001f49574d000, 0x000001f49694d800, 0x000001f494c34800, 0x000001f49694a800,
0x000001f49694c000, 0x000001f49694d000, 0x000001f49694e800, 0x000001f496950000,
0x000001f49694f800, 0x000001f49694b000, 0x000001f496951000, 0x000001f496b4c000,
0x000001f496b47800, 0x000001f496b48000, 0x000001f496b4d000, 0x000001f496b49000,
0x000001f496b4e000, 0x000001f496b4e800, 0x000001f496b4f800, 0x000001f496b49800,
0x000001f496b50800, 0x000001f496b4a800, 0x000001f496b4b800, 0x000001f496b52000,
0x000001f496b56000, 0x000001f496b54800, 0x000001f496b55000, 0x000001f499d55000,
0x000001f499d54800, 0x000001f499d56000, 0x000001f499d52800, 0x000001f499d52000,
0x000001f499d56800, 0x000001f499d51000, 0x000001f499d58800, 0x000001f499d57800,
0x000001f499d59000, 0x000001f499d53800, 0x000001f499d5b000, 0x000001f499d5b800,
0x000001f499d5c800, 0x000001f499d5e000, 0x000001f499d5d000, 0x000001f499d5f000,
0x000001f499d5f800, 0x000001f499d5a000, 0x000001f498442800, 0x000001f498443000,
0x000001f498444000, 0x000001f498445000, 0x000001f498445800, 0x000001f498446800,
0x000001f498440800, 0x000001f498447000, 0x000001f498441800, 0x000001f49844d800,
0x000001f498448000, 0x000001f49844a800, 0x000001f49844d000, 0x000001f49844b800,
0x000001f49844e800, 0x000001f498449800, 0x000001f498449000, 0x000001f49844f800,
0x000001f49844c000, 0x000001f4984ec800, 0x000001f4984ed000, 0x000001f4984ee000,
0x000001f4984e8000, 0x000001f4984e9000, 0x000001f4984eb800, 0x000001f4984ee800,
0x000001f4984ef800, 0x000001f4984ea000, 0x000001f4984f0800, 0x000001f4984ea800,
0x000001f4984f2000, 0x000001f4984f3000, 0x000001f4984f6000, 0x000001f4984f4800,
0x000001f4984f3800, 0x000001f4984f5800, 0x000001f4984f7000, 0x000001f4984f1000,
0x000001f49803d000, 0x000001f49803e000, 0x000001f49803e800, 0x000001f498041000,
0x000001f49803f800, 0x000001f498040000, 0x000001f49803b800, 0x000001f49803c000,
0x000001f498046800, 0x000001f498046000, 0x000001f498047800, 0x000001f498042000,
0x000001f498044800, 0x000001f498042800, 0x000001f498045000, 0x000001f498049000,
0x000001f498048800, 0x000001f498043800, 0x000001f49804a000, 0x000001f49a0b9800,
0x000001f49a0bc800, 0x000001f49a0bb000, 0x000001f49a0bd800, 0x000001f49a0bf000,
0x000001f49a0c0000, 0x000001f49a0be000, 0x000001f49a0ba000, 0x000001f49a0c0800,
0x000001f49a0c1800, 0x000001f49a0bc000, 0x000001f49a0c5800, 0x000001f49a0c2800,
0x000001f49a0c8000, 0x000001f49a0c3000, 0x000001f49a0c4000, 0x000001f49a0c4800,
0x000001f49a0c6800, 0x000001f49a0c7000, 0x000001f49a045800, 0x000001f49a043000,
0x000001f49a040800, 0x000001f49a047000, 0x000001f49a041800, 0x000001f49a046800,
0x000001f49a042000, 0x000001f49a044800, 0x000001f49a044000, 0x000001f49a294800,
0x000001f49a297000, 0x000001f49a295000, 0x000001f49a296000, 0x000001f49a293000,
0x000001f49a291000, 0x000001f49a292000, 0x000001f49a293800, 0x000001f49a29c800,
0x000001f49a29c000, 0x000001f49a29d800, 0x000001f49a29a000, 0x000001f49a297800,
0x000001f49a29e000, 0x000001f49a298800, 0x000001f49a29f000, 0x000001f49a299800,
0x000001f49a29b000, 0x000001f49a2a0000, 0x000001f499c6a000, 0x000001f499c69000,
0x000001f499c66000, 0x000001f499c67000, 0x000001f499c6b000, 0x000001f499c68800,
0x000001f499c67800, 0x000001f499c65000, 0x000001f499c71800, 0x000001f499c6e000,
0x000001f499c70000, 0x000001f499c6d800, 0x000001f499c6f000, 0x000001f499c6b800,
0x000001f499c70800, 0x000001f499c72000, 0x000001f499c6c800, 0x000001f499c73000,
0x000001f499c74000, 0x000001f49babd000, 0x000001f49bab9000, 0x000001f49babc800,
0x000001f49babe000, 0x000001f49baba800, 0x000001f49bab8800, 0x000001f49babf800
}

Java Threads: ( => current thread )
  0x000001f4f8e4a000 JavaThread "main" [_thread_blocked, id=6160, stack(0x0000004e66400000,0x0000004e66500000)]
  0x000001f4946c1800 JavaThread "Reference Handler" daemon [_thread_blocked, id=16636, stack(0x0000004e66b00000,0x0000004e66c00000)]
  0x000001f4946cb000 JavaThread "Finalizer" daemon [_thread_blocked, id=9592, stack(0x0000004e66c00000,0x0000004e66d00000)]
  0x000001f494712800 JavaThread "Signal Dispatcher" daemon [_thread_blocked, id=5948, stack(0x0000004e66d00000,0x0000004e66e00000)]
  0x000001f494715000 JavaThread "Attach Listener" daemon [_thread_blocked, id=9692, stack(0x0000004e66e00000,0x0000004e66f00000)]
  0x000001f494718000 JavaThread "Service Thread" daemon [_thread_blocked, id=3356, stack(0x0000004e66f00000,0x0000004e67000000)]
  0x000001f49471b000 JavaThread "C2 CompilerThread0" daemon [_thread_in_native, id=15460, stack(0x0000004e67000000,0x0000004e67100000)]
  0x000001f49471c000 JavaThread "C1 CompilerThread0" daemon [_thread_in_native, id=2264, stack(0x0000004e67100000,0x0000004e67200000)]
  0x000001f49471f800 JavaThread "Sweeper thread" daemon [_thread_blocked, id=13900, stack(0x0000004e67200000,0x0000004e67300000)]
  0x000001f493e35800 JavaThread "C1 CompilerThread1" daemon [_thread_in_native, id=8124, stack(0x0000004e67300000,0x0000004e67400000)]
  0x000001f494881800 JavaThread "Common-Cleaner" daemon [_thread_blocked, id=10048, stack(0x0000004e67400000,0x0000004e67500000)]
  0x000001f49574e000 JavaThread "C1 CompilerThread2" daemon [_thread_blocked, id=16856, stack(0x0000004e67800000,0x0000004e67900000)]
  0x000001f49574d000 JavaThread "C1 CompilerThread3" daemon [_thread_blocked, id=12484, stack(0x0000004e67900000,0x0000004e67a00000)]
  0x000001f49694d800 JavaThread "Daemon health stats" [_thread_blocked, id=11536, stack(0x0000004e67b00000,0x0000004e67c00000)]
=>0x000001f494c34800 JavaThread "C2 CompilerThread1" daemon [_thread_in_native, id=8216, stack(0x0000004e67600000,0x0000004e67700000)]
  0x000001f49694a800 JavaThread "Incoming local TCP Connector on port 54348" [_thread_in_native, id=12436, stack(0x0000004e67700000,0x0000004e67800000)]
  0x000001f49694c000 JavaThread "Daemon periodic checks" [_thread_blocked, id=10032, stack(0x0000004e67c00000,0x0000004e67d00000)]
  0x000001f49694d000 JavaThread "Daemon" [_thread_blocked, id=1436, stack(0x0000004e68300000,0x0000004e68400000)]
  0x000001f49694e800 JavaThread "Handler for socket connection from /127.0.0.1:54348 to /127.0.0.1:54349" [_thread_in_native, id=12224, stack(0x0000004e68400000,0x0000004e68500000)]
  0x000001f496950000 JavaThread "Cancel handler" [_thread_blocked, id=8240, stack(0x0000004e68500000,0x0000004e68600000)]
  0x000001f49694f800 JavaThread "Daemon worker" [_thread_in_vm, id=11428, stack(0x0000004e68600000,0x0000004e68700000)]
  0x000001f49694b000 JavaThread "Asynchronous log dispatcher for DefaultDaemonConnection: socket connection from /127.0.0.1:54348 to /127.0.0.1:54349" [_thread_blocked, id=14872, stack(0x0000004e68700000,0x0000004e68800000)]
  0x000001f496951000 JavaThread "Stdin handler" [_thread_blocked, id=15096, stack(0x0000004e68800000,0x0000004e68900000)]
  0x000001f496b4c000 JavaThread "Daemon client event forwarder" [_thread_blocked, id=11340, stack(0x0000004e68900000,0x0000004e68a00000)]
  0x000001f496b47800 JavaThread "Cache worker for journal cache (C:\Users\Le Thanh Hang\.gradle\caches\journal-1)" [_thread_in_Java, id=10852, stack(0x0000004e68a00000,0x0000004e68b00000)]
  0x000001f496b48000 JavaThread "File lock request listener" [_thread_in_native, id=14060, stack(0x0000004e68b00000,0x0000004e68c00000)]
  0x000001f496b4d000 JavaThread "Cache worker for file hash cache (C:\Users\Le Thanh Hang\.gradle\caches\7.3.3\fileHashes)" [_thread_blocked, id=14300, stack(0x0000004e68c00000,0x0000004e68d00000)]
  0x000001f496b49000 JavaThread "Cache worker for file hash cache (D:\NT118_PTUDDD\NT118_Nhom2_TripS\.gradle\7.3.3\fileHashes)" [_thread_blocked, id=1124, stack(0x0000004e69400000,0x0000004e69500000)]
  0x000001f496b4e000 JavaThread "File watcher server" daemon [_thread_in_native, id=15336, stack(0x0000004e69500000,0x0000004e69600000)]
  0x000001f496b4e800 JavaThread "File watcher consumer" daemon [_thread_blocked, id=9452, stack(0x0000004e69600000,0x0000004e69700000)]
  0x000001f496b4f800 JavaThread "Cache worker for checksums cache (D:\NT118_PTUDDD\NT118_Nhom2_TripS\.gradle\7.3.3\checksums)" [_thread_blocked, id=15504, stack(0x0000004e69700000,0x0000004e69800000)]
  0x000001f496b49800 JavaThread "Cache worker for cache directory md-supplier (C:\Users\Le Thanh Hang\.gradle\caches\7.3.3\md-supplier)" [_thread_blocked, id=10740, stack(0x0000004e69800000,0x0000004e69900000)]
  0x000001f496b50800 JavaThread "Cache worker for cache directory md-rule (C:\Users\Le Thanh Hang\.gradle\caches\7.3.3\md-rule)" [_thread_blocked, id=14000, stack(0x0000004e69900000,0x0000004e69a00000)]
  0x000001f496b4a800 JavaThread "Cache worker for execution history cache (C:\Users\Le Thanh Hang\.gradle\caches\7.3.3\executionHistory)" [_thread_blocked, id=7228, stack(0x0000004e69a00000,0x0000004e69b00000)]
  0x000001f496b4b800 JavaThread "jar transforms" [_thread_blocked, id=5680, stack(0x0000004e69b00000,0x0000004e69c00000)]
  0x000001f496b52000 JavaThread "Cache worker for file content cache (C:\Users\Le Thanh Hang\.gradle\caches\7.3.3\fileContent)" [_thread_blocked, id=304, stack(0x0000004e69c00000,0x0000004e69d00000)]
  0x000001f496b56000 JavaThread "jar transforms Thread 2" [_thread_blocked, id=348, stack(0x0000004e69d00000,0x0000004e69e00000)]
  0x000001f496b54800 JavaThread "Cache worker for dependencies-accessors (D:\NT118_PTUDDD\NT118_Nhom2_TripS\.gradle\7.3.3\dependencies-accessors)" [_thread_blocked, id=15160, stack(0x0000004e69e00000,0x0000004e69f00000)]
  0x000001f496b55000 JavaThread "jar transforms Thread 3" [_thread_blocked, id=12248, stack(0x0000004e69f00000,0x0000004e6a000000)]
  0x000001f499d55000 JavaThread "Cache worker for Build Output Cleanup Cache (D:\NT118_PTUDDD\NT118_Nhom2_TripS\.gradle\buildOutputCleanup)" [_thread_blocked, id=14564, stack(0x0000004e6a000000,0x0000004e6a100000)]
  0x000001f499d54800 JavaThread "Unconstrained build operations" [_thread_blocked, id=13868, stack(0x0000004e6a100000,0x0000004e6a200000)]
  0x000001f499d56000 JavaThread "Unconstrained build operations Thread 2" [_thread_blocked, id=10020, stack(0x0000004e6a200000,0x0000004e6a300000)]
  0x000001f499d52800 JavaThread "Unconstrained build operations Thread 3" [_thread_blocked, id=10916, stack(0x0000004e6a300000,0x0000004e6a400000)]
  0x000001f499d52000 JavaThread "Unconstrained build operations Thread 4" [_thread_blocked, id=15184, stack(0x0000004e6a400000,0x0000004e6a500000)]
  0x000001f499d56800 JavaThread "Unconstrained build operations Thread 5" [_thread_blocked, id=6528, stack(0x0000004e6a500000,0x0000004e6a600000)]
  0x000001f499d51000 JavaThread "Unconstrained build operations Thread 6" [_thread_blocked, id=6208, stack(0x0000004e6a600000,0x0000004e6a700000)]
  0x000001f499d58800 JavaThread "Unconstrained build operations Thread 7" [_thread_blocked, id=16308, stack(0x0000004e6a700000,0x0000004e6a800000)]
  0x000001f499d57800 JavaThread "Unconstrained build operations Thread 8" [_thread_blocked, id=4132, stack(0x0000004e6a800000,0x0000004e6a900000)]
  0x000001f499d59000 JavaThread "Unconstrained build operations Thread 9" [_thread_blocked, id=10196, stack(0x0000004e6a900000,0x0000004e6aa00000)]
  0x000001f499d53800 JavaThread "Unconstrained build operations Thread 10" [_thread_blocked, id=1128, stack(0x0000004e6aa00000,0x0000004e6ab00000)]
  0x000001f499d5b000 JavaThread "Unconstrained build operations Thread 11" [_thread_blocked, id=14368, stack(0x0000004e6ab00000,0x0000004e6ac00000)]
  0x000001f499d5b800 JavaThread "Unconstrained build operations Thread 12" [_thread_blocked, id=14344, stack(0x0000004e6ac00000,0x0000004e6ad00000)]
  0x000001f499d5c800 JavaThread "Unconstrained build operations Thread 13" [_thread_blocked, id=14172, stack(0x0000004e6ad00000,0x0000004e6ae00000)]
  0x000001f499d5e000 JavaThread "Unconstrained build operations Thread 14" [_thread_blocked, id=5220, stack(0x0000004e6ae00000,0x0000004e6af00000)]
  0x000001f499d5d000 JavaThread "Unconstrained build operations Thread 15" [_thread_blocked, id=15012, stack(0x0000004e6af00000,0x0000004e6b000000)]
  0x000001f499d5f000 JavaThread "Unconstrained build operations Thread 16" [_thread_blocked, id=2692, stack(0x0000004e6b000000,0x0000004e6b100000)]
  0x000001f499d5f800 JavaThread "Unconstrained build operations Thread 17" [_thread_blocked, id=9488, stack(0x0000004e6b100000,0x0000004e6b200000)]
  0x000001f499d5a000 JavaThread "Unconstrained build operations Thread 18" [_thread_blocked, id=13876, stack(0x0000004e6b200000,0x0000004e6b300000)]
  0x000001f498442800 JavaThread "Unconstrained build operations Thread 19" [_thread_blocked, id=8624, stack(0x0000004e6b300000,0x0000004e6b400000)]
  0x000001f498443000 JavaThread "Unconstrained build operations Thread 20" [_thread_blocked, id=2564, stack(0x0000004e6b400000,0x0000004e6b500000)]
  0x000001f498444000 JavaThread "Unconstrained build operations Thread 21" [_thread_blocked, id=5388, stack(0x0000004e6b500000,0x0000004e6b600000)]
  0x000001f498445000 JavaThread "Unconstrained build operations Thread 22" [_thread_blocked, id=1608, stack(0x0000004e6b600000,0x0000004e6b700000)]
  0x000001f498445800 JavaThread "Unconstrained build operations Thread 23" [_thread_blocked, id=3536, stack(0x0000004e6b700000,0x0000004e6b800000)]
  0x000001f498446800 JavaThread "Unconstrained build operations Thread 24" [_thread_blocked, id=16284, stack(0x0000004e6b800000,0x0000004e6b900000)]
  0x000001f498440800 JavaThread "Unconstrained build operations Thread 25" [_thread_blocked, id=336, stack(0x0000004e6b900000,0x0000004e6ba00000)]
  0x000001f498447000 JavaThread "Unconstrained build operations Thread 26" [_thread_blocked, id=17316, stack(0x0000004e6ba00000,0x0000004e6bb00000)]
  0x000001f498441800 JavaThread "Unconstrained build operations Thread 27" [_thread_blocked, id=9812, stack(0x0000004e6bb00000,0x0000004e6bc00000)]
  0x000001f49844d800 JavaThread "Unconstrained build operations Thread 28" [_thread_blocked, id=14144, stack(0x0000004e6bc00000,0x0000004e6bd00000)]
  0x000001f498448000 JavaThread "Unconstrained build operations Thread 29" [_thread_blocked, id=14604, stack(0x0000004e6bd00000,0x0000004e6be00000)]
  0x000001f49844a800 JavaThread "Unconstrained build operations Thread 30" [_thread_blocked, id=7724, stack(0x0000004e6be00000,0x0000004e6bf00000)]
  0x000001f49844d000 JavaThread "Unconstrained build operations Thread 31" [_thread_blocked, id=11324, stack(0x0000004e6bf00000,0x0000004e6c000000)]
  0x000001f49844b800 JavaThread "Unconstrained build operations Thread 32" [_thread_blocked, id=15984, stack(0x0000004e6c000000,0x0000004e6c100000)]
  0x000001f49844e800 JavaThread "Unconstrained build operations Thread 33" [_thread_blocked, id=11420, stack(0x0000004e6c100000,0x0000004e6c200000)]
  0x000001f498449800 JavaThread "Unconstrained build operations Thread 34" [_thread_blocked, id=4060, stack(0x0000004e6c200000,0x0000004e6c300000)]
  0x000001f498449000 JavaThread "Unconstrained build operations Thread 35" [_thread_blocked, id=15260, stack(0x0000004e6c300000,0x0000004e6c400000)]
  0x000001f49844f800 JavaThread "Unconstrained build operations Thread 36" [_thread_blocked, id=3144, stack(0x0000004e6c400000,0x0000004e6c500000)]
  0x000001f49844c000 JavaThread "Unconstrained build operations Thread 37" [_thread_blocked, id=5296, stack(0x0000004e6c500000,0x0000004e6c600000)]
  0x000001f4984ec800 JavaThread "Unconstrained build operations Thread 38" [_thread_blocked, id=15476, stack(0x0000004e6c600000,0x0000004e6c700000)]
  0x000001f4984ed000 JavaThread "Unconstrained build operations Thread 39" [_thread_blocked, id=3800, stack(0x0000004e6c700000,0x0000004e6c800000)]
  0x000001f4984ee000 JavaThread "Unconstrained build operations Thread 40" [_thread_blocked, id=6364, stack(0x0000004e6c800000,0x0000004e6c900000)]
  0x000001f4984e8000 JavaThread "Unconstrained build operations Thread 41" [_thread_blocked, id=4988, stack(0x0000004e6c900000,0x0000004e6ca00000)]
  0x000001f4984e9000 JavaThread "Unconstrained build operations Thread 42" [_thread_blocked, id=15732, stack(0x0000004e6ca00000,0x0000004e6cb00000)]
  0x000001f4984eb800 JavaThread "Unconstrained build operations Thread 43" [_thread_blocked, id=17348, stack(0x0000004e6cb00000,0x0000004e6cc00000)]
  0x000001f4984ee800 JavaThread "Unconstrained build operations Thread 44" [_thread_blocked, id=15528, stack(0x0000004e6cc00000,0x0000004e6cd00000)]
  0x000001f4984ef800 JavaThread "Unconstrained build operations Thread 45" [_thread_blocked, id=17396, stack(0x0000004e6cd00000,0x0000004e6ce00000)]
  0x000001f4984ea000 JavaThread "Unconstrained build operations Thread 46" [_thread_blocked, id=12548, stack(0x0000004e6ce00000,0x0000004e6cf00000)]
  0x000001f4984f0800 JavaThread "Unconstrained build operations Thread 47" [_thread_blocked, id=15224, stack(0x0000004e6cf00000,0x0000004e6d000000)]
  0x000001f4984ea800 JavaThread "Unconstrained build operations Thread 48" [_thread_blocked, id=2276, stack(0x0000004e6d000000,0x0000004e6d100000)]
  0x000001f4984f2000 JavaThread "Unconstrained build operations Thread 49" [_thread_blocked, id=15752, stack(0x0000004e6d100000,0x0000004e6d200000)]
  0x000001f4984f3000 JavaThread "Unconstrained build operations Thread 50" [_thread_blocked, id=4124, stack(0x0000004e6d200000,0x0000004e6d300000)]
  0x000001f4984f6000 JavaThread "Unconstrained build operations Thread 51" [_thread_blocked, id=2476, stack(0x0000004e6d300000,0x0000004e6d400000)]
  0x000001f4984f4800 JavaThread "Unconstrained build operations Thread 52" [_thread_blocked, id=12180, stack(0x0000004e6d400000,0x0000004e6d500000)]
  0x000001f4984f3800 JavaThread "Unconstrained build operations Thread 53" [_thread_blocked, id=15116, stack(0x0000004e6d500000,0x0000004e6d600000)]
  0x000001f4984f5800 JavaThread "Unconstrained build operations Thread 54" [_thread_blocked, id=1936, stack(0x0000004e6d600000,0x0000004e6d700000)]
  0x000001f4984f7000 JavaThread "Unconstrained build operations Thread 55" [_thread_blocked, id=8288, stack(0x0000004e6d700000,0x0000004e6d800000)]
  0x000001f4984f1000 JavaThread "Unconstrained build operations Thread 56" [_thread_blocked, id=7960, stack(0x0000004e6d800000,0x0000004e6d900000)]
  0x000001f49803d000 JavaThread "Unconstrained build operations Thread 57" [_thread_blocked, id=8620, stack(0x0000004e6d900000,0x0000004e6da00000)]
  0x000001f49803e000 JavaThread "Unconstrained build operations Thread 58" [_thread_blocked, id=17020, stack(0x0000004e6da00000,0x0000004e6db00000)]
  0x000001f49803e800 JavaThread "Unconstrained build operations Thread 59" [_thread_blocked, id=2924, stack(0x0000004e6db00000,0x0000004e6dc00000)]
  0x000001f498041000 JavaThread "Unconstrained build operations Thread 60" [_thread_blocked, id=14040, stack(0x0000004e6dc00000,0x0000004e6dd00000)]
  0x000001f49803f800 JavaThread "Unconstrained build operations Thread 61" [_thread_blocked, id=16876, stack(0x0000004e6dd00000,0x0000004e6de00000)]
  0x000001f498040000 JavaThread "Unconstrained build operations Thread 62" [_thread_blocked, id=12600, stack(0x0000004e6de00000,0x0000004e6df00000)]
  0x000001f49803b800 JavaThread "Unconstrained build operations Thread 63" [_thread_blocked, id=15520, stack(0x0000004e6df00000,0x0000004e6e000000)]
  0x000001f49803c000 JavaThread "Unconstrained build operations Thread 64" [_thread_blocked, id=3636, stack(0x0000004e6e000000,0x0000004e6e100000)]
  0x000001f498046800 JavaThread "Unconstrained build operations Thread 65" [_thread_blocked, id=8308, stack(0x0000004e6e100000,0x0000004e6e200000)]
  0x000001f498046000 JavaThread "Unconstrained build operations Thread 66" [_thread_blocked, id=16448, stack(0x0000004e6e200000,0x0000004e6e300000)]
  0x000001f498047800 JavaThread "Unconstrained build operations Thread 67" [_thread_blocked, id=4004, stack(0x0000004e6e300000,0x0000004e6e400000)]
  0x000001f498042000 JavaThread "Unconstrained build operations Thread 68" [_thread_blocked, id=15484, stack(0x0000004e6e400000,0x0000004e6e500000)]
  0x000001f498044800 JavaThread "Unconstrained build operations Thread 69" [_thread_blocked, id=14612, stack(0x0000004e6e500000,0x0000004e6e600000)]
  0x000001f498042800 JavaThread "Unconstrained build operations Thread 70" [_thread_blocked, id=9756, stack(0x0000004e6e600000,0x0000004e6e700000)]
  0x000001f498045000 JavaThread "Unconstrained build operations Thread 71" [_thread_blocked, id=6236, stack(0x0000004e6e700000,0x0000004e6e800000)]
  0x000001f498049000 JavaThread "Unconstrained build operations Thread 72" [_thread_blocked, id=2080, stack(0x0000004e6e800000,0x0000004e6e900000)]
  0x000001f498048800 JavaThread "Unconstrained build operations Thread 73" [_thread_blocked, id=14644, stack(0x0000004e6e900000,0x0000004e6ea00000)]
  0x000001f498043800 JavaThread "Unconstrained build operations Thread 74" [_thread_blocked, id=1304, stack(0x0000004e6ea00000,0x0000004e6eb00000)]
  0x000001f49804a000 JavaThread "Unconstrained build operations Thread 75" [_thread_blocked, id=17380, stack(0x0000004e6eb00000,0x0000004e6ec00000)]
  0x000001f49a0b9800 JavaThread "Unconstrained build operations Thread 76" [_thread_blocked, id=6644, stack(0x0000004e6ec00000,0x0000004e6ed00000)]
  0x000001f49a0bc800 JavaThread "Unconstrained build operations Thread 77" [_thread_blocked, id=8404, stack(0x0000004e6ed00000,0x0000004e6ee00000)]
  0x000001f49a0bb000 JavaThread "Unconstrained build operations Thread 78" [_thread_blocked, id=13752, stack(0x0000004e6ee00000,0x0000004e6ef00000)]
  0x000001f49a0bd800 JavaThread "Unconstrained build operations Thread 79" [_thread_blocked, id=7824, stack(0x0000004e6ef00000,0x0000004e6f000000)]
  0x000001f49a0bf000 JavaThread "Unconstrained build operations Thread 80" [_thread_blocked, id=2792, stack(0x0000004e6f000000,0x0000004e6f100000)]
  0x000001f49a0c0000 JavaThread "Unconstrained build operations Thread 81" [_thread_blocked, id=2784, stack(0x0000004e6f100000,0x0000004e6f200000)]
  0x000001f49a0be000 JavaThread "Unconstrained build operations Thread 82" [_thread_blocked, id=10788, stack(0x0000004e6f200000,0x0000004e6f300000)]
  0x000001f49a0ba000 JavaThread "Unconstrained build operations Thread 83" [_thread_blocked, id=364, stack(0x0000004e6f300000,0x0000004e6f400000)]
  0x000001f49a0c0800 JavaThread "Unconstrained build operations Thread 84" [_thread_blocked, id=12908, stack(0x0000004e6f400000,0x0000004e6f500000)]
  0x000001f49a0c1800 JavaThread "Unconstrained build operations Thread 85" [_thread_blocked, id=14168, stack(0x0000004e6f500000,0x0000004e6f600000)]
  0x000001f49a0bc000 JavaThread "Unconstrained build operations Thread 86" [_thread_blocked, id=6388, stack(0x0000004e6f600000,0x0000004e6f700000)]
  0x000001f49a0c5800 JavaThread "Unconstrained build operations Thread 87" [_thread_blocked, id=13736, stack(0x0000004e6f700000,0x0000004e6f800000)]
  0x000001f49a0c2800 JavaThread "Unconstrained build operations Thread 88" [_thread_blocked, id=17288, stack(0x0000004e6f800000,0x0000004e6f900000)]
  0x000001f49a0c8000 JavaThread "Unconstrained build operations Thread 89" [_thread_blocked, id=15756, stack(0x0000004e6f900000,0x0000004e6fa00000)]
  0x000001f49a0c3000 JavaThread "Unconstrained build operations Thread 90" [_thread_blocked, id=9944, stack(0x0000004e6fa00000,0x0000004e6fb00000)]
  0x000001f49a0c4000 JavaThread "Unconstrained build operations Thread 91" [_thread_blocked, id=14676, stack(0x0000004e6fb00000,0x0000004e6fc00000)]
  0x000001f49a0c4800 JavaThread "Unconstrained build operations Thread 92" [_thread_blocked, id=11224, stack(0x0000004e6fc00000,0x0000004e6fd00000)]
  0x000001f49a0c6800 JavaThread "Unconstrained build operations Thread 93" [_thread_blocked, id=5936, stack(0x0000004e6fd00000,0x0000004e6fe00000)]
  0x000001f49a0c7000 JavaThread "Unconstrained build operations Thread 94" [_thread_blocked, id=2308, stack(0x0000004e6fe00000,0x0000004e6ff00000)]
  0x000001f49a045800 JavaThread "Unconstrained build operations Thread 95" [_thread_blocked, id=8544, stack(0x0000004e6ff00000,0x0000004e70000000)]
  0x000001f49a043000 JavaThread "Unconstrained build operations Thread 96" [_thread_blocked, id=16724, stack(0x0000004e70000000,0x0000004e70100000)]
  0x000001f49a040800 JavaThread "Unconstrained build operations Thread 97" [_thread_blocked, id=3984, stack(0x0000004e70100000,0x0000004e70200000)]
  0x000001f49a047000 JavaThread "Unconstrained build operations Thread 98" [_thread_blocked, id=6552, stack(0x0000004e70200000,0x0000004e70300000)]
  0x000001f49a041800 JavaThread "Unconstrained build operations Thread 99" [_thread_blocked, id=14316, stack(0x0000004e70300000,0x0000004e70400000)]
  0x000001f49a046800 JavaThread "Unconstrained build operations Thread 100" [_thread_blocked, id=14724, stack(0x0000004e70400000,0x0000004e70500000)]
  0x000001f49a042000 JavaThread "Unconstrained build operations Thread 101" [_thread_blocked, id=8076, stack(0x0000004e70500000,0x0000004e70600000)]
  0x000001f49a044800 JavaThread "Unconstrained build operations Thread 102" [_thread_blocked, id=3500, stack(0x0000004e70600000,0x0000004e70700000)]
  0x000001f49a044000 JavaThread "Unconstrained build operations Thread 103" [_thread_blocked, id=17016, stack(0x0000004e70700000,0x0000004e70800000)]
  0x000001f49a294800 JavaThread "Unconstrained build operations Thread 104" [_thread_blocked, id=4384, stack(0x0000004e70800000,0x0000004e70900000)]
  0x000001f49a297000 JavaThread "Unconstrained build operations Thread 105" [_thread_blocked, id=7900, stack(0x0000004e70900000,0x0000004e70a00000)]
  0x000001f49a295000 JavaThread "Unconstrained build operations Thread 106" [_thread_blocked, id=5136, stack(0x0000004e70a00000,0x0000004e70b00000)]
  0x000001f49a296000 JavaThread "Unconstrained build operations Thread 107" [_thread_blocked, id=2440, stack(0x0000004e70b00000,0x0000004e70c00000)]
  0x000001f49a293000 JavaThread "Unconstrained build operations Thread 108" [_thread_blocked, id=14520, stack(0x0000004e70c00000,0x0000004e70d00000)]
  0x000001f49a291000 JavaThread "Unconstrained build operations Thread 109" [_thread_blocked, id=7344, stack(0x0000004e70d00000,0x0000004e70e00000)]
  0x000001f49a292000 JavaThread "Unconstrained build operations Thread 110" [_thread_blocked, id=17280, stack(0x0000004e70e00000,0x0000004e70f00000)]
  0x000001f49a293800 JavaThread "Unconstrained build operations Thread 111" [_thread_blocked, id=11476, stack(0x0000004e70f00000,0x0000004e71000000)]
  0x000001f49a29c800 JavaThread "Unconstrained build operations Thread 112" [_thread_blocked, id=14516, stack(0x0000004e71000000,0x0000004e71100000)]
  0x000001f49a29c000 JavaThread "Unconstrained build operations Thread 113" [_thread_blocked, id=16812, stack(0x0000004e71100000,0x0000004e71200000)]
  0x000001f49a29d800 JavaThread "Unconstrained build operations Thread 114" [_thread_blocked, id=14052, stack(0x0000004e71200000,0x0000004e71300000)]
  0x000001f49a29a000 JavaThread "Unconstrained build operations Thread 115" [_thread_blocked, id=2900, stack(0x0000004e71300000,0x0000004e71400000)]
  0x000001f49a297800 JavaThread "Unconstrained build operations Thread 116" [_thread_blocked, id=872, stack(0x0000004e71400000,0x0000004e71500000)]
  0x000001f49a29e000 JavaThread "Unconstrained build operations Thread 117" [_thread_blocked, id=9576, stack(0x0000004e71500000,0x0000004e71600000)]
  0x000001f49a298800 JavaThread "Unconstrained build operations Thread 118" [_thread_blocked, id=12840, stack(0x0000004e71600000,0x0000004e71700000)]
  0x000001f49a29f000 JavaThread "Unconstrained build operations Thread 119" [_thread_blocked, id=15736, stack(0x0000004e71700000,0x0000004e71800000)]
  0x000001f49a299800 JavaThread "Unconstrained build operations Thread 120" [_thread_blocked, id=11688, stack(0x0000004e71800000,0x0000004e71900000)]
  0x000001f49a29b000 JavaThread "Unconstrained build operations Thread 121" [_thread_blocked, id=12540, stack(0x0000004e71900000,0x0000004e71a00000)]
  0x000001f49a2a0000 JavaThread "Unconstrained build operations Thread 122" [_thread_blocked, id=16336, stack(0x0000004e71a00000,0x0000004e71b00000)]
  0x000001f499c6a000 JavaThread "Unconstrained build operations Thread 123" [_thread_blocked, id=11684, stack(0x0000004e71b00000,0x0000004e71c00000)]
  0x000001f499c69000 JavaThread "Unconstrained build operations Thread 124" [_thread_blocked, id=7748, stack(0x0000004e71c00000,0x0000004e71d00000)]
  0x000001f499c66000 JavaThread "Unconstrained build operations Thread 125" [_thread_blocked, id=5828, stack(0x0000004e71d00000,0x0000004e71e00000)]
  0x000001f499c67000 JavaThread "Unconstrained build operations Thread 126" [_thread_blocked, id=1156, stack(0x0000004e71e00000,0x0000004e71f00000)]
  0x000001f499c6b000 JavaThread "Unconstrained build operations Thread 127" [_thread_blocked, id=16360, stack(0x0000004e71f00000,0x0000004e72000000)]
  0x000001f499c68800 JavaThread "Unconstrained build operations Thread 128" [_thread_blocked, id=3448, stack(0x0000004e72000000,0x0000004e72100000)]
  0x000001f499c67800 JavaThread "Unconstrained build operations Thread 129" [_thread_blocked, id=816, stack(0x0000004e72100000,0x0000004e72200000)]
  0x000001f499c65000 JavaThread "Unconstrained build operations Thread 130" [_thread_blocked, id=3920, stack(0x0000004e72200000,0x0000004e72300000)]
  0x000001f499c71800 JavaThread "Unconstrained build operations Thread 131" [_thread_blocked, id=3732, stack(0x0000004e72300000,0x0000004e72400000)]
  0x000001f499c6e000 JavaThread "Unconstrained build operations Thread 132" [_thread_blocked, id=14204, stack(0x0000004e72400000,0x0000004e72500000)]
  0x000001f499c70000 JavaThread "Unconstrained build operations Thread 133" [_thread_blocked, id=7240, stack(0x0000004e72500000,0x0000004e72600000)]
  0x000001f499c6d800 JavaThread "Unconstrained build operations Thread 134" [_thread_blocked, id=2556, stack(0x0000004e72600000,0x0000004e72700000)]
  0x000001f499c6f000 JavaThread "Unconstrained build operations Thread 135" [_thread_blocked, id=5844, stack(0x0000004e72700000,0x0000004e72800000)]
  0x000001f499c6b800 JavaThread "jar transforms Thread 4" [_thread_blocked, id=820, stack(0x0000004e72800000,0x0000004e72900000)]
  0x000001f499c70800 JavaThread "jar transforms Thread 5" [_thread_blocked, id=1696, stack(0x0000004e72900000,0x0000004e72a00000)]
  0x000001f499c72000 JavaThread "jar transforms Thread 6" [_thread_blocked, id=8668, stack(0x0000004e72a00000,0x0000004e72b00000)]
  0x000001f499c6c800 JavaThread "jar transforms Thread 7" [_thread_blocked, id=4008, stack(0x0000004e72b00000,0x0000004e72c00000)]
  0x000001f499c73000 JavaThread "jar transforms Thread 8" [_thread_blocked, id=13708, stack(0x0000004e72c00000,0x0000004e72d00000)]
  0x000001f499c74000 JavaThread "jar transforms Thread 9" [_thread_blocked, id=14832, stack(0x0000004e72d00000,0x0000004e72e00000)]
  0x000001f49babd000 JavaThread "jar transforms Thread 10" [_thread_blocked, id=17112, stack(0x0000004e72e00000,0x0000004e72f00000)]
  0x000001f49bab9000 JavaThread "jar transforms Thread 11" [_thread_blocked, id=10236, stack(0x0000004e72f00000,0x0000004e73000000)]
  0x000001f49babc800 JavaThread "jar transforms Thread 12" [_thread_blocked, id=17308, stack(0x0000004e73000000,0x0000004e73100000)]
  0x000001f49babe000 JavaThread "jar transforms Thread 13" [_thread_blocked, id=5552, stack(0x0000004e73100000,0x0000004e73200000)]
  0x000001f49baba800 JavaThread "jar transforms Thread 14" [_thread_blocked, id=9548, stack(0x0000004e73200000,0x0000004e73300000)]
  0x000001f49bab8800 JavaThread "jar transforms Thread 15" [_thread_blocked, id=16684, stack(0x0000004e73300000,0x0000004e73400000)]
  0x000001f49babf800 JavaThread "jar transforms Thread 16" [_thread_blocked, id=6652, stack(0x0000004e73400000,0x0000004e73500000)]

Other Threads:
  0x000001f493e96000 VMThread "VM Thread" [stack: 0x0000004e66a00000,0x0000004e66b00000] [id=16908]
  0x000001f4948c2000 WatcherThread [stack: 0x0000004e67500000,0x0000004e67600000] [id=14436]
  0x000001f4f8e62000 GCTaskThread "GC Thread#0" [stack: 0x0000004e66500000,0x0000004e66600000] [id=2208]
  0x000001f49565d800 GCTaskThread "GC Thread#1" [stack: 0x0000004e67a00000,0x0000004e67b00000] [id=14360]
  0x000001f4968d4800 GCTaskThread "GC Thread#2" [stack: 0x0000004e67d00000,0x0000004e67e00000] [id=4488]
  0x000001f495ce3000 GCTaskThread "GC Thread#3" [stack: 0x0000004e67e00000,0x0000004e67f00000] [id=6592]
  0x000001f495ce3800 GCTaskThread "GC Thread#4" [stack: 0x0000004e67f00000,0x0000004e68000000] [id=14124]
  0x000001f495fd1800 GCTaskThread "GC Thread#5" [stack: 0x0000004e68000000,0x0000004e68100000] [id=5568]
  0x000001f495fd2800 GCTaskThread "GC Thread#6" [stack: 0x0000004e68100000,0x0000004e68200000] [id=5168]
  0x000001f495dc0000 GCTaskThread "GC Thread#7" [stack: 0x0000004e68200000,0x0000004e68300000] [id=328]
  0x000001f496d40800 GCTaskThread "GC Thread#8" [stack: 0x0000004e68d00000,0x0000004e68e00000] [id=17096]
  0x000001f497342000 GCTaskThread "GC Thread#9" [stack: 0x0000004e68e00000,0x0000004e68f00000] [id=13704]
  0x000001f495871000 GCTaskThread "GC Thread#10" [stack: 0x0000004e68f00000,0x0000004e69000000] [id=16088]
  0x000001f497c27000 GCTaskThread "GC Thread#11" [stack: 0x0000004e69000000,0x0000004e69100000] [id=16524]
  0x000001f497c27800 GCTaskThread "GC Thread#12" [stack: 0x0000004e69100000,0x0000004e69200000] [id=404]
  0x000001f4f8e9a000 ConcurrentGCThread "G1 Main Marker" [stack: 0x0000004e66600000,0x0000004e66700000] [id=5536]
  0x000001f4f8e9c000 ConcurrentGCThread "G1 Conc#0" [stack: 0x0000004e66700000,0x0000004e66800000] [id=2608]
  0x000001f497356000 ConcurrentGCThread "G1 Conc#1" [stack: 0x0000004e69200000,0x0000004e69300000] [id=9848]
  0x000001f497161000 ConcurrentGCThread "G1 Conc#2" [stack: 0x0000004e69300000,0x0000004e69400000] [id=9852]
  0x000001f4f8f1e800 ConcurrentGCThread "G1 Refine#0" [stack: 0x0000004e66800000,0x0000004e66900000] [id=9380]
  0x000001f493ce3800 ConcurrentGCThread "G1 Young RemSet Sampling" [stack: 0x0000004e66900000,0x0000004e66a00000] [id=12392]

Threads with active compile tasks:
C2 CompilerThread0   3515 5241   !   4       sun.nio.fs.WindowsPath::initOffsets (153 bytes)
C2 CompilerThread1   3515 5209       4       java.lang.invoke.MethodType::makeImpl (108 bytes)

VM state:not at safepoint (normal execution)

VM Mutex/Monitor currently owned by a thread: None

Heap address: 0x0000000080000000, size: 2048 MB, Compressed Oops mode: 32-bit
Narrow klass base: 0x0000000000000000, Narrow klass shift: 3
Compressed class space size: 1073741824 Address: 0x0000000100000000

Heap:
 garbage-first heap   total 145408K, used 97573K [0x0000000080000000, 0x0000000100000000)
  region size 1024K, 72 young (73728K), 4 survivors (4096K)
 Metaspace       used 48621K, capacity 49851K, committed 50172K, reserved 1093632K
  class space    used 6217K, capacity 6694K, committed 6784K, reserved 1048576K
Heap Regions: E=young(eden), S=young(survivor), O=old, HS=humongous(starts), HC=humongous(continues), CS=collection set, F=free, A=archive, TAMS=top-at-mark-start (previous, next)
|   0|0x0000000080000000, 0x0000000080100000, 0x0000000080100000|100%| O|  |TAMS 0x0000000080100000, 0x0000000080000000| Untracked 
|   1|0x0000000080100000, 0x0000000080200000, 0x0000000080200000|100%| O|  |TAMS 0x0000000080200000, 0x0000000080100000| Untracked 
|   2|0x0000000080200000, 0x0000000080300000, 0x0000000080300000|100%| O|  |TAMS 0x0000000080300000, 0x0000000080200000| Untracked 
|   3|0x0000000080300000, 0x0000000080400000, 0x0000000080400000|100%|HS|  |TAMS 0x0000000080400000, 0x0000000080300000| Complete 
|   4|0x0000000080400000, 0x0000000080500000, 0x0000000080500000|100%|HC|  |TAMS 0x0000000080500000, 0x0000000080400000| Complete 
|   5|0x0000000080500000, 0x0000000080600000, 0x0000000080600000|100%|HC|  |TAMS 0x0000000080600000, 0x0000000080500000| Complete 
|   6|0x0000000080600000, 0x0000000080700000, 0x0000000080700000|100%| O|  |TAMS 0x0000000080700000, 0x0000000080600000| Untracked 
|   7|0x0000000080700000, 0x0000000080800000, 0x0000000080800000|100%| O|  |TAMS 0x0000000080800000, 0x0000000080700000| Untracked 
|   8|0x0000000080800000, 0x0000000080900000, 0x0000000080900000|100%| O|  |TAMS 0x0000000080900000, 0x0000000080800000| Untracked 
|   9|0x0000000080900000, 0x0000000080a00000, 0x0000000080a00000|100%| O|  |TAMS 0x0000000080a00000, 0x0000000080900000| Untracked 
|  10|0x0000000080a00000, 0x0000000080b00000, 0x0000000080b00000|100%| O|  |TAMS 0x0000000080b00000, 0x0000000080a00000| Untracked 
|  11|0x0000000080b00000, 0x0000000080c00000, 0x0000000080c00000|100%| O|  |TAMS 0x0000000080c00000, 0x0000000080b00000| Untracked 
|  12|0x0000000080c00000, 0x0000000080d00000, 0x0000000080d00000|100%| O|  |TAMS 0x0000000080d00000, 0x0000000080c00000| Untracked 
|  13|0x0000000080d00000, 0x0000000080e00000, 0x0000000080e00000|100%| O|  |TAMS 0x0000000080e00000, 0x0000000080d00000| Untracked 
|  14|0x0000000080e00000, 0x0000000080f00000, 0x0000000080f00000|100%| O|  |TAMS 0x0000000080f00000, 0x0000000080e00000| Untracked 
|  15|0x0000000080f00000, 0x0000000081000000, 0x0000000081000000|100%| O|  |TAMS 0x0000000081000000, 0x0000000080f00000| Untracked 
|  16|0x0000000081000000, 0x0000000081100000, 0x0000000081100000|100%| O|  |TAMS 0x000000008105d000, 0x0000000081000000| Untracked 
|  17|0x0000000081100000, 0x0000000081100000, 0x0000000081200000|  0%| F|  |TAMS 0x0000000081100000, 0x0000000081100000| Untracked 
|  18|0x0000000081200000, 0x0000000081300000, 0x0000000081300000|100%| O|  |TAMS 0x0000000081200000, 0x0000000081200000| Untracked 
|  19|0x0000000081300000, 0x0000000081400000, 0x0000000081400000|100%| O|  |TAMS 0x0000000081300000, 0x0000000081300000| Untracked 
|  20|0x0000000081400000, 0x0000000081500000, 0x0000000081500000|100%| O|  |TAMS 0x0000000081400000, 0x0000000081400000| Untracked 
|  21|0x0000000081500000, 0x0000000081600000, 0x0000000081600000|100%| O|  |TAMS 0x0000000081500000, 0x0000000081500000| Untracked 
|  22|0x0000000081600000, 0x0000000081700000, 0x0000000081700000|100%| O|  |TAMS 0x0000000081600000, 0x0000000081600000| Untracked 
|  23|0x0000000081700000, 0x0000000081800000, 0x0000000081800000|100%| O|  |TAMS 0x0000000081700000, 0x0000000081700000| Untracked 
|  24|0x0000000081800000, 0x0000000081900000, 0x0000000081900000|100%| O|  |TAMS 0x0000000081800000, 0x0000000081800000| Untracked 
|  25|0x0000000081900000, 0x0000000081a00000, 0x0000000081a00000|100%| O|  |TAMS 0x0000000081900000, 0x0000000081900000| Untracked 
|  26|0x0000000081a00000, 0x0000000081b00000, 0x0000000081b00000|100%| O|  |TAMS 0x0000000081a00000, 0x0000000081a00000| Untracked 
|  27|0x0000000081b00000, 0x0000000081b18000, 0x0000000081c00000|  9%| O|  |TAMS 0x0000000081b00000, 0x0000000081b00000| Untracked 
|  28|0x0000000081c00000, 0x0000000081c00000, 0x0000000081d00000|  0%| F|  |TAMS 0x0000000081c00000, 0x0000000081c00000| Untracked 
|  29|0x0000000081d00000, 0x0000000081d00000, 0x0000000081e00000|  0%| F|  |TAMS 0x0000000081d00000, 0x0000000081d00000| Untracked 
|  30|0x0000000081e00000, 0x0000000081e00000, 0x0000000081f00000|  0%| F|  |TAMS 0x0000000081e00000, 0x0000000081e00000| Untracked 
|  31|0x0000000081f00000, 0x0000000081f00000, 0x0000000082000000|  0%| F|  |TAMS 0x0000000081f00000, 0x0000000081f00000| Untracked 
|  32|0x0000000082000000, 0x0000000082000000, 0x0000000082100000|  0%| F|  |TAMS 0x0000000082000000, 0x0000000082000000| Untracked 
|  33|0x0000000082100000, 0x0000000082100000, 0x0000000082200000|  0%| F|  |TAMS 0x0000000082100000, 0x0000000082100000| Untracked 
|  34|0x0000000082200000, 0x0000000082200000, 0x0000000082300000|  0%| F|  |TAMS 0x0000000082200000, 0x0000000082200000| Untracked 
|  35|0x0000000082300000, 0x0000000082300000, 0x0000000082400000|  0%| F|  |TAMS 0x0000000082300000, 0x0000000082300000| Untracked 
|  36|0x0000000082400000, 0x0000000082400000, 0x0000000082500000|  0%| F|  |TAMS 0x0000000082400000, 0x0000000082400000| Untracked 
|  37|0x0000000082500000, 0x0000000082500000, 0x0000000082600000|  0%| F|  |TAMS 0x0000000082500000, 0x0000000082500000| Untracked 
|  38|0x0000000082600000, 0x0000000082600000, 0x0000000082700000|  0%| F|  |TAMS 0x0000000082600000, 0x0000000082600000| Untracked 
|  39|0x0000000082700000, 0x0000000082700000, 0x0000000082800000|  0%| F|  |TAMS 0x0000000082700000, 0x0000000082700000| Untracked 
|  40|0x0000000082800000, 0x0000000082800000, 0x0000000082900000|  0%| F|  |TAMS 0x0000000082800000, 0x0000000082800000| Untracked 
|  41|0x0000000082900000, 0x0000000082900000, 0x0000000082a00000|  0%| F|  |TAMS 0x0000000082900000, 0x0000000082900000| Untracked 
|  42|0x0000000082a00000, 0x0000000082a00000, 0x0000000082b00000|  0%| F|  |TAMS 0x0000000082a00000, 0x0000000082a00000| Untracked 
|  43|0x0000000082b00000, 0x0000000082b00000, 0x0000000082c00000|  0%| F|  |TAMS 0x0000000082b00000, 0x0000000082b00000| Untracked 
|  44|0x0000000082c00000, 0x0000000082c00000, 0x0000000082d00000|  0%| F|  |TAMS 0x0000000082c00000, 0x0000000082c00000| Untracked 
|  45|0x0000000082d00000, 0x0000000082d00000, 0x0000000082e00000|  0%| F|  |TAMS 0x0000000082d00000, 0x0000000082d00000| Untracked 
|  46|0x0000000082e00000, 0x0000000082e00000, 0x0000000082f00000|  0%| F|  |TAMS 0x0000000082e00000, 0x0000000082e00000| Untracked 
|  47|0x0000000082f00000, 0x0000000082f00000, 0x0000000083000000|  0%| F|  |TAMS 0x0000000082f00000, 0x0000000082f00000| Untracked 
|  48|0x0000000083000000, 0x0000000083000000, 0x0000000083100000|  0%| F|  |TAMS 0x0000000083000000, 0x0000000083000000| Untracked 
|  49|0x0000000083100000, 0x0000000083100000, 0x0000000083200000|  0%| F|  |TAMS 0x0000000083100000, 0x0000000083100000| Untracked 
|  50|0x0000000083200000, 0x0000000083200000, 0x0000000083300000|  0%| F|  |TAMS 0x0000000083200000, 0x0000000083200000| Untracked 
|  51|0x0000000083300000, 0x0000000083300000, 0x0000000083400000|  0%| F|  |TAMS 0x0000000083300000, 0x0000000083300000| Untracked 
|  52|0x0000000083400000, 0x0000000083400000, 0x0000000083500000|  0%| F|  |TAMS 0x0000000083400000, 0x0000000083400000| Untracked 
|  53|0x0000000083500000, 0x0000000083500000, 0x0000000083600000|  0%| F|  |TAMS 0x0000000083500000, 0x0000000083500000| Untracked 
|  54|0x0000000083600000, 0x0000000083600000, 0x0000000083700000|  0%| F|  |TAMS 0x0000000083600000, 0x0000000083600000| Untracked 
|  55|0x0000000083700000, 0x0000000083700000, 0x0000000083800000|  0%| F|  |TAMS 0x0000000083700000, 0x0000000083700000| Untracked 
|  56|0x0000000083800000, 0x0000000083800000, 0x0000000083900000|  0%| F|  |TAMS 0x0000000083800000, 0x0000000083800000| Untracked 
|  57|0x0000000083900000, 0x0000000083900000, 0x0000000083a00000|  0%| F|  |TAMS 0x0000000083900000, 0x0000000083900000| Untracked 
|  58|0x0000000083a00000, 0x0000000083a31510, 0x0000000083b00000| 19%| S|CS|TAMS 0x0000000083a00000, 0x0000000083a00000| Complete 
|  59|0x0000000083b00000, 0x0000000083c00000, 0x0000000083c00000|100%| S|CS|TAMS 0x0000000083b00000, 0x0000000083b00000| Complete 
|  60|0x0000000083c00000, 0x0000000083d00000, 0x0000000083d00000|100%| S|CS|TAMS 0x0000000083c00000, 0x0000000083c00000| Complete 
|  61|0x0000000083d00000, 0x0000000083e00000, 0x0000000083e00000|100%| S|CS|TAMS 0x0000000083d00000, 0x0000000083d00000| Complete 
|  62|0x0000000083e00000, 0x0000000083e00000, 0x0000000083f00000|  0%| F|  |TAMS 0x0000000083e00000, 0x0000000083e00000| Untracked 
|  63|0x0000000083f00000, 0x0000000083f00000, 0x0000000084000000|  0%| F|  |TAMS 0x0000000083f00000, 0x0000000083f00000| Untracked 
|  64|0x0000000084000000, 0x0000000084000000, 0x0000000084100000|  0%| F|  |TAMS 0x0000000084000000, 0x0000000084000000| Untracked 
|  65|0x0000000084100000, 0x0000000084100000, 0x0000000084200000|  0%| F|  |TAMS 0x0000000084100000, 0x0000000084100000| Untracked 
|  66|0x0000000084200000, 0x0000000084200000, 0x0000000084300000|  0%| F|  |TAMS 0x0000000084200000, 0x0000000084200000| Untracked 
|  67|0x0000000084300000, 0x0000000084300000, 0x0000000084400000|  0%| F|  |TAMS 0x0000000084300000, 0x0000000084300000| Untracked 
|  68|0x0000000084400000, 0x0000000084400000, 0x0000000084500000|  0%| F|  |TAMS 0x0000000084400000, 0x0000000084400000| Untracked 
|  69|0x0000000084500000, 0x0000000084500000, 0x0000000084600000|  0%| F|  |TAMS 0x0000000084500000, 0x0000000084500000| Untracked 
|  70|0x0000000084600000, 0x0000000084600000, 0x0000000084700000|  0%| F|  |TAMS 0x0000000084600000, 0x0000000084600000| Untracked 
|  71|0x0000000084700000, 0x0000000084700000, 0x0000000084800000|  0%| F|  |TAMS 0x0000000084700000, 0x0000000084700000| Untracked 
|  72|0x0000000084800000, 0x0000000084800000, 0x0000000084900000|  0%| F|  |TAMS 0x0000000084800000, 0x0000000084800000| Untracked 
|  73|0x0000000084900000, 0x0000000084900000, 0x0000000084a00000|  0%| F|  |TAMS 0x0000000084900000, 0x0000000084900000| Untracked 
|  74|0x0000000084a00000, 0x0000000084ab71f8, 0x0000000084b00000| 71%| E|  |TAMS 0x0000000084a00000, 0x0000000084a00000| Complete 
|  75|0x0000000084b00000, 0x0000000084c00000, 0x0000000084c00000|100%| E|  |TAMS 0x0000000084b00000, 0x0000000084b00000| Complete 
|  76|0x0000000084c00000, 0x0000000084d00000, 0x0000000084d00000|100%| E|CS|TAMS 0x0000000084c00000, 0x0000000084c00000| Complete 
|  77|0x0000000084d00000, 0x0000000084e00000, 0x0000000084e00000|100%| E|CS|TAMS 0x0000000084d00000, 0x0000000084d00000| Complete 
|  78|0x0000000084e00000, 0x0000000084f00000, 0x0000000084f00000|100%| E|CS|TAMS 0x0000000084e00000, 0x0000000084e00000| Complete 
|  79|0x0000000084f00000, 0x0000000085000000, 0x0000000085000000|100%| E|CS|TAMS 0x0000000084f00000, 0x0000000084f00000| Complete 
|  80|0x0000000085000000, 0x0000000085100000, 0x0000000085100000|100%| E|CS|TAMS 0x0000000085000000, 0x0000000085000000| Complete 
|  81|0x0000000085100000, 0x0000000085200000, 0x0000000085200000|100%| E|CS|TAMS 0x0000000085100000, 0x0000000085100000| Complete 
|  82|0x0000000085200000, 0x0000000085300000, 0x0000000085300000|100%| E|CS|TAMS 0x0000000085200000, 0x0000000085200000| Complete 
|  83|0x0000000085300000, 0x0000000085400000, 0x0000000085400000|100%| E|CS|TAMS 0x0000000085300000, 0x0000000085300000| Complete 
|  84|0x0000000085400000, 0x0000000085500000, 0x0000000085500000|100%| E|CS|TAMS 0x0000000085400000, 0x0000000085400000| Complete 
|  85|0x0000000085500000, 0x0000000085600000, 0x0000000085600000|100%| E|CS|TAMS 0x0000000085500000, 0x0000000085500000| Complete 
|  86|0x0000000085600000, 0x0000000085700000, 0x0000000085700000|100%| E|CS|TAMS 0x0000000085600000, 0x0000000085600000| Complete 
|  87|0x0000000085700000, 0x0000000085800000, 0x0000000085800000|100%| E|CS|TAMS 0x0000000085700000, 0x0000000085700000| Complete 
|  88|0x0000000085800000, 0x0000000085900000, 0x0000000085900000|100%| E|CS|TAMS 0x0000000085800000, 0x0000000085800000| Complete 
|  89|0x0000000085900000, 0x0000000085a00000, 0x0000000085a00000|100%| E|CS|TAMS 0x0000000085900000, 0x0000000085900000| Complete 
|  90|0x0000000085a00000, 0x0000000085b00000, 0x0000000085b00000|100%| E|CS|TAMS 0x0000000085a00000, 0x0000000085a00000| Complete 
|  91|0x0000000085b00000, 0x0000000085c00000, 0x0000000085c00000|100%| E|CS|TAMS 0x0000000085b00000, 0x0000000085b00000| Complete 
|  92|0x0000000085c00000, 0x0000000085d00000, 0x0000000085d00000|100%| E|CS|TAMS 0x0000000085c00000, 0x0000000085c00000| Complete 
|  93|0x0000000085d00000, 0x0000000085e00000, 0x0000000085e00000|100%| E|CS|TAMS 0x0000000085d00000, 0x0000000085d00000| Complete 
|  94|0x0000000085e00000, 0x0000000085f00000, 0x0000000085f00000|100%| E|CS|TAMS 0x0000000085e00000, 0x0000000085e00000| Complete 
|  95|0x0000000085f00000, 0x0000000086000000, 0x0000000086000000|100%| E|CS|TAMS 0x0000000085f00000, 0x0000000085f00000| Complete 
|  96|0x0000000086000000, 0x0000000086100000, 0x0000000086100000|100%| E|CS|TAMS 0x0000000086000000, 0x0000000086000000| Complete 
|  97|0x0000000086100000, 0x0000000086200000, 0x0000000086200000|100%| E|CS|TAMS 0x0000000086100000, 0x0000000086100000| Complete 
|  98|0x0000000086200000, 0x0000000086300000, 0x0000000086300000|100%| E|CS|TAMS 0x0000000086200000, 0x0000000086200000| Complete 
|  99|0x0000000086300000, 0x0000000086400000, 0x0000000086400000|100%| E|CS|TAMS 0x0000000086300000, 0x0000000086300000| Complete 
| 100|0x0000000086400000, 0x0000000086500000, 0x0000000086500000|100%| E|CS|TAMS 0x0000000086400000, 0x0000000086400000| Complete 
| 101|0x0000000086500000, 0x0000000086600000, 0x0000000086600000|100%| E|CS|TAMS 0x0000000086500000, 0x0000000086500000| Complete 
| 102|0x0000000086600000, 0x0000000086700000, 0x0000000086700000|100%| E|CS|TAMS 0x0000000086600000, 0x0000000086600000| Complete 
| 103|0x0000000086700000, 0x0000000086800000, 0x0000000086800000|100%| E|CS|TAMS 0x0000000086700000, 0x0000000086700000| Complete 
| 104|0x0000000086800000, 0x0000000086900000, 0x0000000086900000|100%| E|CS|TAMS 0x0000000086800000, 0x0000000086800000| Complete 
| 105|0x0000000086900000, 0x0000000086a00000, 0x0000000086a00000|100%| E|CS|TAMS 0x0000000086900000, 0x0000000086900000| Complete 
| 106|0x0000000086a00000, 0x0000000086b00000, 0x0000000086b00000|100%| E|CS|TAMS 0x0000000086a00000, 0x0000000086a00000| Complete 
| 107|0x0000000086b00000, 0x0000000086c00000, 0x0000000086c00000|100%| E|CS|TAMS 0x0000000086b00000, 0x0000000086b00000| Complete 
| 108|0x0000000086c00000, 0x0000000086d00000, 0x0000000086d00000|100%| E|CS|TAMS 0x0000000086c00000, 0x0000000086c00000| Complete 
| 109|0x0000000086d00000, 0x0000000086e00000, 0x0000000086e00000|100%| E|CS|TAMS 0x0000000086d00000, 0x0000000086d00000| Complete 
| 110|0x0000000086e00000, 0x0000000086f00000, 0x0000000086f00000|100%| E|CS|TAMS 0x0000000086e00000, 0x0000000086e00000| Complete 
| 111|0x0000000086f00000, 0x0000000087000000, 0x0000000087000000|100%| E|CS|TAMS 0x0000000086f00000, 0x0000000086f00000| Complete 
| 112|0x0000000087000000, 0x0000000087100000, 0x0000000087100000|100%| E|CS|TAMS 0x0000000087000000, 0x0000000087000000| Complete 
| 113|0x0000000087100000, 0x0000000087200000, 0x0000000087200000|100%| E|CS|TAMS 0x0000000087100000, 0x0000000087100000| Complete 
| 114|0x0000000087200000, 0x0000000087300000, 0x0000000087300000|100%| E|CS|TAMS 0x0000000087200000, 0x0000000087200000| Complete 
| 115|0x0000000087300000, 0x0000000087400000, 0x0000000087400000|100%| E|CS|TAMS 0x0000000087300000, 0x0000000087300000| Complete 
| 116|0x0000000087400000, 0x0000000087500000, 0x0000000087500000|100%| E|CS|TAMS 0x0000000087400000, 0x0000000087400000| Complete 
| 117|0x0000000087500000, 0x0000000087600000, 0x0000000087600000|100%| E|CS|TAMS 0x0000000087500000, 0x0000000087500000| Complete 
| 118|0x0000000087600000, 0x0000000087700000, 0x0000000087700000|100%| E|CS|TAMS 0x0000000087600000, 0x0000000087600000| Complete 
| 119|0x0000000087700000, 0x0000000087800000, 0x0000000087800000|100%| E|CS|TAMS 0x0000000087700000, 0x0000000087700000| Complete 
| 120|0x0000000087800000, 0x0000000087900000, 0x0000000087900000|100%| E|CS|TAMS 0x0000000087800000, 0x0000000087800000| Complete 
| 121|0x0000000087900000, 0x0000000087a00000, 0x0000000087a00000|100%| E|CS|TAMS 0x0000000087900000, 0x0000000087900000| Complete 
| 122|0x0000000087a00000, 0x0000000087b00000, 0x0000000087b00000|100%| E|CS|TAMS 0x0000000087a00000, 0x0000000087a00000| Complete 
| 123|0x0000000087b00000, 0x0000000087c00000, 0x0000000087c00000|100%| E|CS|TAMS 0x0000000087b00000, 0x0000000087b00000| Complete 
| 124|0x0000000087c00000, 0x0000000087d00000, 0x0000000087d00000|100%| E|CS|TAMS 0x0000000087c00000, 0x0000000087c00000| Complete 
| 125|0x0000000087d00000, 0x0000000087e00000, 0x0000000087e00000|100%| E|CS|TAMS 0x0000000087d00000, 0x0000000087d00000| Complete 
| 126|0x0000000087e00000, 0x0000000087f00000, 0x0000000087f00000|100%| E|CS|TAMS 0x0000000087e00000, 0x0000000087e00000| Complete 
| 127|0x0000000087f00000, 0x0000000088000000, 0x0000000088000000|100%| E|CS|TAMS 0x0000000087f00000, 0x0000000087f00000| Complete 
| 128|0x0000000088000000, 0x0000000088100000, 0x0000000088100000|100%| E|CS|TAMS 0x0000000088000000, 0x0000000088000000| Complete 
| 129|0x0000000088100000, 0x0000000088200000, 0x0000000088200000|100%| E|CS|TAMS 0x0000000088100000, 0x0000000088100000| Complete 
| 130|0x0000000088200000, 0x0000000088300000, 0x0000000088300000|100%| E|CS|TAMS 0x0000000088200000, 0x0000000088200000| Complete 
| 131|0x0000000088300000, 0x0000000088400000, 0x0000000088400000|100%| E|CS|TAMS 0x0000000088300000, 0x0000000088300000| Complete 
| 132|0x0000000088400000, 0x0000000088500000, 0x0000000088500000|100%| E|CS|TAMS 0x0000000088400000, 0x0000000088400000| Complete 
| 133|0x0000000088500000, 0x0000000088600000, 0x0000000088600000|100%| E|CS|TAMS 0x0000000088500000, 0x0000000088500000| Complete 
| 134|0x0000000088600000, 0x0000000088700000, 0x0000000088700000|100%| E|CS|TAMS 0x0000000088600000, 0x0000000088600000| Complete 
| 135|0x0000000088700000, 0x0000000088800000, 0x0000000088800000|100%| E|CS|TAMS 0x0000000088700000, 0x0000000088700000| Complete 
| 136|0x0000000088800000, 0x0000000088900000, 0x0000000088900000|100%| E|CS|TAMS 0x0000000088800000, 0x0000000088800000| Complete 
| 137|0x0000000088900000, 0x0000000088a00000, 0x0000000088a00000|100%| E|CS|TAMS 0x0000000088900000, 0x0000000088900000| Complete 
| 138|0x0000000088a00000, 0x0000000088b00000, 0x0000000088b00000|100%| E|CS|TAMS 0x0000000088a00000, 0x0000000088a00000| Complete 
| 139|0x0000000088b00000, 0x0000000088c00000, 0x0000000088c00000|100%| E|CS|TAMS 0x0000000088b00000, 0x0000000088b00000| Complete 
| 140|0x0000000088c00000, 0x0000000088d00000, 0x0000000088d00000|100%| E|CS|TAMS 0x0000000088c00000, 0x0000000088c00000| Complete 
| 141|0x0000000088d00000, 0x0000000088e00000, 0x0000000088e00000|100%| E|CS|TAMS 0x0000000088d00000, 0x0000000088d00000| Complete 

Card table byte_map: [0x000001f4fd5d0000,0x000001f4fd9d0000] _byte_map_base: 0x000001f4fd1d0000

Marking Bits (Prev, Next): (CMBitMap*) 0x000001f4f8e91238, (CMBitMap*) 0x000001f4f8e91270
 Prev Bits: [0x000001f4fddd0000, 0x000001f4ffdd0000)
 Next Bits: [0x000001f48f000000, 0x000001f491000000)

Polling page: 0x000001f4f8620000

Metaspace:

Usage:
  Non-class:     42.15 MB capacity,    41.41 MB ( 98%) used,   614.67 KB (  1%) free+waste,   136.06 KB ( <1%) overhead. 
      Class:      6.54 MB capacity,     6.07 MB ( 93%) used,   411.88 KB (  6%) free+waste,    64.75 KB ( <1%) overhead. 
       Both:     48.68 MB capacity,    47.48 MB ( 98%) used,     1.00 MB (  2%) free+waste,   200.81 KB ( <1%) overhead. 

Virtual space:
  Non-class space:       44.00 MB reserved,      42.37 MB ( 96%) committed 
      Class space:        1.00 GB reserved,       6.63 MB ( <1%) committed 
             Both:        1.04 GB reserved,      49.00 MB (  5%) committed 

Chunk freelists:
   Non-Class:  39.00 KB
       Class:  0 bytes
        Both:  39.00 KB

MaxMetaspaceSize: 17179869184.00 GB
CompressedClassSpaceSize: 1.00 GB
Initial GC threshold: 20.80 MB
Current GC threshold: 58.54 MB
CDS: off

CodeHeap 'non-profiled nmethods': size=119168Kb used=2638Kb max_used=2638Kb free=116529Kb
 bounds [0x000001f487ba0000, 0x000001f487e40000, 0x000001f48f000000]
CodeHeap 'profiled nmethods': size=119168Kb used=11687Kb max_used=11687Kb free=107480Kb
 bounds [0x000001f480740000, 0x000001f4812b0000, 0x000001f487ba0000]
CodeHeap 'non-nmethods': size=7424Kb used=3984Kb max_used=4011Kb free=3440Kb
 bounds [0x000001f480000000, 0x000001f4803f0000, 0x000001f480740000]
 total_blobs=6449 nmethods=5658 adapters=700
 compilation: enabled
              stopped_count=0, restarted_count=0
 full_count=0

Compilation events (20 events):
Event: 3.498 Thread 0x000001f493e35800 5585       3       com.google.common.util.concurrent.SettableFuture::create (8 bytes)
Event: 3.498 Thread 0x000001f49471c000 5586       3       com.google.common.util.concurrent.SettableFuture::<init> (5 bytes)
Event: 3.498 Thread 0x000001f493e35800 nmethod 5585 0x000001f481267110 code [0x000001f4812672e0, 0x000001f4812675f8]
Event: 3.498 Thread 0x000001f49471c000 nmethod 5586 0x000001f481267790 code [0x000001f481267960, 0x000001f481267bd8]
Event: 3.498 Thread 0x000001f493e35800 5587       3       com.google.common.util.concurrent.AbstractFuture$TrustedFuture::<init> (5 bytes)
Event: 3.498 Thread 0x000001f49471c000 5588       3       com.google.common.util.concurrent.AbstractFuture::<init> (5 bytes)
Event: 3.498 Thread 0x000001f49471c000 nmethod 5588 0x000001f481267d10 code [0x000001f481267ec0, 0x000001f481268078]
Event: 3.498 Thread 0x000001f49574e000 nmethod 5583 0x000001f481268190 code [0x000001f4812683c0, 0x000001f481268bf8]
Event: 3.498 Thread 0x000001f493e35800 nmethod 5587 0x000001f481268e90 code [0x000001f481269060, 0x000001f481269278]
Event: 3.498 Thread 0x000001f49574d000 nmethod 5584 0x000001f481269390 code [0x000001f4812695c0, 0x000001f481269db8]
Event: 3.498 Thread 0x000001f49574e000 5589       3       com.google.common.util.concurrent.AbstractFuture::releaseWaiters (38 bytes)
Event: 3.498 Thread 0x000001f49471c000 5590       3       com.google.common.util.concurrent.AbstractFuture$UnsafeAtomicHelper::casWaiters (13 bytes)
Event: 3.498 Thread 0x000001f49574d000 5591       3       com.google.common.util.concurrent.AbstractFuture::afterDone (1 bytes)
Event: 3.498 Thread 0x000001f493e35800 5592       3       com.google.common.util.concurrent.AbstractFuture::clearListeners (47 bytes)
Event: 3.498 Thread 0x000001f49574d000 nmethod 5591 0x000001f48126a010 code [0x000001f48126a1c0, 0x000001f48126a2b8]
Event: 3.498 Thread 0x000001f49471c000 nmethod 5590 0x000001f48126a390 code [0x000001f48126a540, 0x000001f48126a718]
Event: 3.498 Thread 0x000001f493e35800 nmethod 5592 0x000001f48126a810 code [0x000001f48126aa00, 0x000001f48126ae18]
Event: 3.498 Thread 0x000001f49574e000 nmethod 5589 0x000001f48126af90 code [0x000001f48126b1a0, 0x000001f48126b748]
Event: 3.498 Thread 0x000001f49471b000 nmethod 5327 0x000001f487e2fe90 code [0x000001f487e30060, 0x000001f487e30370]
Event: 3.499 Thread 0x000001f49471b000 5241   !   4       sun.nio.fs.WindowsPath::initOffsets (153 bytes)

GC Heap History (16 events):
Event: 0.364 GC heap before
{Heap before GC invocations=0 (full 0):
 garbage-first heap   total 120832K, used 29696K [0x0000000080000000, 0x0000000100000000)
  region size 1024K, 24 young (24576K), 0 survivors (0K)
 Metaspace       used 9816K, capacity 10024K, committed 10112K, reserved 1058816K
  class space    used 1008K, capacity 1069K, committed 1152K, reserved 1048576K
}
Event: 0.368 GC heap after
{Heap after GC invocations=1 (full 0):
 garbage-first heap   total 120832K, used 9074K [0x0000000080000000, 0x0000000100000000)
  region size 1024K, 3 young (3072K), 3 survivors (3072K)
 Metaspace       used 9816K, capacity 10024K, committed 10112K, reserved 1058816K
  class space    used 1008K, capacity 1069K, committed 1152K, reserved 1048576K
}
Event: 1.377 GC heap before
{Heap before GC invocations=1 (full 0):
 garbage-first heap   total 120832K, used 77682K [0x0000000080000000, 0x0000000100000000)
  region size 1024K, 70 young (71680K), 3 survivors (3072K)
 Metaspace       used 16533K, capacity 16912K, committed 17152K, reserved 1064960K
  class space    used 1883K, capacity 2002K, committed 2048K, reserved 1048576K
}
Event: 1.381 GC heap after
{Heap after GC invocations=2 (full 0):
 garbage-first heap   total 120832K, used 15577K [0x0000000080000000, 0x0000000100000000)
  region size 1024K, 9 young (9216K), 9 survivors (9216K)
 Metaspace       used 16533K, capacity 16912K, committed 17152K, reserved 1064960K
  class space    used 1883K, capacity 2002K, committed 2048K, reserved 1048576K
}
Event: 1.643 GC heap before
{Heap before GC invocations=2 (full 0):
 garbage-first heap   total 120832K, used 53465K [0x0000000080000000, 0x0000000100000000)
  region size 1024K, 47 young (48128K), 9 survivors (9216K)
 Metaspace       used 20741K, capacity 21171K, committed 21296K, reserved 1069056K
  class space    used 2532K, capacity 2678K, committed 2688K, reserved 1048576K
}
Event: 1.648 GC heap after
{Heap after GC invocations=3 (full 0):
 garbage-first heap   total 120832K, used 17157K [0x0000000080000000, 0x0000000100000000)
  region size 1024K, 2 young (2048K), 2 survivors (2048K)
 Metaspace       used 20741K, capacity 21171K, committed 21296K, reserved 1069056K
  class space    used 2532K, capacity 2678K, committed 2688K, reserved 1048576K
}
Event: 1.949 GC heap before
{Heap before GC invocations=4 (full 0):
 garbage-first heap   total 120832K, used 68357K [0x0000000080000000, 0x0000000100000000)
  region size 1024K, 52 young (53248K), 2 survivors (2048K)
 Metaspace       used 26039K, capacity 26583K, committed 26800K, reserved 1073152K
  class space    used 3353K, capacity 3551K, committed 3584K, reserved 1048576K
}
Event: 1.951 GC heap after
{Heap after GC invocations=5 (full 0):
 garbage-first heap   total 120832K, used 18882K [0x0000000080000000, 0x0000000100000000)
  region size 1024K, 4 young (4096K), 4 survivors (4096K)
 Metaspace       used 26039K, capacity 26583K, committed 26800K, reserved 1073152K
  class space    used 3353K, capacity 3551K, committed 3584K, reserved 1048576K
}
Event: 2.316 GC heap before
{Heap before GC invocations=5 (full 0):
 garbage-first heap   total 120832K, used 74178K [0x0000000080000000, 0x0000000100000000)
  region size 1024K, 58 young (59392K), 4 survivors (4096K)
 Metaspace       used 32151K, capacity 32878K, committed 32944K, reserved 1077248K
  class space    used 4271K, capacity 4551K, committed 4608K, reserved 1048576K
}
Event: 2.319 GC heap after
{Heap after GC invocations=6 (full 0):
 garbage-first heap   total 120832K, used 20865K [0x0000000080000000, 0x0000000100000000)
  region size 1024K, 6 young (6144K), 6 survivors (6144K)
 Metaspace       used 32151K, capacity 32878K, committed 32944K, reserved 1077248K
  class space    used 4271K, capacity 4551K, committed 4608K, reserved 1048576K
}
Event: 2.433 GC heap before
{Heap before GC invocations=6 (full 0):
 garbage-first heap   total 120832K, used 25985K [0x0000000080000000, 0x0000000100000000)
  region size 1024K, 12 young (12288K), 6 survivors (6144K)
 Metaspace       used 34834K, capacity 35630K, committed 35708K, reserved 1081344K
  class space    used 4486K, capacity 4807K, committed 4864K, reserved 1048576K
}
Event: 2.440 GC heap after
{Heap after GC invocations=7 (full 0):
 garbage-first heap   total 120832K, used 22220K [0x0000000080000000, 0x0000000100000000)
  region size 1024K, 6 young (6144K), 6 survivors (6144K)
 Metaspace       used 34834K, capacity 35630K, committed 35708K, reserved 1081344K
  class space    used 4486K, capacity 4807K, committed 4864K, reserved 1048576K
}
Event: 2.802 GC heap before
{Heap before GC invocations=8 (full 0):
 garbage-first heap   total 120832K, used 82636K [0x0000000080000000, 0x0000000100000000)
  region size 1024K, 63 young (64512K), 6 survivors (6144K)
 Metaspace       used 39714K, capacity 40633K, committed 40956K, reserved 1085440K
  class space    used 5057K, capacity 5385K, committed 5504K, reserved 1048576K
}
Event: 2.807 GC heap after
{Heap after GC invocations=9 (full 0):
 garbage-first heap   total 120832K, used 27481K [0x0000000080000000, 0x0000000100000000)
  region size 1024K, 8 young (8192K), 8 survivors (8192K)
 Metaspace       used 39714K, capacity 40633K, committed 40956K, reserved 1085440K
  class space    used 5057K, capacity 5385K, committed 5504K, reserved 1048576K
}
Event: 3.159 GC heap before
{Heap before GC invocations=9 (full 0):
 garbage-first heap   total 120832K, used 85849K [0x0000000080000000, 0x0000000100000000)
  region size 1024K, 64 young (65536K), 8 survivors (8192K)
 Metaspace       used 44980K, capacity 46008K, committed 46332K, reserved 1089536K
  class space    used 5770K, capacity 6163K, committed 6272K, reserved 1048576K
}
Event: 3.164 GC heap after
{Heap after GC invocations=10 (full 0):
 garbage-first heap   total 145408K, used 29989K [0x0000000080000000, 0x0000000100000000)
  region size 1024K, 4 young (4096K), 4 survivors (4096K)
 Metaspace       used 44980K, capacity 46008K, committed 46332K, reserved 1089536K
  class space    used 5770K, capacity 6163K, committed 6272K, reserved 1048576K
}

Deoptimization events (20 events):
Event: 3.446 Thread 0x000001f498446800 Uncommon trap: trap_request=0xffffff4d fr.pc=0x000001f487d1dba4 relative=0x00000000000010e4
Event: 3.446 Thread 0x000001f498446800 Uncommon trap: reason=unstable_if action=reinterpret pc=0x000001f487d1dba4 method=java.util.concurrent.ConcurrentHashMap.putVal(Ljava/lang/Object;Ljava/lang/Object;Z)Ljava/lang/Object; @ 97 c2
Event: 3.446 Thread 0x000001f498446800 DEOPT PACKING pc=0x000001f487d1dba4 sp=0x0000004e6b8fd040
Event: 3.446 Thread 0x000001f498446800 DEOPT UNPACKING pc=0x000001f48004a1af sp=0x0000004e6b8fcfc8 mode 2
Event: 3.453 Thread 0x000001f49844a800 Uncommon trap: trap_request=0xffffff4d fr.pc=0x000001f487cda6d4 relative=0x0000000000000174
Event: 3.453 Thread 0x000001f49844a800 Uncommon trap: reason=unstable_if action=reinterpret pc=0x000001f487cda6d4 method=java.util.concurrent.ConcurrentHashMap.addCount(JI)V @ 34 c2
Event: 3.453 Thread 0x000001f49844a800 DEOPT PACKING pc=0x000001f487cda6d4 sp=0x0000004e6befea50
Event: 3.453 Thread 0x000001f49844a800 DEOPT UNPACKING pc=0x000001f48004a1af sp=0x0000004e6befe990 mode 2
Event: 3.453 Thread 0x000001f499d5c800 DEOPT PACKING pc=0x000001f480ed4df4 sp=0x0000004e6adfd100
Event: 3.453 Thread 0x000001f499d5c800 DEOPT UNPACKING pc=0x000001f48004a95e sp=0x0000004e6adfc6a0 mode 0
Event: 3.458 Thread 0x000001f49803e800 DEOPT PACKING pc=0x000001f480ed4df4 sp=0x0000004e6dbfd0d0
Event: 3.458 Thread 0x000001f49803e800 DEOPT UNPACKING pc=0x000001f48004a95e sp=0x0000004e6dbfc670 mode 0
Event: 3.463 Thread 0x000001f49803d000 DEOPT PACKING pc=0x000001f480ed4df4 sp=0x0000004e6d9fd350
Event: 3.463 Thread 0x000001f49803d000 DEOPT UNPACKING pc=0x000001f48004a95e sp=0x0000004e6d9fc8f0 mode 0
Event: 3.467 Thread 0x000001f49a0c4000 DEOPT PACKING pc=0x000001f480ed4df4 sp=0x0000004e6fbfd780
Event: 3.467 Thread 0x000001f49a0c4000 DEOPT UNPACKING pc=0x000001f48004a95e sp=0x0000004e6fbfcd20 mode 0
Event: 3.471 Thread 0x000001f49a045800 DEOPT PACKING pc=0x000001f480af405a sp=0x0000004e6fffd380
Event: 3.471 Thread 0x000001f49a045800 DEOPT UNPACKING pc=0x000001f48004a95e sp=0x0000004e6fffc808 mode 0
Event: 3.471 Thread 0x000001f4984f5800 DEOPT PACKING pc=0x000001f480ed4df4 sp=0x0000004e6d6fce00
Event: 3.471 Thread 0x000001f4984f5800 DEOPT UNPACKING pc=0x000001f48004a95e sp=0x0000004e6d6fc3a0 mode 0

Classes redefined (0 events):
No events

Internal exceptions (20 events):
Event: 2.990 Thread 0x000001f49694f800 Implicit null exception at 0x000001f487ca4174 to 0x000001f487ca4370
Event: 3.056 Thread 0x000001f49694f800 Exception <a 'java/lang/ClassNotFoundException'{0x0000000084f16948}: build_dwsocka6esm3zhxc0sam00z7cBeanInfo> (0x0000000084f16948) thrown at [./src/hotspot/share/classfile/systemDictionary.cpp, line 231]
Event: 3.056 Thread 0x000001f49694f800 Exception <a 'java/lang/ClassNotFoundException'{0x0000000084f2d8e0}: org/gradle/api/internal/project/ProjectScriptBeanInfo> (0x0000000084f2d8e0) thrown at [./src/hotspot/share/classfile/systemDictionary.cpp, line 231]
Event: 3.056 Thread 0x000001f49694f800 Exception <a 'java/lang/ClassNotFoundException'{0x0000000084f447a0}: org/gradle/api/internal/project/ProjectScriptCustomizer> (0x0000000084f447a0) thrown at [./src/hotspot/share/classfile/systemDictionary.cpp, line 231]
Event: 3.057 Thread 0x000001f49694f800 Exception <a 'java/lang/ClassNotFoundException'{0x0000000084f5fa20}: build_dwsocka6esm3zhxc0sam00z7cCustomizer> (0x0000000084f5fa20) thrown at [./src/hotspot/share/classfile/systemDictionary.cpp, line 231]
Event: 3.061 Thread 0x000001f49694f800 Exception <a 'java/lang/ClassNotFoundException'{0x0000000084ff2e88}: org/gradle/plugin/use/internal/PluginRequestCollector$PluginDependenciesSpecImplBeanInfo> (0x0000000084ff2e88) thrown at [./src/hotspot/share/classfile/systemDictionary.cpp, line 231]
Event: 3.062 Thread 0x000001f49694f800 Exception <a 'java/lang/ClassNotFoundException'{0x0000000084e222f0}: org/gradle/plugin/use/internal/PluginRequestCollector$PluginDependenciesSpecImplCustomizer> (0x0000000084e222f0) thrown at [./src/hotspot/share/classfile/systemDictionary.cpp, line 231]
Event: 3.064 Thread 0x000001f49694f800 Exception <a 'java/lang/ClassNotFoundException'{0x0000000084e8a598}: org/gradle/plugin/use/internal/PluginRequestCollector$PluginDependencySpecImplBeanInfo> (0x0000000084e8a598) thrown at [./src/hotspot/share/classfile/systemDictionary.cpp, line 231]
Event: 3.064 Thread 0x000001f49694f800 Exception <a 'java/lang/ClassNotFoundException'{0x0000000084eb86f8}: org/gradle/plugin/use/internal/PluginRequestCollector$PluginDependencySpecImplCustomizer> (0x0000000084eb86f8) thrown at [./src/hotspot/share/classfile/systemDictionary.cpp, line 231]
Event: 3.205 Thread 0x000001f49694f800 Exception <a 'java/lang/NoSuchMethodError'{0x0000000088535370}: 'int java.lang.invoke.DirectMethodHandle$Holder.invokeInterface(java.lang.Object, java.lang.Object)'> (0x0000000088535370) thrown at [./src/hotspot/share/interpreter/linkResolver.cpp, line 773]
Event: 3.205 Thread 0x000001f49694f800 Exception <a 'java/lang/IncompatibleClassChangeError'{0x0000000088538e50}: Found class java.lang.Object, but interface was expected> (0x0000000088538e50) thrown at [./src/hotspot/share/interpreter/linkResolver.cpp, line 839]
Event: 3.247 Thread 0x000001f49694f800 Exception <a 'java/lang/NoSuchMethodError'{0x0000000087d281a8}: 'int java.lang.invoke.DirectMethodHandle$Holder.invokeStaticInit(java.lang.Object)'> (0x0000000087d281a8) thrown at [./src/hotspot/share/interpreter/linkResolver.cpp, line 773]
Event: 3.263 Thread 0x000001f49694f800 Exception <a 'java/lang/NoSuchMethodError'{0x0000000087a098b8}: 'void java.lang.invoke.DirectMethodHandle$Holder.invokeStatic(java.lang.Object, java.lang.Object, java.lang.Object, int, java.lang.Object)'> (0x0000000087a098b8) thrown at [./src/hotspot/share/interpreter/linkResolver.cpp, line 773]
Event: 3.302 Thread 0x000001f49694f800 Exception <a 'java/lang/NoSuchMethodError'{0x000000008743dc28}: 'java.lang.Object java.lang.invoke.DelegatingMethodHandle$Holder.reinvoke_L(java.lang.Object, java.lang.Object, java.lang.Object, java.lang.Object, java.lang.Object, java.lang.Object, java.lang.Object, java.lang.Object, java.lang.Object, java.lang.Object, java.lang.Object, java.lang.Object, java.lang.Object, java.lang.Object, java.lang.Object, java.lang.Object, java.lang.Object, java.lang.Object, java.lang.Object, java.lang.Object)'> (0x000000
Event: 3.303 Thread 0x000001f49694f800 Exception <a 'java/lang/NoSuchMethodError'{0x00000000874498a8}: 'java.lang.Object java.lang.invoke.DirectMethodHandle$Holder.invokeSpecial(java.lang.Object, java.lang.Object, java.lang.Object, java.lang.Object, java.lang.Object, java.lang.Object, java.lang.Object, java.lang.Object, java.lang.Object, java.lang.Object, java.lang.Object, java.lang.Object, java.lang.Object, java.lang.Object, java.lang.Object, java.lang.Object, java.lang.Object, java.lang.Object, java.lang.Object, java.lang.Object)'> (0x0000000
Event: 3.303 Thread 0x000001f49694f800 Exception <a 'java/lang/NoSuchMethodError'{0x000000008744f7e8}: 'java.lang.Object java.lang.invoke.Invokers$Holder.invoker(java.lang.Object, java.lang.Object, java.lang.Object, java.lang.Object, java.lang.Object, java.lang.Object, java.lang.Object, java.lang.Object, java.lang.Object, java.lang.Object, java.lang.Object, java.lang.Object, java.lang.Object, java.lang.Object, java.lang.Object, java.lang.Object, java.lang.Object, java.lang.Object, java.lang.Object, java.lang.Object)'> (0x000000008744f7e8) throw
Event: 3.303 Thread 0x000001f49694f800 Exception <a 'java/lang/NoSuchMethodError'{0x00000000874568f8}: 'java.lang.Object java.lang.invoke.DelegatingMethodHandle$Holder.delegate(java.lang.Object, java.lang.Object, java.lang.Object, java.lang.Object, java.lang.Object, java.lang.Object, java.lang.Object, java.lang.Object, java.lang.Object, java.lang.Object, java.lang.Object, java.lang.Object, java.lang.Object, java.lang.Object, java.lang.Object, java.lang.Object, java.lang.Object, java.lang.Object, java.lang.Object, java.lang.Object)'> (0x00000000
Event: 3.305 Thread 0x000001f49694f800 Exception <a 'java/lang/NoSuchMethodError'{0x00000000874c0e00}: 'java.lang.Object java.lang.invoke.DirectMethodHandle$Holder.invokeStatic(java.lang.Object, java.lang.Object, java.lang.Object, java.lang.Object, java.lang.Object, java.lang.Object, java.lang.Object, java.lang.Object, java.lang.Object, java.lang.Object, java.lang.Object, java.lang.Object, java.lang.Object, java.lang.Object, java.lang.Object)'> (0x00000000874c0e00) thrown at [./src/hotspot/share/interpreter/linkResolver.cpp, line 773]
Event: 3.306 Thread 0x000001f49694f800 Exception <a 'java/lang/NoSuchMethodError'{0x00000000874d12a8}: 'java.lang.Object java.lang.invoke.DirectMethodHandle$Holder.invokeStatic(java.lang.Object, java.lang.Object, java.lang.Object, java.lang.Object, java.lang.Object, java.lang.Object, java.lang.Object, java.lang.Object, java.lang.Object, java.lang.Object, java.lang.Object, java.lang.Object, java.lang.Object, java.lang.Object, java.lang.Object, java.lang.Object)'> (0x00000000874d12a8) thrown at [./src/hotspot/share/interpreter/linkResolver.cpp, l
Event: 3.306 Thread 0x000001f49694f800 Exception <a 'java/lang/NoSuchMethodError'{0x00000000874e14d8}: 'java.lang.Object java.lang.invoke.DelegatingMethodHandle$Holder.reinvoke_L(java.lang.Object, java.lang.Object, java.lang.Object, java.lang.Object, java.lang.Object, java.lang.Object, java.lang.Object, java.lang.Object, java.lang.Object, java.lang.Object, java.lang.Object, java.lang.Object, java.lang.Object, java.lang.Object, java.lang.Object, java.lang.Object, java.lang.Object, java.lang.Object, java.lang.Object)'> (0x00000000874e14d8) thrown

Events (20 events):
Event: 3.459 Thread 0x000001f499c71800 Thread added: 0x000001f499c71800
Event: 3.459 Thread 0x000001f499c6e000 Thread added: 0x000001f499c6e000
Event: 3.459 Thread 0x000001f499c70000 Thread added: 0x000001f499c70000
Event: 3.459 Thread 0x000001f499c6d800 Thread added: 0x000001f499c6d800
Event: 3.459 Thread 0x000001f499c6f000 Thread added: 0x000001f499c6f000
Event: 3.473 Loaded shared library C:\Program Files\Android\Android Studio\jre\bin\java.dll
Event: 3.473 loading class org/gradle/api/internal/artifacts/ResolveArtifactsBuildOperationType
Event: 3.473 loading class org/gradle/api/internal/artifacts/ResolveArtifactsBuildOperationType done
Event: 3.474 loading class org/gradle/api/internal/artifacts/ResolveArtifactsBuildOperationType$Result
Event: 3.474 loading class org/gradle/api/internal/artifacts/ResolveArtifactsBuildOperationType$Result done
Event: 3.474 loading class org/gradle/api/internal/artifacts/ResolveArtifactsBuildOperationType$1
Event: 3.474 loading class org/gradle/api/internal/artifacts/ResolveArtifactsBuildOperationType$1 done
Event: 3.474 loading class org/gradle/internal/classpath/DefaultCachedClasspathTransformer$1
Event: 3.474 loading class org/gradle/internal/classpath/DefaultCachedClasspathTransformer$1 done
Event: 3.475 loading class org/gradle/internal/snapshot/MetadataSnapshot$1
Event: 3.475 loading class org/gradle/internal/snapshot/MetadataSnapshot$1 done
Event: 3.475 loading class org/gradle/internal/snapshot/AbstractListChildMap$2
Event: 3.475 loading class org/gradle/internal/snapshot/AbstractListChildMap$2 done
Event: 3.483 loading class org/gradle/internal/snapshot/LargeChildMap
Event: 3.483 loading class org/gradle/internal/snapshot/LargeChildMap done


Dynamic libraries:
0x00007ff72a3c0000 - 0x00007ff72a3ca000 	C:\Program Files\Android\Android Studio\jre\bin\java.exe
0x00007ffe9baf0000 - 0x00007ffe9bd04000 	C:\WINDOWS\SYSTEM32\ntdll.dll
0x00007ffe9a7b0000 - 0x00007ffe9a873000 	C:\WINDOWS\System32\KERNEL32.DLL
0x00007ffe99060000 - 0x00007ffe993fd000 	C:\WINDOWS\System32\KERNELBASE.dll
0x00007ffe99520000 - 0x00007ffe99631000 	C:\WINDOWS\System32\ucrtbase.dll
0x00007ffe79520000 - 0x00007ffe79539000 	C:\Program Files\Android\Android Studio\jre\bin\jli.dll
0x00007ffe79010000 - 0x00007ffe79027000 	C:\Program Files\Android\Android Studio\jre\bin\VCRUNTIME140.dll
0x00007ffe9b800000 - 0x00007ffe9b9ad000 	C:\WINDOWS\System32\USER32.dll
0x00007ffe99030000 - 0x00007ffe99056000 	C:\WINDOWS\System32\win32u.dll
0x00007ffe7b4a0000 - 0x00007ffe7b72e000 	C:\WINDOWS\WinSxS\amd64_microsoft.windows.common-controls_6595b64144ccf1df_6.0.22621.608_none_a9444ca7c10bb01d\COMCTL32.dll
0x00007ffe9a390000 - 0x00007ffe9a3b9000 	C:\WINDOWS\System32\GDI32.dll
0x00007ffe9b750000 - 0x00007ffe9b7f7000 	C:\WINDOWS\System32\msvcrt.dll
0x00007ffe99400000 - 0x00007ffe99512000 	C:\WINDOWS\System32\gdi32full.dll
0x00007ffe98f90000 - 0x00007ffe9902a000 	C:\WINDOWS\System32\msvcp_win.dll
0x00007ffe9b4c0000 - 0x00007ffe9b4f2000 	C:\WINDOWS\System32\IMM32.DLL
0x00007ffe66250000 - 0x00007ffe662ed000 	C:\Program Files\Android\Android Studio\jre\bin\msvcp140.dll
0x00007ffe5ac30000 - 0x00007ffe5b715000 	C:\Program Files\Android\Android Studio\jre\bin\server\jvm.dll
0x00007ffe9a3c0000 - 0x00007ffe9a46e000 	C:\WINDOWS\System32\ADVAPI32.dll
0x00007ffe9b6a0000 - 0x00007ffe9b744000 	C:\WINDOWS\System32\sechost.dll
0x00007ffe9a590000 - 0x00007ffe9a6a5000 	C:\WINDOWS\System32\RPCRT4.dll
0x00007ffe99c70000 - 0x00007ffe99c78000 	C:\WINDOWS\System32\PSAPI.DLL
0x00007ffe94530000 - 0x00007ffe94539000 	C:\WINDOWS\SYSTEM32\WSOCK32.dll
0x00007ffe9b200000 - 0x00007ffe9b271000 	C:\WINDOWS\System32\WS2_32.dll
0x00007ffe91b40000 - 0x00007ffe91b4a000 	C:\WINDOWS\SYSTEM32\VERSION.dll
0x00007ffe92220000 - 0x00007ffe92254000 	C:\WINDOWS\SYSTEM32\WINMM.dll
0x00007ffe97ea0000 - 0x00007ffe97eb8000 	C:\WINDOWS\SYSTEM32\kernel.appcore.dll
0x00007ffe94510000 - 0x00007ffe94521000 	C:\Program Files\Android\Android Studio\jre\bin\verify.dll
0x00007ffe83960000 - 0x00007ffe83b8e000 	C:\WINDOWS\SYSTEM32\DBGHELP.DLL
0x00007ffe998e0000 - 0x00007ffe99c6a000 	C:\WINDOWS\System32\combase.dll
0x00007ffe9a6b0000 - 0x00007ffe9a787000 	C:\WINDOWS\System32\OLEAUT32.dll
0x00007ffe7a6b0000 - 0x00007ffe7a6e2000 	C:\WINDOWS\SYSTEM32\dbgcore.DLL
0x00007ffe98f10000 - 0x00007ffe98f8b000 	C:\WINDOWS\System32\bcryptPrimitives.dll
0x00007ffe944e0000 - 0x00007ffe94509000 	C:\Program Files\Android\Android Studio\jre\bin\java.dll
0x00007ffe944d0000 - 0x00007ffe944db000 	C:\Program Files\Android\Android Studio\jre\bin\jimage.dll
0x00007ffe94470000 - 0x00007ffe94488000 	C:\Program Files\Android\Android Studio\jre\bin\zip.dll
0x00007ffe9a950000 - 0x00007ffe9b13f000 	C:\WINDOWS\System32\SHELL32.dll
0x00007ffe96ef0000 - 0x00007ffe977b8000 	C:\WINDOWS\SYSTEM32\windows.storage.dll
0x00007ffe96db0000 - 0x00007ffe96eee000 	C:\WINDOWS\SYSTEM32\wintypes.dll
0x00007ffe9b5a0000 - 0x00007ffe9b691000 	C:\WINDOWS\System32\SHCORE.dll
0x00007ffe9a320000 - 0x00007ffe9a37e000 	C:\WINDOWS\System32\shlwapi.dll
0x00007ffe98e40000 - 0x00007ffe98e61000 	C:\WINDOWS\SYSTEM32\profapi.dll
0x00007ffe932a0000 - 0x00007ffe932ba000 	C:\Program Files\Android\Android Studio\jre\bin\net.dll
0x00007ffe920f0000 - 0x00007ffe9221f000 	C:\WINDOWS\SYSTEM32\WINHTTP.dll
0x00007ffe98400000 - 0x00007ffe98469000 	C:\WINDOWS\system32\mswsock.dll
0x00007ffe78200000 - 0x00007ffe78214000 	C:\Program Files\Android\Android Studio\jre\bin\nio.dll
0x00007ffe6fe00000 - 0x00007ffe6fe27000 	C:\Users\Le Thanh Hang\.gradle\native\e1d6ef7f7dcc3fd88c89a11ec53ec762bb8ba0a96d01ffa2cd45eb1d1d8dd5c5\windows-amd64\native-platform.dll
0x00007ffe5f520000 - 0x00007ffe5f664000 	C:\Users\Le Thanh Hang\.gradle\native\5664cfc778a61ccfe75a443a1ab52a65af34e5dc3c78e0209fed803814484fcb\windows-amd64\native-platform-file-events.dll
0x00007ffe93f40000 - 0x00007ffe93f4a000 	C:\Program Files\Android\Android Studio\jre\bin\management.dll
0x00007ffe89400000 - 0x00007ffe8940d000 	C:\Program Files\Android\Android Studio\jre\bin\management_ext.dll
0x00007ffe98630000 - 0x00007ffe9864b000 	C:\WINDOWS\SYSTEM32\CRYPTSP.dll
0x00007ffe97ec0000 - 0x00007ffe97ef5000 	C:\WINDOWS\system32\rsaenh.dll
0x00007ffe984c0000 - 0x00007ffe984e8000 	C:\WINDOWS\SYSTEM32\USERENV.dll
0x00007ffe988b0000 - 0x00007ffe988d8000 	C:\WINDOWS\SYSTEM32\bcrypt.dll
0x00007ffe98650000 - 0x00007ffe9865c000 	C:\WINDOWS\SYSTEM32\CRYPTBASE.dll
0x00007ffe97a10000 - 0x00007ffe97a3d000 	C:\WINDOWS\SYSTEM32\IPHLPAPI.DLL
0x00007ffe9a880000 - 0x00007ffe9a889000 	C:\WINDOWS\System32\NSI.dll
0x00007ffe920d0000 - 0x00007ffe920e9000 	C:\WINDOWS\SYSTEM32\dhcpcsvc6.DLL
0x00007ffe91fe0000 - 0x00007ffe91fff000 	C:\WINDOWS\SYSTEM32\dhcpcsvc.DLL
0x00007ffe97a80000 - 0x00007ffe97b72000 	C:\WINDOWS\SYSTEM32\DNSAPI.dll

dbghelp: loaded successfully - version: 4.0.5 - missing functions: none
symbol engine: initialized successfully - sym options: 0x614 - pdb path: .;C:\Program Files\Android\Android Studio\jre\bin;C:\WINDOWS\SYSTEM32;C:\WINDOWS\WinSxS\amd64_microsoft.windows.common-controls_6595b64144ccf1df_6.0.22621.608_none_a9444ca7c10bb01d;C:\Program Files\Android\Android Studio\jre\bin\server;C:\Users\Le Thanh Hang\.gradle\native\e1d6ef7f7dcc3fd88c89a11ec53ec762bb8ba0a96d01ffa2cd45eb1d1d8dd5c5\windows-amd64;C:\Users\Le Thanh Hang\.gradle\native\5664cfc778a61ccfe75a443a1ab52a65af34e5dc3c78e0209fed803814484fcb\windows-amd64

VM Arguments:
jvm_args: --add-opens=java.base/java.util=ALL-UNNAMED --add-opens=java.base/java.lang=ALL-UNNAMED --add-opens=java.base/java.lang.invoke=ALL-UNNAMED --add-opens=java.base/java.util=ALL-UNNAMED --add-opens=java.prefs/java.util.prefs=ALL-UNNAMED --add-opens=java.prefs/java.util.prefs=ALL-UNNAMED --add-opens=java.base/java.nio.charset=ALL-UNNAMED --add-opens=java.base/java.net=ALL-UNNAMED --add-opens=java.base/java.util.concurrent.atomic=ALL-UNNAMED -Xmx2048m -Dfile.encoding=UTF-8 -Duser.country=US -Duser.language=en -Duser.variant 
java_command: org.gradle.launcher.daemon.bootstrap.GradleDaemon 7.3.3
java_class_path (initial): C:\Users\Le Thanh Hang\.gradle\wrapper\dists\gradle-7.3.3-bin\6a41zxkdtcxs8rphpq6y0069z\gradle-7.3.3\lib\gradle-launcher-7.3.3.jar
Launcher Type: SUN_STANDARD

[Global flags]
     intx CICompilerCount                          = 12                                        {product} {ergonomic}
     uint ConcGCThreads                            = 3                                         {product} {ergonomic}
     uint G1ConcRefinementThreads                  = 13                                        {product} {ergonomic}
   size_t G1HeapRegionSize                         = 1048576                                   {product} {ergonomic}
    uintx GCDrainStackTargetSize                   = 64                                        {product} {ergonomic}
   size_t InitialHeapSize                          = 123731968                                 {product} {ergonomic}
   size_t MarkStackSize                            = 4194304                                   {product} {ergonomic}
   size_t MaxHeapSize                              = 2147483648                                {product} {command line}
   size_t MaxNewSize                               = 1287651328                                {product} {ergonomic}
   size_t MinHeapDeltaBytes                        = 1048576                                   {product} {ergonomic}
    uintx NonNMethodCodeHeapSize                   = 7594288                                {pd product} {ergonomic}
    uintx NonProfiledCodeHeapSize                  = 122031976                              {pd product} {ergonomic}
    uintx ProfiledCodeHeapSize                     = 122031976                              {pd product} {ergonomic}
    uintx ReservedCodeCacheSize                    = 251658240                              {pd product} {ergonomic}
     bool SegmentedCodeCache                       = true                                      {product} {ergonomic}
     bool UseCompressedClassPointers               = true                                 {lp64_product} {ergonomic}
     bool UseCompressedOops                        = true                                 {lp64_product} {ergonomic}
     bool UseG1GC                                  = true                                      {product} {ergonomic}
     bool UseLargePagesIndividualAllocation        = false                                  {pd product} {ergonomic}

Logging:
Log output configuration:
 #0: stdout all=warning uptime,level,tags
 #1: stderr all=off uptime,level,tags

Environment Variables:
PATH=C:\Program Files (x86)\VMware\VMware Workstation\bin\;C:\Python310\Scripts\;C:\Python310\;C:\Program Files\Eclipse Foundation\jdk-8.0.302.8-hotspot\bin;C:\windows\system32;C:\windows;C:\windows\System32\Wbem;C:\windows\System32\WindowsPowerShell\v1.0\;C:\windows\System32\OpenSSH\;C:\Program Files (x86)\NVIDIA Corporation\PhysX\Common;C:\Program Files\NVIDIA Corporation\NVIDIA NvDLISR;C:\Program Files\Microsoft SQL Server\130\Tools\Binn\;C:\Program Files\Microsoft SQL Server\Client SDK\ODBC\170\Tools\Binn\;C:\Program Files\Git\cmd;C:\Program Files\nodejs\;C:\ProgramData\chocolatey\bin;C:\WINDOWS\system32;C:\WINDOWS;C:\WINDOWS\System32\Wbem;C:\WINDOWS\System32\WindowsPowerShell\v1.0\;C:\WINDOWS\System32\OpenSSH\;C:\Program Files\dotnet\;C:\MinGW\bin;C:\Ruby31-x64\bin;C:\Users\Le Thanh Hang\AppData\Local\Microsoft\WindowsApps;C:\Users\Le Thanh Hang\AppData\Local\GitHubDesktop\bin;C:\Users\Le Thanh Hang\AppData\Roaming\npm;C:\Users\Le Thanh Hang\.dotnet\tools;C:\Users\Le Thanh Hang\AppData\Local\Programs\Microsoft VS Code\bin
USERNAME=Le Thanh Hang
OS=Windows_NT
PROCESSOR_IDENTIFIER=AMD64 Family 25 Model 80 Stepping 0, AuthenticAMD



---------------  S Y S T E M  ---------------

OS: Windows 10 , 64 bit Build 22621 (10.0.22621.963)
OS uptime: 0 days 2:11 hours
Hyper-V role detected

CPU:total 16 (initial active 16) (16 cores per cpu, 2 threads per core) family 25 model 80 stepping 0 microcode 0x0, cmov, cx8, fxsr, mmx, sse, sse2, sse3, ssse3, sse4.1, sse4.2, popcnt, avx, avx2, aes, clmul, erms, mmxext, 3dnowpref, lzcnt, sse4a, ht, tsc, tscinvbit, tscinv, bmi1, bmi2, adx, sha, fma

Memory: 4k page, system-wide physical 7523M (386M free)
TotalPageFile size 11619M (AvailPageFile size 4M)
current process WorkingSet (physical memory assigned to process): 313M, peak: 313M
current process commit charge ("private bytes"): 376M, peak: 376M

vm_info: OpenJDK 64-Bit Server VM (11.0.12+7-b1504.28-7817840) for windows-amd64 JRE (11.0.12+7-b1504.28-7817840), built on Oct 13 2021 22:12:33 by "builder" with MS VC++ 14.0 (VS2015)

END.
