#
# There is insufficient memory for the Java Runtime Environment to continue.
# Native memory allocation (malloc) failed to allocate 1350256 bytes for Chunk::new
# Possible reasons:
#   The system is out of physical RAM or swap space
#   The process is running with CompressedOops enabled, and the Java Heap may be blocking the growth of the native heap
# Possible solutions:
#   Reduce memory load on the system
#   Increase physical memory or swap space
#   Check if swap backing store is full
#   Decrease Java heap size (-Xmx/-Xms)
#   Decrease number of Java threads
#   Decrease Java thread stack sizes (-Xss)
#   Set larger code cache with -XX:ReservedCodeCacheSize=
#   JVM is running with Unscaled Compressed Oops mode in which the Java heap is
#     placed in the first 4GB address space. The Java Heap base address is the
#     maximum limit for the native heap growth. Please use -XX:HeapBaseMinAddress
#     to set the Java Heap base and to place the Java Heap above 4GB virtual address.
# This output file may be truncated or incomplete.
#
#  Out of Memory Error (./src/hotspot/share/memory/arena.cpp:197), pid=17480, tid=15136
#
# JRE version: OpenJDK Runtime Environment (11.0.12+7) (build 11.0.12+7-b1504.28-7817840)
# Java VM: OpenJDK 64-Bit Server VM (11.0.12+7-b1504.28-7817840, mixed mode, tiered, compressed oops, g1 gc, windows-amd64)
# No core dump will be written. Minidumps are not enabled by default on client versions of Windows
#

---------------  S U M M A R Y ------------

Command Line: --add-opens=java.base/java.util=ALL-UNNAMED --add-opens=java.base/java.lang=ALL-UNNAMED --add-opens=java.base/java.lang.invoke=ALL-UNNAMED --add-opens=java.base/java.util=ALL-UNNAMED --add-opens=java.prefs/java.util.prefs=ALL-UNNAMED --add-opens=java.prefs/java.util.prefs=ALL-UNNAMED --add-opens=java.base/java.nio.charset=ALL-UNNAMED --add-opens=java.base/java.net=ALL-UNNAMED --add-opens=java.base/java.util.concurrent.atomic=ALL-UNNAMED -Xmx2048m -Dfile.encoding=UTF-8 -Duser.country=US -Duser.language=en -Duser.variant org.gradle.launcher.daemon.bootstrap.GradleDaemon 7.4

Host: AMD Ryzen 7 5800H with Radeon Graphics         , 16 cores, 7G,  Windows 10 , 64 bit Build 22621 (10.0.22621.1105)
Time: Sat Jan 14 17:04:43 2023 SE Asia Standard Time elapsed time: 8.254602 seconds (0d 0h 0m 8s)

---------------  T H R E A D  ---------------

Current thread (0x0000021f131f6000):  JavaThread "C2 CompilerThread0" daemon [_thread_in_native, id=15136, stack(0x000000ebfdd00000,0x000000ebfde00000)]


Current CompileTask:
C2:   8254 6718   !   4       java.util.jar.Attributes::read (390 bytes)

Stack: [0x000000ebfdd00000,0x000000ebfde00000]
Native frames: (J=compiled Java code, j=interpreted, Vv=VM code, C=native code)
V  [jvm.dll+0x5fbcea]
V  [jvm.dll+0x731905]
V  [jvm.dll+0x732f1d]
V  [jvm.dll+0x7335d3]
V  [jvm.dll+0x247bf8]
V  [jvm.dll+0xc018c]
V  [jvm.dll+0xc06cc]
V  [jvm.dll+0x35b31d]
V  [jvm.dll+0x328803]
V  [jvm.dll+0x327cfa]
V  [jvm.dll+0x200602]
V  [jvm.dll+0x1ff794]
V  [jvm.dll+0x18868c]
V  [jvm.dll+0x20e0d7]
V  [jvm.dll+0x20c901]
V  [jvm.dll+0x6f9b7f]
V  [jvm.dll+0x6f26a5]
V  [jvm.dll+0x5fabf6]
C  [ucrtbase.dll+0x29363]
C  [KERNEL32.DLL+0x126bd]
C  [ntdll.dll+0x5dfb8]


---------------  P R O C E S S  ---------------

Threads class SMR info:
_java_thread_list=0x0000021f1b26c310, length=191, elements={
0x0000021f780ad000, 0x0000021f13a01800, 0x0000021f131f0000, 0x0000021f131f1800,
0x0000021f131f4000, 0x0000021f131f5000, 0x0000021f131f6000, 0x0000021f131f9800,
0x0000021f131fc800, 0x0000021f13176800, 0x0000021f13bc5800, 0x0000021f15443800,
0x0000021f155c0000, 0x0000021f15b1b800, 0x0000021f16646000, 0x0000021f13ded000,
0x0000021f14f08000, 0x0000021f152a8800, 0x0000021f16447000, 0x0000021f16709000,
0x0000021f15a2c000, 0x0000021f158e3800, 0x0000021f15ea0800, 0x0000021f15e9f800,
0x0000021f15e9b000, 0x0000021f15e9d000, 0x0000021f15ea1800, 0x0000021f15e9f000,
0x0000021f16e7a800, 0x0000021f15e9e000, 0x0000021f15e9b800, 0x0000021f15e9c800,
0x0000021f169a6000, 0x0000021f169a7800, 0x0000021f169a7000, 0x0000021f169a8800,
0x0000021f169a9000, 0x0000021f169a4800, 0x0000021f169ab000, 0x0000021f17715800,
0x0000021f17716000, 0x0000021f17719800, 0x0000021f17714800, 0x0000021f17718800,
0x0000021f17717000, 0x0000021f17718000, 0x0000021f17713800, 0x0000021f1771c000,
0x0000021f17720000, 0x0000021f1771a000, 0x0000021f1771c800, 0x0000021f1771d800,
0x0000021f17720800, 0x0000021f1771e800, 0x0000021f1771f000, 0x0000021f1771b000,
0x0000021f17721800, 0x0000021f17722800, 0x0000021f172b1000, 0x0000021f172b2800,
0x0000021f172b6000, 0x0000021f172b2000, 0x0000021f172b3800, 0x0000021f172b0000,
0x0000021f172b4000, 0x0000021f172b8800, 0x0000021f172b7800, 0x0000021f172b9000,
0x0000021f172ba000, 0x0000021f172bb000, 0x0000021f172b5000, 0x0000021f172bb800,
0x0000021f172bc800, 0x0000021f172b6800, 0x0000021f172be000, 0x0000021f172bd000,
0x0000021f172bf000, 0x0000021f171d0800, 0x0000021f171ca800, 0x0000021f171ce800,
0x0000021f171cf800, 0x0000021f171cb800, 0x0000021f171cd000, 0x0000021f171d1000,
0x0000021f171ce000, 0x0000021f171cc000, 0x0000021f171d6000, 0x0000021f171d7800,
0x0000021f171d3800, 0x0000021f171d5000, 0x0000021f171d4800, 0x0000021f171d2000,
0x0000021f171d7000, 0x0000021f171d3000, 0x0000021f171d8800, 0x0000021f171d9800,
0x0000021f1749f800, 0x0000021f174a5000, 0x0000021f174a1000, 0x0000021f174a4000,
0x0000021f174a0000, 0x0000021f174a1800, 0x0000021f174a6000, 0x0000021f174a6800,
0x0000021f174a3800, 0x0000021f174a2800, 0x0000021f174ac800, 0x0000021f174aa800,
0x0000021f174aa000, 0x0000021f174ab800, 0x0000021f174ad000, 0x0000021f174a8800,
0x0000021f174a7800, 0x0000021f174ae000, 0x0000021f174a9000, 0x0000021f1441b800,
0x0000021f1441d000, 0x0000021f14419000, 0x0000021f1441c000, 0x0000021f14417800,
0x0000021f14418000, 0x0000021f14419800, 0x0000021f1441e800, 0x0000021f14420800,
0x0000021f1441a800, 0x0000021f14421000, 0x0000021f14422000, 0x0000021f14422800,
0x0000021f14423800, 0x0000021f1441e000, 0x0000021f1441f800, 0x0000021f14426000,
0x0000021f14424800, 0x0000021f14425000, 0x0000021f13bdd000, 0x0000021f13bde800,
0x0000021f13be1000, 0x0000021f13be0000, 0x0000021f13be2000, 0x0000021f13bdc000,
0x0000021f13be2800, 0x0000021f13be3800, 0x0000021f13bdd800, 0x0000021f13bdf800,
0x0000021f13be6800, 0x0000021f13be8800, 0x0000021f13be7800, 0x0000021f13be9000,
0x0000021f13bea000, 0x0000021f13be4800, 0x0000021f13beb000, 0x0000021f13be6000,
0x0000021f13be5000, 0x0000021f1632f000, 0x0000021f16329800, 0x0000021f1632e800,
0x0000021f16330000, 0x0000021f1632c000, 0x0000021f1632a000, 0x0000021f1632d800,
0x0000021f16331000, 0x0000021f1632b000, 0x0000021f1632c800, 0x0000021f16336800,
0x0000021f16331800, 0x0000021f16335000, 0x0000021f16338000, 0x0000021f16335800,
0x0000021f16337800, 0x0000021f16332800, 0x0000021f16333000, 0x0000021f16334000,
0x0000021f195de000, 0x0000021f195dc800, 0x0000021f195d8800, 0x0000021f195df000,
0x0000021f195da000, 0x0000021f195d9000, 0x0000021f195e0800, 0x0000021f195df800,
0x0000021f195da800, 0x0000021f195e1800, 0x0000021f195dd000, 0x0000021f195db800,
0x0000021f195e5800, 0x0000021f195e2000, 0x0000021f195e4800, 0x0000021f195e7000,
0x0000021f195e3000, 0x0000021f195e3800, 0x0000021f195e6000
}

Java Threads: ( => current thread )
  0x0000021f780ad000 JavaThread "main" [_thread_blocked, id=11812, stack(0x000000ebfd100000,0x000000ebfd200000)]
  0x0000021f13a01800 JavaThread "Reference Handler" daemon [_thread_blocked, id=3648, stack(0x000000ebfd800000,0x000000ebfd900000)]
  0x0000021f131f0000 JavaThread "Finalizer" daemon [_thread_blocked, id=14120, stack(0x000000ebfd900000,0x000000ebfda00000)]
  0x0000021f131f1800 JavaThread "Signal Dispatcher" daemon [_thread_blocked, id=15388, stack(0x000000ebfda00000,0x000000ebfdb00000)]
  0x0000021f131f4000 JavaThread "Attach Listener" daemon [_thread_blocked, id=7472, stack(0x000000ebfdb00000,0x000000ebfdc00000)]
  0x0000021f131f5000 JavaThread "Service Thread" daemon [_thread_blocked, id=6592, stack(0x000000ebfdc00000,0x000000ebfdd00000)]
=>0x0000021f131f6000 JavaThread "C2 CompilerThread0" daemon [_thread_in_native, id=15136, stack(0x000000ebfdd00000,0x000000ebfde00000)]
  0x0000021f131f9800 JavaThread "C1 CompilerThread0" daemon [_thread_blocked, id=16280, stack(0x000000ebfde00000,0x000000ebfdf00000)]
  0x0000021f131fc800 JavaThread "Sweeper thread" daemon [_thread_blocked, id=7992, stack(0x000000ebfdf00000,0x000000ebfe000000)]
  0x0000021f13176800 JavaThread "C1 CompilerThread1" daemon [_thread_blocked, id=8676, stack(0x000000ebfe000000,0x000000ebfe100000)]
  0x0000021f13bc5800 JavaThread "Common-Cleaner" daemon [_thread_blocked, id=8876, stack(0x000000ebfe100000,0x000000ebfe200000)]
  0x0000021f15443800 JavaThread "C1 CompilerThread2" daemon [_thread_blocked, id=5052, stack(0x000000ebfe500000,0x000000ebfe600000)]
  0x0000021f155c0000 JavaThread "C1 CompilerThread3" daemon [_thread_blocked, id=1304, stack(0x000000ebfe700000,0x000000ebfe800000)]
  0x0000021f15b1b800 JavaThread "Daemon health stats" [_thread_blocked, id=8888, stack(0x000000ebfe800000,0x000000ebfe900000)]
  0x0000021f16646000 JavaThread "Incoming local TCP Connector on port 64710" [_thread_in_native, id=12276, stack(0x000000ebfe300000,0x000000ebfe400000)]
  0x0000021f13ded000 JavaThread "Daemon periodic checks" [_thread_blocked, id=2580, stack(0x000000ebfe400000,0x000000ebfe500000)]
  0x0000021f14f08000 JavaThread "Daemon" [_thread_blocked, id=3212, stack(0x000000ebfef00000,0x000000ebff000000)]
  0x0000021f152a8800 JavaThread "Handler for socket connection from /127.0.0.1:64710 to /127.0.0.1:64711" [_thread_in_native, id=10420, stack(0x000000ebff000000,0x000000ebff100000)]
  0x0000021f16447000 JavaThread "Cancel handler" [_thread_blocked, id=7016, stack(0x000000ebff100000,0x000000ebff200000)]
  0x0000021f16709000 JavaThread "Daemon worker" [_thread_in_vm, id=15748, stack(0x000000ebff200000,0x000000ebff300000)]
  0x0000021f15a2c000 JavaThread "Asynchronous log dispatcher for DefaultDaemonConnection: socket connection from /127.0.0.1:64710 to /127.0.0.1:64711" [_thread_blocked, id=4104, stack(0x000000ebff300000,0x000000ebff400000)]
  0x0000021f158e3800 JavaThread "Stdin handler" [_thread_blocked, id=15224, stack(0x000000ebff400000,0x000000ebff500000)]
  0x0000021f15ea0800 JavaThread "Daemon client event forwarder" [_thread_blocked, id=12664, stack(0x000000ebff500000,0x000000ebff600000)]
  0x0000021f15e9f800 JavaThread "Cache worker for journal cache (C:\Users\Le Thanh Hang\.gradle\caches\journal-1)" [_thread_blocked, id=13500, stack(0x000000ebff600000,0x000000ebff700000)]
  0x0000021f15e9b000 JavaThread "File lock request listener" [_thread_in_native, id=8660, stack(0x000000ebff700000,0x000000ebff800000)]
  0x0000021f15e9d000 JavaThread "Cache worker for file hash cache (C:\Users\Le Thanh Hang\.gradle\caches\7.4\fileHashes)" [_thread_blocked, id=15276, stack(0x000000ebff800000,0x000000ebff900000)]
  0x0000021f15ea1800 JavaThread "File watcher server" daemon [_thread_in_native, id=8520, stack(0x000000eb80000000,0x000000eb80100000)]
  0x0000021f15e9f000 JavaThread "File watcher consumer" daemon [_thread_blocked, id=4292, stack(0x000000eb80100000,0x000000eb80200000)]
  0x0000021f16e7a800 JavaThread "C2 CompilerThread1" daemon [_thread_in_native, id=13088, stack(0x000000eb80200000,0x000000eb80300000)]
  0x0000021f15e9e000 JavaThread "Cache worker for checksums cache (D:\NT118_PTUDDD\NT118_Nhom2_TripS\.gradle\7.4\checksums)" [_thread_blocked, id=10284, stack(0x000000eb80300000,0x000000eb80400000)]
  0x0000021f15e9b800 JavaThread "Cache worker for cache directory md-rule (C:\Users\Le Thanh Hang\.gradle\caches\7.4\md-rule)" [_thread_blocked, id=9744, stack(0x000000eb80400000,0x000000eb80500000)]
  0x0000021f15e9c800 JavaThread "Cache worker for file hash cache (D:\NT118_PTUDDD\NT118_Nhom2_TripS\.gradle\7.4\fileHashes)" [_thread_blocked, id=11576, stack(0x000000eb80500000,0x000000eb80600000)]
  0x0000021f169a6000 JavaThread "Cache worker for cache directory md-supplier (C:\Users\Le Thanh Hang\.gradle\caches\7.4\md-supplier)" [_thread_blocked, id=15728, stack(0x000000eb80600000,0x000000eb80700000)]
  0x0000021f169a7800 JavaThread "Cache worker for execution history cache (C:\Users\Le Thanh Hang\.gradle\caches\7.4\executionHistory)" [_thread_blocked, id=8944, stack(0x000000eb80700000,0x000000eb80800000)]
  0x0000021f169a7000 JavaThread "jar transforms" [_thread_blocked, id=9260, stack(0x000000eb80800000,0x000000eb80900000)]
  0x0000021f169a8800 JavaThread "Cache worker for file content cache (C:\Users\Le Thanh Hang\.gradle\caches\7.4\fileContent)" [_thread_blocked, id=6056, stack(0x000000eb80900000,0x000000eb80a00000)]
  0x0000021f169a9000 JavaThread "jar transforms Thread 2" [_thread_blocked, id=8388, stack(0x000000eb80a00000,0x000000eb80b00000)]
  0x0000021f169a4800 JavaThread "Cache worker for dependencies-accessors (D:\NT118_PTUDDD\NT118_Nhom2_TripS\.gradle\7.4\dependencies-accessors)" [_thread_blocked, id=6496, stack(0x000000eb80b00000,0x000000eb80c00000)]
  0x0000021f169ab000 JavaThread "jar transforms Thread 3" [_thread_blocked, id=9124, stack(0x000000eb80c00000,0x000000eb80d00000)]
  0x0000021f17715800 JavaThread "Cache worker for Build Output Cleanup Cache (D:\NT118_PTUDDD\NT118_Nhom2_TripS\.gradle\buildOutputCleanup)" [_thread_blocked, id=9928, stack(0x000000eb80d00000,0x000000eb80e00000)]
  0x0000021f17716000 JavaThread "Unconstrained build operations" [_thread_blocked, id=18080, stack(0x000000eb80e00000,0x000000eb80f00000)]
  0x0000021f17719800 JavaThread "Unconstrained build operations Thread 2" [_thread_blocked, id=13900, stack(0x000000eb80f00000,0x000000eb81000000)]
  0x0000021f17714800 JavaThread "Unconstrained build operations Thread 3" [_thread_blocked, id=8284, stack(0x000000eb81000000,0x000000eb81100000)]
  0x0000021f17718800 JavaThread "Unconstrained build operations Thread 4" [_thread_blocked, id=2304, stack(0x000000eb81100000,0x000000eb81200000)]
  0x0000021f17717000 JavaThread "Unconstrained build operations Thread 5" [_thread_blocked, id=13208, stack(0x000000eb81200000,0x000000eb81300000)]
  0x0000021f17718000 JavaThread "Unconstrained build operations Thread 6" [_thread_blocked, id=16688, stack(0x000000eb81300000,0x000000eb81400000)]
  0x0000021f17713800 JavaThread "Unconstrained build operations Thread 7" [_thread_blocked, id=16080, stack(0x000000eb81400000,0x000000eb81500000)]
  0x0000021f1771c000 JavaThread "Unconstrained build operations Thread 8" [_thread_blocked, id=17272, stack(0x000000eb81500000,0x000000eb81600000)]
  0x0000021f17720000 JavaThread "Unconstrained build operations Thread 9" [_thread_blocked, id=4316, stack(0x000000eb81600000,0x000000eb81700000)]
  0x0000021f1771a000 JavaThread "Unconstrained build operations Thread 10" [_thread_blocked, id=13440, stack(0x000000eb81700000,0x000000eb81800000)]
  0x0000021f1771c800 JavaThread "Unconstrained build operations Thread 11" [_thread_blocked, id=16652, stack(0x000000eb81800000,0x000000eb81900000)]
  0x0000021f1771d800 JavaThread "Unconstrained build operations Thread 12" [_thread_blocked, id=6320, stack(0x000000eb81900000,0x000000eb81a00000)]
  0x0000021f17720800 JavaThread "Unconstrained build operations Thread 13" [_thread_blocked, id=17416, stack(0x000000eb81a00000,0x000000eb81b00000)]
  0x0000021f1771e800 JavaThread "Unconstrained build operations Thread 14" [_thread_blocked, id=17432, stack(0x000000eb81b00000,0x000000eb81c00000)]
  0x0000021f1771f000 JavaThread "Unconstrained build operations Thread 15" [_thread_blocked, id=6008, stack(0x000000eb81c00000,0x000000eb81d00000)]
  0x0000021f1771b000 JavaThread "Unconstrained build operations Thread 16" [_thread_blocked, id=348, stack(0x000000eb81d00000,0x000000eb81e00000)]
  0x0000021f17721800 JavaThread "Unconstrained build operations Thread 17" [_thread_blocked, id=13640, stack(0x000000eb81e00000,0x000000eb81f00000)]
  0x0000021f17722800 JavaThread "Unconstrained build operations Thread 18" [_thread_blocked, id=8232, stack(0x000000eb81f00000,0x000000eb82000000)]
  0x0000021f172b1000 JavaThread "Unconstrained build operations Thread 19" [_thread_blocked, id=5960, stack(0x000000eb82000000,0x000000eb82100000)]
  0x0000021f172b2800 JavaThread "Unconstrained build operations Thread 20" [_thread_blocked, id=9588, stack(0x000000eb82100000,0x000000eb82200000)]
  0x0000021f172b6000 JavaThread "Unconstrained build operations Thread 21" [_thread_blocked, id=7412, stack(0x000000eb82200000,0x000000eb82300000)]
  0x0000021f172b2000 JavaThread "Unconstrained build operations Thread 22" [_thread_blocked, id=5208, stack(0x000000eb82300000,0x000000eb82400000)]
  0x0000021f172b3800 JavaThread "Unconstrained build operations Thread 23" [_thread_blocked, id=9584, stack(0x000000eb82400000,0x000000eb82500000)]
  0x0000021f172b0000 JavaThread "Unconstrained build operations Thread 24" [_thread_blocked, id=5252, stack(0x000000eb82500000,0x000000eb82600000)]
  0x0000021f172b4000 JavaThread "Unconstrained build operations Thread 25" [_thread_blocked, id=16712, stack(0x000000eb82600000,0x000000eb82700000)]
  0x0000021f172b8800 JavaThread "Unconstrained build operations Thread 26" [_thread_blocked, id=14348, stack(0x000000eb82700000,0x000000eb82800000)]
  0x0000021f172b7800 JavaThread "Unconstrained build operations Thread 27" [_thread_blocked, id=1904, stack(0x000000eb82800000,0x000000eb82900000)]
  0x0000021f172b9000 JavaThread "Unconstrained build operations Thread 28" [_thread_blocked, id=7252, stack(0x000000eb82900000,0x000000eb82a00000)]
  0x0000021f172ba000 JavaThread "Unconstrained build operations Thread 29" [_thread_blocked, id=12184, stack(0x000000eb82a00000,0x000000eb82b00000)]
  0x0000021f172bb000 JavaThread "Unconstrained build operations Thread 30" [_thread_blocked, id=16648, stack(0x000000eb82b00000,0x000000eb82c00000)]
  0x0000021f172b5000 JavaThread "Unconstrained build operations Thread 31" [_thread_blocked, id=3956, stack(0x000000eb82c00000,0x000000eb82d00000)]
  0x0000021f172bb800 JavaThread "Unconstrained build operations Thread 32" [_thread_blocked, id=17048, stack(0x000000eb82d00000,0x000000eb82e00000)]
  0x0000021f172bc800 JavaThread "Unconstrained build operations Thread 33" [_thread_blocked, id=10464, stack(0x000000eb82e00000,0x000000eb82f00000)]
  0x0000021f172b6800 JavaThread "Unconstrained build operations Thread 34" [_thread_blocked, id=17264, stack(0x000000eb82f00000,0x000000eb83000000)]
  0x0000021f172be000 JavaThread "Unconstrained build operations Thread 35" [_thread_blocked, id=16692, stack(0x000000eb83000000,0x000000eb83100000)]
  0x0000021f172bd000 JavaThread "Unconstrained build operations Thread 36" [_thread_blocked, id=17240, stack(0x000000eb83100000,0x000000eb83200000)]
  0x0000021f172bf000 JavaThread "Unconstrained build operations Thread 37" [_thread_blocked, id=6016, stack(0x000000eb83200000,0x000000eb83300000)]
  0x0000021f171d0800 JavaThread "Unconstrained build operations Thread 38" [_thread_blocked, id=18048, stack(0x000000eb83300000,0x000000eb83400000)]
  0x0000021f171ca800 JavaThread "Unconstrained build operations Thread 39" [_thread_blocked, id=11124, stack(0x000000eb83400000,0x000000eb83500000)]
  0x0000021f171ce800 JavaThread "Unconstrained build operations Thread 40" [_thread_blocked, id=15544, stack(0x000000eb83500000,0x000000eb83600000)]
  0x0000021f171cf800 JavaThread "Unconstrained build operations Thread 41" [_thread_blocked, id=2516, stack(0x000000eb83600000,0x000000eb83700000)]
  0x0000021f171cb800 JavaThread "Unconstrained build operations Thread 42" [_thread_blocked, id=14488, stack(0x000000eb83700000,0x000000eb83800000)]
  0x0000021f171cd000 JavaThread "Unconstrained build operations Thread 43" [_thread_blocked, id=11048, stack(0x000000eb83800000,0x000000eb83900000)]
  0x0000021f171d1000 JavaThread "Unconstrained build operations Thread 44" [_thread_blocked, id=9336, stack(0x000000eb83900000,0x000000eb83a00000)]
  0x0000021f171ce000 JavaThread "Unconstrained build operations Thread 45" [_thread_blocked, id=7356, stack(0x000000eb83a00000,0x000000eb83b00000)]
  0x0000021f171cc000 JavaThread "Unconstrained build operations Thread 46" [_thread_blocked, id=7176, stack(0x000000eb83b00000,0x000000eb83c00000)]
  0x0000021f171d6000 JavaThread "Unconstrained build operations Thread 47" [_thread_blocked, id=18368, stack(0x000000eb83c00000,0x000000eb83d00000)]
  0x0000021f171d7800 JavaThread "Unconstrained build operations Thread 48" [_thread_blocked, id=4312, stack(0x000000eb83d00000,0x000000eb83e00000)]
  0x0000021f171d3800 JavaThread "Unconstrained build operations Thread 49" [_thread_blocked, id=13484, stack(0x000000eb83e00000,0x000000eb83f00000)]
  0x0000021f171d5000 JavaThread "Unconstrained build operations Thread 50" [_thread_blocked, id=13808, stack(0x000000eb83f00000,0x000000eb84000000)]
  0x0000021f171d4800 JavaThread "Unconstrained build operations Thread 51" [_thread_blocked, id=13048, stack(0x000000eb84000000,0x000000eb84100000)]
  0x0000021f171d2000 JavaThread "Unconstrained build operations Thread 52" [_thread_blocked, id=16856, stack(0x000000eb84100000,0x000000eb84200000)]
  0x0000021f171d7000 JavaThread "Unconstrained build operations Thread 53" [_thread_blocked, id=9312, stack(0x000000eb84200000,0x000000eb84300000)]
  0x0000021f171d3000 JavaThread "Unconstrained build operations Thread 54" [_thread_blocked, id=16904, stack(0x000000eb84300000,0x000000eb84400000)]
  0x0000021f171d8800 JavaThread "Unconstrained build operations Thread 55" [_thread_blocked, id=6900, stack(0x000000eb84400000,0x000000eb84500000)]
  0x0000021f171d9800 JavaThread "Unconstrained build operations Thread 56" [_thread_blocked, id=14752, stack(0x000000eb84500000,0x000000eb84600000)]
  0x0000021f1749f800 JavaThread "Unconstrained build operations Thread 57" [_thread_blocked, id=4024, stack(0x000000eb84600000,0x000000eb84700000)]
  0x0000021f174a5000 JavaThread "Unconstrained build operations Thread 58" [_thread_blocked, id=12412, stack(0x000000eb84700000,0x000000eb84800000)]
  0x0000021f174a1000 JavaThread "Unconstrained build operations Thread 59" [_thread_blocked, id=18252, stack(0x000000eb84800000,0x000000eb84900000)]
  0x0000021f174a4000 JavaThread "Unconstrained build operations Thread 60" [_thread_blocked, id=14792, stack(0x000000eb84900000,0x000000eb84a00000)]
  0x0000021f174a0000 JavaThread "Unconstrained build operations Thread 61" [_thread_blocked, id=12516, stack(0x000000eb84a00000,0x000000eb84b00000)]
  0x0000021f174a1800 JavaThread "Unconstrained build operations Thread 62" [_thread_blocked, id=14596, stack(0x000000eb84b00000,0x000000eb84c00000)]
  0x0000021f174a6000 JavaThread "Unconstrained build operations Thread 63" [_thread_blocked, id=8584, stack(0x000000eb84c00000,0x000000eb84d00000)]
  0x0000021f174a6800 JavaThread "Unconstrained build operations Thread 64" [_thread_blocked, id=15952, stack(0x000000eb84d00000,0x000000eb84e00000)]
  0x0000021f174a3800 JavaThread "Unconstrained build operations Thread 65" [_thread_blocked, id=11960, stack(0x000000eb84e00000,0x000000eb84f00000)]
  0x0000021f174a2800 JavaThread "Unconstrained build operations Thread 66" [_thread_blocked, id=17320, stack(0x000000eb84f00000,0x000000eb85000000)]
  0x0000021f174ac800 JavaThread "Unconstrained build operations Thread 67" [_thread_blocked, id=8148, stack(0x000000eb85000000,0x000000eb85100000)]
  0x0000021f174aa800 JavaThread "Unconstrained build operations Thread 68" [_thread_blocked, id=5964, stack(0x000000eb85100000,0x000000eb85200000)]
  0x0000021f174aa000 JavaThread "Unconstrained build operations Thread 69" [_thread_blocked, id=17984, stack(0x000000eb85200000,0x000000eb85300000)]
  0x0000021f174ab800 JavaThread "Unconstrained build operations Thread 70" [_thread_blocked, id=1600, stack(0x000000eb85300000,0x000000eb85400000)]
  0x0000021f174ad000 JavaThread "Unconstrained build operations Thread 71" [_thread_blocked, id=9620, stack(0x000000eb85400000,0x000000eb85500000)]
  0x0000021f174a8800 JavaThread "Unconstrained build operations Thread 72" [_thread_blocked, id=9372, stack(0x000000eb85500000,0x000000eb85600000)]
  0x0000021f174a7800 JavaThread "Unconstrained build operations Thread 73" [_thread_blocked, id=4996, stack(0x000000eb85600000,0x000000eb85700000)]
  0x0000021f174ae000 JavaThread "Unconstrained build operations Thread 74" [_thread_blocked, id=17724, stack(0x000000eb85700000,0x000000eb85800000)]
  0x0000021f174a9000 JavaThread "Unconstrained build operations Thread 75" [_thread_blocked, id=8656, stack(0x000000eb85800000,0x000000eb85900000)]
  0x0000021f1441b800 JavaThread "Unconstrained build operations Thread 76" [_thread_blocked, id=8560, stack(0x000000eb85900000,0x000000eb85a00000)]
  0x0000021f1441d000 JavaThread "Unconstrained build operations Thread 77" [_thread_blocked, id=12748, stack(0x000000eb85a00000,0x000000eb85b00000)]
  0x0000021f14419000 JavaThread "Unconstrained build operations Thread 78" [_thread_blocked, id=9980, stack(0x000000eb85b00000,0x000000eb85c00000)]
  0x0000021f1441c000 JavaThread "Unconstrained build operations Thread 79" [_thread_blocked, id=15868, stack(0x000000eb85c00000,0x000000eb85d00000)]
  0x0000021f14417800 JavaThread "Unconstrained build operations Thread 80" [_thread_blocked, id=12564, stack(0x000000eb85d00000,0x000000eb85e00000)]
  0x0000021f14418000 JavaThread "Unconstrained build operations Thread 81" [_thread_blocked, id=13376, stack(0x000000eb85e00000,0x000000eb85f00000)]
  0x0000021f14419800 JavaThread "Unconstrained build operations Thread 82" [_thread_blocked, id=13920, stack(0x000000eb85f00000,0x000000eb86000000)]
  0x0000021f1441e800 JavaThread "Unconstrained build operations Thread 83" [_thread_blocked, id=1504, stack(0x000000eb86000000,0x000000eb86100000)]
  0x0000021f14420800 JavaThread "Unconstrained build operations Thread 84" [_thread_blocked, id=12616, stack(0x000000eb86100000,0x000000eb86200000)]
  0x0000021f1441a800 JavaThread "Unconstrained build operations Thread 85" [_thread_blocked, id=11184, stack(0x000000eb86200000,0x000000eb86300000)]
  0x0000021f14421000 JavaThread "Unconstrained build operations Thread 86" [_thread_blocked, id=10132, stack(0x000000eb86300000,0x000000eb86400000)]
  0x0000021f14422000 JavaThread "Unconstrained build operations Thread 87" [_thread_blocked, id=13844, stack(0x000000eb86400000,0x000000eb86500000)]
  0x0000021f14422800 JavaThread "Unconstrained build operations Thread 88" [_thread_blocked, id=6580, stack(0x000000eb86500000,0x000000eb86600000)]
  0x0000021f14423800 JavaThread "Unconstrained build operations Thread 89" [_thread_blocked, id=7328, stack(0x000000eb86600000,0x000000eb86700000)]
  0x0000021f1441e000 JavaThread "Unconstrained build operations Thread 90" [_thread_blocked, id=13324, stack(0x000000eb86700000,0x000000eb86800000)]
  0x0000021f1441f800 JavaThread "Unconstrained build operations Thread 91" [_thread_blocked, id=8400, stack(0x000000eb86800000,0x000000eb86900000)]
  0x0000021f14426000 JavaThread "Unconstrained build operations Thread 92" [_thread_blocked, id=16528, stack(0x000000eb86900000,0x000000eb86a00000)]
  0x0000021f14424800 JavaThread "Unconstrained build operations Thread 93" [_thread_blocked, id=10116, stack(0x000000eb86a00000,0x000000eb86b00000)]
  0x0000021f14425000 JavaThread "Unconstrained build operations Thread 94" [_thread_blocked, id=4132, stack(0x000000eb86b00000,0x000000eb86c00000)]
  0x0000021f13bdd000 JavaThread "Unconstrained build operations Thread 95" [_thread_blocked, id=16764, stack(0x000000eb86c00000,0x000000eb86d00000)]
  0x0000021f13bde800 JavaThread "Unconstrained build operations Thread 96" [_thread_blocked, id=15432, stack(0x000000eb86d00000,0x000000eb86e00000)]
  0x0000021f13be1000 JavaThread "Unconstrained build operations Thread 97" [_thread_blocked, id=8256, stack(0x000000eb86e00000,0x000000eb86f00000)]
  0x0000021f13be0000 JavaThread "Unconstrained build operations Thread 98" [_thread_blocked, id=9836, stack(0x000000eb86f00000,0x000000eb87000000)]
  0x0000021f13be2000 JavaThread "Unconstrained build operations Thread 99" [_thread_blocked, id=12652, stack(0x000000eb87000000,0x000000eb87100000)]
  0x0000021f13bdc000 JavaThread "Unconstrained build operations Thread 100" [_thread_blocked, id=16780, stack(0x000000eb87100000,0x000000eb87200000)]
  0x0000021f13be2800 JavaThread "Unconstrained build operations Thread 101" [_thread_blocked, id=8008, stack(0x000000eb87200000,0x000000eb87300000)]
  0x0000021f13be3800 JavaThread "Unconstrained build operations Thread 102" [_thread_blocked, id=18200, stack(0x000000eb87300000,0x000000eb87400000)]
  0x0000021f13bdd800 JavaThread "Unconstrained build operations Thread 103" [_thread_blocked, id=7332, stack(0x000000eb87400000,0x000000eb87500000)]
  0x0000021f13bdf800 JavaThread "Unconstrained build operations Thread 104" [_thread_blocked, id=10168, stack(0x000000eb87500000,0x000000eb87600000)]
  0x0000021f13be6800 JavaThread "Unconstrained build operations Thread 105" [_thread_blocked, id=12088, stack(0x000000eb87600000,0x000000eb87700000)]
  0x0000021f13be8800 JavaThread "Unconstrained build operations Thread 106" [_thread_blocked, id=12908, stack(0x000000eb87700000,0x000000eb87800000)]
  0x0000021f13be7800 JavaThread "Unconstrained build operations Thread 107" [_thread_blocked, id=1868, stack(0x000000eb87800000,0x000000eb87900000)]
  0x0000021f13be9000 JavaThread "Unconstrained build operations Thread 108" [_thread_blocked, id=13316, stack(0x000000eb87900000,0x000000eb87a00000)]
  0x0000021f13bea000 JavaThread "Unconstrained build operations Thread 109" [_thread_blocked, id=13496, stack(0x000000eb87a00000,0x000000eb87b00000)]
  0x0000021f13be4800 JavaThread "Unconstrained build operations Thread 110" [_thread_blocked, id=17564, stack(0x000000eb87b00000,0x000000eb87c00000)]
  0x0000021f13beb000 JavaThread "Unconstrained build operations Thread 111" [_thread_blocked, id=17588, stack(0x000000eb87c00000,0x000000eb87d00000)]
  0x0000021f13be6000 JavaThread "Unconstrained build operations Thread 112" [_thread_blocked, id=8440, stack(0x000000eb87d00000,0x000000eb87e00000)]
  0x0000021f13be5000 JavaThread "Unconstrained build operations Thread 113" [_thread_blocked, id=10708, stack(0x000000eb87e00000,0x000000eb87f00000)]
  0x0000021f1632f000 JavaThread "Unconstrained build operations Thread 114" [_thread_blocked, id=2628, stack(0x000000eb87f00000,0x000000eb88000000)]
  0x0000021f16329800 JavaThread "Unconstrained build operations Thread 115" [_thread_blocked, id=7392, stack(0x000000eb88000000,0x000000eb88100000)]
  0x0000021f1632e800 JavaThread "Unconstrained build operations Thread 116" [_thread_blocked, id=15676, stack(0x000000eb88100000,0x000000eb88200000)]
  0x0000021f16330000 JavaThread "Unconstrained build operations Thread 117" [_thread_blocked, id=5540, stack(0x000000eb88200000,0x000000eb88300000)]
  0x0000021f1632c000 JavaThread "Unconstrained build operations Thread 118" [_thread_blocked, id=17260, stack(0x000000eb88300000,0x000000eb88400000)]
  0x0000021f1632a000 JavaThread "Unconstrained build operations Thread 119" [_thread_blocked, id=18232, stack(0x000000eb88400000,0x000000eb88500000)]
  0x0000021f1632d800 JavaThread "Unconstrained build operations Thread 120" [_thread_blocked, id=15788, stack(0x000000eb88500000,0x000000eb88600000)]
  0x0000021f16331000 JavaThread "Unconstrained build operations Thread 121" [_thread_blocked, id=9888, stack(0x000000eb88600000,0x000000eb88700000)]
  0x0000021f1632b000 JavaThread "Unconstrained build operations Thread 122" [_thread_blocked, id=8804, stack(0x000000eb88700000,0x000000eb88800000)]
  0x0000021f1632c800 JavaThread "Unconstrained build operations Thread 123" [_thread_blocked, id=12944, stack(0x000000eb88800000,0x000000eb88900000)]
  0x0000021f16336800 JavaThread "Unconstrained build operations Thread 124" [_thread_blocked, id=17864, stack(0x000000eb88900000,0x000000eb88a00000)]
  0x0000021f16331800 JavaThread "Unconstrained build operations Thread 125" [_thread_blocked, id=12492, stack(0x000000eb88a00000,0x000000eb88b00000)]
  0x0000021f16335000 JavaThread "Unconstrained build operations Thread 126" [_thread_blocked, id=9504, stack(0x000000eb88b00000,0x000000eb88c00000)]
  0x0000021f16338000 JavaThread "Unconstrained build operations Thread 127" [_thread_blocked, id=4160, stack(0x000000eb88c00000,0x000000eb88d00000)]
  0x0000021f16335800 JavaThread "Unconstrained build operations Thread 128" [_thread_blocked, id=3716, stack(0x000000eb88d00000,0x000000eb88e00000)]
  0x0000021f16337800 JavaThread "Unconstrained build operations Thread 129" [_thread_blocked, id=16476, stack(0x000000eb88e00000,0x000000eb88f00000)]
  0x0000021f16332800 JavaThread "Unconstrained build operations Thread 130" [_thread_blocked, id=9544, stack(0x000000eb88f00000,0x000000eb89000000)]
  0x0000021f16333000 JavaThread "Unconstrained build operations Thread 131" [_thread_blocked, id=13236, stack(0x000000eb89000000,0x000000eb89100000)]
  0x0000021f16334000 JavaThread "Unconstrained build operations Thread 132" [_thread_blocked, id=1964, stack(0x000000eb89100000,0x000000eb89200000)]
  0x0000021f195de000 JavaThread "Unconstrained build operations Thread 133" [_thread_blocked, id=1788, stack(0x000000eb89200000,0x000000eb89300000)]
  0x0000021f195dc800 JavaThread "Unconstrained build operations Thread 134" [_thread_blocked, id=13824, stack(0x000000eb89300000,0x000000eb89400000)]
  0x0000021f195d8800 JavaThread "Unconstrained build operations Thread 135" [_thread_blocked, id=7620, stack(0x000000eb89400000,0x000000eb89500000)]
  0x0000021f195df000 JavaThread "Unconstrained build operations Thread 136" [_thread_blocked, id=5332, stack(0x000000eb89500000,0x000000eb89600000)]
  0x0000021f195da000 JavaThread "Unconstrained build operations Thread 137" [_thread_blocked, id=12948, stack(0x000000eb89600000,0x000000eb89700000)]
  0x0000021f195d9000 JavaThread "jar transforms Thread 4" [_thread_blocked, id=10088, stack(0x000000eb89700000,0x000000eb89800000)]
  0x0000021f195e0800 JavaThread "jar transforms Thread 5" [_thread_blocked, id=4776, stack(0x000000eb89800000,0x000000eb89900000)]
  0x0000021f195df800 JavaThread "jar transforms Thread 6" [_thread_blocked, id=6808, stack(0x000000eb89900000,0x000000eb89a00000)]
  0x0000021f195da800 JavaThread "jar transforms Thread 7" [_thread_blocked, id=14556, stack(0x000000eb89a00000,0x000000eb89b00000)]
  0x0000021f195e1800 JavaThread "jar transforms Thread 8" [_thread_blocked, id=2932, stack(0x000000eb89b00000,0x000000eb89c00000)]
  0x0000021f195dd000 JavaThread "jar transforms Thread 9" [_thread_blocked, id=11112, stack(0x000000eb89c00000,0x000000eb89d00000)]
  0x0000021f195db800 JavaThread "jar transforms Thread 10" [_thread_blocked, id=17476, stack(0x000000eb89d00000,0x000000eb89e00000)]
  0x0000021f195e5800 JavaThread "jar transforms Thread 11" [_thread_blocked, id=9188, stack(0x000000eb89e00000,0x000000eb89f00000)]
  0x0000021f195e2000 JavaThread "jar transforms Thread 12" [_thread_blocked, id=9080, stack(0x000000eb89f00000,0x000000eb8a000000)]
  0x0000021f195e4800 JavaThread "jar transforms Thread 13" [_thread_blocked, id=11396, stack(0x000000eb8a000000,0x000000eb8a100000)]
  0x0000021f195e7000 JavaThread "jar transforms Thread 14" [_thread_blocked, id=9228, stack(0x000000eb8a100000,0x000000eb8a200000)]
  0x0000021f195e3000 JavaThread "jar transforms Thread 15" [_thread_blocked, id=11808, stack(0x000000eb8a200000,0x000000eb8a300000)]
  0x0000021f195e3800 JavaThread "jar transforms Thread 16" [_thread_blocked, id=10980, stack(0x000000eb8a300000,0x000000eb8a400000)]
  0x0000021f195e6000 JavaThread "Memory manager" [_thread_blocked, id=8072, stack(0x000000eb8a400000,0x000000eb8a500000)]

Other Threads:
  0x0000021f131d7000 VMThread "VM Thread" [stack: 0x000000ebfd700000,0x000000ebfd800000] [id=13084]
  0x0000021f13c2e000 WatcherThread [stack: 0x000000ebfe200000,0x000000ebfe300000] [id=9108]
  0x0000021f780c5800 GCTaskThread "GC Thread#0" [stack: 0x000000ebfd200000,0x000000ebfd300000] [id=12864]
  0x0000021f14824800 GCTaskThread "GC Thread#1" [stack: 0x000000ebfe600000,0x000000ebfe700000] [id=15560]
  0x0000021f16a44000 GCTaskThread "GC Thread#2" [stack: 0x000000ebfe900000,0x000000ebfea00000] [id=17056]
  0x0000021f14a3c800 GCTaskThread "GC Thread#3" [stack: 0x000000ebfea00000,0x000000ebfeb00000] [id=16380]
  0x0000021f15801800 GCTaskThread "GC Thread#4" [stack: 0x000000ebfeb00000,0x000000ebfec00000] [id=4284]
  0x0000021f1493c000 GCTaskThread "GC Thread#5" [stack: 0x000000ebfec00000,0x000000ebfed00000] [id=16788]
  0x0000021f15ab1800 GCTaskThread "GC Thread#6" [stack: 0x000000ebfed00000,0x000000ebfee00000] [id=3744]
  0x0000021f153cc800 GCTaskThread "GC Thread#7" [stack: 0x000000ebfee00000,0x000000ebfef00000] [id=8932]
  0x0000021f160f2000 GCTaskThread "GC Thread#8" [stack: 0x000000ebff900000,0x000000ebffa00000] [id=15080]
  0x0000021f160ef000 GCTaskThread "GC Thread#9" [stack: 0x000000ebffa00000,0x000000ebffb00000] [id=8044]
  0x0000021f160ec800 GCTaskThread "GC Thread#10" [stack: 0x000000ebffb00000,0x000000ebffc00000] [id=7636]
  0x0000021f160ee000 GCTaskThread "GC Thread#11" [stack: 0x000000ebffc00000,0x000000ebffd00000] [id=3108]
  0x0000021f160f0800 GCTaskThread "GC Thread#12" [stack: 0x000000ebffd00000,0x000000ebffe00000] [id=9580]
  0x0000021f780fb000 ConcurrentGCThread "G1 Main Marker" [stack: 0x000000ebfd300000,0x000000ebfd400000] [id=8288]
  0x0000021f780fe000 ConcurrentGCThread "G1 Conc#0" [stack: 0x000000ebfd400000,0x000000ebfd500000] [id=4000]
  0x0000021f160ef800 ConcurrentGCThread "G1 Conc#1" [stack: 0x000000ebffe00000,0x000000ebfff00000] [id=14128]
  0x0000021f160eb800 ConcurrentGCThread "G1 Conc#2" [stack: 0x000000ebfff00000,0x000000ec00000000] [id=6004]
  0x0000021f7817c800 ConcurrentGCThread "G1 Refine#0" [stack: 0x000000ebfd500000,0x000000ebfd600000] [id=12372]
  0x0000021f13023000 ConcurrentGCThread "G1 Young RemSet Sampling" [stack: 0x000000ebfd600000,0x000000ebfd700000] [id=12572]

Threads with active compile tasks:
C2 CompilerThread0   8279 6718   !   4       java.util.jar.Attributes::read (390 bytes)
C2 CompilerThread1   8279 6882       4       jdk.internal.loader.URLClassPath$JarLoader$2::getInputStream (15 bytes)

VM state:not at safepoint (normal execution)

VM Mutex/Monitor currently owned by a thread: None

Heap address: 0x0000000080000000, size: 2048 MB, Compressed Oops mode: 32-bit
Narrow klass base: 0x0000000000000000, Narrow klass shift: 3
Compressed class space size: 1073741824 Address: 0x0000000100000000

Heap:
 garbage-first heap   total 120832K, used 74483K [0x0000000080000000, 0x0000000100000000)
  region size 1024K, 31 young (31744K), 2 survivors (2048K)
 Metaspace       used 62159K, capacity 63717K, committed 63820K, reserved 1103872K
  class space    used 7887K, capacity 8479K, committed 8524K, reserved 1048576K
Heap Regions: E=young(eden), S=young(survivor), O=old, HS=humongous(starts), HC=humongous(continues), CS=collection set, F=free, A=archive, TAMS=top-at-mark-start (previous, next)
|   0|0x0000000080000000, 0x0000000080100000, 0x0000000080100000|100%| O|  |TAMS 0x0000000080100000, 0x0000000080000000| Untracked 
|   1|0x0000000080100000, 0x0000000080200000, 0x0000000080200000|100%| O|  |TAMS 0x0000000080200000, 0x0000000080100000| Untracked 
|   2|0x0000000080200000, 0x0000000080300000, 0x0000000080300000|100%| O|  |TAMS 0x0000000080300000, 0x0000000080200000| Untracked 
|   3|0x0000000080300000, 0x0000000080400000, 0x0000000080400000|100%|HS|  |TAMS 0x0000000080400000, 0x0000000080300000| Complete 
|   4|0x0000000080400000, 0x0000000080500000, 0x0000000080500000|100%|HC|  |TAMS 0x0000000080500000, 0x0000000080400000| Complete 
|   5|0x0000000080500000, 0x0000000080600000, 0x0000000080600000|100%|HC|  |TAMS 0x0000000080600000, 0x0000000080500000| Complete 
|   6|0x0000000080600000, 0x0000000080700000, 0x0000000080700000|100%| O|  |TAMS 0x0000000080700000, 0x0000000080600000| Untracked 
|   7|0x0000000080700000, 0x0000000080800000, 0x0000000080800000|100%| O|  |TAMS 0x0000000080800000, 0x0000000080700000| Untracked 
|   8|0x0000000080800000, 0x0000000080900000, 0x0000000080900000|100%| O|  |TAMS 0x0000000080900000, 0x0000000080800000| Untracked 
|   9|0x0000000080900000, 0x0000000080a00000, 0x0000000080a00000|100%| O|  |TAMS 0x0000000080a00000, 0x0000000080900000| Untracked 
|  10|0x0000000080a00000, 0x0000000080b00000, 0x0000000080b00000|100%| O|  |TAMS 0x0000000080b00000, 0x0000000080a00000| Untracked 
|  11|0x0000000080b00000, 0x0000000080c00000, 0x0000000080c00000|100%| O|  |TAMS 0x0000000080c00000, 0x0000000080b00000| Untracked 
|  12|0x0000000080c00000, 0x0000000080d00000, 0x0000000080d00000|100%| O|  |TAMS 0x0000000080d00000, 0x0000000080c00000| Untracked 
|  13|0x0000000080d00000, 0x0000000080e00000, 0x0000000080e00000|100%| O|  |TAMS 0x0000000080e00000, 0x0000000080d00000| Untracked 
|  14|0x0000000080e00000, 0x0000000080f00000, 0x0000000080f00000|100%| O|  |TAMS 0x0000000080f00000, 0x0000000080e00000| Untracked 
|  15|0x0000000080f00000, 0x0000000081000000, 0x0000000081000000|100%| O|  |TAMS 0x0000000081000000, 0x0000000080f00000| Untracked 
|  16|0x0000000081000000, 0x0000000081100000, 0x0000000081100000|100%| O|  |TAMS 0x0000000081100000, 0x0000000081000000| Untracked 
|  17|0x0000000081100000, 0x0000000081200000, 0x0000000081200000|100%|HS|  |TAMS 0x0000000081200000, 0x0000000081100000| Complete 
|  18|0x0000000081200000, 0x0000000081300000, 0x0000000081300000|100%| O|  |TAMS 0x0000000081300000, 0x0000000081200000| Untracked 
|  19|0x0000000081300000, 0x0000000081400000, 0x0000000081400000|100%| O|  |TAMS 0x0000000081400000, 0x0000000081300000| Untracked 
|  20|0x0000000081400000, 0x0000000081500000, 0x0000000081500000|100%| O|  |TAMS 0x0000000081500000, 0x0000000081400000| Untracked 
|  21|0x0000000081500000, 0x0000000081600000, 0x0000000081600000|100%| O|  |TAMS 0x0000000081600000, 0x0000000081500000| Untracked 
|  22|0x0000000081600000, 0x0000000081700000, 0x0000000081700000|100%| O|  |TAMS 0x0000000081700000, 0x0000000081600000| Untracked 
|  23|0x0000000081700000, 0x0000000081800000, 0x0000000081800000|100%| O|  |TAMS 0x0000000081800000, 0x0000000081700000| Untracked 
|  24|0x0000000081800000, 0x0000000081900000, 0x0000000081900000|100%| O|  |TAMS 0x0000000081900000, 0x0000000081800000| Untracked 
|  25|0x0000000081900000, 0x0000000081a00000, 0x0000000081a00000|100%| O|  |TAMS 0x0000000081a00000, 0x0000000081900000| Untracked 
|  26|0x0000000081a00000, 0x0000000081b00000, 0x0000000081b00000|100%| O|  |TAMS 0x0000000081b00000, 0x0000000081a00000| Untracked 
|  27|0x0000000081b00000, 0x0000000081c00000, 0x0000000081c00000|100%| O|  |TAMS 0x0000000081c00000, 0x0000000081b00000| Untracked 
|  28|0x0000000081c00000, 0x0000000081d00000, 0x0000000081d00000|100%|HS|  |TAMS 0x0000000081d00000, 0x0000000081c00000| Complete 
|  29|0x0000000081d00000, 0x0000000081e00000, 0x0000000081e00000|100%|HS|  |TAMS 0x0000000081e00000, 0x0000000081d00000| Complete 
|  30|0x0000000081e00000, 0x0000000081f00000, 0x0000000081f00000|100%|HC|  |TAMS 0x0000000081f00000, 0x0000000081e00000| Complete 
|  31|0x0000000081f00000, 0x0000000082000000, 0x0000000082000000|100%| O|  |TAMS 0x0000000082000000, 0x0000000081f00000| Untracked 
|  32|0x0000000082000000, 0x0000000082100000, 0x0000000082100000|100%| O|  |TAMS 0x0000000082100000, 0x0000000082000000| Untracked 
|  33|0x0000000082100000, 0x0000000082200000, 0x0000000082200000|100%| O|  |TAMS 0x0000000082200000, 0x0000000082100000| Untracked 
|  34|0x0000000082200000, 0x0000000082300000, 0x0000000082300000|100%| O|  |TAMS 0x0000000082300000, 0x0000000082200000| Untracked 
|  35|0x0000000082300000, 0x0000000082400000, 0x0000000082400000|100%| O|  |TAMS 0x0000000082400000, 0x0000000082300000| Untracked 
|  36|0x0000000082400000, 0x0000000082500000, 0x0000000082500000|100%| O|  |TAMS 0x0000000082500000, 0x0000000082400000| Untracked 
|  37|0x0000000082500000, 0x0000000082600000, 0x0000000082600000|100%| O|  |TAMS 0x0000000082600000, 0x0000000082500000| Untracked 
|  38|0x0000000082600000, 0x0000000082700000, 0x0000000082700000|100%| O|  |TAMS 0x0000000082700000, 0x0000000082600000| Untracked 
|  39|0x0000000082700000, 0x0000000082800000, 0x0000000082800000|100%| O|  |TAMS 0x0000000082800000, 0x0000000082700000| Untracked 
|  40|0x0000000082800000, 0x0000000082900000, 0x0000000082900000|100%| O|  |TAMS 0x0000000082900000, 0x0000000082800000| Untracked 
|  41|0x0000000082900000, 0x0000000082a00000, 0x0000000082a00000|100%| O|  |TAMS 0x0000000082a00000, 0x0000000082900000| Untracked 
|  42|0x0000000082a00000, 0x0000000082b00000, 0x0000000082b00000|100%| O|  |TAMS 0x0000000082b00000, 0x0000000082a00000| Untracked 
|  43|0x0000000082b00000, 0x0000000082c00000, 0x0000000082c00000|100%| O|  |TAMS 0x0000000082c00000, 0x0000000082b00000| Untracked 
|  44|0x0000000082c00000, 0x0000000082c00000, 0x0000000082d00000|  0%| F|  |TAMS 0x0000000082c00000, 0x0000000082c00000| Untracked 
|  45|0x0000000082d00000, 0x0000000082d00000, 0x0000000082e00000|  0%| F|  |TAMS 0x0000000082d00000, 0x0000000082d00000| Untracked 
|  46|0x0000000082e00000, 0x0000000082e00000, 0x0000000082f00000|  0%| F|  |TAMS 0x0000000082e00000, 0x0000000082e00000| Untracked 
|  47|0x0000000082f00000, 0x0000000082f00000, 0x0000000083000000|  0%| F|  |TAMS 0x0000000082f00000, 0x0000000082f00000| Untracked 
|  48|0x0000000083000000, 0x0000000083000000, 0x0000000083100000|  0%| F|  |TAMS 0x0000000083000000, 0x0000000083000000| Untracked 
|  49|0x0000000083100000, 0x0000000083100000, 0x0000000083200000|  0%| F|  |TAMS 0x0000000083100000, 0x0000000083100000| Untracked 
|  50|0x0000000083200000, 0x0000000083200000, 0x0000000083300000|  0%| F|  |TAMS 0x0000000083200000, 0x0000000083200000| Untracked 
|  51|0x0000000083300000, 0x0000000083300000, 0x0000000083400000|  0%| F|  |TAMS 0x0000000083300000, 0x0000000083300000| Untracked 
|  52|0x0000000083400000, 0x0000000083400000, 0x0000000083500000|  0%| F|  |TAMS 0x0000000083400000, 0x0000000083400000| Untracked 
|  53|0x0000000083500000, 0x0000000083500000, 0x0000000083600000|  0%| F|  |TAMS 0x0000000083500000, 0x0000000083500000| Untracked 
|  54|0x0000000083600000, 0x0000000083600000, 0x0000000083700000|  0%| F|  |TAMS 0x0000000083600000, 0x0000000083600000| Untracked 
|  55|0x0000000083700000, 0x0000000083700000, 0x0000000083800000|  0%| F|  |TAMS 0x0000000083700000, 0x0000000083700000| Untracked 
|  56|0x0000000083800000, 0x0000000083800000, 0x0000000083900000|  0%| F|  |TAMS 0x0000000083800000, 0x0000000083800000| Untracked 
|  57|0x0000000083900000, 0x0000000083900000, 0x0000000083a00000|  0%| F|  |TAMS 0x0000000083900000, 0x0000000083900000| Untracked 
|  58|0x0000000083a00000, 0x0000000083a00000, 0x0000000083b00000|  0%| F|  |TAMS 0x0000000083a00000, 0x0000000083a00000| Untracked 
|  59|0x0000000083b00000, 0x0000000083b00000, 0x0000000083c00000|  0%| F|  |TAMS 0x0000000083b00000, 0x0000000083b00000| Untracked 
|  60|0x0000000083c00000, 0x0000000083c00000, 0x0000000083d00000|  0%| F|  |TAMS 0x0000000083c00000, 0x0000000083c00000| Untracked 
|  61|0x0000000083d00000, 0x0000000083d00000, 0x0000000083e00000|  0%| F|  |TAMS 0x0000000083d00000, 0x0000000083d00000| Untracked 
|  62|0x0000000083e00000, 0x0000000083e00000, 0x0000000083f00000|  0%| F|  |TAMS 0x0000000083e00000, 0x0000000083e00000| Untracked 
|  63|0x0000000083f00000, 0x0000000083f00000, 0x0000000084000000|  0%| F|  |TAMS 0x0000000083f00000, 0x0000000083f00000| Untracked 
|  64|0x0000000084000000, 0x0000000084000000, 0x0000000084100000|  0%| F|  |TAMS 0x0000000084000000, 0x0000000084000000| Untracked 
|  65|0x0000000084100000, 0x0000000084100000, 0x0000000084200000|  0%| F|  |TAMS 0x0000000084100000, 0x0000000084100000| Untracked 
|  66|0x0000000084200000, 0x0000000084200000, 0x0000000084300000|  0%| F|  |TAMS 0x0000000084200000, 0x0000000084200000| Untracked 
|  67|0x0000000084300000, 0x0000000084300000, 0x0000000084400000|  0%| F|  |TAMS 0x0000000084300000, 0x0000000084300000| Untracked 
|  68|0x0000000084400000, 0x0000000084400000, 0x0000000084500000|  0%| F|  |TAMS 0x0000000084400000, 0x0000000084400000| Untracked 
|  69|0x0000000084500000, 0x0000000084500000, 0x0000000084600000|  0%| F|  |TAMS 0x0000000084500000, 0x0000000084500000| Untracked 
|  70|0x0000000084600000, 0x0000000084600000, 0x0000000084700000|  0%| F|  |TAMS 0x0000000084600000, 0x0000000084600000| Untracked 
|  71|0x0000000084700000, 0x0000000084700000, 0x0000000084800000|  0%| F|  |TAMS 0x0000000084700000, 0x0000000084700000| Untracked 
|  72|0x0000000084800000, 0x00000000848bcca0, 0x0000000084900000| 73%| S|CS|TAMS 0x0000000084800000, 0x0000000084800000| Complete 
|  73|0x0000000084900000, 0x0000000084a00000, 0x0000000084a00000|100%| S|CS|TAMS 0x0000000084900000, 0x0000000084900000| Complete 
|  74|0x0000000084a00000, 0x0000000084a00000, 0x0000000084b00000|  0%| F|  |TAMS 0x0000000084a00000, 0x0000000084a00000| Untracked 
|  75|0x0000000084b00000, 0x0000000084b00000, 0x0000000084c00000|  0%| F|  |TAMS 0x0000000084b00000, 0x0000000084b00000| Untracked 
|  76|0x0000000084c00000, 0x0000000084c00000, 0x0000000084d00000|  0%| F|  |TAMS 0x0000000084c00000, 0x0000000084c00000| Untracked 
|  77|0x0000000084d00000, 0x0000000084d00000, 0x0000000084e00000|  0%| F|  |TAMS 0x0000000084d00000, 0x0000000084d00000| Untracked 
|  78|0x0000000084e00000, 0x0000000084e00000, 0x0000000084f00000|  0%| F|  |TAMS 0x0000000084e00000, 0x0000000084e00000| Untracked 
|  79|0x0000000084f00000, 0x0000000084f00000, 0x0000000085000000|  0%| F|  |TAMS 0x0000000084f00000, 0x0000000084f00000| Untracked 
|  80|0x0000000085000000, 0x0000000085000000, 0x0000000085100000|  0%| F|  |TAMS 0x0000000085000000, 0x0000000085000000| Untracked 
|  81|0x0000000085100000, 0x0000000085100000, 0x0000000085200000|  0%| F|  |TAMS 0x0000000085100000, 0x0000000085100000| Untracked 
|  82|0x0000000085200000, 0x0000000085200000, 0x0000000085300000|  0%| F|  |TAMS 0x0000000085200000, 0x0000000085200000| Untracked 
|  83|0x0000000085300000, 0x0000000085300000, 0x0000000085400000|  0%| F|  |TAMS 0x0000000085300000, 0x0000000085300000| Untracked 
|  84|0x0000000085400000, 0x0000000085400000, 0x0000000085500000|  0%| F|  |TAMS 0x0000000085400000, 0x0000000085400000| Untracked 
|  85|0x0000000085500000, 0x0000000085500000, 0x0000000085600000|  0%| F|  |TAMS 0x0000000085500000, 0x0000000085500000| Untracked 
|  86|0x0000000085600000, 0x0000000085600000, 0x0000000085700000|  0%| F|  |TAMS 0x0000000085600000, 0x0000000085600000| Untracked 
|  87|0x0000000085700000, 0x0000000085700000, 0x0000000085800000|  0%| F|  |TAMS 0x0000000085700000, 0x0000000085700000| Untracked 
|  88|0x0000000085800000, 0x0000000085800000, 0x0000000085900000|  0%| F|  |TAMS 0x0000000085800000, 0x0000000085800000| Untracked 
|  89|0x0000000085900000, 0x0000000085980800, 0x0000000085a00000| 50%| E|  |TAMS 0x0000000085900000, 0x0000000085900000| Complete 
|  90|0x0000000085a00000, 0x0000000085b00000, 0x0000000085b00000|100%| E|CS|TAMS 0x0000000085a00000, 0x0000000085a00000| Complete 
|  91|0x0000000085b00000, 0x0000000085c00000, 0x0000000085c00000|100%| E|CS|TAMS 0x0000000085b00000, 0x0000000085b00000| Complete 
|  92|0x0000000085c00000, 0x0000000085d00000, 0x0000000085d00000|100%| E|CS|TAMS 0x0000000085c00000, 0x0000000085c00000| Complete 
|  93|0x0000000085d00000, 0x0000000085e00000, 0x0000000085e00000|100%| E|CS|TAMS 0x0000000085d00000, 0x0000000085d00000| Complete 
|  94|0x0000000085e00000, 0x0000000085f00000, 0x0000000085f00000|100%| E|CS|TAMS 0x0000000085e00000, 0x0000000085e00000| Complete 
|  95|0x0000000085f00000, 0x0000000086000000, 0x0000000086000000|100%| E|CS|TAMS 0x0000000085f00000, 0x0000000085f00000| Complete 
|  96|0x0000000086000000, 0x0000000086100000, 0x0000000086100000|100%| E|CS|TAMS 0x0000000086000000, 0x0000000086000000| Complete 
|  97|0x0000000086100000, 0x0000000086200000, 0x0000000086200000|100%| E|CS|TAMS 0x0000000086100000, 0x0000000086100000| Complete 
|  98|0x0000000086200000, 0x0000000086300000, 0x0000000086300000|100%| E|CS|TAMS 0x0000000086200000, 0x0000000086200000| Complete 
|  99|0x0000000086300000, 0x0000000086400000, 0x0000000086400000|100%| E|  |TAMS 0x0000000086300000, 0x0000000086300000| Complete 
| 100|0x0000000086400000, 0x0000000086500000, 0x0000000086500000|100%| E|CS|TAMS 0x0000000086400000, 0x0000000086400000| Complete 
| 101|0x0000000086500000, 0x0000000086600000, 0x0000000086600000|100%| E|CS|TAMS 0x0000000086500000, 0x0000000086500000| Complete 
| 102|0x0000000086600000, 0x0000000086700000, 0x0000000086700000|100%| E|CS|TAMS 0x0000000086600000, 0x0000000086600000| Complete 
| 103|0x0000000086700000, 0x0000000086800000, 0x0000000086800000|100%| E|CS|TAMS 0x0000000086700000, 0x0000000086700000| Complete 
| 104|0x0000000086800000, 0x0000000086900000, 0x0000000086900000|100%| E|CS|TAMS 0x0000000086800000, 0x0000000086800000| Complete 
| 105|0x0000000086900000, 0x0000000086a00000, 0x0000000086a00000|100%| E|CS|TAMS 0x0000000086900000, 0x0000000086900000| Complete 
| 106|0x0000000086a00000, 0x0000000086b00000, 0x0000000086b00000|100%| E|CS|TAMS 0x0000000086a00000, 0x0000000086a00000| Complete 
| 107|0x0000000086b00000, 0x0000000086c00000, 0x0000000086c00000|100%| E|CS|TAMS 0x0000000086b00000, 0x0000000086b00000| Complete 
| 108|0x0000000086c00000, 0x0000000086d00000, 0x0000000086d00000|100%| E|CS|TAMS 0x0000000086c00000, 0x0000000086c00000| Complete 
| 109|0x0000000086d00000, 0x0000000086e00000, 0x0000000086e00000|100%| E|CS|TAMS 0x0000000086d00000, 0x0000000086d00000| Complete 
| 110|0x0000000086e00000, 0x0000000086f00000, 0x0000000086f00000|100%| E|CS|TAMS 0x0000000086e00000, 0x0000000086e00000| Complete 
| 111|0x0000000086f00000, 0x0000000087000000, 0x0000000087000000|100%| E|CS|TAMS 0x0000000086f00000, 0x0000000086f00000| Complete 
| 112|0x0000000087000000, 0x0000000087100000, 0x0000000087100000|100%| E|CS|TAMS 0x0000000087000000, 0x0000000087000000| Complete 
| 113|0x0000000087100000, 0x0000000087200000, 0x0000000087200000|100%| E|CS|TAMS 0x0000000087100000, 0x0000000087100000| Complete 
| 114|0x0000000087200000, 0x0000000087300000, 0x0000000087300000|100%| E|CS|TAMS 0x0000000087200000, 0x0000000087200000| Complete 
| 115|0x0000000087300000, 0x0000000087400000, 0x0000000087400000|100%| E|CS|TAMS 0x0000000087300000, 0x0000000087300000| Complete 
| 116|0x0000000087400000, 0x0000000087500000, 0x0000000087500000|100%| E|CS|TAMS 0x0000000087400000, 0x0000000087400000| Complete 
| 117|0x0000000087500000, 0x0000000087600000, 0x0000000087600000|100%| E|CS|TAMS 0x0000000087500000, 0x0000000087500000| Complete 

Card table byte_map: [0x0000021f7c830000,0x0000021f7cc30000] _byte_map_base: 0x0000021f7c430000

Marking Bits (Prev, Next): (CMBitMap*) 0x0000021f780f2530, (CMBitMap*) 0x0000021f780f24f8
 Prev Bits: [0x0000021f0f000000, 0x0000021f11000000)
 Next Bits: [0x0000021f7d030000, 0x0000021f7f030000)

Polling page: 0x0000021f76060000

Metaspace:

Usage:
  Non-class:     53.94 MB capacity,    53.00 MB ( 98%) used,   794.77 KB (  1%) free+waste,   167.38 KB ( <1%) overhead. 
      Class:      8.28 MB capacity,     7.70 MB ( 93%) used,   511.61 KB (  6%) free+waste,    78.69 KB ( <1%) overhead. 
       Both:     62.22 MB capacity,    60.71 MB ( 98%) used,     1.28 MB (  2%) free+waste,   246.06 KB ( <1%) overhead. 

Virtual space:
  Non-class space:       54.00 MB reserved,      54.00 MB (100%) committed 
      Class space:        1.00 GB reserved,       8.32 MB ( <1%) committed 
             Both:        1.05 GB reserved,      62.32 MB (  6%) committed 

Chunk freelists:
   Non-Class:  58.00 KB
       Class:  1.00 KB
        Both:  59.00 KB

MaxMetaspaceSize: 17179869184.00 GB
CompressedClassSpaceSize: 1.00 GB
Initial GC threshold: 20.80 MB
Current GC threshold: 98.25 MB
CDS: off

CodeHeap 'non-profiled nmethods': size=119168Kb used=3616Kb max_used=3616Kb free=115551Kb
 bounds [0x0000021f07ba0000, 0x0000021f07f30000, 0x0000021f0f000000]
CodeHeap 'profiled nmethods': size=119168Kb used=14834Kb max_used=14834Kb free=104334Kb
 bounds [0x0000021f00740000, 0x0000021f015c0000, 0x0000021f07ba0000]
CodeHeap 'non-nmethods': size=7424Kb used=4026Kb max_used=4068Kb free=3397Kb
 bounds [0x0000021f00000000, 0x0000021f00400000, 0x0000021f00740000]
 total_blobs=7681 nmethods=6837 adapters=753
 compilation: enabled
              stopped_count=0, restarted_count=0
 full_count=0

Compilation events (20 events):
Event: 8.239 Thread 0x0000021f131f9800 6878   !   3       java.util.jar.JarFile$JarFileEntry::getCodeSigners (81 bytes)
Event: 8.239 Thread 0x0000021f15443800 6879       3       java.security.SecureClassLoader$CodeSourceKey::hashCode (21 bytes)
Event: 8.239 Thread 0x0000021f155c0000 nmethod 6874 0x0000021f015b3c90 code [0x0000021f015b3ec0, 0x0000021f015b46f8]
Event: 8.239 Thread 0x0000021f15443800 nmethod 6879 0x0000021f015b4a10 code [0x0000021f015b4be0, 0x0000021f015b4da8]
Event: 8.239 Thread 0x0000021f13176800 nmethod 6877 0x0000021f015b4e90 code [0x0000021f015b5080, 0x0000021f015b5578]
Event: 8.239 Thread 0x0000021f131f9800 nmethod 6878 0x0000021f015b5710 code [0x0000021f015b5940, 0x0000021f015b5ee8]
Event: 8.240 Thread 0x0000021f155c0000 6880       1       org.gradle.api.internal.DefaultDomainObjectCollection::getStore (5 bytes)
Event: 8.240 Thread 0x0000021f155c0000 nmethod 6880 0x0000021f07f24990 code [0x0000021f07f24b40, 0x0000021f07f24bf8]
Event: 8.242 Thread 0x0000021f16e7a800 nmethod 6847% 0x0000021f07f24c90 code [0x0000021f07f24e40, 0x0000021f07f25b38]
Event: 8.242 Thread 0x0000021f16e7a800 6783       4       java.lang.AbstractStringBuilder::isLatin1 (19 bytes)
Event: 8.242 Thread 0x0000021f16e7a800 nmethod 6783 0x0000021f07f25e10 code [0x0000021f07f25fa0, 0x0000021f07f26018]
Event: 8.242 Thread 0x0000021f16e7a800 6795       4       java.math.BigInteger::implMulAddCheck (173 bytes)
Event: 8.243 Thread 0x0000021f16e7a800 nmethod 6795 0x0000021f07f26110 code [0x0000021f07f262a0, 0x0000021f07f26398]
Event: 8.243 Thread 0x0000021f16e7a800 6797       4       java.math.BigInteger::addOne (77 bytes)
Event: 8.244 Thread 0x0000021f16e7a800 nmethod 6797 0x0000021f07f26510 code [0x0000021f07f266a0, 0x0000021f07f267b8]
Event: 8.244 Thread 0x0000021f16e7a800 6748       4       java.lang.Character::digit (6 bytes)
Event: 8.245 Thread 0x0000021f16e7a800 nmethod 6748 0x0000021f07f26910 code [0x0000021f07f26aa0, 0x0000021f07f26b78]
Event: 8.245 Thread 0x0000021f16e7a800 6826       4       java.lang.String::<init> (55 bytes)
Event: 8.249 Thread 0x0000021f15443800 6881       3       java.security.CodeSource::getCertificates (98 bytes)
Event: 8.249 Thread 0x0000021f15443800 nmethod 6881 0x0000021f015b6110 code [0x0000021f015b6380, 0x0000021f015b6ec8]

GC Heap History (20 events):
Event: 2.646 GC heap before
{Heap before GC invocations=1 (full 0):
 garbage-first heap   total 120832K, used 78012K [0x0000000080000000, 0x0000000100000000)
  region size 1024K, 70 young (71680K), 3 survivors (3072K)
 Metaspace       used 16292K, capacity 16611K, committed 16896K, reserved 1064960K
  class space    used 1847K, capacity 1965K, committed 2048K, reserved 1048576K
}
Event: 2.654 GC heap after
{Heap after GC invocations=2 (full 0):
 garbage-first heap   total 120832K, used 15805K [0x0000000080000000, 0x0000000100000000)
  region size 1024K, 9 young (9216K), 9 survivors (9216K)
 Metaspace       used 16292K, capacity 16611K, committed 16896K, reserved 1064960K
  class space    used 1847K, capacity 1965K, committed 2048K, reserved 1048576K
}
Event: 3.242 GC heap before
{Heap before GC invocations=2 (full 0):
 garbage-first heap   total 120832K, used 52669K [0x0000000080000000, 0x0000000100000000)
  region size 1024K, 46 young (47104K), 9 survivors (9216K)
 Metaspace       used 20777K, capacity 21139K, committed 21248K, reserved 1067008K
  class space    used 2539K, capacity 2710K, committed 2816K, reserved 1048576K
}
Event: 3.249 GC heap after
{Heap after GC invocations=3 (full 0):
 garbage-first heap   total 120832K, used 17571K [0x0000000080000000, 0x0000000100000000)
  region size 1024K, 2 young (2048K), 2 survivors (2048K)
 Metaspace       used 20777K, capacity 21139K, committed 21248K, reserved 1067008K
  class space    used 2539K, capacity 2710K, committed 2816K, reserved 1048576K
}
Event: 3.935 GC heap before
{Heap before GC invocations=4 (full 0):
 garbage-first heap   total 120832K, used 68771K [0x0000000080000000, 0x0000000100000000)
  region size 1024K, 52 young (53248K), 2 survivors (2048K)
 Metaspace       used 26090K, capacity 26698K, committed 27008K, reserved 1073152K
  class space    used 3401K, capacity 3616K, committed 3712K, reserved 1048576K
}
Event: 3.937 GC heap after
{Heap after GC invocations=5 (full 0):
 garbage-first heap   total 120832K, used 19314K [0x0000000080000000, 0x0000000100000000)
  region size 1024K, 4 young (4096K), 4 survivors (4096K)
 Metaspace       used 26090K, capacity 26698K, committed 27008K, reserved 1073152K
  class space    used 3401K, capacity 3616K, committed 3712K, reserved 1048576K
}
Event: 4.663 GC heap before
{Heap before GC invocations=5 (full 0):
 garbage-first heap   total 120832K, used 74610K [0x0000000080000000, 0x0000000100000000)
  region size 1024K, 58 young (59392K), 4 survivors (4096K)
 Metaspace       used 31681K, capacity 32441K, committed 32768K, reserved 1077248K
  class space    used 4229K, capacity 4510K, committed 4608K, reserved 1048576K
}
Event: 4.667 GC heap after
{Heap after GC invocations=6 (full 0):
 garbage-first heap   total 120832K, used 21067K [0x0000000080000000, 0x0000000100000000)
  region size 1024K, 6 young (6144K), 6 survivors (6144K)
 Metaspace       used 31681K, capacity 32441K, committed 32768K, reserved 1077248K
  class space    used 4229K, capacity 4510K, committed 4608K, reserved 1048576K
}
Event: 4.923 GC heap before
{Heap before GC invocations=6 (full 0):
 garbage-first heap   total 120832K, used 28235K [0x0000000080000000, 0x0000000100000000)
  region size 1024K, 14 young (14336K), 6 survivors (6144K)
 Metaspace       used 35018K, capacity 35805K, committed 35840K, reserved 1081344K
  class space    used 4528K, capacity 4844K, committed 4864K, reserved 1048576K
}
Event: 4.932 GC heap after
{Heap after GC invocations=7 (full 0):
 garbage-first heap   total 120832K, used 22727K [0x0000000080000000, 0x0000000100000000)
  region size 1024K, 6 young (6144K), 6 survivors (6144K)
 Metaspace       used 35018K, capacity 35805K, committed 35840K, reserved 1081344K
  class space    used 4528K, capacity 4844K, committed 4864K, reserved 1048576K
}
Event: 5.614 GC heap before
{Heap before GC invocations=8 (full 0):
 garbage-first heap   total 120832K, used 85191K [0x0000000080000000, 0x0000000100000000)
  region size 1024K, 65 young (66560K), 6 survivors (6144K)
 Metaspace       used 39903K, capacity 40767K, committed 41036K, reserved 1085440K
  class space    used 5095K, capacity 5428K, committed 5452K, reserved 1048576K
}
Event: 5.620 GC heap after
{Heap after GC invocations=9 (full 0):
 garbage-first heap   total 120832K, used 27940K [0x0000000080000000, 0x0000000100000000)
  region size 1024K, 9 young (9216K), 9 survivors (9216K)
 Metaspace       used 39903K, capacity 40767K, committed 41036K, reserved 1085440K
  class space    used 5095K, capacity 5428K, committed 5452K, reserved 1048576K
}
Event: 6.221 GC heap before
{Heap before GC invocations=9 (full 0):
 garbage-first heap   total 120832K, used 87332K [0x0000000080000000, 0x0000000100000000)
  region size 1024K, 66 young (67584K), 9 survivors (9216K)
 Metaspace       used 45245K, capacity 46280K, committed 46412K, reserved 1089536K
  class space    used 5773K, capacity 6168K, committed 6220K, reserved 1048576K
}
Event: 6.227 GC heap after
{Heap after GC invocations=10 (full 0):
 garbage-first heap   total 120832K, used 30496K [0x0000000080000000, 0x0000000100000000)
  region size 1024K, 4 young (4096K), 4 survivors (4096K)
 Metaspace       used 45245K, capacity 46280K, committed 46412K, reserved 1089536K
  class space    used 5773K, capacity 6168K, committed 6220K, reserved 1048576K
}
Event: 6.775 GC heap before
{Heap before GC invocations=10 (full 0):
 garbage-first heap   total 120832K, used 88864K [0x0000000080000000, 0x0000000100000000)
  region size 1024K, 61 young (62464K), 4 survivors (4096K)
 Metaspace       used 48745K, capacity 50032K, committed 50252K, reserved 1093632K
  class space    used 6226K, capacity 6693K, committed 6732K, reserved 1048576K
}
Event: 6.778 GC heap after
{Heap after GC invocations=11 (full 0):
 garbage-first heap   total 120832K, used 32178K [0x0000000080000000, 0x0000000100000000)
  region size 1024K, 6 young (6144K), 6 survivors (6144K)
 Metaspace       used 48745K, capacity 50032K, committed 50252K, reserved 1093632K
  class space    used 6226K, capacity 6693K, committed 6732K, reserved 1048576K
}
Event: 7.455 GC heap before
{Heap before GC invocations=11 (full 0):
 garbage-first heap   total 120832K, used 94642K [0x0000000080000000, 0x0000000100000000)
  region size 1024K, 63 young (64512K), 6 survivors (6144K)
 Metaspace       used 52225K, capacity 53672K, committed 53836K, reserved 1095680K
  class space    used 6657K, capacity 7204K, committed 7244K, reserved 1048576K
}
Event: 7.461 GC heap after
{Heap after GC invocations=12 (full 0):
 garbage-first heap   total 120832K, used 45056K [0x0000000080000000, 0x0000000100000000)
  region size 1024K, 8 young (8192K), 8 survivors (8192K)
 Metaspace       used 52225K, capacity 53672K, committed 53836K, reserved 1095680K
  class space    used 6657K, capacity 7204K, committed 7244K, reserved 1048576K
}
Event: 7.961 GC heap before
{Heap before GC invocations=12 (full 0):
 garbage-first heap   total 120832K, used 89088K [0x0000000080000000, 0x0000000100000000)
  region size 1024K, 52 young (53248K), 8 survivors (8192K)
 Metaspace       used 58430K, capacity 59985K, committed 60236K, reserved 1101824K
  class space    used 7425K, capacity 8002K, committed 8012K, reserved 1048576K
}
Event: 7.968 GC heap after
{Heap after GC invocations=13 (full 0):
 garbage-first heap   total 120832K, used 46835K [0x0000000080000000, 0x0000000100000000)
  region size 1024K, 2 young (2048K), 2 survivors (2048K)
 Metaspace       used 58430K, capacity 59985K, committed 60236K, reserved 1101824K
  class space    used 7425K, capacity 8002K, committed 8012K, reserved 1048576K
}

Deoptimization events (20 events):
Event: 8.206 Thread 0x0000021f16709000 DEOPT PACKING pc=0x0000021f0158f1c2 sp=0x000000ebff2f3ae0
Event: 8.206 Thread 0x0000021f16709000 DEOPT UNPACKING pc=0x0000021f0004a95e sp=0x000000ebff2f2f38 mode 0
Event: 8.206 Thread 0x0000021f16709000 DEOPT PACKING pc=0x0000021f0158f1c2 sp=0x000000ebff2f3ae0
Event: 8.206 Thread 0x0000021f16709000 DEOPT UNPACKING pc=0x0000021f0004a95e sp=0x000000ebff2f2f38 mode 0
Event: 8.206 Thread 0x0000021f16709000 DEOPT PACKING pc=0x0000021f0158f1c2 sp=0x000000ebff2f3ae0
Event: 8.206 Thread 0x0000021f16709000 DEOPT UNPACKING pc=0x0000021f0004a95e sp=0x000000ebff2f2f38 mode 0
Event: 8.206 Thread 0x0000021f16709000 DEOPT PACKING pc=0x0000021f0158f1c2 sp=0x000000ebff2f3ae0
Event: 8.206 Thread 0x0000021f16709000 DEOPT UNPACKING pc=0x0000021f0004a95e sp=0x000000ebff2f2f38 mode 0
Event: 8.207 Thread 0x0000021f16709000 DEOPT PACKING pc=0x0000021f0158f1c2 sp=0x000000ebff2f3ae0
Event: 8.207 Thread 0x0000021f16709000 DEOPT UNPACKING pc=0x0000021f0004a95e sp=0x000000ebff2f2f38 mode 0
Event: 8.207 Thread 0x0000021f16709000 DEOPT PACKING pc=0x0000021f0158f1c2 sp=0x000000ebff2f3ae0
Event: 8.207 Thread 0x0000021f16709000 DEOPT UNPACKING pc=0x0000021f0004a95e sp=0x000000ebff2f2f38 mode 0
Event: 8.207 Thread 0x0000021f16709000 DEOPT PACKING pc=0x0000021f0158f1c2 sp=0x000000ebff2f3ae0
Event: 8.207 Thread 0x0000021f16709000 DEOPT UNPACKING pc=0x0000021f0004a95e sp=0x000000ebff2f2f38 mode 0
Event: 8.207 Thread 0x0000021f16709000 DEOPT PACKING pc=0x0000021f0158f1c2 sp=0x000000ebff2f3ae0
Event: 8.207 Thread 0x0000021f16709000 DEOPT UNPACKING pc=0x0000021f0004a95e sp=0x000000ebff2f2f38 mode 0
Event: 8.209 Thread 0x0000021f16709000 DEOPT PACKING pc=0x0000021f0158f1c2 sp=0x000000ebff2f3e50
Event: 8.209 Thread 0x0000021f16709000 DEOPT UNPACKING pc=0x0000021f0004a95e sp=0x000000ebff2f32a8 mode 0
Event: 8.209 Thread 0x0000021f16709000 DEOPT PACKING pc=0x0000021f0158f1c2 sp=0x000000ebff2f3e50
Event: 8.209 Thread 0x0000021f16709000 DEOPT UNPACKING pc=0x0000021f0004a95e sp=0x000000ebff2f32a8 mode 0

Classes redefined (0 events):
No events

Internal exceptions (20 events):
Event: 7.235 Thread 0x0000021f15ea0800 Exception <a 'java/lang/NoSuchMethodError'{0x00000000850b9410}: <clinit>> (0x00000000850b9410) thrown at [./src/hotspot/share/prims/jni.cpp, line 1365]
Event: 7.237 Thread 0x0000021f15ea0800 Exception <a 'java/lang/NoSuchMethodError'{0x00000000850c3e90}: <clinit>> (0x00000000850c3e90) thrown at [./src/hotspot/share/prims/jni.cpp, line 1365]
Event: 7.239 Thread 0x0000021f15ea0800 Exception <a 'java/lang/NoSuchMethodError'{0x00000000850d8128}: <clinit>> (0x00000000850d8128) thrown at [./src/hotspot/share/prims/jni.cpp, line 1365]
Event: 7.246 Thread 0x0000021f16709000 Exception <a 'java/lang/ClassNotFoundException'{0x00000000850f9148}: build_69brroqjkjpntw5fr5soqtnnrBeanInfo> (0x00000000850f9148) thrown at [./src/hotspot/share/classfile/systemDictionary.cpp, line 231]
Event: 7.247 Thread 0x0000021f16709000 Exception <a 'java/lang/ClassNotFoundException'{0x0000000084f04f78}: build_69brroqjkjpntw5fr5soqtnnrCustomizer> (0x0000000084f04f78) thrown at [./src/hotspot/share/classfile/systemDictionary.cpp, line 231]
Event: 7.272 Thread 0x0000021f16709000 Exception <a 'java/lang/ClassNotFoundException'{0x0000000084eda318}: org/gradle/api/internal/plugins/DefaultObjectConfigurationActionBeanInfo> (0x0000000084eda318) thrown at [./src/hotspot/share/classfile/systemDictionary.cpp, line 231]
Event: 7.273 Thread 0x0000021f16709000 Exception <a 'java/lang/ClassNotFoundException'{0x0000000084d100b0}: org/gradle/api/internal/plugins/DefaultObjectConfigurationActionCustomizer> (0x0000000084d100b0) thrown at [./src/hotspot/share/classfile/systemDictionary.cpp, line 231]
Event: 7.382 Thread 0x0000021f16709000 Exception <a 'java/lang/NoSuchMethodError'{0x000000008434ecb0}: 'java.lang.Object java.lang.invoke.DirectMethodHandle$Holder.invokeStatic(java.lang.Object, java.lang.Object, java.lang.Object, java.lang.Object, int)'> (0x000000008434ecb0) thrown at [./src/hotspot/share/interpreter/linkResolver.cpp, line 773]
Event: 7.383 Thread 0x0000021f16709000 Exception <a 'java/lang/NoSuchMethodError'{0x00000000843536a8}: 'java.lang.Object java.lang.invoke.DirectMethodHandle$Holder.invokeSpecial(java.lang.Object, java.lang.Object, java.lang.Object, java.lang.Object, java.lang.Object, int)'> (0x00000000843536a8) thrown at [./src/hotspot/share/interpreter/linkResolver.cpp, line 773]
Event: 7.383 Thread 0x0000021f16709000 Exception <a 'java/lang/NoSuchMethodError'{0x0000000084357ce8}: 'java.lang.Object java.lang.invoke.Invokers$Holder.linkToTargetMethod(java.lang.Object, java.lang.Object, java.lang.Object, int, java.lang.Object)'> (0x0000000084357ce8) thrown at [./src/hotspot/share/interpreter/linkResolver.cpp, line 773]
Event: 7.550 Thread 0x0000021f16709000 Exception <a 'java/lang/NoSuchMethodError'{0x0000000086fec780}: 'java.lang.Object java.lang.invoke.DirectMethodHandle$Holder.invokeSpecial(java.lang.Object, java.lang.Object, int, int, java.lang.Object, java.lang.Object, java.lang.Object)'> (0x0000000086fec780) thrown at [./src/hotspot/share/interpreter/linkResolver.cpp, line 773]
Event: 7.550 Thread 0x0000021f16709000 Exception <a 'java/lang/NoSuchMethodError'{0x0000000086ff0d00}: 'java.lang.Object java.lang.invoke.DelegatingMethodHandle$Holder.reinvoke_L(java.lang.Object, int, int, java.lang.Object, java.lang.Object, java.lang.Object)'> (0x0000000086ff0d00) thrown at [./src/hotspot/share/interpreter/linkResolver.cpp, line 773]
Event: 7.703 Thread 0x0000021f16709000 Exception <a 'java/lang/NoSuchMethodError'{0x00000000862fa9f0}: 'int java.lang.invoke.DirectMethodHandle$Holder.invokeInterface(java.lang.Object, java.lang.Object, java.lang.Object, java.lang.Object)'> (0x00000000862fa9f0) thrown at [./src/hotspot/share/interpreter/linkResolver.cpp, line 773]
Event: 7.898 Thread 0x0000021f16709000 Exception <a 'java/lang/NoSuchMethodError'{0x000000008510a298}: 'void java.lang.invoke.DirectMethodHandle$Holder.invokeInterface(java.lang.Object, java.lang.Object, java.lang.Object, java.lang.Object)'> (0x000000008510a298) thrown at [./src/hotspot/share/interpreter/linkResolver.cpp, line 773]
Event: 8.009 Thread 0x0000021f16709000 Exception <a 'java/lang/IncompatibleClassChangeError'{0x000000008747c580}: Found class java.lang.Object, but interface was expected> (0x000000008747c580) thrown at [./src/hotspot/share/interpreter/linkResolver.cpp, line 839]
Event: 8.054 Thread 0x0000021f16709000 Implicit null exception at 0x0000021f07ee3fd4 to 0x0000021f07ee41b8
Event: 8.054 Thread 0x0000021f16709000 Implicit null exception at 0x0000021f07ea8cbf to 0x0000021f07eaa704
Event: 8.107 Thread 0x0000021f16709000 Implicit null exception at 0x0000021f07e5472b to 0x0000021f07e54a04
Event: 8.147 Thread 0x0000021f16709000 Implicit null exception at 0x0000021f07d40a2c to 0x0000021f07d40bd6
Event: 8.239 Thread 0x0000021f16709000 Exception <a 'sun/nio/fs/WindowsException'{0x0000000085e9aa98}> (0x0000000085e9aa98) thrown at [./src/hotspot/share/prims/jni.cpp, line 615]

Events (20 events):
Event: 8.251 loading class com/android/build/api/dsl/StoreArchive
Event: 8.251 loading class com/android/build/api/dsl/StoreArchive done
Event: 8.252 loading class com/android/build/gradle/internal/dsl/BundleOptionsStoreArchive
Event: 8.252 loading class com/android/build/gradle/internal/dsl/BundleOptionsStoreArchive done
Event: 8.252 loading class com/android/build/api/dsl/CompileOptions
Event: 8.252 loading class com/android/build/api/dsl/CompileOptions done
Event: 8.252 loading class com/android/build/gradle/internal/CompileOptions
Event: 8.252 loading class com/android/build/gradle/internal/CompileOptions done
Event: 8.252 loading class com/android/build/api/dsl/DensitySplit
Event: 8.252 loading class com/android/build/api/dsl/DensitySplit done
Event: 8.253 loading class com/android/build/gradle/internal/dsl/DensitySplitOptions
Event: 8.253 loading class com/android/build/gradle/internal/dsl/DensitySplitOptions done
Event: 8.253 loading class com/android/build/api/dsl/DexPackagingOptions
Event: 8.253 loading class com/android/build/api/dsl/DexPackagingOptions done
Event: 8.253 loading class com/android/build/gradle/internal/dsl/DexPackagingOptionsImpl
Event: 8.253 loading class com/android/build/gradle/internal/dsl/DexPackagingOptionsImpl done
Event: 8.253 loading class com/android/build/api/dsl/JniLibsPackagingOptions
Event: 8.253 loading class com/android/build/api/dsl/JniLibsPackagingOptions done
Event: 8.253 loading class com/android/build/gradle/internal/dsl/JniLibsPackagingOptionsImpl
Event: 8.253 loading class com/android/build/gradle/internal/dsl/JniLibsPackagingOptionsImpl done


Dynamic libraries:
0x00007ff6028d0000 - 0x00007ff6028da000 	C:\Program Files\Android\Android Studio\jre\bin\java.exe
0x00007fffc23d0000 - 0x00007fffc25e4000 	C:\WINDOWS\SYSTEM32\ntdll.dll
0x00007fffc02e0000 - 0x00007fffc03a3000 	C:\WINDOWS\System32\KERNEL32.DLL
0x00007fffbfb70000 - 0x00007fffbff0d000 	C:\WINDOWS\System32\KERNELBASE.dll
0x00007fffbf930000 - 0x00007fffbfa41000 	C:\WINDOWS\System32\ucrtbase.dll
0x00007fff88710000 - 0x00007fff88727000 	C:\Program Files\Android\Android Studio\jre\bin\VCRUNTIME140.dll
0x00007fff88360000 - 0x00007fff88379000 	C:\Program Files\Android\Android Studio\jre\bin\jli.dll
0x00007fffc1e80000 - 0x00007fffc202d000 	C:\WINDOWS\System32\USER32.dll
0x00007fffbf860000 - 0x00007fffbf886000 	C:\WINDOWS\System32\win32u.dll
0x00007fffa43f0000 - 0x00007fffa467e000 	C:\WINDOWS\WinSxS\amd64_microsoft.windows.common-controls_6595b64144ccf1df_6.0.22621.608_none_a9444ca7c10bb01d\COMCTL32.dll
0x00007fffc0610000 - 0x00007fffc0639000 	C:\WINDOWS\System32\GDI32.dll
0x00007fffc0710000 - 0x00007fffc07b7000 	C:\WINDOWS\System32\msvcrt.dll
0x00007fffbfa50000 - 0x00007fffbfb62000 	C:\WINDOWS\System32\gdi32full.dll
0x00007fffbf890000 - 0x00007fffbf92a000 	C:\WINDOWS\System32\msvcp_win.dll
0x00007fffc05d0000 - 0x00007fffc0602000 	C:\WINDOWS\System32\IMM32.DLL
0x00007fff62170000 - 0x00007fff6220d000 	C:\Program Files\Android\Android Studio\jre\bin\msvcp140.dll
0x00007fff5fba0000 - 0x00007fff60685000 	C:\Program Files\Android\Android Studio\jre\bin\server\jvm.dll
0x00007fffc0ed0000 - 0x00007fffc0f7e000 	C:\WINDOWS\System32\ADVAPI32.dll
0x00007fffc1950000 - 0x00007fffc19f4000 	C:\WINDOWS\System32\sechost.dll
0x00007fffc20a0000 - 0x00007fffc21b5000 	C:\WINDOWS\System32\RPCRT4.dll
0x00007fffc1770000 - 0x00007fffc1778000 	C:\WINDOWS\System32\PSAPI.DLL
0x00007fffb8560000 - 0x00007fffb856a000 	C:\WINDOWS\SYSTEM32\VERSION.dll
0x00007fffb8ce0000 - 0x00007fffb8d14000 	C:\WINDOWS\SYSTEM32\WINMM.dll
0x00007fffbcb90000 - 0x00007fffbcb99000 	C:\WINDOWS\SYSTEM32\WSOCK32.dll
0x00007fffc03b0000 - 0x00007fffc0421000 	C:\WINDOWS\System32\WS2_32.dll
0x00007fffbe770000 - 0x00007fffbe788000 	C:\WINDOWS\SYSTEM32\kernel.appcore.dll
0x00007fffa7d60000 - 0x00007fffa7d71000 	C:\Program Files\Android\Android Studio\jre\bin\verify.dll
0x00007fffabd60000 - 0x00007fffabf8e000 	C:\WINDOWS\SYSTEM32\DBGHELP.DLL
0x00007fffc0ac0000 - 0x00007fffc0e4a000 	C:\WINDOWS\System32\combase.dll
0x00007fffc09e0000 - 0x00007fffc0ab7000 	C:\WINDOWS\System32\OLEAUT32.dll
0x00007fffa3dc0000 - 0x00007fffa3df2000 	C:\WINDOWS\SYSTEM32\dbgcore.DLL
0x00007fffc0140000 - 0x00007fffc01bb000 	C:\WINDOWS\System32\bcryptPrimitives.dll
0x00007fffa7d30000 - 0x00007fffa7d59000 	C:\Program Files\Android\Android Studio\jre\bin\java.dll
0x00007fffbcb70000 - 0x00007fffbcb7b000 	C:\Program Files\Android\Android Studio\jre\bin\jimage.dll
0x00007fffa7d10000 - 0x00007fffa7d28000 	C:\Program Files\Android\Android Studio\jre\bin\zip.dll
0x00007fffc0f80000 - 0x00007fffc176f000 	C:\WINDOWS\System32\SHELL32.dll
0x00007fffbd7c0000 - 0x00007fffbe088000 	C:\WINDOWS\SYSTEM32\windows.storage.dll
0x00007fffbd680000 - 0x00007fffbd7be000 	C:\WINDOWS\SYSTEM32\wintypes.dll
0x00007fffc17a0000 - 0x00007fffc1891000 	C:\WINDOWS\System32\SHCORE.dll
0x00007fffc0e50000 - 0x00007fffc0eae000 	C:\WINDOWS\System32\shlwapi.dll
0x00007fffbf720000 - 0x00007fffbf741000 	C:\WINDOWS\SYSTEM32\profapi.dll
0x00007fffa7cf0000 - 0x00007fffa7d0a000 	C:\Program Files\Android\Android Studio\jre\bin\net.dll
0x00007fffb8bb0000 - 0x00007fffb8cdf000 	C:\WINDOWS\SYSTEM32\WINHTTP.dll
0x00007fffbec70000 - 0x00007fffbecd9000 	C:\WINDOWS\system32\mswsock.dll
0x00007fffa7cd0000 - 0x00007fffa7ce4000 	C:\Program Files\Android\Android Studio\jre\bin\nio.dll
0x00007fff884a0000 - 0x00007fff884c7000 	C:\Users\Le Thanh Hang\.gradle\native\e1d6ef7f7dcc3fd88c89a11ec53ec762bb8ba0a96d01ffa2cd45eb1d1d8dd5c5\windows-amd64\native-platform.dll
0x00007fff5ecc0000 - 0x00007fff5ee04000 	C:\Users\Le Thanh Hang\.gradle\native\0d407fdbe67a94daf76414ababcb853783967236a71b16ec16e742cd7a986fd3\windows-amd64\native-platform-file-events.dll
0x00007fffa7cc0000 - 0x00007fffa7cca000 	C:\Program Files\Android\Android Studio\jre\bin\management.dll
0x00007fffa7cb0000 - 0x00007fffa7cbd000 	C:\Program Files\Android\Android Studio\jre\bin\management_ext.dll
0x00007fffbeeb0000 - 0x00007fffbeecb000 	C:\WINDOWS\SYSTEM32\CRYPTSP.dll
0x00007fffbe790000 - 0x00007fffbe7c5000 	C:\WINDOWS\system32\rsaenh.dll
0x00007fffbed30000 - 0x00007fffbed58000 	C:\WINDOWS\SYSTEM32\USERENV.dll
0x00007fffbf0a0000 - 0x00007fffbf0c8000 	C:\WINDOWS\SYSTEM32\bcrypt.dll
0x00007fffbeed0000 - 0x00007fffbeedc000 	C:\WINDOWS\SYSTEM32\CRYPTBASE.dll
0x00007fffbe2e0000 - 0x00007fffbe30d000 	C:\WINDOWS\SYSTEM32\IPHLPAPI.DLL
0x00007fffc0eb0000 - 0x00007fffc0eb9000 	C:\WINDOWS\System32\NSI.dll
0x00007fffb8f20000 - 0x00007fffb8f39000 	C:\WINDOWS\SYSTEM32\dhcpcsvc6.DLL
0x00007fffb8ac0000 - 0x00007fffb8adf000 	C:\WINDOWS\SYSTEM32\dhcpcsvc.DLL
0x00007fffbe350000 - 0x00007fffbe442000 	C:\WINDOWS\SYSTEM32\DNSAPI.dll

dbghelp: loaded successfully - version: 4.0.5 - missing functions: none
symbol engine: initialized successfully - sym options: 0x614 - pdb path: .;C:\Program Files\Android\Android Studio\jre\bin;C:\WINDOWS\SYSTEM32;C:\WINDOWS\WinSxS\amd64_microsoft.windows.common-controls_6595b64144ccf1df_6.0.22621.608_none_a9444ca7c10bb01d;C:\Program Files\Android\Android Studio\jre\bin\server;C:\Users\Le Thanh Hang\.gradle\native\e1d6ef7f7dcc3fd88c89a11ec53ec762bb8ba0a96d01ffa2cd45eb1d1d8dd5c5\windows-amd64;C:\Users\Le Thanh Hang\.gradle\native\0d407fdbe67a94daf76414ababcb853783967236a71b16ec16e742cd7a986fd3\windows-amd64

VM Arguments:
jvm_args: --add-opens=java.base/java.util=ALL-UNNAMED --add-opens=java.base/java.lang=ALL-UNNAMED --add-opens=java.base/java.lang.invoke=ALL-UNNAMED --add-opens=java.base/java.util=ALL-UNNAMED --add-opens=java.prefs/java.util.prefs=ALL-UNNAMED --add-opens=java.prefs/java.util.prefs=ALL-UNNAMED --add-opens=java.base/java.nio.charset=ALL-UNNAMED --add-opens=java.base/java.net=ALL-UNNAMED --add-opens=java.base/java.util.concurrent.atomic=ALL-UNNAMED -Xmx2048m -Dfile.encoding=UTF-8 -Duser.country=US -Duser.language=en -Duser.variant 
java_command: org.gradle.launcher.daemon.bootstrap.GradleDaemon 7.4
java_class_path (initial): C:\Users\Le Thanh Hang\.gradle\wrapper\dists\gradle-7.4-bin\c0gwcg53nkjbqw7r0h0umtfvt\gradle-7.4\lib\gradle-launcher-7.4.jar
Launcher Type: SUN_STANDARD

[Global flags]
     intx CICompilerCount                          = 12                                        {product} {ergonomic}
     uint ConcGCThreads                            = 3                                         {product} {ergonomic}
     uint G1ConcRefinementThreads                  = 13                                        {product} {ergonomic}
   size_t G1HeapRegionSize                         = 1048576                                   {product} {ergonomic}
    uintx GCDrainStackTargetSize                   = 64                                        {product} {ergonomic}
   size_t InitialHeapSize                          = 123731968                                 {product} {ergonomic}
   size_t MarkStackSize                            = 4194304                                   {product} {ergonomic}
   size_t MaxHeapSize                              = 2147483648                                {product} {command line}
   size_t MaxNewSize                               = 1287651328                                {product} {ergonomic}
   size_t MinHeapDeltaBytes                        = 1048576                                   {product} {ergonomic}
    uintx NonNMethodCodeHeapSize                   = 7594288                                {pd product} {ergonomic}
    uintx NonProfiledCodeHeapSize                  = 122031976                              {pd product} {ergonomic}
    uintx ProfiledCodeHeapSize                     = 122031976                              {pd product} {ergonomic}
    uintx ReservedCodeCacheSize                    = 251658240                              {pd product} {ergonomic}
     bool SegmentedCodeCache                       = true                                      {product} {ergonomic}
     bool UseCompressedClassPointers               = true                                 {lp64_product} {ergonomic}
     bool UseCompressedOops                        = true                                 {lp64_product} {ergonomic}
     bool UseG1GC                                  = true                                      {product} {ergonomic}
     bool UseLargePagesIndividualAllocation        = false                                  {pd product} {ergonomic}

Logging:
Log output configuration:
 #0: stdout all=warning uptime,level,tags
 #1: stderr all=off uptime,level,tags

Environment Variables:
PATH=C:\Program Files (x86)\VMware\VMware Workstation\bin\;C:\Python310\Scripts\;C:\Python310\;C:\Program Files\Eclipse Foundation\jdk-8.0.302.8-hotspot\bin;C:\windows\system32;C:\windows;C:\windows\System32\Wbem;C:\windows\System32\WindowsPowerShell\v1.0\;C:\windows\System32\OpenSSH\;C:\Program Files (x86)\NVIDIA Corporation\PhysX\Common;C:\Program Files\NVIDIA Corporation\NVIDIA NvDLISR;C:\Program Files\Microsoft SQL Server\130\Tools\Binn\;C:\Program Files\Microsoft SQL Server\Client SDK\ODBC\170\Tools\Binn\;C:\Program Files\Git\cmd;C:\Program Files\nodejs\;C:\ProgramData\chocolatey\bin;C:\WINDOWS\system32;C:\WINDOWS;C:\WINDOWS\System32\Wbem;C:\WINDOWS\System32\WindowsPowerShell\v1.0\;C:\WINDOWS\System32\OpenSSH\;C:\Program Files\dotnet\;C:\MinGW\bin;C:\Ruby31-x64\bin;C:\Users\Le Thanh Hang\AppData\Local\Microsoft\WindowsApps;C:\Users\Le Thanh Hang\AppData\Local\GitHubDesktop\bin;C:\Users\Le Thanh Hang\AppData\Roaming\npm;C:\Users\Le Thanh Hang\.dotnet\tools;C:\Users\Le Thanh Hang\AppData\Local\Programs\Microsoft VS Code\bin
USERNAME=Le Thanh Hang
OS=Windows_NT
PROCESSOR_IDENTIFIER=AMD64 Family 25 Model 80 Stepping 0, AuthenticAMD



---------------  S Y S T E M  ---------------

OS: Windows 10 , 64 bit Build 22621 (10.0.22621.1105)
OS uptime: 1 days 5:32 hours
Hyper-V role detected

CPU:total 16 (initial active 16) (16 cores per cpu, 2 threads per core) family 25 model 80 stepping 0 microcode 0x0, cmov, cx8, fxsr, mmx, sse, sse2, sse3, ssse3, sse4.1, sse4.2, popcnt, avx, avx2, aes, clmul, erms, mmxext, 3dnowpref, lzcnt, sse4a, ht, tsc, tscinvbit, tscinv, bmi1, bmi2, adx, sha, fma

Memory: 4k page, system-wide physical 7523M (297M free)
TotalPageFile size 11619M (AvailPageFile size 4M)
current process WorkingSet (physical memory assigned to process): 328M, peak: 330M
current process commit charge ("private bytes"): 381M, peak: 382M

vm_info: OpenJDK 64-Bit Server VM (11.0.12+7-b1504.28-7817840) for windows-amd64 JRE (11.0.12+7-b1504.28-7817840), built on Oct 13 2021 22:12:33 by "builder" with MS VC++ 14.0 (VS2015)

END.
